#
# A fatal error has been detected by the Java Runtime Environment:
#
#  EXCEPTION_ACCESS_VIOLATION (0xc0000005) at pc=0x77591ffe, pid=5648, tid=0x000013a4
#
# JRE version: Java(TM) SE Runtime Environment (8.0_181-b13) (build 1.8.0_181-b13)
# Java VM: Java HotSpot(TM) Client VM (25.181-b13 mixed mode, sharing windows-x86 )
# Problematic frame:
# C  [ntdll.dll+0x51ffe]
#
# Failed to write core dump. Minidumps are not enabled by default on client versions of Windows
#
# If you would like to submit a bug report, please visit:
#   http://bugreport.java.com/bugreport/crash.jsp
# The crash happened outside the Java Virtual Machine in native code.
# See problematic frame for where to report the bug.
#

---------------  T H R E A D  ---------------

Current thread (0x15482000):  JavaThread "Timer-0" [_thread_in_native, id=5028, stack(0x15540000,0x15590000)]

siginfo: ExceptionCode=0xc0000005, reading address 0x2117aaac

Registers:
EAX=0x00000000, EBX=0x15403080, ECX=0x01120000, EDX=0x15403080
ESP=0x1558dae4, EBP=0x1558db18, ESI=0x2117aaa8, EDI=0x15403078
EIP=0x77591ffe, EFLAGS=0x00010202

Top of Stack: (sp=0x1558dae4)
0x1558dae4:   00000000 01120000 15403080 1558db18
0x1558daf4:   15403080 00580056 15403080 1558db1c
0x1558db04:   7588c07f 15403080 00000012 1558db40
0x1558db14:   15403078 1558db30 77591faf 15403080
0x1558db24:   00000003 14a9e650 15403078 1558db44
0x1558db34:   75a9f1ac 01120000 00000000 15403080
0x1558db44:   1558db58 6806016a 01120000 00000000
0x1558db54:   15403080 1558dba0 6a89846e 15403080 

Instructions: (pc=0x77591ffe)
0x77591fde:   7a f8 80 7f 07 05 0f 84 58 df 03 00 8b 07 8b f7
0x77591fee:   c1 ee 03 33 f0 33 35 dc 71 61 77 89 7d fc 33 f1
0x77591ffe:   8b 46 04 89 45 f4 c6 47 07 80 c6 47 06 00 8b 5e
0x7759200e:   08 8b 4e 0c 89 5d e0 83 c3 01 89 4d e4 83 d1 01 


Register to memory mapping:

EAX=0x00000000 is an unknown value
EBX=0x15403080 is an unknown value
ECX=0x01120000 is pointing into the stack for thread: 0x0112c800
EDX=0x15403080 is an unknown value
ESP=0x1558dae4 is pointing into the stack for thread: 0x15482000
EBP=0x1558db18 is pointing into the stack for thread: 0x15482000
ESI=0x2117aaa8 is an unknown value
EDI=0x15403078 is an unknown value


Stack: [0x15540000,0x15590000],  sp=0x1558dae4,  free space=310k
Native frames: (J=compiled Java code, j=interpreted, Vv=VM code, C=native code)
C  [ntdll.dll+0x51ffe]
C  [ntdll.dll+0x51faf]
C  [kernel32.dll+0x4f1ac]
C  [msvcr100.dll+0x1016a]
C  [java.dll+0x846e]
j  java.io.File.exists()Z+29
j  java.io.WinNTFileSystem.canonicalize(Ljava/lang/String;)Ljava/lang/String;+345
j  java.io.File.getCanonicalPath()Ljava/lang/String;+27
j  java.io.FilePermission$1.run()Ljava/lang/String;+103
j  java.io.FilePermission$1.run()Ljava/lang/Object;+1
v  ~StubRoutines::call_stub
V  [jvm.dll+0x15c065]
V  [jvm.dll+0x223ade]
V  [jvm.dll+0x15c0fe]
V  [jvm.dll+0x10c1cf]
C  [java.dll+0x1015]
j  java.io.FilePermission.init(I)V+97
j  java.io.FilePermission.<init>(Ljava/lang/String;Ljava/lang/String;)V+10
j  sun.net.www.protocol.file.FileURLConnection.getPermission()Ljava/security/Permission;+59
j  java.net.URLClassLoader.getPermissions(Ljava/security/CodeSource;)Ljava/security/PermissionCollection;+19
j  sun.misc.Launcher$AppClassLoader.getPermissions(Ljava/security/CodeSource;)Ljava/security/PermissionCollection;+2
j  java.security.SecureClassLoader.getProtectionDomain(Ljava/security/CodeSource;)Ljava/security/ProtectionDomain;+33
j  java.security.SecureClassLoader.defineClass(Ljava/lang/String;[BIILjava/security/CodeSource;)Ljava/lang/Class;+9
j  java.net.URLClassLoader.defineClass(Ljava/lang/String;Lsun/misc/Resource;)Ljava/lang/Class;+138
j  java.net.URLClassLoader.access$100(Ljava/net/URLClassLoader;Ljava/lang/String;Lsun/misc/Resource;)Ljava/lang/Class;+3
j  java.net.URLClassLoader$1.run()Ljava/lang/Class;+43
j  java.net.URLClassLoader$1.run()Ljava/lang/Object;+1
v  ~StubRoutines::call_stub
V  [jvm.dll+0x15c065]
V  [jvm.dll+0x223ade]
V  [jvm.dll+0x15c0fe]
V  [jvm.dll+0x10c1cf]
C  [java.dll+0x1061]
j  java.net.URLClassLoader.findClass(Ljava/lang/String;)Ljava/lang/Class;+13
J 614 C1 java.lang.ClassLoader.loadClass(Ljava/lang/String;Z)Ljava/lang/Class; (122 bytes) @ 0x01c7b24c [0x01c7aff0+0x25c]
j  sun.misc.Launcher$AppClassLoader.loadClass(Ljava/lang/String;Z)Ljava/lang/Class;+81
j  java.lang.ClassLoader.loadClass(Ljava/lang/String;)Ljava/lang/Class;+3
v  ~StubRoutines::call_stub
V  [jvm.dll+0x15c065]
V  [jvm.dll+0x223ade]
V  [jvm.dll+0x15c0fe]
V  [jvm.dll+0x15c286]
V  [jvm.dll+0x15c36f]
V  [jvm.dll+0x513d5]
V  [jvm.dll+0x5187a]
V  [jvm.dll+0x52ac0]
V  [jvm.dll+0x52b0a]
V  [jvm.dll+0x1030f6]
C  [verify.dll+0x1638]
C  [verify.dll+0x1dbe]
C  [verify.dll+0x2cda]
C  0x1558ef84

Java frames: (J=compiled Java code, j=interpreted, Vv=VM code)
j  java.io.WinNTFileSystem.getBooleanAttributes(Ljava/io/File;)I+0
j  java.io.File.exists()Z+29
j  java.io.WinNTFileSystem.canonicalize(Ljava/lang/String;)Ljava/lang/String;+345
j  java.io.File.getCanonicalPath()Ljava/lang/String;+27
j  java.io.FilePermission$1.run()Ljava/lang/String;+103
j  java.io.FilePermission$1.run()Ljava/lang/Object;+1
v  ~StubRoutines::call_stub
J 418  java.security.AccessController.doPrivileged(Ljava/security/PrivilegedAction;)Ljava/lang/Object; (0 bytes) @ 0x01c308b0 [0x01c30860+0x50]
j  java.io.FilePermission.init(I)V+97
j  java.io.FilePermission.<init>(Ljava/lang/String;Ljava/lang/String;)V+10
j  sun.net.www.protocol.file.FileURLConnection.getPermission()Ljava/security/Permission;+59
j  java.net.URLClassLoader.getPermissions(Ljava/security/CodeSource;)Ljava/security/PermissionCollection;+19
j  sun.misc.Launcher$AppClassLoader.getPermissions(Ljava/security/CodeSource;)Ljava/security/PermissionCollection;+2
j  java.security.SecureClassLoader.getProtectionDomain(Ljava/security/CodeSource;)Ljava/security/ProtectionDomain;+33
j  java.security.SecureClassLoader.defineClass(Ljava/lang/String;[BIILjava/security/CodeSource;)Ljava/lang/Class;+9
j  java.net.URLClassLoader.defineClass(Ljava/lang/String;Lsun/misc/Resource;)Ljava/lang/Class;+138
j  java.net.URLClassLoader.access$100(Ljava/net/URLClassLoader;Ljava/lang/String;Lsun/misc/Resource;)Ljava/lang/Class;+3
j  java.net.URLClassLoader$1.run()Ljava/lang/Class;+43
j  java.net.URLClassLoader$1.run()Ljava/lang/Object;+1
v  ~StubRoutines::call_stub
j  java.security.AccessController.doPrivileged(Ljava/security/PrivilegedExceptionAction;Ljava/security/AccessControlContext;)Ljava/lang/Object;+0
j  java.net.URLClassLoader.findClass(Ljava/lang/String;)Ljava/lang/Class;+13
J 614 C1 java.lang.ClassLoader.loadClass(Ljava/lang/String;Z)Ljava/lang/Class; (122 bytes) @ 0x01c7b24c [0x01c7aff0+0x25c]
j  sun.misc.Launcher$AppClassLoader.loadClass(Ljava/lang/String;Z)Ljava/lang/Class;+81
j  java.lang.ClassLoader.loadClass(Ljava/lang/String;)Ljava/lang/Class;+3
v  ~StubRoutines::call_stub
j  com.mashape.unirest.request.HttpRequestWithBody.field(Ljava/lang/String;Ljava/lang/Object;Ljava/lang/String;)Lcom/mashape/unirest/request/body/MultipartBody;+0
j  com.mashape.unirest.request.HttpRequestWithBody.field(Ljava/lang/String;Ljava/lang/Object;)Lcom/mashape/unirest/request/body/MultipartBody;+4
j  fingerregistrationv2.FingerprintUI.postUserDetailsToServer(Ljava/lang/String;Ljava/lang/String;Ljava/lang/String;Ljava/lang/String;Ljava/lang/String;Ljava/lang/String;Ljava/lang/String;)V+42
j  fingerregistrationv2.FingerprintUI.access$1400(Lfingerregistrationv2/FingerprintUI;Ljava/lang/String;Ljava/lang/String;Ljava/lang/String;Ljava/lang/String;Ljava/lang/String;Ljava/lang/String;Ljava/lang/String;)V+12
j  fingerregistrationv2.FingerprintUI$2.fpsmessage()V+1316
j  fingerregistrationv2.FingerprintUI$2.run()V+1
j  java.util.TimerThread.mainLoop()V+221
j  java.util.TimerThread.run()V+1
v  ~StubRoutines::call_stub

---------------  P R O C E S S  ---------------

Java Threads: ( => current thread )
  0x16399400 JavaThread "Thread-4" daemon [_thread_blocked, id=7688, stack(0x169e0000,0x16a30000)]
  0x1628bc00 JavaThread "TimerQueue" daemon [_thread_blocked, id=2604, stack(0x16b70000,0x16bc0000)]
  0x0112c800 JavaThread "DestroyJavaVM" [_thread_blocked, id=5700, stack(0x010d0000,0x01120000)]
  0x154bec00 JavaThread "AWT-EventQueue-0" [_thread_blocked, id=6720, stack(0x155a0000,0x155f0000)]
=>0x15482000 JavaThread "Timer-0" [_thread_in_native, id=5028, stack(0x15540000,0x15590000)]
  0x15468000 JavaThread "AWT-Windows" daemon [_thread_in_native, id=2616, stack(0x15810000,0x15860000)]
  0x15466c00 JavaThread "AWT-Shutdown" [_thread_blocked, id=7748, stack(0x13db0000,0x13e00000)]
  0x15464000 JavaThread "Java2D Disposer" daemon [_thread_blocked, id=4412, stack(0x15020000,0x15070000)]
  0x016d5000 JavaThread "Service Thread" daemon [_thread_blocked, id=2136, stack(0x14980000,0x149d0000)]
  0x016d2800 JavaThread "C1 CompilerThread0" daemon [_thread_blocked, id=7996, stack(0x03ba0000,0x03bf0000)]
  0x016d1800 JavaThread "Attach Listener" daemon [_thread_blocked, id=5084, stack(0x15140000,0x15190000)]
  0x016ce800 JavaThread "Signal Dispatcher" daemon [_thread_blocked, id=4564, stack(0x15090000,0x150e0000)]
  0x016c4400 JavaThread "Finalizer" daemon [_thread_blocked, id=4600, stack(0x14fc0000,0x15010000)]
  0x01665c00 JavaThread "Reference Handler" daemon [_thread_blocked, id=7868, stack(0x13cb0000,0x13d00000)]

Other Threads:
  0x01663400 VMThread [stack: 0x13d50000,0x13da0000] [id=7752]
  0x01706000 WatcherThread [stack: 0x152f0000,0x15340000] [id=6168]

VM state:not at safepoint (normal execution)

VM Mutex/Monitor currently owned by a thread: None

Heap:
 def new generation   total 8000K, used 4650K [0x03c00000, 0x044a0000, 0x09150000)
  eden space 7168K,  53% used [0x03c00000, 0x03fbaa70, 0x04300000)
  from space 832K, 100% used [0x043d0000, 0x044a0000, 0x044a0000)
  to   space 832K,   0% used [0x04300000, 0x04300000, 0x043d0000)
 tenured generation   total 17588K, used 10566K [0x09150000, 0x0a27d000, 0x13c00000)
   the space 17588K,  60% used [0x09150000, 0x09ba1a30, 0x09ba1c00, 0x0a27d000)
 Metaspace       used 4003K, capacity 4208K, committed 4288K, reserved 4480K

Card table byte_map: [0x13c00000,0x13c90000] byte_map_base: 0x13be2000

Polling page: 0x00120000

CodeCache: size=32768Kb used=1912Kb max_used=1912Kb free=30855Kb
 bounds [0x01b00000, 0x01ce0000, 0x03b00000]
 total_blobs=1143 nmethods=881 adapters=192
 compilation: enabled

Compilation events (10 events):
Event: 60.564 Thread 0x016d2800  890             javax.swing.GroupLayout$ContainerAutoPreferredGapSpring::calculatePadding (313 bytes)
Event: 60.573 Thread 0x016d2800 nmethod 890 0x01cdcd48 code [0x01cdced0, 0x01cdd330]
Event: 60.575 Thread 0x016d2800  891             javax.swing.SwingUtilities::computeIntersection (189 bytes)
Event: 60.577 Thread 0x016d2800 nmethod 891 0x01cdd848 code [0x01cdd940, 0x01cdda50]
Event: 60.665 Thread 0x016d2800  892             sun.awt.image.IntegerInterleavedRaster::setDataElements (137 bytes)
Event: 60.668 Thread 0x016d2800 nmethod 892 0x01cddac8 code [0x01cddbf0, 0x01cdde78]
Event: 60.674 Thread 0x016d2800  893             java.awt.Rectangle::<init> (9 bytes)
Event: 60.675 Thread 0x016d2800 nmethod 893 0x01cde0c8 code [0x01cde1c0, 0x01cde260]
Event: 61.267 Thread 0x016d2800  894             javax.swing.text.GapContent::length (17 bytes)
Event: 61.267 Thread 0x016d2800 nmethod 894 0x01cde2c8 code [0x01cde3c0, 0x01cde480]

GC Heap History (10 events):
Event: 14.022 GC heap before
{Heap before GC invocations=7 (full 0):
 def new generation   total 4928K, used 4928K [0x03c00000, 0x04150000, 0x09150000)
  eden space 4416K, 100% used [0x03c00000, 0x04050000, 0x04050000)
  from space 512K, 100% used [0x040d0000, 0x04150000, 0x04150000)
  to   space 512K,   0% used [0x04050000, 0x04050000, 0x040d0000)
 tenured generation   total 10944K, used 8449K [0x09150000, 0x09c00000, 0x13c00000)
   the space 10944K,  77% used [0x09150000, 0x09990400, 0x09990400, 0x09c00000)
 Metaspace       used 2704K, capacity 3317K, committed 3392K, reserved 4480K
Event: 14.030 GC heap after
Heap after GC invocations=8 (full 0):
 def new generation   total 4928K, used 512K [0x03c00000, 0x04150000, 0x09150000)
  eden space 4416K,   0% used [0x03c00000, 0x03c00000, 0x04050000)
  from space 512K, 100% used [0x04050000, 0x040d0000, 0x040d0000)
  to   space 512K,   0% used [0x040d0000, 0x040d0000, 0x04150000)
 tenured generation   total 10944K, used 9564K [0x09150000, 0x09c00000, 0x13c00000)
   the space 10944K,  87% used [0x09150000, 0x09aa7080, 0x09aa7200, 0x09c00000)
 Metaspace       used 2704K, capacity 3317K, committed 3392K, reserved 4480K
}
Event: 14.199 GC heap before
{Heap before GC invocations=8 (full 0):
 def new generation   total 4928K, used 4928K [0x03c00000, 0x04150000, 0x09150000)
  eden space 4416K, 100% used [0x03c00000, 0x04050000, 0x04050000)
  from space 512K, 100% used [0x04050000, 0x040d0000, 0x040d0000)
  to   space 512K,   0% used [0x040d0000, 0x040d0000, 0x04150000)
 tenured generation   total 10944K, used 9564K [0x09150000, 0x09c00000, 0x13c00000)
   the space 10944K,  87% used [0x09150000, 0x09aa7080, 0x09aa7200, 0x09c00000)
 Metaspace       used 3355K, capacity 3802K, committed 3904K, reserved 4480K
Event: 14.205 GC heap after
Heap after GC invocations=9 (full 0):
 def new generation   total 4928K, used 512K [0x03c00000, 0x04150000, 0x09150000)
  eden space 4416K,   0% used [0x03c00000, 0x03c00000, 0x04050000)
  from space 512K, 100% used [0x040d0000, 0x04150000, 0x04150000)
  to   space 512K,   0% used [0x04050000, 0x04050000, 0x040d0000)
 tenured generation   total 10944K, used 10358K [0x09150000, 0x09c00000, 0x13c00000)
   the space 10944K,  94% used [0x09150000, 0x09b6d948, 0x09b6da00, 0x09c00000)
 Metaspace       used 3355K, capacity 3802K, committed 3904K, reserved 4480K
}
Event: 35.472 GC heap before
{Heap before GC invocations=9 (full 0):
 def new generation   total 4928K, used 4928K [0x03c00000, 0x04150000, 0x09150000)
  eden space 4416K, 100% used [0x03c00000, 0x04050000, 0x04050000)
  from space 512K, 100% used [0x040d0000, 0x04150000, 0x04150000)
  to   space 512K,   0% used [0x04050000, 0x04050000, 0x040d0000)
 tenured generation   total 10944K, used 10358K [0x09150000, 0x09c00000, 0x13c00000)
   the space 10944K,  94% used [0x09150000, 0x09b6d948, 0x09b6da00, 0x09c00000)
 Metaspace       used 3977K, capacity 4216K, committed 4288K, reserved 4480K
Event: 35.485 GC heap after
Heap after GC invocations=10 (full 0):
 def new generation   total 4928K, used 512K [0x03c00000, 0x04150000, 0x09150000)
  eden space 4416K,   0% used [0x03c00000, 0x03c00000, 0x04050000)
  from space 512K, 100% used [0x04050000, 0x040d0000, 0x040d0000)
  to   space 512K,   0% used [0x040d0000, 0x040d0000, 0x04150000)
 tenured generation   total 10944K, used 10697K [0x09150000, 0x09c00000, 0x13c00000)
   the space 10944K,  97% used [0x09150000, 0x09bc25c8, 0x09bc2600, 0x09c00000)
 Metaspace       used 3977K, capacity 4216K, committed 4288K, reserved 4480K
}
Event: 35.576 GC heap before
{Heap before GC invocations=10 (full 0):
 def new generation   total 4928K, used 4928K [0x03c00000, 0x04150000, 0x09150000)
  eden space 4416K, 100% used [0x03c00000, 0x04050000, 0x04050000)
  from space 512K, 100% used [0x04050000, 0x040d0000, 0x040d0000)
  to   space 512K,   0% used [0x040d0000, 0x040d0000, 0x04150000)
 tenured generation   total 10944K, used 10697K [0x09150000, 0x09c00000, 0x13c00000)
   the space 10944K,  97% used [0x09150000, 0x09bc25c8, 0x09bc2600, 0x09c00000)
 Metaspace       used 3977K, capacity 4216K, committed 4288K, reserved 4480K
Event: 35.617 GC heap after
Heap after GC invocations=11 (full 1):
 def new generation   total 8000K, used 0K [0x03c00000, 0x044a0000, 0x09150000)
  eden space 7168K,   0% used [0x03c00000, 0x03c00000, 0x04300000)
  from space 832K,   0% used [0x04300000, 0x04300000, 0x043d0000)
  to   space 832K,   0% used [0x043d0000, 0x043d0000, 0x044a0000)
 tenured generation   total 17588K, used 10552K [0x09150000, 0x0a27d000, 0x13c00000)
   the space 17588K,  59% used [0x09150000, 0x09b9e228, 0x09b9e400, 0x0a27d000)
 Metaspace       used 3952K, capacity 4176K, committed 4288K, reserved 4480K
}
Event: 40.719 GC heap before
{Heap before GC invocations=11 (full 1):
 def new generation   total 8000K, used 7032K [0x03c00000, 0x044a0000, 0x09150000)
  eden space 7168K,  98% used [0x03c00000, 0x042de3c0, 0x04300000)
  from space 832K,   0% used [0x04300000, 0x04300000, 0x043d0000)
  to   space 832K,   0% used [0x043d0000, 0x043d0000, 0x044a0000)
 tenured generation   total 17588K, used 10552K [0x09150000, 0x0a27d000, 0x13c00000)
   the space 17588K,  59% used [0x09150000, 0x09b9e228, 0x09b9e400, 0x0a27d000)
 Metaspace       used 3984K, capacity 4208K, committed 4288K, reserved 4480K
Event: 40.723 GC heap after
Heap after GC invocations=12 (full 1):
 def new generation   total 8000K, used 832K [0x03c00000, 0x044a0000, 0x09150000)
  eden space 7168K,   0% used [0x03c00000, 0x03c00000, 0x04300000)
  from space 832K, 100% used [0x043d0000, 0x044a0000, 0x044a0000)
  to   space 832K,   0% used [0x04300000, 0x04300000, 0x043d0000)
 tenured generation   total 17588K, used 10566K [0x09150000, 0x0a27d000, 0x13c00000)
   the space 17588K,  60% used [0x09150000, 0x09ba1a30, 0x09ba1c00, 0x0a27d000)
 Metaspace       used 3984K, capacity 4208K, committed 4288K, reserved 4480K
}

Deoptimization events (0 events):
No events

Classes redefined (0 events):
No events

Internal exceptions (10 events):
Event: 0.192 Thread 0x0112c800 Exception <a 'java/security/PrivilegedActionException'> (0x03ceaa50) thrown at [C:\workspace\8-2-build-windows-i586-cygwin\jdk8u181\11358\hotspot\src\share\vm\prims\jvm.cpp, line 1435]
Event: 0.193 Thread 0x0112c800 Exception <a 'java/security/PrivilegedActionException'> (0x03cee4f8) thrown at [C:\workspace\8-2-build-windows-i586-cygwin\jdk8u181\11358\hotspot\src\share\vm\prims\jvm.cpp, line 1435]
Event: 0.193 Thread 0x0112c800 Exception <a 'java/security/PrivilegedActionException'> (0x03cee6f8) thrown at [C:\workspace\8-2-build-windows-i586-cygwin\jdk8u181\11358\hotspot\src\share\vm\prims\jvm.cpp, line 1435]
Event: 0.199 Thread 0x0112c800 Exception <a 'java/io/FileNotFoundException'> (0x03cf0470) thrown at [C:\workspace\8-2-build-windows-i586-cygwin\jdk8u181\11358\hotspot\src\share\vm\prims\jni.cpp, line 709]
Event: 0.274 Thread 0x0112c800 Exception <a 'java/lang/NoSuchFieldError': method resolution failed> (0x03dadaa0) thrown at [C:\workspace\8-2-build-windows-i586-cygwin\jdk8u181\11358\hotspot\src\share\vm\prims\methodHandles.cpp, line 1167]
Event: 0.278 Thread 0x0112c800 Exception <a 'java/lang/NoSuchFieldError': method resolution failed> (0x03db9cc8) thrown at [C:\workspace\8-2-build-windows-i586-cygwin\jdk8u181\11358\hotspot\src\share\vm\prims\methodHandles.cpp, line 1167]
Event: 0.324 Thread 0x0112c800 Exception <a 'java/io/FileNotFoundException'> (0x03e45ea0) thrown at [C:\workspace\8-2-build-windows-i586-cygwin\jdk8u181\11358\hotspot\src\share\vm\prims\jni.cpp, line 709]
Event: 13.312 Thread 0x154bec00 Exception <a 'java/lang/NoClassDefFoundError': org/apache/log4j/Category> (0x03d69c60) thrown at [C:\workspace\8-2-build-windows-i586-cygwin\jdk8u181\11358\hotspot\src\share\vm\classfile\systemDictionary.cpp, line 199]
Event: 40.111 Thread 0x15482000 Exception <a 'java/net/SocketTimeoutException': Read timed out> (0x041c4a98) thrown at [C:\workspace\8-2-build-windows-i586-cygwin\jdk8u181\11358\hotspot\src\share\vm\prims\jni.cpp, line 735]
Event: 56.888 Thread 0x15482000 Exception <a 'java/net/SocketTimeoutException': Read timed out> (0x03d5ac70) thrown at [C:\workspace\8-2-build-windows-i586-cygwin\jdk8u181\11358\hotspot\src\share\vm\prims\jni.cpp, line 735]

Events (10 events):
Event: 61.269 loading class java/util/prefs/Base64
Event: 61.269 loading class java/util/prefs/Base64 done
Event: 61.272 loading class com/mashape/unirest/request/HttpRequestWithBody
Event: 61.272 loading class com/mashape/unirest/request/HttpRequestWithBody done
Event: 61.274 loading class com/mashape/unirest/request/body/Body
Event: 61.274 loading class com/mashape/unirest/request/body/Body done
Event: 61.275 loading class com/mashape/unirest/request/body/MultipartBody
Event: 61.275 loading class com/mashape/unirest/request/body/MultipartBody done
Event: 61.277 loading class org/apache/http/entity/mime/content/ContentBody
Event: 61.277 loading class org/apache/http/entity/mime/content/ContentBody done


Dynamic libraries:
0x01140000 - 0x01173000 	C:\Program Files\Java\jdk1.8.0_181\bin\java.exe
0x77540000 - 0x7767c000 	C:\Windows\SYSTEM32\ntdll.dll
0x75a50000 - 0x75b24000 	C:\Windows\system32\kernel32.dll
0x75880000 - 0x758ca000 	C:\Windows\system32\KERNELBASE.dll
0x770d0000 - 0x77170000 	C:\Windows\system32\ADVAPI32.dll
0x776c0000 - 0x7776c000 	C:\Windows\system32\msvcrt.dll
0x75990000 - 0x759a9000 	C:\Windows\SYSTEM32\sechost.dll
0x77020000 - 0x770c1000 	C:\Windows\system32\RPCRT4.dll
0x75d10000 - 0x75dd9000 	C:\Windows\system32\USER32.dll
0x761c0000 - 0x7620e000 	C:\Windows\system32\GDI32.dll
0x76210000 - 0x7621a000 	C:\Windows\system32\LPK.dll
0x759b0000 - 0x75a4d000 	C:\Windows\system32\USP10.dll
0x74620000 - 0x747be000 	C:\Windows\WinSxS\x86_microsoft.windows.common-controls_6595b64144ccf1df_6.0.7600.16385_none_421189da2b7fabfc\COMCTL32.dll
0x77170000 - 0x771c7000 	C:\Windows\system32\SHLWAPI.dll
0x75cf0000 - 0x75d0f000 	C:\Windows\system32\IMM32.DLL
0x75c20000 - 0x75cec000 	C:\Windows\system32\MSCTF.dll
0x68050000 - 0x6810f000 	C:\Program Files\Java\jdk1.8.0_181\jre\bin\msvcr100.dll
0x67950000 - 0x67d23000 	C:\Program Files\Java\jdk1.8.0_181\jre\bin\client\jvm.dll
0x6c5c0000 - 0x6c5c7000 	C:\Windows\system32\WSOCK32.dll
0x75f40000 - 0x75f75000 	C:\Windows\system32\WS2_32.dll
0x75c10000 - 0x75c16000 	C:\Windows\system32\NSI.dll
0x70530000 - 0x70562000 	C:\Windows\system32\WINMM.dll
0x74b90000 - 0x74b99000 	C:\Windows\system32\VERSION.dll
0x76220000 - 0x76225000 	C:\Windows\system32\PSAPI.DLL
0x6be90000 - 0x6be9c000 	C:\Program Files\Java\jdk1.8.0_181\jre\bin\verify.dll
0x6a890000 - 0x6a8b2000 	C:\Program Files\Java\jdk1.8.0_181\jre\bin\java.dll
0x6a870000 - 0x6a884000 	C:\Program Files\Java\jdk1.8.0_181\jre\bin\zip.dll
0x76230000 - 0x76e79000 	C:\Windows\system32\SHELL32.dll
0x75de0000 - 0x75f3c000 	C:\Windows\system32\ole32.dll
0x75690000 - 0x7569b000 	C:\Windows\system32\profapi.dll
0x67f00000 - 0x68047000 	C:\Program Files\Java\jdk1.8.0_181\jre\bin\awt.dll
0x774b0000 - 0x7753f000 	C:\Windows\system32\OLEAUT32.dll
0x74170000 - 0x74183000 	C:\Windows\system32\DWMAPI.DLL
0x6c6c0000 - 0x6c788000 	C:\Windows\system32\opengl32.dll
0x6c690000 - 0x6c6b2000 	C:\Windows\system32\GLU32.dll
0x6b860000 - 0x6b947000 	C:\Windows\system32\DDRAW.dll
0x6c680000 - 0x6c686000 	C:\Windows\system32\DCIMAN32.dll
0x76e80000 - 0x7701d000 	C:\Windows\system32\SETUPAPI.dll
0x758d0000 - 0x758f7000 	C:\Windows\system32\CFGMGR32.dll
0x75710000 - 0x75722000 	C:\Windows\system32\DEVOBJ.dll
0x74470000 - 0x744b0000 	C:\Windows\system32\uxtheme.dll
0x755e0000 - 0x755ec000 	C:\Windows\system32\CRYPTBASE.dll
0x6a800000 - 0x6a839000 	C:\Program Files\Java\jdk1.8.0_181\jre\bin\fontmanager.dll
0x77220000 - 0x772a3000 	C:\Windows\system32\CLBCatQ.DLL
0x73f30000 - 0x7402b000 	C:\Windows\system32\WindowsCodecs.dll
0x75590000 - 0x755db000 	C:\Windows\system32\apphelp.dll
0x715f0000 - 0x71621000 	C:\Windows\system32\EhStorShell.dll
0x744b0000 - 0x745a5000 	C:\Windows\system32\PROPSYS.dll
0x661c0000 - 0x663dd000 	C:\PROGRA~1\MICROS~1\Office12\GR469A~1.DLL
0x68ef0000 - 0x68fe1000 	C:\PROGRA~1\MICROS~1\Office12\GrooveUtil.DLL
0x760c0000 - 0x761b4000 	C:\Windows\system32\WININET.dll
0x776b0000 - 0x776b3000 	C:\Windows\system32\Normaliz.dll
0x75f80000 - 0x760b5000 	C:\Windows\system32\urlmon.dll
0x75760000 - 0x7587c000 	C:\Windows\system32\CRYPT32.dll
0x75700000 - 0x7570c000 	C:\Windows\system32\MSASN1.dll
0x772b0000 - 0x774a9000 	C:\Windows\system32\iertutil.dll
0x70e70000 - 0x70f0b000 	C:\Windows\WinSxS\x86_microsoft.vc80.crt_1fc8b3b9a1e18e3b_8.0.50727.4927_none_d08a205e442db5b5\MSVCR80.dll
0x68ff0000 - 0x68ff7000 	C:\PROGRA~1\MICROS~1\Office12\GrooveNew.DLL
0x7c630000 - 0x7c64b000 	C:\Windows\WinSxS\x86_microsoft.vc80.atl_1fc8b3b9a1e18e3b_8.0.50727.42_none_dc990e4797f81af1\ATL80.DLL
0x75110000 - 0x75126000 	C:\Windows\system32\CRYPTSP.dll
0x74eb0000 - 0x74eeb000 	C:\Windows\system32\rsaenh.dll
0x73cf0000 - 0x73cf5000 	C:\Windows\system32\MSImg32.dll
0x70ac0000 - 0x70b2a000 	C:\Windows\System32\cscui.dll
0x70ab0000 - 0x70ab9000 	C:\Windows\System32\CSCDLL.dll
0x70aa0000 - 0x70aab000 	C:\Windows\system32\CSCAPI.dll
0x70a30000 - 0x70a9f000 	C:\Windows\system32\ntshrui.dll
0x754c0000 - 0x754d9000 	C:\Windows\system32\srvcli.dll
0x73ba0000 - 0x73baa000 	C:\Windows\system32\slc.dll
0x6a850000 - 0x6a865000 	C:\Program Files\Java\jdk1.8.0_181\jre\bin\net.dll
0x750d0000 - 0x7510c000 	C:\Windows\system32\mswsock.dll
0x750c0000 - 0x750c6000 	C:\Windows\System32\wship6.dll
0x6a840000 - 0x6a84f000 	C:\Program Files\Java\jdk1.8.0_181\jre\bin\nio.dll
0x68c00000 - 0x68c32000 	C:\Program Files\Java\jdk1.8.0_181\jre\bin\t2k.dll
0x74cf0000 - 0x74d07000 	C:\Windows\system32\USERENV.dll
0x737a0000 - 0x737bc000 	C:\Windows\system32\IPHLPAPI.DLL
0x73790000 - 0x73797000 	C:\Windows\system32\WINNSI.DLL
0x73640000 - 0x73652000 	C:\Windows\system32\dhcpcsvc.DLL
0x73440000 - 0x7344d000 	C:\Windows\system32\dhcpcsvc6.DLL
0x5b7c0000 - 0x5b7f8000 	C:\Users\Admin\AppData\Local\Temp\jna-63116079\jna1479806600057157238.dll
0x16030000 - 0x16079000 	C:\Windows\system32\fpengine.dll
0x149d0000 - 0x149fa000 	C:\Windows\system32\fpcore32.dll
0x704d0000 - 0x70521000 	C:\Windows\system32\WINSPOOL.DRV
0x73d90000 - 0x73d97000 	C:\Windows\system32\WINUSB.DLL
0x742e0000 - 0x74470000 	C:\Windows\WinSxS\x86_microsoft.windows.gdiplus_6595b64144ccf1df_1.1.7600.16385_none_72fc7cbf861225ca\gdiplus.dll
0x75730000 - 0x7575d000 	C:\Windows\system32\WINTRUST.dll
0x6b500000 - 0x6b520000 	C:\Program Files\Java\jdk1.8.0_181\jre\bin\sunec.dll
0x673c0000 - 0x674ab000 	C:\Windows\system32\dbghelp.dll

VM Arguments:
jvm_args: -Dfile.encoding=UTF-8 
java_command: fingerregistrationv2.FingerprintUI
java_class_path (initial): C:\Users\Admin\Downloads\unirest-java-1.4.9.jar;C:\Users\Admin\Downloads\jna-4.5.2.jar;C:\Users\Admin\Downloads\org.json.jar\org.json.jar;C:\Users\Admin\Downloads\org-apache-commons-codec.jar\org-apache-commons-codec.jar;C:\Users\Admin\Downloads\httpcore-4.4.9.jar;C:\Users\Admin\Downloads\httpclient-4.5.5.jar;C:\Users\Admin\Downloads\httpcore-nio-4.4.10.jar;C:\Users\Admin\Downloads\httpasyncclient-4.0-beta4.jar\httpasyncclient-4.0-beta4.jar;C:\Users\Admin\Downloads\commons-logging-1.1.2.jar;C:\Users\Admin\Downloads\httpmime-4.5.6.jar;C:\Users\Admin\Documents\NetBeansProjects\FingerRegistrationV2\build\classes
Launcher Type: SUN_STANDARD

Environment Variables:
PATH=C:\Program Files\Common Files\Oracle\Java\javapath;C:\Windows\system32;C:\Windows;C:\Windows\System32\Wbem;C:\Windows\System32\WindowsPowerShell\v1.0\;C:\Program Files\Git\cmd;C:\Program Files\Neurotechnology\FreeFingerprintVerificationSDK 1.0\bin\Win32_x86;C:\Program Files\nodejs\;C:\Users\Admin\AppData\Roaming\npm
USERNAME=Admin
OS=Windows_NT
PROCESSOR_IDENTIFIER=x86 Family 6 Model 76 Stepping 4, GenuineIntel



---------------  S Y S T E M  ---------------

OS: Windows 7 Build 7600 (6.1.7600.16385)

CPU:total 2 (initial active 2) (2 cores per cpu, 1 threads per core) family 6 model 76 stepping 4, cmov, cx8, fxsr, mmx, sse, sse2, sse3, ssse3, sse4.1, sse4.2, popcnt, aes, clmul, erms, 3dnowpref, tsc, tscinvbit

Memory: 4k page, physical 2008308k(554464k free), swap 4016616k(1631300k free)

vm_info: Java HotSpot(TM) Client VM (25.181-b13) for windows-x86 JRE (1.8.0_181-b13), built on Jul  7 2018 03:18:20 by "java_re" with MS VC++ 10.0 (VS2010)

time: Thu Aug 02 16:12:14 2018
elapsed time: 61 seconds (0d 0h 1m 1s)

