#
# A fatal error has been detected by the Java Runtime Environment:
#
#  EXCEPTION_ACCESS_VIOLATION (0xc0000005) at pc=0x77461ffe, pid=4628, tid=0x000007b0
#
# JRE version: Java(TM) SE Runtime Environment (8.0_181-b13) (build 1.8.0_181-b13)
# Java VM: Java HotSpot(TM) Client VM (25.181-b13 mixed mode, sharing windows-x86 )
# Problematic frame:
# C  [ntdll.dll+0x51ffe]
#
# Failed to write core dump. Minidumps are not enabled by default on client versions of Windows
#
# If you would like to submit a bug report, please visit:
#   http://bugreport.java.com/bugreport/crash.jsp
# The crash happened outside the Java Virtual Machine in native code.
# See problematic frame for where to report the bug.
#

---------------  T H R E A D  ---------------

Current thread (0x153bb800):  JavaThread "Timer-0" [_thread_in_native, id=1968, stack(0x15ee0000,0x15f30000)]

siginfo: ExceptionCode=0xc0000005, reading address 0x47248d20

Registers:
EAX=0x00000000, EBX=0x15367538, ECX=0x00300000, EDX=0x15367538
ESP=0x15f2d574, EBP=0x15f2d5a8, ESI=0x47248d1c, EDI=0x15367530
EIP=0x77461ffe, EFLAGS=0x00010202

Top of Stack: (sp=0x15f2d574)
0x15f2d574:   00000000 00300000 15367538 15f2d5a8
0x15f2d584:   15367538 00580056 15367538 15f2d5ac
0x15f2d594:   7564c07f 15367538 00000012 15f2d5d0
0x15f2d5a4:   15367530 15f2d5c0 77461faf 15367538
0x15f2d5b4:   00000003 14a9e650 15367530 15f2d5d4
0x15f2d5c4:   7684f1ac 00300000 00000000 15367538
0x15f2d5d4:   15f2d5e8 66d0016a 00300000 00000000
0x15f2d5e4:   15367538 15f2d630 6c2d846e 15367538 

Instructions: (pc=0x77461ffe)
0x77461fde:   7a f8 80 7f 07 05 0f 84 58 df 03 00 8b 07 8b f7
0x77461fee:   c1 ee 03 33 f0 33 35 dc 71 4e 77 89 7d fc 33 f1
0x77461ffe:   8b 46 04 89 45 f4 c6 47 07 80 c6 47 06 00 8b 5e
0x7746200e:   08 8b 4e 0c 89 5d e0 83 c3 01 89 4d e4 83 d1 01 


Register to memory mapping:

EAX=0x00000000 is an unknown value
EBX=0x15367538 is an unknown value
ECX=0x00300000 is an unknown value
EDX=0x15367538 is an unknown value
ESP=0x15f2d574 is pointing into the stack for thread: 0x153bb800
EBP=0x15f2d5a8 is pointing into the stack for thread: 0x153bb800
ESI=0x47248d1c is an unknown value
EDI=0x15367530 is an unknown value


Stack: [0x15ee0000,0x15f30000],  sp=0x15f2d574,  free space=309k
Native frames: (J=compiled Java code, j=interpreted, Vv=VM code, C=native code)
C  [ntdll.dll+0x51ffe]
C  [ntdll.dll+0x51faf]
C  [kernel32.dll+0x4f1ac]
C  [msvcr100.dll+0x1016a]
C  [java.dll+0x846e]
j  java.io.File.exists()Z+29
j  java.io.WinNTFileSystem.canonicalize(Ljava/lang/String;)Ljava/lang/String;+345
j  java.io.File.getCanonicalPath()Ljava/lang/String;+27
j  java.io.FilePermission$1.run()Ljava/lang/String;+103
j  java.io.FilePermission$1.run()Ljava/lang/Object;+1
v  ~StubRoutines::call_stub
V  [jvm.dll+0x15c065]
V  [jvm.dll+0x223ade]
V  [jvm.dll+0x15c0fe]
V  [jvm.dll+0x10c1cf]
C  [java.dll+0x1015]
j  java.io.FilePermission.init(I)V+97
j  java.io.FilePermission.<init>(Ljava/lang/String;Ljava/lang/String;)V+10
j  sun.net.www.protocol.file.FileURLConnection.getPermission()Ljava/security/Permission;+59
j  java.net.URLClassLoader.getPermissions(Ljava/security/CodeSource;)Ljava/security/PermissionCollection;+19
j  sun.misc.Launcher$AppClassLoader.getPermissions(Ljava/security/CodeSource;)Ljava/security/PermissionCollection;+2
j  java.security.SecureClassLoader.getProtectionDomain(Ljava/security/CodeSource;)Ljava/security/ProtectionDomain;+33
j  java.security.SecureClassLoader.defineClass(Ljava/lang/String;[BIILjava/security/CodeSource;)Ljava/lang/Class;+9
j  java.net.URLClassLoader.defineClass(Ljava/lang/String;Lsun/misc/Resource;)Ljava/lang/Class;+138
j  java.net.URLClassLoader.access$100(Ljava/net/URLClassLoader;Ljava/lang/String;Lsun/misc/Resource;)Ljava/lang/Class;+3
j  java.net.URLClassLoader$1.run()Ljava/lang/Class;+43
j  java.net.URLClassLoader$1.run()Ljava/lang/Object;+1
v  ~StubRoutines::call_stub
V  [jvm.dll+0x15c065]
V  [jvm.dll+0x223ade]
V  [jvm.dll+0x15c0fe]
V  [jvm.dll+0x10c1cf]
C  [java.dll+0x1061]
j  java.net.URLClassLoader.findClass(Ljava/lang/String;)Ljava/lang/Class;+13
J 618 C1 java.lang.ClassLoader.loadClass(Ljava/lang/String;Z)Ljava/lang/Class; (122 bytes) @ 0x01dc97cc [0x01dc9570+0x25c]
j  sun.misc.Launcher$AppClassLoader.loadClass(Ljava/lang/String;Z)Ljava/lang/Class;+81
j  java.lang.ClassLoader.loadClass(Ljava/lang/String;)Ljava/lang/Class;+3
v  ~StubRoutines::call_stub
V  [jvm.dll+0x15c065]
V  [jvm.dll+0x223ade]
V  [jvm.dll+0x15c0fe]
V  [jvm.dll+0x15c286]
V  [jvm.dll+0x15c36f]
V  [jvm.dll+0x513d5]
V  [jvm.dll+0x5187a]
V  [jvm.dll+0x52ac0]
V  [jvm.dll+0x52b0a]
V  [jvm.dll+0x1030f6]
C  [verify.dll+0x1638]
C  [verify.dll+0x1dbe]
C  [verify.dll+0x2cda]
V  [jvm.dll+0x2bdfcd]

Java frames: (J=compiled Java code, j=interpreted, Vv=VM code)
j  java.io.WinNTFileSystem.getBooleanAttributes(Ljava/io/File;)I+0
j  java.io.File.exists()Z+29
j  java.io.WinNTFileSystem.canonicalize(Ljava/lang/String;)Ljava/lang/String;+345
j  java.io.File.getCanonicalPath()Ljava/lang/String;+27
j  java.io.FilePermission$1.run()Ljava/lang/String;+103
j  java.io.FilePermission$1.run()Ljava/lang/Object;+1
v  ~StubRoutines::call_stub
J 413  java.security.AccessController.doPrivileged(Ljava/security/PrivilegedAction;)Ljava/lang/Object; (0 bytes) @ 0x01d7b2f0 [0x01d7b2a0+0x50]
j  java.io.FilePermission.init(I)V+97
j  java.io.FilePermission.<init>(Ljava/lang/String;Ljava/lang/String;)V+10
j  sun.net.www.protocol.file.FileURLConnection.getPermission()Ljava/security/Permission;+59
j  java.net.URLClassLoader.getPermissions(Ljava/security/CodeSource;)Ljava/security/PermissionCollection;+19
j  sun.misc.Launcher$AppClassLoader.getPermissions(Ljava/security/CodeSource;)Ljava/security/PermissionCollection;+2
j  java.security.SecureClassLoader.getProtectionDomain(Ljava/security/CodeSource;)Ljava/security/ProtectionDomain;+33
j  java.security.SecureClassLoader.defineClass(Ljava/lang/String;[BIILjava/security/CodeSource;)Ljava/lang/Class;+9
j  java.net.URLClassLoader.defineClass(Ljava/lang/String;Lsun/misc/Resource;)Ljava/lang/Class;+138
j  java.net.URLClassLoader.access$100(Ljava/net/URLClassLoader;Ljava/lang/String;Lsun/misc/Resource;)Ljava/lang/Class;+3
j  java.net.URLClassLoader$1.run()Ljava/lang/Class;+43
j  java.net.URLClassLoader$1.run()Ljava/lang/Object;+1
v  ~StubRoutines::call_stub
j  java.security.AccessController.doPrivileged(Ljava/security/PrivilegedExceptionAction;Ljava/security/AccessControlContext;)Ljava/lang/Object;+0
j  java.net.URLClassLoader.findClass(Ljava/lang/String;)Ljava/lang/Class;+13
J 618 C1 java.lang.ClassLoader.loadClass(Ljava/lang/String;Z)Ljava/lang/Class; (122 bytes) @ 0x01dc97cc [0x01dc9570+0x25c]
j  sun.misc.Launcher$AppClassLoader.loadClass(Ljava/lang/String;Z)Ljava/lang/Class;+81
j  java.lang.ClassLoader.loadClass(Ljava/lang/String;)Ljava/lang/Class;+3
v  ~StubRoutines::call_stub
j  com.mashape.unirest.request.HttpRequestWithBody.field(Ljava/lang/String;Ljava/lang/Object;Ljava/lang/String;)Lcom/mashape/unirest/request/body/MultipartBody;+0
j  com.mashape.unirest.request.HttpRequestWithBody.field(Ljava/lang/String;Ljava/lang/Object;)Lcom/mashape/unirest/request/body/MultipartBody;+4
j  FingerprintUI.postUserDetailsToServer(Ljava/lang/String;Ljava/lang/String;Ljava/lang/String;Ljava/lang/String;Ljava/lang/String;Ljava/lang/String;Ljava/lang/String;)V+42
j  FingerprintUI.access$1100(LFingerprintUI;Ljava/lang/String;Ljava/lang/String;Ljava/lang/String;Ljava/lang/String;Ljava/lang/String;Ljava/lang/String;Ljava/lang/String;)V+12
j  FingerprintUI$1.fpsmessage()V+943
j  FingerprintUI$1.run()V+1
j  java.util.TimerThread.mainLoop()V+221
j  java.util.TimerThread.run()V+1
v  ~StubRoutines::call_stub

---------------  P R O C E S S  ---------------

Java Threads: ( => current thread )
  0x153bd000 JavaThread "Thread-4" daemon [_thread_blocked, id=692, stack(0x165b0000,0x16600000)]
  0x153bc800 JavaThread "TimerQueue" daemon [_thread_blocked, id=4204, stack(0x162c0000,0x16310000)]
  0x153bc400 JavaThread "DestroyJavaVM" [_thread_blocked, id=6888, stack(0x01930000,0x01980000)]
  0x153bbc00 JavaThread "AWT-EventQueue-0" [_thread_blocked, id=7272, stack(0x15700000,0x15750000)]
=>0x153bb800 JavaThread "Timer-0" [_thread_in_native, id=1968, stack(0x15ee0000,0x15f30000)]
  0x153bb000 JavaThread "AWT-Windows" daemon [_thread_in_native, id=4616, stack(0x15870000,0x158c0000)]
  0x153ba800 JavaThread "AWT-Shutdown" [_thread_blocked, id=7292, stack(0x14fd0000,0x15020000)]
  0x153ba400 JavaThread "Java2D Disposer" daemon [_thread_blocked, id=7840, stack(0x15780000,0x157d0000)]
  0x01252400 JavaThread "Service Thread" daemon [_thread_blocked, id=7792, stack(0x018e0000,0x01930000)]
  0x01224c00 JavaThread "C1 CompilerThread0" daemon [_thread_blocked, id=2060, stack(0x15210000,0x15260000)]
  0x01223800 JavaThread "Attach Listener" daemon [_thread_blocked, id=8128, stack(0x15100000,0x15150000)]
  0x01220800 JavaThread "Signal Dispatcher" daemon [_thread_blocked, id=7500, stack(0x150b0000,0x15100000)]
  0x01214400 JavaThread "Finalizer" daemon [_thread_blocked, id=2040, stack(0x148f0000,0x14940000)]
  0x011b5c00 JavaThread "Reference Handler" daemon [_thread_blocked, id=1292, stack(0x148a0000,0x148f0000)]

Other Threads:
  0x011b3800 VMThread [stack: 0x03d30000,0x03d80000] [id=4972]
  0x01267000 WatcherThread [stack: 0x15030000,0x15080000] [id=8012]

VM state:not at safepoint (normal execution)

VM Mutex/Monitor currently owned by a thread: None

Heap:
 def new generation   total 7808K, used 2766K [0x03e00000, 0x04670000, 0x09350000)
  eden space 6976K,  35% used [0x03e00000, 0x0406fac8, 0x044d0000)
  from space 832K,  32% used [0x045a0000, 0x045e3e88, 0x04670000)
  to   space 832K,   0% used [0x044d0000, 0x044d0000, 0x045a0000)
 tenured generation   total 17220K, used 10330K [0x09350000, 0x0a421000, 0x13e00000)
   the space 17220K,  59% used [0x09350000, 0x09d668b8, 0x09d66a00, 0x0a421000)
 Metaspace       used 4002K, capacity 4233K, committed 4288K, reserved 4480K

Card table byte_map: [0x03c50000,0x03ce0000] byte_map_base: 0x03c31000

Polling page: 0x00140000

CodeCache: size=32768Kb used=1960Kb max_used=1960Kb free=30807Kb
 bounds [0x01c50000, 0x01e40000, 0x03c50000]
 total_blobs=1181 nmethods=919 adapters=192
 compilation: enabled

Compilation events (10 events):
Event: 44.758 Thread 0x01224c00  929             Configs::DrawImage (151 bytes)
Event: 44.768 Thread 0x01224c00 nmethod 929 0x01e300c8 code [0x01e302d0, 0x01e30c64]
Event: 44.774 Thread 0x01224c00  930   !         sun.awt.image.ImageRepresentation::getOpaqueRGBImage (164 bytes)
Event: 44.779 Thread 0x01224c00 nmethod 930 0x01e31588 code [0x01e316e0, 0x01e31ab0]
Event: 44.783 Thread 0x01224c00  931             sun.awt.geom.Order1::getYTop (5 bytes)
Event: 44.783 Thread 0x01224c00 nmethod 931 0x01e32088 code [0x01e32180, 0x01e32200]
Event: 45.470 Thread 0x01224c00  932             java.awt.Component::getComponentOrientation (5 bytes)
Event: 45.470 Thread 0x01224c00 nmethod 932 0x01e32248 code [0x01e32340, 0x01e323c0]
Event: 45.471 Thread 0x01224c00  933             sun.awt.geom.AreaOp::pruneEdges (1075 bytes)
Event: 45.503 Thread 0x01224c00 nmethod 933 0x01e32408 code [0x01e32a50, 0x01e35968]

GC Heap History (10 events):
Event: 5.255 GC heap before
{Heap before GC invocations=7 (full 0):
 def new generation   total 4928K, used 4928K [0x03e00000, 0x04350000, 0x09350000)
  eden space 4416K, 100% used [0x03e00000, 0x04250000, 0x04250000)
  from space 512K, 100% used [0x042d0000, 0x04350000, 0x04350000)
  to   space 512K,   0% used [0x04250000, 0x04250000, 0x042d0000)
 tenured generation   total 10944K, used 8220K [0x09350000, 0x09e00000, 0x13e00000)
   the space 10944K,  75% used [0x09350000, 0x09b57030, 0x09b57200, 0x09e00000)
 Metaspace       used 2693K, capacity 3339K, committed 3392K, reserved 4480K
Event: 5.264 GC heap after
Heap after GC invocations=8 (full 0):
 def new generation   total 4928K, used 512K [0x03e00000, 0x04350000, 0x09350000)
  eden space 4416K,   0% used [0x03e00000, 0x03e00000, 0x04250000)
  from space 512K, 100% used [0x04250000, 0x042d0000, 0x042d0000)
  to   space 512K,   0% used [0x042d0000, 0x042d0000, 0x04350000)
 tenured generation   total 10944K, used 9343K [0x09350000, 0x09e00000, 0x13e00000)
   the space 10944K,  85% used [0x09350000, 0x09c6fd40, 0x09c6fe00, 0x09e00000)
 Metaspace       used 2693K, capacity 3339K, committed 3392K, reserved 4480K
}
Event: 5.442 GC heap before
{Heap before GC invocations=8 (full 0):
 def new generation   total 4928K, used 4928K [0x03e00000, 0x04350000, 0x09350000)
  eden space 4416K, 100% used [0x03e00000, 0x04250000, 0x04250000)
  from space 512K, 100% used [0x04250000, 0x042d0000, 0x042d0000)
  to   space 512K,   0% used [0x042d0000, 0x042d0000, 0x04350000)
 tenured generation   total 10944K, used 9343K [0x09350000, 0x09e00000, 0x13e00000)
   the space 10944K,  85% used [0x09350000, 0x09c6fd40, 0x09c6fe00, 0x09e00000)
 Metaspace       used 3347K, capacity 3795K, committed 3904K, reserved 4480K
Event: 5.448 GC heap after
Heap after GC invocations=9 (full 0):
 def new generation   total 4928K, used 512K [0x03e00000, 0x04350000, 0x09350000)
  eden space 4416K,   0% used [0x03e00000, 0x03e00000, 0x04250000)
  from space 512K, 100% used [0x042d0000, 0x04350000, 0x04350000)
  to   space 512K,   0% used [0x04250000, 0x04250000, 0x042d0000)
 tenured generation   total 10944K, used 10149K [0x09350000, 0x09e00000, 0x13e00000)
   the space 10944K,  92% used [0x09350000, 0x09d39630, 0x09d39800, 0x09e00000)
 Metaspace       used 3347K, capacity 3795K, committed 3904K, reserved 4480K
}
Event: 39.262 GC heap before
{Heap before GC invocations=9 (full 0):
 def new generation   total 4928K, used 4928K [0x03e00000, 0x04350000, 0x09350000)
  eden space 4416K, 100% used [0x03e00000, 0x04250000, 0x04250000)
  from space 512K, 100% used [0x042d0000, 0x04350000, 0x04350000)
  to   space 512K,   0% used [0x04250000, 0x04250000, 0x042d0000)
 tenured generation   total 10944K, used 10149K [0x09350000, 0x09e00000, 0x13e00000)
   the space 10944K,  92% used [0x09350000, 0x09d39630, 0x09d39800, 0x09e00000)
 Metaspace       used 3975K, capacity 4207K, committed 4288K, reserved 4480K
Event: 39.270 GC heap after
Heap after GC invocations=10 (full 0):
 def new generation   total 4928K, used 512K [0x03e00000, 0x04350000, 0x09350000)
  eden space 4416K,   0% used [0x03e00000, 0x03e00000, 0x04250000)
  from space 512K, 100% used [0x04250000, 0x042d0000, 0x042d0000)
  to   space 512K,   0% used [0x042d0000, 0x042d0000, 0x04350000)
 tenured generation   total 10944K, used 10540K [0x09350000, 0x09e00000, 0x13e00000)
   the space 10944K,  96% used [0x09350000, 0x09d9b3e0, 0x09d9b400, 0x09e00000)
 Metaspace       used 3975K, capacity 4207K, committed 4288K, reserved 4480K
}
Event: 39.343 GC heap before
{Heap before GC invocations=10 (full 0):
 def new generation   total 4928K, used 4928K [0x03e00000, 0x04350000, 0x09350000)
  eden space 4416K, 100% used [0x03e00000, 0x04250000, 0x04250000)
  from space 512K, 100% used [0x04250000, 0x042d0000, 0x042d0000)
  to   space 512K,   0% used [0x042d0000, 0x042d0000, 0x04350000)
 tenured generation   total 10944K, used 10540K [0x09350000, 0x09e00000, 0x13e00000)
   the space 10944K,  96% used [0x09350000, 0x09d9b3e0, 0x09d9b400, 0x09e00000)
 Metaspace       used 3975K, capacity 4207K, committed 4288K, reserved 4480K
Event: 39.384 GC heap after
Heap after GC invocations=11 (full 1):
 def new generation   total 7808K, used 0K [0x03e00000, 0x04670000, 0x09350000)
  eden space 6976K,   0% used [0x03e00000, 0x03e00000, 0x044d0000)
  from space 832K,   0% used [0x044d0000, 0x044d0000, 0x045a0000)
  to   space 832K,   0% used [0x045a0000, 0x045a0000, 0x04670000)
 tenured generation   total 17220K, used 10330K [0x09350000, 0x0a421000, 0x13e00000)
   the space 17220K,  59% used [0x09350000, 0x09d668b8, 0x09d66a00, 0x0a421000)
 Metaspace       used 3951K, capacity 4169K, committed 4288K, reserved 4480K
}
Event: 43.148 GC heap before
{Heap before GC invocations=11 (full 1):
 def new generation   total 7808K, used 6757K [0x03e00000, 0x04670000, 0x09350000)
  eden space 6976K,  96% used [0x03e00000, 0x04499640, 0x044d0000)
  from space 832K,   0% used [0x044d0000, 0x044d0000, 0x045a0000)
  to   space 832K,   0% used [0x045a0000, 0x045a0000, 0x04670000)
 tenured generation   total 17220K, used 10330K [0x09350000, 0x0a421000, 0x13e00000)
   the space 17220K,  59% used [0x09350000, 0x09d668b8, 0x09d66a00, 0x0a421000)
 Metaspace       used 3971K, capacity 4201K, committed 4288K, reserved 4480K
Event: 43.163 GC heap after
Heap after GC invocations=12 (full 1):
 def new generation   total 7808K, used 271K [0x03e00000, 0x04670000, 0x09350000)
  eden space 6976K,   0% used [0x03e00000, 0x03e00000, 0x044d0000)
  from space 832K,  32% used [0x045a0000, 0x045e3e88, 0x04670000)
  to   space 832K,   0% used [0x044d0000, 0x044d0000, 0x045a0000)
 tenured generation   total 17220K, used 10330K [0x09350000, 0x0a421000, 0x13e00000)
   the space 17220K,  59% used [0x09350000, 0x09d668b8, 0x09d66a00, 0x0a421000)
 Metaspace       used 3971K, capacity 4201K, committed 4288K, reserved 4480K
}

Deoptimization events (0 events):
No events

Classes redefined (0 events):
No events

Internal exceptions (10 events):
Event: 0.160 Thread 0x0030c800 Exception <a 'java/security/PrivilegedActionException'> (0x03eec5f0) thrown at [C:\workspace\8-2-build-windows-i586-cygwin\jdk8u181\11358\hotspot\src\share\vm\prims\jvm.cpp, line 1435]
Event: 0.160 Thread 0x0030c800 Exception <a 'java/security/PrivilegedActionException'> (0x03eec7f0) thrown at [C:\workspace\8-2-build-windows-i586-cygwin\jdk8u181\11358\hotspot\src\share\vm\prims\jvm.cpp, line 1435]
Event: 0.165 Thread 0x0030c800 Exception <a 'java/io/FileNotFoundException'> (0x03eee568) thrown at [C:\workspace\8-2-build-windows-i586-cygwin\jdk8u181\11358\hotspot\src\share\vm\prims\jni.cpp, line 709]
Event: 0.225 Thread 0x0030c800 Exception <a 'java/lang/NoSuchFieldError': method resolution failed> (0x03fabf40) thrown at [C:\workspace\8-2-build-windows-i586-cygwin\jdk8u181\11358\hotspot\src\share\vm\prims\methodHandles.cpp, line 1167]
Event: 0.228 Thread 0x0030c800 Exception <a 'java/lang/NoSuchFieldError': method resolution failed> (0x03fb8168) thrown at [C:\workspace\8-2-build-windows-i586-cygwin\jdk8u181\11358\hotspot\src\share\vm\prims\methodHandles.cpp, line 1167]
Event: 0.281 Thread 0x0030c800 Exception <a 'java/io/FileNotFoundException'> (0x04043ff0) thrown at [C:\workspace\8-2-build-windows-i586-cygwin\jdk8u181\11358\hotspot\src\share\vm\prims\jni.cpp, line 709]
Event: 4.540 Thread 0x153bbc00 Exception <a 'java/lang/NoClassDefFoundError': org/apache/log4j/Category> (0x03f69758) thrown at [C:\workspace\8-2-build-windows-i586-cygwin\jdk8u181\11358\hotspot\src\share\vm\classfile\systemDictionary.cpp, line 199]
Event: 23.351 Thread 0x153bbc00 Exception <a 'java/lang/NullPointerException'> (0x041261f8) thrown at [C:\workspace\8-2-build-windows-i586-cygwin\jdk8u181\11358\hotspot\src\share\vm\prims\jvm.cpp, line 1439]
Event: 23.351 Thread 0x153bbc00 Exception <a 'java/lang/NullPointerException'> (0x041261f8) thrown at [C:\workspace\8-2-build-windows-i586-cygwin\jdk8u181\11358\hotspot\src\share\vm\prims\jvm.cpp, line 1439]
Event: 43.664 Thread 0x153bb800 Exception <a 'java/net/SocketTimeoutException': Read timed out> (0x03e4baa8) thrown at [C:\workspace\8-2-build-windows-i586-cygwin\jdk8u181\11358\hotspot\src\share\vm\prims\jni.cpp, line 735]

Events (10 events):
Event: 47.073 loading class java/util/prefs/Base64
Event: 47.073 loading class java/util/prefs/Base64 done
Event: 47.076 loading class com/mashape/unirest/request/HttpRequestWithBody
Event: 47.076 loading class com/mashape/unirest/request/HttpRequestWithBody done
Event: 47.080 loading class com/mashape/unirest/request/body/Body
Event: 47.080 loading class com/mashape/unirest/request/body/Body done
Event: 47.083 loading class com/mashape/unirest/request/body/MultipartBody
Event: 47.083 loading class com/mashape/unirest/request/body/MultipartBody done
Event: 47.086 loading class org/apache/http/entity/mime/content/ContentBody
Event: 47.086 loading class org/apache/http/entity/mime/content/ContentBody done


Dynamic libraries:
0x013a0000 - 0x013d3000 	C:\Program Files\Java\jdk1.8.0_181\bin\java.exe
0x77410000 - 0x7754c000 	C:\Windows\SYSTEM32\ntdll.dll
0x76800000 - 0x768d4000 	C:\Windows\system32\kernel32.dll
0x75640000 - 0x7568a000 	C:\Windows\system32\KERNELBASE.dll
0x775a0000 - 0x77640000 	C:\Windows\system32\ADVAPI32.dll
0x76c90000 - 0x76d3c000 	C:\Windows\system32\msvcrt.dll
0x76640000 - 0x76659000 	C:\Windows\SYSTEM32\sechost.dll
0x77210000 - 0x772b1000 	C:\Windows\system32\RPCRT4.dll
0x76dc0000 - 0x76e89000 	C:\Windows\system32\USER32.dll
0x77320000 - 0x7736e000 	C:\Windows\system32\GDI32.dll
0x77550000 - 0x7755a000 	C:\Windows\system32\LPK.dll
0x77370000 - 0x7740d000 	C:\Windows\system32\USP10.dll
0x744c0000 - 0x7465e000 	C:\Windows\WinSxS\x86_microsoft.windows.common-controls_6595b64144ccf1df_6.0.7600.16385_none_421189da2b7fabfc\COMCTL32.dll
0x772c0000 - 0x77317000 	C:\Windows\system32\SHLWAPI.dll
0x77570000 - 0x7758f000 	C:\Windows\system32\IMM32.DLL
0x77140000 - 0x7720c000 	C:\Windows\system32\MSCTF.dll
0x66cf0000 - 0x66daf000 	C:\Program Files\Java\jdk1.8.0_181\jre\bin\msvcr100.dll
0x662f0000 - 0x666c3000 	C:\Program Files\Java\jdk1.8.0_181\jre\bin\client\jvm.dll
0x71ed0000 - 0x71ed7000 	C:\Windows\system32\WSOCK32.dll
0x75860000 - 0x75895000 	C:\Windows\system32\WS2_32.dll
0x77560000 - 0x77566000 	C:\Windows\system32\NSI.dll
0x6f470000 - 0x6f4a2000 	C:\Windows\system32\WINMM.dll
0x74a60000 - 0x74a69000 	C:\Windows\system32\VERSION.dll
0x77590000 - 0x77595000 	C:\Windows\system32\PSAPI.DLL
0x74770000 - 0x7477c000 	C:\Program Files\Java\jdk1.8.0_181\jre\bin\verify.dll
0x6c2d0000 - 0x6c2f2000 	C:\Program Files\Java\jdk1.8.0_181\jre\bin\java.dll
0x73cb0000 - 0x73cc4000 	C:\Program Files\Java\jdk1.8.0_181\jre\bin\zip.dll
0x759f0000 - 0x76639000 	C:\Windows\system32\SHELL32.dll
0x76a70000 - 0x76bcc000 	C:\Windows\system32\ole32.dll
0x75560000 - 0x7556b000 	C:\Windows\system32\profapi.dll
0x661a0000 - 0x662e7000 	C:\Program Files\Java\jdk1.8.0_181\jre\bin\awt.dll
0x76c00000 - 0x76c8f000 	C:\Windows\system32\OLEAUT32.dll
0x74040000 - 0x74053000 	C:\Windows\system32\DWMAPI.DLL
0x6bd20000 - 0x6bde8000 	C:\Windows\system32\opengl32.dll
0x6c0d0000 - 0x6c0f2000 	C:\Windows\system32\GLU32.dll
0x6bc30000 - 0x6bd17000 	C:\Windows\system32\DDRAW.dll
0x6c0c0000 - 0x6c0c6000 	C:\Windows\system32\DCIMAN32.dll
0x76660000 - 0x767fd000 	C:\Windows\system32\SETUPAPI.dll
0x75610000 - 0x75637000 	C:\Windows\system32\CFGMGR32.dll
0x75690000 - 0x756a2000 	C:\Windows\system32\DEVOBJ.dll
0x74360000 - 0x743a0000 	C:\Windows\system32\uxtheme.dll
0x754b0000 - 0x754bc000 	C:\Windows\system32\CRYPTBASE.dll
0x6c290000 - 0x6c2c9000 	C:\Program Files\Java\jdk1.8.0_181\jre\bin\fontmanager.dll
0x768e0000 - 0x76963000 	C:\Windows\system32\CLBCatQ.DLL
0x73da0000 - 0x73e9b000 	C:\Windows\system32\WindowsCodecs.dll
0x75460000 - 0x754ab000 	C:\Windows\system32\apphelp.dll
0x70d30000 - 0x70d61000 	C:\Windows\system32\EhStorShell.dll
0x743a0000 - 0x74495000 	C:\Windows\system32\PROPSYS.dll
0x16030000 - 0x1624d000 	C:\PROGRA~1\MICROS~1\Office12\GR469A~1.DLL
0x68ef0000 - 0x68fe1000 	C:\PROGRA~1\MICROS~1\Office12\GrooveUtil.DLL
0x76970000 - 0x76a64000 	C:\Windows\system32\WININET.dll
0x759e0000 - 0x759e3000 	C:\Windows\system32\Normaliz.dll
0x758a0000 - 0x759d5000 	C:\Windows\system32\urlmon.dll
0x75740000 - 0x7585c000 	C:\Windows\system32\CRYPT32.dll
0x755d0000 - 0x755dc000 	C:\Windows\system32\MSASN1.dll
0x76ef0000 - 0x770e9000 	C:\Windows\system32\iertutil.dll
0x70c90000 - 0x70d2b000 	C:\Windows\WinSxS\x86_microsoft.vc80.crt_1fc8b3b9a1e18e3b_8.0.50727.4927_none_d08a205e442db5b5\MSVCR80.dll
0x68ff0000 - 0x68ff7000 	C:\PROGRA~1\MICROS~1\Office12\GrooveNew.DLL
0x7c630000 - 0x7c64b000 	C:\Windows\WinSxS\x86_microsoft.vc80.atl_1fc8b3b9a1e18e3b_8.0.50727.42_none_dc990e4797f81af1\ATL80.DLL
0x74fe0000 - 0x74ff6000 	C:\Windows\system32\CRYPTSP.dll
0x74d80000 - 0x74dbb000 	C:\Windows\system32\rsaenh.dll
0x73b90000 - 0x73b95000 	C:\Windows\system32\MSImg32.dll
0x70ba0000 - 0x70c0a000 	C:\Windows\System32\cscui.dll
0x70b90000 - 0x70b99000 	C:\Windows\System32\CSCDLL.dll
0x70b80000 - 0x70b8b000 	C:\Windows\system32\CSCAPI.dll
0x70b10000 - 0x70b7f000 	C:\Windows\system32\ntshrui.dll
0x75390000 - 0x753a9000 	C:\Windows\system32\srvcli.dll
0x737e0000 - 0x737ea000 	C:\Windows\system32\slc.dll
0x720c0000 - 0x720d5000 	C:\Program Files\Java\jdk1.8.0_181\jre\bin\net.dll
0x74fa0000 - 0x74fdc000 	C:\Windows\system32\mswsock.dll
0x74f90000 - 0x74f96000 	C:\Windows\System32\wship6.dll
0x72050000 - 0x7205f000 	C:\Program Files\Java\jdk1.8.0_181\jre\bin\nio.dll
0x682d0000 - 0x68302000 	C:\Program Files\Java\jdk1.8.0_181\jre\bin\t2k.dll
0x74bc0000 - 0x74bd7000 	C:\Windows\system32\USERENV.dll
0x73670000 - 0x7368c000 	C:\Windows\system32\IPHLPAPI.DLL
0x73660000 - 0x73667000 	C:\Windows\system32\WINNSI.DLL
0x734b0000 - 0x734c2000 	C:\Windows\system32\dhcpcsvc.DLL
0x72f40000 - 0x72f4d000 	C:\Windows\system32\dhcpcsvc6.DLL
0x68110000 - 0x68148000 	C:\Users\Admin\AppData\Local\Temp\jna-63116079\jna7563430819561475868.dll
0x155b0000 - 0x155f9000 	C:\Windows\system32\fpengine.dll
0x15080000 - 0x150aa000 	C:\Windows\system32\fpcore32.dll
0x6f4b0000 - 0x6f501000 	C:\Windows\system32\WINSPOOL.DRV
0x73f40000 - 0x73f47000 	C:\Windows\system32\WINUSB.DLL
0x741d0000 - 0x74360000 	C:\Windows\WinSxS\x86_microsoft.windows.gdiplus_6595b64144ccf1df_1.1.7600.16385_none_72fc7cbf861225ca\gdiplus.dll
0x755e0000 - 0x7560d000 	C:\Windows\system32\WINTRUST.dll
0x72020000 - 0x72040000 	C:\Program Files\Java\jdk1.8.0_181\jre\bin\sunec.dll
0x69c30000 - 0x69d1b000 	C:\Windows\system32\dbghelp.dll

VM Arguments:
jvm_args: -Dfile.encoding=UTF-8 
java_command: FingerprintUI
java_class_path (initial): C:\Users\Admin\Downloads\unirest-java-1.4.9.jar;C:\Users\Admin\Downloads\jna-4.5.2.jar;C:\Users\Admin\Downloads\org.json.jar\org.json.jar;C:\Users\Admin\Downloads\org-apache-commons-codec.jar\org-apache-commons-codec.jar;C:\Users\Admin\Downloads\httpcore-4.4.9.jar;C:\Users\Admin\Downloads\httpclient-4.5.5.jar;C:\Users\Admin\Downloads\httpcore-nio-4.4.10.jar;C:\Users\Admin\Downloads\httpasyncclient-4.0-beta4.jar\httpasyncclient-4.0-beta4.jar;C:\Users\Admin\Downloads\commons-logging-1.1.2.jar;C:\Users\Admin\Downloads\httpmime-4.5.6.jar;C:\Program Files\NetBeans 8.2\java\modules\ext\AbsoluteLayout.jar;C:\Users\Admin\Documents\NetBeansProjects\FingerRegistrationV2\build\classes
Launcher Type: SUN_STANDARD

Environment Variables:
PATH=C:\Program Files\Common Files\Oracle\Java\javapath;C:\Windows\system32;C:\Windows;C:\Windows\System32\Wbem;C:\Windows\System32\WindowsPowerShell\v1.0\;C:\Program Files\Git\cmd;C:\Program Files\Neurotechnology\FreeFingerprintVerificationSDK 1.0\bin\Win32_x86;C:\Program Files\nodejs\;C:\Users\Admin\AppData\Roaming\npm
USERNAME=Admin
OS=Windows_NT
PROCESSOR_IDENTIFIER=x86 Family 6 Model 76 Stepping 4, GenuineIntel



---------------  S Y S T E M  ---------------

OS: Windows 7 Build 7600 (6.1.7600.16385)

CPU:total 2 (initial active 2) (2 cores per cpu, 1 threads per core) family 6 model 76 stepping 4, cmov, cx8, fxsr, mmx, sse, sse2, sse3, ssse3, sse4.1, sse4.2, popcnt, aes, clmul, erms, 3dnowpref, tsc, tscinvbit

Memory: 4k page, physical 2008308k(387168k free), swap 4016616k(1485660k free)

vm_info: Java HotSpot(TM) Client VM (25.181-b13) for windows-x86 JRE (1.8.0_181-b13), built on Jul  7 2018 03:18:20 by "java_re" with MS VC++ 10.0 (VS2010)

time: Sat Aug 18 15:20:24 2018
elapsed time: 47 seconds (0d 0h 0m 47s)

