#
# A fatal error has been detected by the Java Runtime Environment:
#
#  EXCEPTION_ACCESS_VIOLATION (0xc0000005) at pc=0x770c1ffe, pid=3692, tid=0x00001308
#
# JRE version: Java(TM) SE Runtime Environment (8.0_181-b13) (build 1.8.0_181-b13)
# Java VM: Java HotSpot(TM) Client VM (25.181-b13 mixed mode, sharing windows-x86 )
# Problematic frame:
# C  [ntdll.dll+0x51ffe]
#
# Failed to write core dump. Minidumps are not enabled by default on client versions of Windows
#
# If you would like to submit a bug report, please visit:
#   http://bugreport.java.com/bugreport/crash.jsp
# The crash happened outside the Java Virtual Machine in native code.
# See problematic frame for where to report the bug.
#

---------------  T H R E A D  ---------------

Current thread (0x1540a800):  JavaThread "AWT-EventQueue-0" [_thread_in_native, id=4872, stack(0x019f0000,0x01a40000)]

siginfo: ExceptionCode=0xc0000005, reading address 0x053922f4

Registers:
EAX=0x09ae56d8, EBX=0x16201560, ECX=0x01950000, EDX=0x16201560
ESP=0x01a3db64, EBP=0x01a3db98, ESI=0x053922f0, EDI=0x16201558
EIP=0x770c1ffe, EFLAGS=0x00010206

Top of Stack: (sp=0x01a3db64)
0x01a3db64:   00000000 01950000 16201560 00001558
0x01a3db74:   00000000 00000000 00000000 00000000
0x01a3db84:   00000000 00000000 1540a800 00000023
0x01a3db94:   16201558 01a3dbb0 770c1faf 01a3dc64
0x01a3dba4:   1540a940 16201560 16201558 01a3dbc4
0x01a3dbb4:   7574f1ac 01950000 00000000 16201560
0x01a3dbc4:   01a3dbd8 6a75016a 01950000 00000000
0x01a3dbd4:   16201560 5c12a788 6f7c6789 16201560 

Instructions: (pc=0x770c1ffe)
0x770c1fde:   7a f8 80 7f 07 05 0f 84 58 df 03 00 8b 07 8b f7
0x770c1fee:   c1 ee 03 33 f0 33 35 dc 71 14 77 89 7d fc 33 f1
0x770c1ffe:   8b 46 04 89 45 f4 c6 47 07 80 c6 47 06 00 8b 5e
0x770c200e:   08 8b 4e 0c 89 5d e0 83 c3 01 89 4d e4 83 d1 01 


Register to memory mapping:

EAX=0x09ae56d8 is an oop
[B 
 - klass: {type array byte}
 - length: 1
EBX=0x16201560 is an unknown value
ECX=0x01950000 is an unknown value
EDX=0x16201560 is an unknown value
ESP=0x01a3db64 is pointing into the stack for thread: 0x1540a800
EBP=0x01a3db98 is pointing into the stack for thread: 0x1540a800
ESI=0x053922f0 is an unallocated location in the heap
EDI=0x16201558 is an unknown value


Stack: [0x019f0000,0x01a40000],  sp=0x01a3db64,  free space=310k
Native frames: (J=compiled Java code, j=interpreted, Vv=VM code, C=native code)
C  [ntdll.dll+0x51ffe]
C  [ntdll.dll+0x51faf]
C  [kernel32.dll+0x4f1ac]
C  [msvcr100.dll+0x1016a]
C  [fontmanager.dll+0x6789]

Java frames: (J=compiled Java code, j=interpreted, Vv=VM code)
j  sun.java2d.loops.DrawGlyphListLCD.DrawGlyphListLCD(Lsun/java2d/SunGraphics2D;Lsun/java2d/SurfaceData;Lsun/font/GlyphList;)V+0
j  sun.java2d.pipe.LCDTextRenderer.drawGlyphList(Lsun/java2d/SunGraphics2D;Lsun/font/GlyphList;)V+13
j  sun.java2d.pipe.GlyphListPipe.drawChars(Lsun/java2d/SunGraphics2D;[CIIII)V+165
j  sun.java2d.pipe.ValidatePipe.drawChars(Lsun/java2d/SunGraphics2D;[CIIII)V+21
j  sun.java2d.SunGraphics2D.drawChars([CIIII)V+106
j  sun.swing.SwingUtilities2.drawChars(Ljavax/swing/JComponent;Ljava/awt/Graphics;[CIIII)I+328
j  javax.swing.text.Utilities.drawTabbedText(Ljavax/swing/text/View;Ljavax/swing/text/Segment;IILjava/awt/Graphics;Ljavax/swing/text/TabExpander;I[I)I+401
j  javax.swing.text.Utilities.drawTabbedText(Ljavax/swing/text/View;Ljavax/swing/text/Segment;IILjava/awt/Graphics;Ljavax/swing/text/TabExpander;I)I+11
j  javax.swing.text.PlainView.drawUnselectedText(Ljava/awt/Graphics;IIII)I+44
j  javax.swing.text.PlainView.drawElement(ILjavax/swing/text/Element;Ljava/awt/Graphics;II)I+135
j  javax.swing.text.PlainView.drawLine(ILjava/awt/Graphics;II)V+30
j  javax.swing.text.PlainView.paint(Ljava/awt/Graphics;Ljava/awt/Shape;)V+424
j  javax.swing.text.FieldView.paint(Ljava/awt/Graphics;Ljava/awt/Shape;)V+28
j  javax.swing.plaf.basic.BasicTextUI$RootView.paint(Ljava/awt/Graphics;Ljava/awt/Shape;)V+48
j  javax.swing.plaf.basic.BasicTextUI.paintSafely(Ljava/awt/Graphics;)V+65
j  javax.swing.plaf.basic.BasicTextUI.paint(Ljava/awt/Graphics;Ljavax/swing/JComponent;)V+45
j  javax.swing.plaf.basic.BasicTextUI.update(Ljava/awt/Graphics;Ljavax/swing/JComponent;)V+3
j  javax.swing.JComponent.paintComponent(Ljava/awt/Graphics;)V+26
j  javax.swing.JComponent.paint(Ljava/awt/Graphics;)V+286
j  javax.swing.JComponent.paintChildren(Ljava/awt/Graphics;)V+501
j  javax.swing.JComponent.paint(Ljava/awt/Graphics;)V+318
j  javax.swing.JComponent.paintChildren(Ljava/awt/Graphics;)V+501
j  javax.swing.JComponent.paint(Ljava/awt/Graphics;)V+318
j  javax.swing.JComponent.paintChildren(Ljava/awt/Graphics;)V+501
j  javax.swing.JComponent.paint(Ljava/awt/Graphics;)V+318
j  javax.swing.JLayeredPane.paint(Ljava/awt/Graphics;)V+73
j  javax.swing.JComponent.paintChildren(Ljava/awt/Graphics;)V+501
j  javax.swing.JComponent.paintToOffscreen(Ljava/awt/Graphics;IIIIII)V+72
j  javax.swing.BufferStrategyPaintManager.paint(Ljavax/swing/JComponent;Ljavax/swing/JComponent;Ljava/awt/Graphics;IIII)Z+164
j  javax.swing.RepaintManager.paint(Ljavax/swing/JComponent;Ljavax/swing/JComponent;Ljava/awt/Graphics;IIII)V+51
j  javax.swing.JComponent.paint(Ljava/awt/Graphics;)V+221
j  java.awt.GraphicsCallback$PaintCallback.run(Ljava/awt/Component;Ljava/awt/Graphics;)V+2
j  sun.awt.SunGraphicsCallback.runOneComponent(Ljava/awt/Component;Ljava/awt/Rectangle;Ljava/awt/Graphics;Ljava/awt/Shape;I)V+155
j  sun.awt.SunGraphicsCallback.runComponents([Ljava/awt/Component;Ljava/awt/Graphics;I)V+194
j  java.awt.Container.paint(Ljava/awt/Graphics;)V+58
j  java.awt.Window.paint(Ljava/awt/Graphics;)V+68
j  javax.swing.RepaintManager$4.run()Ljava/lang/Void;+142
j  javax.swing.RepaintManager$4.run()Ljava/lang/Object;+1
v  ~StubRoutines::call_stub
J 722  java.security.AccessController.doPrivileged(Ljava/security/PrivilegedAction;Ljava/security/AccessControlContext;)Ljava/lang/Object; (0 bytes) @ 0x01f20d87 [0x01f20d20+0x67]
J 725 C1 java.security.ProtectionDomain$JavaSecurityAccessImpl.doIntersectionPrivilege(Ljava/security/PrivilegedAction;Ljava/security/AccessControlContext;Ljava/security/AccessControlContext;)Ljava/lang/Object; (22 bytes) @ 0x01f21480 [0x01f21380+0x100]
j  javax.swing.RepaintManager.paintDirtyRegions(Ljava/util/Map;)V+154
j  javax.swing.RepaintManager.paintDirtyRegions()V+46
j  javax.swing.RepaintManager.prePaintDirtyRegions()V+73
j  javax.swing.RepaintManager.access$1200(Ljavax/swing/RepaintManager;)V+1
j  javax.swing.RepaintManager$ProcessingRunnable.run()V+37
j  java.awt.event.InvocationEvent.dispatch()V+47
j  java.awt.EventQueue.dispatchEventImpl(Ljava/awt/AWTEvent;Ljava/lang/Object;)V+21
J 800 C1 java.awt.EventQueue$3.run()Ljava/lang/Void; (60 bytes) @ 0x01f3885c [0x01f38800+0x5c]
J 799 C1 java.awt.EventQueue$3.run()Ljava/lang/Object; (5 bytes) @ 0x01f385e0 [0x01f385c0+0x20]
v  ~StubRoutines::call_stub
J 722  java.security.AccessController.doPrivileged(Ljava/security/PrivilegedAction;Ljava/security/AccessControlContext;)Ljava/lang/Object; (0 bytes) @ 0x01f20d87 [0x01f20d20+0x67]
J 725 C1 java.security.ProtectionDomain$JavaSecurityAccessImpl.doIntersectionPrivilege(Ljava/security/PrivilegedAction;Ljava/security/AccessControlContext;Ljava/security/AccessControlContext;)Ljava/lang/Object; (22 bytes) @ 0x01f21480 [0x01f21380+0x100]
j  java.awt.EventQueue.dispatchEvent(Ljava/awt/AWTEvent;)V+46
J 787 C1 java.awt.EventDispatchThread.pumpOneEventForFilters(I)V (190 bytes) @ 0x01f35bd8 [0x01f357e0+0x3f8]
j  java.awt.EventDispatchThread.pumpEventsForFilter(ILjava/awt/Conditional;Ljava/awt/EventFilter;)V+35
j  java.awt.EventDispatchThread.pumpEventsForHierarchy(ILjava/awt/Conditional;Ljava/awt/Component;)V+11
j  java.awt.EventDispatchThread.pumpEvents(ILjava/awt/Conditional;)V+4
j  java.awt.EventDispatchThread.pumpEvents(Ljava/awt/Conditional;)V+3
j  java.awt.EventDispatchThread.run()V+9
v  ~StubRoutines::call_stub

---------------  P R O C E S S  ---------------

Java Threads: ( => current thread )
  0x1624ec00 JavaThread "Thread-4" daemon [_thread_blocked, id=5208, stack(0x16750000,0x167a0000)]
  0x1613a800 JavaThread "TimerQueue" daemon [_thread_blocked, id=5472, stack(0x16020000,0x16070000)]
  0x0195c800 JavaThread "DestroyJavaVM" [_thread_blocked, id=1452, stack(0x01a70000,0x01ac0000)]
=>0x1540a800 JavaThread "AWT-EventQueue-0" [_thread_in_native, id=4872, stack(0x019f0000,0x01a40000)]
  0x153b7800 JavaThread "AWT-Windows" daemon [_thread_in_native, id=5240, stack(0x158a0000,0x158f0000)]
  0x153b7000 JavaThread "AWT-Shutdown" [_thread_blocked, id=5104, stack(0x155b0000,0x15600000)]
  0x153b4400 JavaThread "Java2D Disposer" daemon [_thread_blocked, id=5452, stack(0x14fc0000,0x15010000)]
  0x012e5000 JavaThread "Service Thread" daemon [_thread_blocked, id=4444, stack(0x15240000,0x15290000)]
  0x012e3800 JavaThread "C1 CompilerThread0" daemon [_thread_blocked, id=3648, stack(0x151e0000,0x15230000)]
  0x012e2800 JavaThread "Attach Listener" daemon [_thread_blocked, id=6056, stack(0x148a0000,0x148f0000)]
  0x012dfc00 JavaThread "Signal Dispatcher" daemon [_thread_blocked, id=4720, stack(0x14980000,0x149d0000)]
  0x012d0800 JavaThread "Finalizer" daemon [_thread_blocked, id=2648, stack(0x15070000,0x150c0000)]
  0x01275c00 JavaThread "Reference Handler" daemon [_thread_blocked, id=5808, stack(0x14900000,0x14950000)]

Other Threads:
  0x01273400 VMThread [stack: 0x03d90000,0x03de0000] [id=5952]
  0x01313c00 WatcherThread [stack: 0x00360000,0x003b0000] [id=3596]

VM state:not at safepoint (normal execution)

VM Mutex/Monitor currently owned by a thread: None

Heap:
 def new generation   total 8000K, used 5863K [0x03e00000, 0x046a0000, 0x09350000)
  eden space 7168K,  81% used [0x03e00000, 0x043b9d18, 0x04500000)
  from space 832K,   0% used [0x04500000, 0x04500000, 0x045d0000)
  to   space 832K,   0% used [0x045d0000, 0x045d0000, 0x046a0000)
 tenured generation   total 17616K, used 10569K [0x09350000, 0x0a484000, 0x13e00000)
   the space 17616K,  59% used [0x09350000, 0x09da2520, 0x09da2600, 0x0a484000)
 Metaspace       used 4016K, capacity 4243K, committed 4288K, reserved 4480K

Card table byte_map: [0x01960000,0x019f0000] byte_map_base: 0x01941000

Polling page: 0x00150000

CodeCache: size=32768Kb used=1885Kb max_used=1889Kb free=30882Kb
 bounds [0x01d90000, 0x01f70000, 0x03d90000]
 total_blobs=1176 nmethods=914 adapters=192
 compilation: enabled

Compilation events (10 events):
Event: 714.341 Thread 0x012e3800  923             java.awt.EventDispatchThread$HierarchyEventFilter::acceptEvent (225 bytes)
Event: 714.343 Thread 0x012e3800 nmethod 923 0x01f68048 code [0x01f681a0, 0x01f68594]
Event: 882.869 Thread 0x012e3800  924             sun.java2d.SunGraphics2D::setColor (108 bytes)
Event: 882.870 Thread 0x012e3800 nmethod 924 0x01f07d48 code [0x01f07e60, 0x01f07fe8]
Event: 882.873 Thread 0x012e3800  925             sun.java2d.SunGraphics2D::dispose (12 bytes)
Event: 882.873 Thread 0x012e3800 nmethod 925 0x01f07b48 code [0x01f07c50, 0x01f07cec]
Event: 882.874 Thread 0x012e3800  926             java.awt.RenderingHints$Key::intKey (5 bytes)
Event: 882.875 Thread 0x012e3800 nmethod 926 0x01f06688 code [0x01f06780, 0x01f06800]
Event: 882.882 Thread 0x012e3800  927             java.awt.Image$1::getSurfaceManager (5 bytes)
Event: 882.882 Thread 0x012e3800 nmethod 927 0x01f07948 code [0x01f07a40, 0x01f07ac0]

GC Heap History (10 events):
Event: 13.711 GC heap before
{Heap before GC invocations=7 (full 0):
 def new generation   total 4928K, used 4928K [0x03e00000, 0x04350000, 0x09350000)
  eden space 4416K, 100% used [0x03e00000, 0x04250000, 0x04250000)
  from space 512K, 100% used [0x042d0000, 0x04350000, 0x04350000)
  to   space 512K,   0% used [0x04250000, 0x04250000, 0x042d0000)
 tenured generation   total 10944K, used 8558K [0x09350000, 0x09e00000, 0x13e00000)
   the space 10944K,  78% used [0x09350000, 0x09bab8e0, 0x09baba00, 0x09e00000)
 Metaspace       used 2759K, capacity 3305K, committed 3392K, reserved 4480K
Event: 13.720 GC heap after
Heap after GC invocations=8 (full 0):
 def new generation   total 4928K, used 512K [0x03e00000, 0x04350000, 0x09350000)
  eden space 4416K,   0% used [0x03e00000, 0x03e00000, 0x04250000)
  from space 512K, 100% used [0x04250000, 0x042d0000, 0x042d0000)
  to   space 512K,   0% used [0x042d0000, 0x042d0000, 0x04350000)
 tenured generation   total 10944K, used 9611K [0x09350000, 0x09e00000, 0x13e00000)
   the space 10944K,  87% used [0x09350000, 0x09cb2c60, 0x09cb2e00, 0x09e00000)
 Metaspace       used 2759K, capacity 3305K, committed 3392K, reserved 4480K
}
Event: 13.889 GC heap before
{Heap before GC invocations=8 (full 0):
 def new generation   total 4928K, used 4928K [0x03e00000, 0x04350000, 0x09350000)
  eden space 4416K, 100% used [0x03e00000, 0x04250000, 0x04250000)
  from space 512K, 100% used [0x04250000, 0x042d0000, 0x042d0000)
  to   space 512K,   0% used [0x042d0000, 0x042d0000, 0x04350000)
 tenured generation   total 10944K, used 9611K [0x09350000, 0x09e00000, 0x13e00000)
   the space 10944K,  87% used [0x09350000, 0x09cb2c60, 0x09cb2e00, 0x09e00000)
 Metaspace       used 3380K, capacity 3760K, committed 3776K, reserved 4480K
Event: 13.896 GC heap after
Heap after GC invocations=9 (full 0):
 def new generation   total 4928K, used 512K [0x03e00000, 0x04350000, 0x09350000)
  eden space 4416K,   0% used [0x03e00000, 0x03e00000, 0x04250000)
  from space 512K, 100% used [0x042d0000, 0x04350000, 0x04350000)
  to   space 512K,   0% used [0x04250000, 0x04250000, 0x042d0000)
 tenured generation   total 10944K, used 10405K [0x09350000, 0x09e00000, 0x13e00000)
   the space 10944K,  95% used [0x09350000, 0x09d795b8, 0x09d79600, 0x09e00000)
 Metaspace       used 3380K, capacity 3760K, committed 3776K, reserved 4480K
}
Event: 602.397 GC heap before
{Heap before GC invocations=9 (full 0):
 def new generation   total 4928K, used 4928K [0x03e00000, 0x04350000, 0x09350000)
  eden space 4416K, 100% used [0x03e00000, 0x04250000, 0x04250000)
  from space 512K, 100% used [0x042d0000, 0x04350000, 0x04350000)
  to   space 512K,   0% used [0x04250000, 0x04250000, 0x042d0000)
 tenured generation   total 10944K, used 10405K [0x09350000, 0x09e00000, 0x13e00000)
   the space 10944K,  95% used [0x09350000, 0x09d795b8, 0x09d79600, 0x09e00000)
 Metaspace       used 3885K, capacity 4152K, committed 4160K, reserved 4480K
Event: 602.406 GC heap after
Heap after GC invocations=10 (full 0):
 def new generation   total 4928K, used 512K [0x03e00000, 0x04350000, 0x09350000)
  eden space 4416K,   0% used [0x03e00000, 0x03e00000, 0x04250000)
  from space 512K, 100% used [0x04250000, 0x042d0000, 0x042d0000)
  to   space 512K,   0% used [0x042d0000, 0x042d0000, 0x04350000)
 tenured generation   total 10944K, used 10660K [0x09350000, 0x09e00000, 0x13e00000)
   the space 10944K,  97% used [0x09350000, 0x09db9310, 0x09db9400, 0x09e00000)
 Metaspace       used 3885K, capacity 4152K, committed 4160K, reserved 4480K
}
Event: 696.948 GC heap before
{Heap before GC invocations=10 (full 0):
 def new generation   total 4928K, used 4928K [0x03e00000, 0x04350000, 0x09350000)
  eden space 4416K, 100% used [0x03e00000, 0x04250000, 0x04250000)
  from space 512K, 100% used [0x04250000, 0x042d0000, 0x042d0000)
  to   space 512K,   0% used [0x042d0000, 0x042d0000, 0x04350000)
 tenured generation   total 10944K, used 10660K [0x09350000, 0x09e00000, 0x13e00000)
   the space 10944K,  97% used [0x09350000, 0x09db9310, 0x09db9400, 0x09e00000)
 Metaspace       used 3990K, capacity 4251K, committed 4288K, reserved 4480K
Event: 696.954 GC heap after
Heap after GC invocations=11 (full 0):
 def new generation   total 4928K, used 327K [0x03e00000, 0x04350000, 0x09350000)
  eden space 4416K,   0% used [0x03e00000, 0x03e00000, 0x04250000)
  from space 512K,  63% used [0x042d0000, 0x04321d50, 0x04350000)
  to   space 512K,   0% used [0x04250000, 0x04250000, 0x042d0000)
 tenured generation   total 10944K, used 10794K [0x09350000, 0x09e00000, 0x13e00000)
   the space 10944K,  98% used [0x09350000, 0x09ddaa90, 0x09ddac00, 0x09e00000)
 Metaspace       used 3990K, capacity 4251K, committed 4288K, reserved 4480K
}
Event: 697.002 GC heap before
{Heap before GC invocations=11 (full 0):
 def new generation   total 4928K, used 4743K [0x03e00000, 0x04350000, 0x09350000)
  eden space 4416K, 100% used [0x03e00000, 0x04250000, 0x04250000)
  from space 512K,  63% used [0x042d0000, 0x04321d50, 0x04350000)
  to   space 512K,   0% used [0x04250000, 0x04250000, 0x042d0000)
 tenured generation   total 10944K, used 10794K [0x09350000, 0x09e00000, 0x13e00000)
   the space 10944K,  98% used [0x09350000, 0x09ddaa90, 0x09ddac00, 0x09e00000)
 Metaspace       used 3990K, capacity 4251K, committed 4288K, reserved 4480K
Event: 697.045 GC heap after
Heap after GC invocations=12 (full 1):
 def new generation   total 8000K, used 0K [0x03e00000, 0x046a0000, 0x09350000)
  eden space 7168K,   0% used [0x03e00000, 0x03e00000, 0x04500000)
  from space 832K,   0% used [0x04500000, 0x04500000, 0x045d0000)
  to   space 832K,   0% used [0x045d0000, 0x045d0000, 0x046a0000)
 tenured generation   total 17616K, used 10569K [0x09350000, 0x0a484000, 0x13e00000)
   the space 17616K,  59% used [0x09350000, 0x09da2520, 0x09da2600, 0x0a484000)
 Metaspace       used 3966K, capacity 4211K, committed 4288K, reserved 4480K
}

Deoptimization events (0 events):
No events

Classes redefined (0 events):
No events

Internal exceptions (10 events):
Event: 0.308 Thread 0x0195c800 Exception <a 'java/lang/NoSuchFieldError': method resolution failed> (0x03fabf18) thrown at [C:\workspace\8-2-build-windows-i586-cygwin\jdk8u181\11358\hotspot\src\share\vm\prims\methodHandles.cpp, line 1167]
Event: 0.311 Thread 0x0195c800 Exception <a 'java/lang/NoSuchFieldError': method resolution failed> (0x03fb80b8) thrown at [C:\workspace\8-2-build-windows-i586-cygwin\jdk8u181\11358\hotspot\src\share\vm\prims\methodHandles.cpp, line 1167]
Event: 0.361 Thread 0x0195c800 Exception <a 'java/io/FileNotFoundException'> (0x04045340) thrown at [C:\workspace\8-2-build-windows-i586-cygwin\jdk8u181\11358\hotspot\src\share\vm\prims\jni.cpp, line 709]
Event: 12.963 Thread 0x1540a800 Exception <a 'java/lang/NoClassDefFoundError': org/apache/log4j/Category> (0x03fb8888) thrown at [C:\workspace\8-2-build-windows-i586-cygwin\jdk8u181\11358\hotspot\src\share\vm\classfile\systemDictionary.cpp, line 199]
Event: 50.045 Thread 0x1540a800 Exception <a 'java/lang/NullPointerException'> (0x041825c8) thrown at [C:\workspace\8-2-build-windows-i586-cygwin\jdk8u181\11358\hotspot\src\share\vm\prims\jvm.cpp, line 1439]
Event: 50.045 Thread 0x1540a800 Exception <a 'java/lang/NullPointerException'> (0x041825c8) thrown at [C:\workspace\8-2-build-windows-i586-cygwin\jdk8u181\11358\hotspot\src\share\vm\prims\jvm.cpp, line 1439]
Event: 602.386 Thread 0x1540a800 Exception <a 'java/lang/NullPointerException'> (0x04241330) thrown at [C:\workspace\8-2-build-windows-i586-cygwin\jdk8u181\11358\hotspot\src\share\vm\prims\jvm.cpp, line 1439]
Event: 602.387 Thread 0x1540a800 Exception <a 'java/lang/NullPointerException'> (0x04241330) thrown at [C:\workspace\8-2-build-windows-i586-cygwin\jdk8u181\11358\hotspot\src\share\vm\prims\jvm.cpp, line 1439]
Event: 702.595 Thread 0x153cec00 Exception <a 'java/net/SocketTimeoutException': Read timed out> (0x0411c778) thrown at [C:\workspace\8-2-build-windows-i586-cygwin\jdk8u181\11358\hotspot\src\share\vm\prims\jni.cpp, line 735]
Event: 706.460 Thread 0x153cec00 Exception <a 'java/lang/NoClassDefFoundError': org/apache/http/entity/mime/content/ContentBody> (0x0434cb30) thrown at [C:\workspace\8-2-build-windows-i586-cygwin\jdk8u181\11358\hotspot\src\share\vm\classfile\systemDictionary.cpp, line 199]

Events (10 events):
Event: 706.453 loading class com/mashape/unirest/request/HttpRequestWithBody done
Event: 706.456 loading class com/mashape/unirest/request/body/Body
Event: 706.456 loading class com/mashape/unirest/request/body/Body done
Event: 706.458 loading class com/mashape/unirest/request/body/MultipartBody
Event: 706.458 loading class com/mashape/unirest/request/body/MultipartBody done
Event: 706.460 loading class org/apache/http/entity/mime/content/ContentBody
Event: 706.460 loading class org/apache/http/entity/mime/content/ContentBody done
Event: 706.462 Thread 0x153cec00 Thread exited: 0x153cec00
Event: 714.344 Thread 0x012e3800 flushing nmethod 0x01f06688
Event: 714.344 Thread 0x012e3800 flushing nmethod 0x01f06a08


Dynamic libraries:
0x00320000 - 0x00353000 	C:\Program Files\Java\jdk1.8.0_181\bin\java.exe
0x77070000 - 0x771ac000 	C:\Windows\SYSTEM32\ntdll.dll
0x75700000 - 0x757d4000 	C:\Windows\system32\kernel32.dll
0x75450000 - 0x7549a000 	C:\Windows\system32\KERNELBASE.dll
0x75660000 - 0x75700000 	C:\Windows\system32\ADVAPI32.dll
0x757f0000 - 0x7589c000 	C:\Windows\system32\msvcrt.dll
0x77280000 - 0x77299000 	C:\Windows\SYSTEM32\sechost.dll
0x76020000 - 0x760c1000 	C:\Windows\system32\RPCRT4.dll
0x75c90000 - 0x75d59000 	C:\Windows\system32\USER32.dll
0x76130000 - 0x7617e000 	C:\Windows\system32\GDI32.dll
0x75e70000 - 0x75e7a000 	C:\Windows\system32\LPK.dll
0x75f80000 - 0x7601d000 	C:\Windows\system32\USP10.dll
0x74120000 - 0x742be000 	C:\Windows\WinSxS\x86_microsoft.windows.common-controls_6595b64144ccf1df_6.0.7600.16385_none_421189da2b7fabfc\COMCTL32.dll
0x75c00000 - 0x75c57000 	C:\Windows\system32\SHLWAPI.dll
0x75c70000 - 0x75c8f000 	C:\Windows\system32\IMM32.DLL
0x771b0000 - 0x7727c000 	C:\Windows\system32\MSCTF.dll
0x6a740000 - 0x6a7ff000 	C:\Program Files\Java\jdk1.8.0_181\jre\bin\msvcr100.dll
0x5b9c0000 - 0x5bd93000 	C:\Program Files\Java\jdk1.8.0_181\jre\bin\client\jvm.dll
0x74590000 - 0x74597000 	C:\Windows\system32\WSOCK32.dll
0x77030000 - 0x77065000 	C:\Windows\system32\WS2_32.dll
0x75c60000 - 0x75c66000 	C:\Windows\system32\NSI.dll
0x706e0000 - 0x70712000 	C:\Windows\system32\WINMM.dll
0x746c0000 - 0x746c9000 	C:\Windows\system32\VERSION.dll
0x757e0000 - 0x757e5000 	C:\Windows\system32\PSAPI.DLL
0x745a0000 - 0x745ac000 	C:\Program Files\Java\jdk1.8.0_181\jre\bin\verify.dll
0x73990000 - 0x739b2000 	C:\Program Files\Java\jdk1.8.0_181\jre\bin\java.dll
0x73f90000 - 0x73fa4000 	C:\Program Files\Java\jdk1.8.0_181\jre\bin\zip.dll
0x761e0000 - 0x76e29000 	C:\Windows\system32\SHELL32.dll
0x75930000 - 0x75a8c000 	C:\Windows\system32\ole32.dll
0x751c0000 - 0x751cb000 	C:\Windows\system32\profapi.dll
0x5c030000 - 0x5c177000 	C:\Program Files\Java\jdk1.8.0_181\jre\bin\awt.dll
0x758a0000 - 0x7592f000 	C:\Windows\system32\OLEAUT32.dll
0x73c70000 - 0x73c83000 	C:\Windows\system32\DWMAPI.DLL
0x73860000 - 0x73928000 	C:\Windows\system32\opengl32.dll
0x73c00000 - 0x73c22000 	C:\Windows\system32\GLU32.dll
0x72a60000 - 0x72b47000 	C:\Windows\system32\DDRAW.dll
0x73bf0000 - 0x73bf6000 	C:\Windows\system32\DCIMAN32.dll
0x754c0000 - 0x7565d000 	C:\Windows\system32\SETUPAPI.dll
0x75390000 - 0x753b7000 	C:\Windows\system32\CFGMGR32.dll
0x754a0000 - 0x754b2000 	C:\Windows\system32\DEVOBJ.dll
0x73fc0000 - 0x74000000 	C:\Windows\system32\uxtheme.dll
0x75140000 - 0x7514c000 	C:\Windows\system32\CRYPTBASE.dll
0x6f7c0000 - 0x6f7f9000 	C:\Program Files\Java\jdk1.8.0_181\jre\bin\fontmanager.dll
0x75d60000 - 0x75de3000 	C:\Windows\system32\CLBCatQ.DLL
0x73a30000 - 0x73b2b000 	C:\Windows\system32\WindowsCodecs.dll
0x750f0000 - 0x7513b000 	C:\Windows\system32\apphelp.dll
0x70be0000 - 0x70c11000 	C:\Windows\system32\EhStorShell.dll
0x74000000 - 0x740f5000 	C:\Windows\system32\PROPSYS.dll
0x661c0000 - 0x663dd000 	C:\PROGRA~1\MICROS~1\Office12\GR469A~1.DLL
0x68ef0000 - 0x68fe1000 	C:\PROGRA~1\MICROS~1\Office12\GrooveUtil.DLL
0x75e80000 - 0x75f74000 	C:\Windows\system32\WININET.dll
0x760d0000 - 0x760d3000 	C:\Windows\system32\Normaliz.dll
0x75a90000 - 0x75bc5000 	C:\Windows\system32\urlmon.dll
0x75270000 - 0x7538c000 	C:\Windows\system32\CRYPT32.dll
0x75230000 - 0x7523c000 	C:\Windows\system32\MSASN1.dll
0x76e30000 - 0x77029000 	C:\Windows\system32\iertutil.dll
0x6fea0000 - 0x6ff3b000 	C:\Windows\WinSxS\x86_microsoft.vc80.crt_1fc8b3b9a1e18e3b_8.0.50727.4927_none_d08a205e442db5b5\MSVCR80.dll
0x68ff0000 - 0x68ff7000 	C:\PROGRA~1\MICROS~1\Office12\GrooveNew.DLL
0x7c630000 - 0x7c64b000 	C:\Windows\WinSxS\x86_microsoft.vc80.atl_1fc8b3b9a1e18e3b_8.0.50727.42_none_dc990e4797f81af1\ATL80.DLL
0x74c50000 - 0x74c66000 	C:\Windows\system32\CRYPTSP.dll
0x749f0000 - 0x74a2b000 	C:\Windows\system32\rsaenh.dll
0x73720000 - 0x73725000 	C:\Windows\system32\MSImg32.dll
0x6fcd0000 - 0x6fd3a000 	C:\Windows\System32\cscui.dll
0x6fcc0000 - 0x6fcc9000 	C:\Windows\System32\CSCDLL.dll
0x70c40000 - 0x70c4b000 	C:\Windows\system32\CSCAPI.dll
0x6fc50000 - 0x6fcbf000 	C:\Windows\system32\ntshrui.dll
0x74e10000 - 0x74e29000 	C:\Windows\system32\srvcli.dll
0x733b0000 - 0x733ba000 	C:\Windows\system32\slc.dll
0x6f810000 - 0x6f825000 	C:\Program Files\Java\jdk1.8.0_181\jre\bin\net.dll
0x74c10000 - 0x74c4c000 	C:\Windows\system32\mswsock.dll
0x74c00000 - 0x74c06000 	C:\Windows\System32\wship6.dll
0x71970000 - 0x7197f000 	C:\Program Files\Java\jdk1.8.0_181\jre\bin\nio.dll
0x6c840000 - 0x6c872000 	C:\Program Files\Java\jdk1.8.0_181\jre\bin\t2k.dll
0x74820000 - 0x74837000 	C:\Windows\system32\USERENV.dll
0x732d0000 - 0x732ec000 	C:\Windows\system32\IPHLPAPI.DLL
0x732c0000 - 0x732c7000 	C:\Windows\system32\WINNSI.DLL
0x730d0000 - 0x730e2000 	C:\Windows\system32\dhcpcsvc.DLL
0x72fe0000 - 0x72fed000 	C:\Windows\system32\dhcpcsvc6.DLL
0x6a6c0000 - 0x6a6f8000 	C:\Users\Admin\AppData\Local\Temp\jna-63116079\jna93729198870435720.dll
0x15550000 - 0x15597000 	C:\Windows\system32\fpengine.dll
0x14950000 - 0x1497a000 	C:\Windows\system32\fpcore32.dll
0x70d50000 - 0x70da1000 	C:\Windows\system32\WINSPOOL.DRV
0x6f1c0000 - 0x6f1c7000 	C:\Windows\system32\WINUSB.DLL
0x73e00000 - 0x73f90000 	C:\Windows\WinSxS\x86_microsoft.windows.gdiplus_6595b64144ccf1df_1.1.7600.16385_none_72fc7cbf861225ca\gdiplus.dll
0x75240000 - 0x7526d000 	C:\Windows\system32\WINTRUST.dll
0x6b1d0000 - 0x6b1f0000 	C:\Program Files\Java\jdk1.8.0_181\jre\bin\sunec.dll
0x66f30000 - 0x6701b000 	C:\Windows\system32\dbghelp.dll

VM Arguments:
jvm_args: -Dfile.encoding=UTF-8 
java_command: fingerregistrationv2.FingerprintUI
java_class_path (initial): C:\Users\Admin\Downloads\unirest-java-1.4.9.jar;C:\Users\Admin\Downloads\jna-4.5.2.jar;C:\Users\Admin\Downloads\org.json.jar\org.json.jar;C:\Users\Admin\Downloads\org-apache-commons-codec.jar\org-apache-commons-codec.jar;C:\Users\Admin\Downloads\httpcore-4.4.9.jar;C:\Users\Admin\Downloads\httpclient-4.5.5.jar;C:\Users\Admin\Downloads\httpcore-nio-4.4.10.jar;C:\Users\Admin\Downloads\httpasyncclient-4.0-beta4.jar\httpasyncclient-4.0-beta4.jar;C:\Users\Admin\Downloads\commons-logging-1.1.2.jar;C:\Users\Admin\Documents\NetBeansProjects\FingerRegistrationV2\build\classes
Launcher Type: SUN_STANDARD

Environment Variables:
PATH=C:\Program Files\Common Files\Oracle\Java\javapath;C:\Windows\system32;C:\Windows;C:\Windows\System32\Wbem;C:\Windows\System32\WindowsPowerShell\v1.0\;C:\Program Files\Git\cmd;C:\Program Files\Neurotechnology\FreeFingerprintVerificationSDK 1.0\bin\Win32_x86
USERNAME=Admin
OS=Windows_NT
PROCESSOR_IDENTIFIER=x86 Family 6 Model 76 Stepping 4, GenuineIntel



---------------  S Y S T E M  ---------------

OS: Windows 7 Build 7600 (6.1.7600.16385)

CPU:total 2 (initial active 2) (2 cores per cpu, 1 threads per core) family 6 model 76 stepping 4, cmov, cx8, fxsr, mmx, sse, sse2, sse3, ssse3, sse4.1, sse4.2, popcnt, aes, clmul, erms, 3dnowpref, tsc, tscinvbit

Memory: 4k page, physical 2008308k(424612k free), swap 4016616k(1655644k free)

vm_info: Java HotSpot(TM) Client VM (25.181-b13) for windows-x86 JRE (1.8.0_181-b13), built on Jul  7 2018 03:18:20 by "java_re" with MS VC++ 10.0 (VS2010)

time: Tue Jul 31 01:16:12 2018
elapsed time: 883 seconds (0d 0h 14m 43s)

