#
# A fatal error has been detected by the Java Runtime Environment:
#
#  EXCEPTION_ACCESS_VIOLATION (0xc0000005) at pc=0x77461ffe, pid=6732, tid=0x0000177c
#
# JRE version: Java(TM) SE Runtime Environment (8.0_181-b13) (build 1.8.0_181-b13)
# Java VM: Java HotSpot(TM) Client VM (25.181-b13 mixed mode, sharing windows-x86 )
# Problematic frame:
# C  [ntdll.dll+0x51ffe]
#
# Failed to write core dump. Minidumps are not enabled by default on client versions of Windows
#
# If you would like to submit a bug report, please visit:
#   http://bugreport.java.com/bugreport/crash.jsp
# The crash happened outside the Java Virtual Machine in native code.
# See problematic frame for where to report the bug.
#

---------------  T H R E A D  ---------------

Current thread (0x15372c00):  JavaThread "Timer-0" [_thread_in_native, id=6012, stack(0x15e40000,0x15e90000)]

siginfo: ExceptionCode=0xc0000005, reading address 0x785bee09

Registers:
EAX=0x167cc820, EBX=0x1678c7b0, ECX=0x003f0000, EDX=0x1678c7b0
ESP=0x15e8d6a4, EBP=0x15e8d6d8, ESI=0x785bee05, EDI=0x1678c7a8
EIP=0x77461ffe, EFLAGS=0x00010206

Top of Stack: (sp=0x15e8d6a4)
0x15e8d6a4:   00000000 003f0000 1678c7b0 15e8d6d8
0x15e8d6b4:   1678c7b0 00580056 1678c7b0 15e8d6dc
0x15e8d6c4:   7564c07f 1678c7b0 00000012 15e8d700
0x15e8d6d4:   1678c7a8 15e8d6f0 77461faf 1678c7b0
0x15e8d6e4:   00000003 14a9e650 1678c7a8 15e8d704
0x15e8d6f4:   7684f1ac 003f0000 00000000 1678c7b0
0x15e8d704:   15e8d718 66d0016a 003f0000 00000000
0x15e8d714:   1678c7b0 15e8d760 6c2d846e 1678c7b0 

Instructions: (pc=0x77461ffe)
0x77461fde:   7a f8 80 7f 07 05 0f 84 58 df 03 00 8b 07 8b f7
0x77461fee:   c1 ee 03 33 f0 33 35 dc 71 4e 77 89 7d fc 33 f1
0x77461ffe:   8b 46 04 89 45 f4 c6 47 07 80 c6 47 06 00 8b 5e
0x7746200e:   08 8b 4e 0c 89 5d e0 83 c3 01 89 4d e4 83 d1 01 


Register to memory mapping:

EAX=0x167cc820 is an unknown value
EBX=0x1678c7b0 is an unknown value
ECX=0x003f0000 is an unknown value
EDX=0x1678c7b0 is an unknown value
ESP=0x15e8d6a4 is pointing into the stack for thread: 0x15372c00
EBP=0x15e8d6d8 is pointing into the stack for thread: 0x15372c00
ESI=0x785bee05 is an unknown value
EDI=0x1678c7a8 is an unknown value


Stack: [0x15e40000,0x15e90000],  sp=0x15e8d6a4,  free space=309k
Native frames: (J=compiled Java code, j=interpreted, Vv=VM code, C=native code)
C  [ntdll.dll+0x51ffe]
C  [ntdll.dll+0x51faf]
C  [kernel32.dll+0x4f1ac]
C  [msvcr100.dll+0x1016a]
C  [java.dll+0x846e]
j  java.io.File.exists()Z+29
j  java.io.WinNTFileSystem.canonicalize(Ljava/lang/String;)Ljava/lang/String;+345
j  java.io.File.getCanonicalPath()Ljava/lang/String;+27
j  java.io.FilePermission$1.run()Ljava/lang/String;+103
j  java.io.FilePermission$1.run()Ljava/lang/Object;+1
v  ~StubRoutines::call_stub
V  [jvm.dll+0x15c065]
V  [jvm.dll+0x223ade]
V  [jvm.dll+0x15c0fe]
V  [jvm.dll+0x10c1cf]
C  [java.dll+0x1015]
j  java.io.FilePermission.init(I)V+97
j  java.io.FilePermission.<init>(Ljava/lang/String;Ljava/lang/String;)V+10
j  sun.net.www.protocol.file.FileURLConnection.getPermission()Ljava/security/Permission;+59
j  java.net.URLClassLoader.getPermissions(Ljava/security/CodeSource;)Ljava/security/PermissionCollection;+19
j  sun.misc.Launcher$AppClassLoader.getPermissions(Ljava/security/CodeSource;)Ljava/security/PermissionCollection;+2
j  java.security.SecureClassLoader.getProtectionDomain(Ljava/security/CodeSource;)Ljava/security/ProtectionDomain;+33
j  java.security.SecureClassLoader.defineClass(Ljava/lang/String;[BIILjava/security/CodeSource;)Ljava/lang/Class;+9
j  java.net.URLClassLoader.defineClass(Ljava/lang/String;Lsun/misc/Resource;)Ljava/lang/Class;+138
j  java.net.URLClassLoader.access$100(Ljava/net/URLClassLoader;Ljava/lang/String;Lsun/misc/Resource;)Ljava/lang/Class;+3
j  java.net.URLClassLoader$1.run()Ljava/lang/Class;+43
j  java.net.URLClassLoader$1.run()Ljava/lang/Object;+1
v  ~StubRoutines::call_stub
V  [jvm.dll+0x15c065]
V  [jvm.dll+0x223ade]
V  [jvm.dll+0x15c0fe]
V  [jvm.dll+0x10c1cf]
C  [java.dll+0x1061]
j  java.net.URLClassLoader.findClass(Ljava/lang/String;)Ljava/lang/Class;+13
J 616 C1 java.lang.ClassLoader.loadClass(Ljava/lang/String;Z)Ljava/lang/Class; (122 bytes) @ 0x01e389cc [0x01e38770+0x25c]
j  sun.misc.Launcher$AppClassLoader.loadClass(Ljava/lang/String;Z)Ljava/lang/Class;+81
j  java.lang.ClassLoader.loadClass(Ljava/lang/String;)Ljava/lang/Class;+3
v  ~StubRoutines::call_stub
V  [jvm.dll+0x15c065]
V  [jvm.dll+0x223ade]
V  [jvm.dll+0x15c0fe]
V  [jvm.dll+0x15c286]
V  [jvm.dll+0x15c36f]
V  [jvm.dll+0x513d5]
V  [jvm.dll+0x5187a]
V  [jvm.dll+0x52ac0]
V  [jvm.dll+0x52b0a]
V  [jvm.dll+0x1030f6]
C  [verify.dll+0x1638]
C  [verify.dll+0x1dbe]
C  [verify.dll+0x2cda]
C  0x15e8eb44

Java frames: (J=compiled Java code, j=interpreted, Vv=VM code)
j  java.io.WinNTFileSystem.getBooleanAttributes(Ljava/io/File;)I+0
j  java.io.File.exists()Z+29
j  java.io.WinNTFileSystem.canonicalize(Ljava/lang/String;)Ljava/lang/String;+345
j  java.io.File.getCanonicalPath()Ljava/lang/String;+27
j  java.io.FilePermission$1.run()Ljava/lang/String;+103
j  java.io.FilePermission$1.run()Ljava/lang/Object;+1
v  ~StubRoutines::call_stub
J 414  java.security.AccessController.doPrivileged(Ljava/security/PrivilegedAction;)Ljava/lang/Object; (0 bytes) @ 0x01deb870 [0x01deb820+0x50]
j  java.io.FilePermission.init(I)V+97
j  java.io.FilePermission.<init>(Ljava/lang/String;Ljava/lang/String;)V+10
j  sun.net.www.protocol.file.FileURLConnection.getPermission()Ljava/security/Permission;+59
j  java.net.URLClassLoader.getPermissions(Ljava/security/CodeSource;)Ljava/security/PermissionCollection;+19
j  sun.misc.Launcher$AppClassLoader.getPermissions(Ljava/security/CodeSource;)Ljava/security/PermissionCollection;+2
j  java.security.SecureClassLoader.getProtectionDomain(Ljava/security/CodeSource;)Ljava/security/ProtectionDomain;+33
j  java.security.SecureClassLoader.defineClass(Ljava/lang/String;[BIILjava/security/CodeSource;)Ljava/lang/Class;+9
j  java.net.URLClassLoader.defineClass(Ljava/lang/String;Lsun/misc/Resource;)Ljava/lang/Class;+138
j  java.net.URLClassLoader.access$100(Ljava/net/URLClassLoader;Ljava/lang/String;Lsun/misc/Resource;)Ljava/lang/Class;+3
j  java.net.URLClassLoader$1.run()Ljava/lang/Class;+43
j  java.net.URLClassLoader$1.run()Ljava/lang/Object;+1
v  ~StubRoutines::call_stub
j  java.security.AccessController.doPrivileged(Ljava/security/PrivilegedExceptionAction;Ljava/security/AccessControlContext;)Ljava/lang/Object;+0
j  java.net.URLClassLoader.findClass(Ljava/lang/String;)Ljava/lang/Class;+13
J 616 C1 java.lang.ClassLoader.loadClass(Ljava/lang/String;Z)Ljava/lang/Class; (122 bytes) @ 0x01e389cc [0x01e38770+0x25c]
j  sun.misc.Launcher$AppClassLoader.loadClass(Ljava/lang/String;Z)Ljava/lang/Class;+81
j  java.lang.ClassLoader.loadClass(Ljava/lang/String;)Ljava/lang/Class;+3
v  ~StubRoutines::call_stub
j  com.mashape.unirest.request.HttpRequestWithBody.field(Ljava/lang/String;Ljava/lang/Object;Ljava/lang/String;)Lcom/mashape/unirest/request/body/MultipartBody;+0
j  com.mashape.unirest.request.HttpRequestWithBody.field(Ljava/lang/String;Ljava/lang/Object;)Lcom/mashape/unirest/request/body/MultipartBody;+4
j  FingerprintUI.postUserDetailsToServer(Ljava/lang/String;Ljava/lang/String;Ljava/lang/String;Ljava/lang/String;Ljava/lang/String;Ljava/lang/String;Ljava/lang/String;)V+42
j  FingerprintUI.access$1100(LFingerprintUI;Ljava/lang/String;Ljava/lang/String;Ljava/lang/String;Ljava/lang/String;Ljava/lang/String;Ljava/lang/String;Ljava/lang/String;)V+12
j  FingerprintUI$1.fpsmessage()V+550
j  FingerprintUI$1.run()V+1
j  java.util.TimerThread.mainLoop()V+221
j  java.util.TimerThread.run()V+1
v  ~StubRoutines::call_stub

---------------  P R O C E S S  ---------------

Java Threads: ( => current thread )
  0x167aa400 JavaThread "Thread-4" daemon [_thread_blocked, id=7308, stack(0x16dd0000,0x16e20000)]
  0x166a8400 JavaThread "TimerQueue" daemon [_thread_blocked, id=6160, stack(0x16d20000,0x16d70000)]
  0x003fc800 JavaThread "DestroyJavaVM" [_thread_blocked, id=1696, stack(0x019a0000,0x019f0000)]
  0x153a2000 JavaThread "AWT-EventQueue-0" [_thread_blocked, id=4536, stack(0x03cc0000,0x03d10000)]
=>0x15372c00 JavaThread "Timer-0" [_thread_in_native, id=6012, stack(0x15e40000,0x15e90000)]
  0x1535f400 JavaThread "AWT-Windows" daemon [_thread_in_native, id=4872, stack(0x14940000,0x14990000)]
  0x1535f000 JavaThread "AWT-Shutdown" [_thread_blocked, id=5276, stack(0x156f0000,0x15740000)]
  0x1535c800 JavaThread "Java2D Disposer" daemon [_thread_blocked, id=3648, stack(0x15780000,0x157d0000)]
  0x0127fc00 JavaThread "Service Thread" daemon [_thread_blocked, id=6908, stack(0x15100000,0x15150000)]
  0x01254800 JavaThread "C1 CompilerThread0" daemon [_thread_blocked, id=5212, stack(0x150b0000,0x15100000)]
  0x01253800 JavaThread "Attach Listener" daemon [_thread_blocked, id=5912, stack(0x15170000,0x151c0000)]
  0x01250800 JavaThread "Signal Dispatcher" daemon [_thread_blocked, id=4932, stack(0x03d90000,0x03de0000)]
  0x01244400 JavaThread "Finalizer" daemon [_thread_blocked, id=3500, stack(0x148f0000,0x14940000)]
  0x011e5c00 JavaThread "Reference Handler" daemon [_thread_blocked, id=4204, stack(0x149b0000,0x14a00000)]

Other Threads:
  0x011e3800 VMThread [stack: 0x03d10000,0x03d60000] [id=5304]
  0x01296800 WatcherThread [stack: 0x151c0000,0x15210000] [id=6652]

VM state:not at safepoint (normal execution)

VM Mutex/Monitor currently owned by a thread: None

Heap:
 def new generation   total 8320K, used 905K [0x03e00000, 0x04700000, 0x09350000)
  eden space 7424K,  12% used [0x03e00000, 0x03ee25f0, 0x04540000)
  from space 896K,   0% used [0x04540000, 0x04540000, 0x04620000)
  to   space 896K,   0% used [0x04620000, 0x04620000, 0x04700000)
 tenured generation   total 18348K, used 11006K [0x09350000, 0x0a53b000, 0x13e00000)
   the space 18348K,  59% used [0x09350000, 0x09e0f9e8, 0x09e0fa00, 0x0a53b000)
 Metaspace       used 4002K, capacity 4233K, committed 4288K, reserved 4480K

Card table byte_map: [0x01850000,0x018e0000] byte_map_base: 0x01831000

Polling page: 0x003b0000

CodeCache: size=32768Kb used=1949Kb max_used=1949Kb free=30818Kb
 bounds [0x01cc0000, 0x01eb0000, 0x03cc0000]
 total_blobs=1178 nmethods=916 adapters=192
 compilation: enabled

Compilation events (10 events):
Event: 121.837 Thread 0x01254800  925             sun.font.FontDesignMetrics::getDefaultFrc (53 bytes)
Event: 121.841 Thread 0x01254800 nmethod 925 0x01ea7048 code [0x01ea71b0, 0x01ea7568]
Event: 121.844 Thread 0x01254800  926             sun.font.FontDesignMetrics$MetricsKey::equals (49 bytes)
Event: 121.845 Thread 0x01254800 nmethod 926 0x01ea7748 code [0x01ea7860, 0x01ea79e8]
Event: 122.040 Thread 0x01254800  927             sun.misc.VM::addFinalRefCount (24 bytes)
Event: 122.042 Thread 0x01254800 nmethod 927 0x01e2dec8 code [0x01e2dfc0, 0x01e2e060]
Event: 122.042 Thread 0x01254800  929   !         java.lang.ref.Reference::tryHandlePending (115 bytes)
Event: 122.043 Thread 0x01254800 nmethod 929 0x01e2d488 code [0x01e2d610, 0x01e2dae4]
Event: 122.046 Thread 0x01254800  930             java.awt.geom.Path2D$Float::append (229 bytes)
Event: 122.047 Thread 0x01254800 nmethod 930 0x01ea7b48 code [0x01ea7cc0, 0x01ea806c]

GC Heap History (10 events):
Event: 7.530 GC heap before
{Heap before GC invocations=8 (full 0):
 def new generation   total 4928K, used 4928K [0x03e00000, 0x04350000, 0x09350000)
  eden space 4416K, 100% used [0x03e00000, 0x04250000, 0x04250000)
  from space 512K, 100% used [0x04250000, 0x042d0000, 0x042d0000)
  to   space 512K,   0% used [0x042d0000, 0x042d0000, 0x04350000)
 tenured generation   total 10944K, used 9349K [0x09350000, 0x09e00000, 0x13e00000)
   the space 10944K,  85% used [0x09350000, 0x09c71570, 0x09c71600, 0x09e00000)
 Metaspace       used 3356K, capacity 3795K, committed 3904K, reserved 4480K
Event: 7.537 GC heap after
Heap after GC invocations=9 (full 0):
 def new generation   total 4928K, used 512K [0x03e00000, 0x04350000, 0x09350000)
  eden space 4416K,   0% used [0x03e00000, 0x03e00000, 0x04250000)
  from space 512K, 100% used [0x042d0000, 0x04350000, 0x04350000)
  to   space 512K,   0% used [0x04250000, 0x04250000, 0x042d0000)
 tenured generation   total 10944K, used 10146K [0x09350000, 0x09e00000, 0x13e00000)
   the space 10944K,  92% used [0x09350000, 0x09d38ac0, 0x09d38c00, 0x09e00000)
 Metaspace       used 3356K, capacity 3795K, committed 3904K, reserved 4480K
}
Event: 106.667 GC heap before
{Heap before GC invocations=9 (full 0):
 def new generation   total 4928K, used 4928K [0x03e00000, 0x04350000, 0x09350000)
  eden space 4416K, 100% used [0x03e00000, 0x04250000, 0x04250000)
  from space 512K, 100% used [0x042d0000, 0x04350000, 0x04350000)
  to   space 512K,   0% used [0x04250000, 0x04250000, 0x042d0000)
 tenured generation   total 10944K, used 10146K [0x09350000, 0x09e00000, 0x13e00000)
   the space 10944K,  92% used [0x09350000, 0x09d38ac0, 0x09d38c00, 0x09e00000)
 Metaspace       used 3977K, capacity 4207K, committed 4288K, reserved 4480K
Event: 106.685 GC heap after
Heap after GC invocations=10 (full 0):
 def new generation   total 4928K, used 512K [0x03e00000, 0x04350000, 0x09350000)
  eden space 4416K,   0% used [0x03e00000, 0x03e00000, 0x04250000)
  from space 512K, 100% used [0x04250000, 0x042d0000, 0x042d0000)
  to   space 512K,   0% used [0x042d0000, 0x042d0000, 0x04350000)
 tenured generation   total 10944K, used 10427K [0x09350000, 0x09e00000, 0x13e00000)
   the space 10944K,  95% used [0x09350000, 0x09d7ef30, 0x09d7f000, 0x09e00000)
 Metaspace       used 3977K, capacity 4207K, committed 4288K, reserved 4480K
}
Event: 106.777 GC heap before
{Heap before GC invocations=10 (full 0):
 def new generation   total 4928K, used 4928K [0x03e00000, 0x04350000, 0x09350000)
  eden space 4416K, 100% used [0x03e00000, 0x04250000, 0x04250000)
  from space 512K, 100% used [0x04250000, 0x042d0000, 0x042d0000)
  to   space 512K,   0% used [0x042d0000, 0x042d0000, 0x04350000)
 tenured generation   total 10944K, used 10427K [0x09350000, 0x09e00000, 0x13e00000)
   the space 10944K,  95% used [0x09350000, 0x09d7ef30, 0x09d7f000, 0x09e00000)
 Metaspace       used 3977K, capacity 4207K, committed 4288K, reserved 4480K
Event: 106.782 GC heap after
Heap after GC invocations=11 (full 0):
 def new generation   total 4928K, used 129K [0x03e00000, 0x04350000, 0x09350000)
  eden space 4416K,   0% used [0x03e00000, 0x03e00000, 0x04250000)
  from space 512K,  25% used [0x042d0000, 0x042f0638, 0x04350000)
  to   space 512K,   0% used [0x04250000, 0x04250000, 0x042d0000)
 tenured generation   total 10944K, used 10696K [0x09350000, 0x09e00000, 0x13e00000)
   the space 10944K,  97% used [0x09350000, 0x09dc2028, 0x09dc2200, 0x09e00000)
 Metaspace       used 3977K, capacity 4207K, committed 4288K, reserved 4480K
}
Event: 106.830 GC heap before
{Heap before GC invocations=11 (full 0):
 def new generation   total 4928K, used 4545K [0x03e00000, 0x04350000, 0x09350000)
  eden space 4416K, 100% used [0x03e00000, 0x04250000, 0x04250000)
  from space 512K,  25% used [0x042d0000, 0x042f0638, 0x04350000)
  to   space 512K,   0% used [0x04250000, 0x04250000, 0x042d0000)
 tenured generation   total 10944K, used 10696K [0x09350000, 0x09e00000, 0x13e00000)
   the space 10944K,  97% used [0x09350000, 0x09dc2028, 0x09dc2200, 0x09e00000)
 Metaspace       used 3977K, capacity 4207K, committed 4288K, reserved 4480K
Event: 106.832 GC heap after
Heap after GC invocations=12 (full 0):
 def new generation   total 4928K, used 125K [0x03e00000, 0x04350000, 0x09350000)
  eden space 4416K,   0% used [0x03e00000, 0x03e00000, 0x04250000)
  from space 512K,  24% used [0x04250000, 0x0426f768, 0x042d0000)
  to   space 512K,   0% used [0x042d0000, 0x042d0000, 0x04350000)
 tenured generation   total 10944K, used 10696K [0x09350000, 0x09e00000, 0x13e00000)
   the space 10944K,  97% used [0x09350000, 0x09dc2028, 0x09dc2200, 0x09e00000)
 Metaspace       used 3977K, capacity 4207K, committed 4288K, reserved 4480K
}
Event: 121.934 GC heap before
{Heap before GC invocations=12 (full 0):
 def new generation   total 4928K, used 4409K [0x03e00000, 0x04350000, 0x09350000)
  eden space 4416K,  97% used [0x03e00000, 0x0422ef28, 0x04250000)
  from space 512K,  24% used [0x04250000, 0x0426f768, 0x042d0000)
  to   space 512K,   0% used [0x042d0000, 0x042d0000, 0x04350000)
 tenured generation   total 10944K, used 10696K [0x09350000, 0x09e00000, 0x13e00000)
   the space 10944K,  97% used [0x09350000, 0x09dc2028, 0x09dc2200, 0x09e00000)
 Metaspace       used 4007K, capacity 4271K, committed 4288K, reserved 4480K
Event: 122.036 GC heap after
Heap after GC invocations=13 (full 1):
 def new generation   total 8320K, used 0K [0x03e00000, 0x04700000, 0x09350000)
  eden space 7424K,   0% used [0x03e00000, 0x03e00000, 0x04540000)
  from space 896K,   0% used [0x04540000, 0x04540000, 0x04620000)
  to   space 896K,   0% used [0x04620000, 0x04620000, 0x04700000)
 tenured generation   total 18348K, used 11006K [0x09350000, 0x0a53b000, 0x13e00000)
   the space 18348K,  59% used [0x09350000, 0x09e0f9e8, 0x09e0fa00, 0x0a53b000)
 Metaspace       used 3983K, capacity 4233K, committed 4288K, reserved 4480K
}

Deoptimization events (0 events):
No events

Classes redefined (0 events):
No events

Internal exceptions (10 events):
Event: 0.177 Thread 0x003fc800 Exception <a 'java/security/PrivilegedActionException'> (0x03eef660) thrown at [C:\workspace\8-2-build-windows-i586-cygwin\jdk8u181\11358\hotspot\src\share\vm\prims\jvm.cpp, line 1435]
Event: 0.178 Thread 0x003fc800 Exception <a 'java/security/PrivilegedActionException'> (0x03ef3108) thrown at [C:\workspace\8-2-build-windows-i586-cygwin\jdk8u181\11358\hotspot\src\share\vm\prims\jvm.cpp, line 1435]
Event: 0.178 Thread 0x003fc800 Exception <a 'java/security/PrivilegedActionException'> (0x03ef3308) thrown at [C:\workspace\8-2-build-windows-i586-cygwin\jdk8u181\11358\hotspot\src\share\vm\prims\jvm.cpp, line 1435]
Event: 0.182 Thread 0x003fc800 Exception <a 'java/io/FileNotFoundException'> (0x03ef5080) thrown at [C:\workspace\8-2-build-windows-i586-cygwin\jdk8u181\11358\hotspot\src\share\vm\prims\jni.cpp, line 709]
Event: 0.251 Thread 0x003fc800 Exception <a 'java/lang/NoSuchFieldError': method resolution failed> (0x03fb29f8) thrown at [C:\workspace\8-2-build-windows-i586-cygwin\jdk8u181\11358\hotspot\src\share\vm\prims\methodHandles.cpp, line 1167]
Event: 0.254 Thread 0x003fc800 Exception <a 'java/lang/NoSuchFieldError': method resolution failed> (0x03fbeb98) thrown at [C:\workspace\8-2-build-windows-i586-cygwin\jdk8u181\11358\hotspot\src\share\vm\prims\methodHandles.cpp, line 1167]
Event: 0.306 Thread 0x003fc800 Exception <a 'java/io/FileNotFoundException'> (0x0404af60) thrown at [C:\workspace\8-2-build-windows-i586-cygwin\jdk8u181\11358\hotspot\src\share\vm\prims\jni.cpp, line 709]
Event: 6.669 Thread 0x153a2000 Exception <a 'java/lang/NoClassDefFoundError': org/apache/log4j/Category> (0x03f66458) thrown at [C:\workspace\8-2-build-windows-i586-cygwin\jdk8u181\11358\hotspot\src\share\vm\classfile\systemDictionary.cpp, line 199]
Event: 89.496 Thread 0x153a2000 Exception <a 'java/lang/NullPointerException'> (0x04199ed0) thrown at [C:\workspace\8-2-build-windows-i586-cygwin\jdk8u181\11358\hotspot\src\share\vm\prims\jvm.cpp, line 1439]
Event: 89.496 Thread 0x153a2000 Exception <a 'java/lang/NullPointerException'> (0x04199ed0) thrown at [C:\workspace\8-2-build-windows-i586-cygwin\jdk8u181\11358\hotspot\src\share\vm\prims\jvm.cpp, line 1439]

Events (10 events):
Event: 122.451 loading class java/util/prefs/Base64
Event: 122.452 loading class java/util/prefs/Base64 done
Event: 122.467 loading class com/mashape/unirest/request/HttpRequestWithBody
Event: 122.467 loading class com/mashape/unirest/request/HttpRequestWithBody done
Event: 122.473 loading class com/mashape/unirest/request/body/Body
Event: 122.473 loading class com/mashape/unirest/request/body/Body done
Event: 122.479 loading class com/mashape/unirest/request/body/MultipartBody
Event: 122.479 loading class com/mashape/unirest/request/body/MultipartBody done
Event: 122.483 loading class org/apache/http/entity/mime/content/ContentBody
Event: 122.484 loading class org/apache/http/entity/mime/content/ContentBody done


Dynamic libraries:
0x00250000 - 0x00283000 	C:\Program Files\Java\jdk1.8.0_181\bin\java.exe
0x77410000 - 0x7754c000 	C:\Windows\SYSTEM32\ntdll.dll
0x76800000 - 0x768d4000 	C:\Windows\system32\kernel32.dll
0x75640000 - 0x7568a000 	C:\Windows\system32\KERNELBASE.dll
0x775a0000 - 0x77640000 	C:\Windows\system32\ADVAPI32.dll
0x76c90000 - 0x76d3c000 	C:\Windows\system32\msvcrt.dll
0x76640000 - 0x76659000 	C:\Windows\SYSTEM32\sechost.dll
0x77210000 - 0x772b1000 	C:\Windows\system32\RPCRT4.dll
0x76dc0000 - 0x76e89000 	C:\Windows\system32\USER32.dll
0x77320000 - 0x7736e000 	C:\Windows\system32\GDI32.dll
0x77550000 - 0x7755a000 	C:\Windows\system32\LPK.dll
0x77370000 - 0x7740d000 	C:\Windows\system32\USP10.dll
0x744c0000 - 0x7465e000 	C:\Windows\WinSxS\x86_microsoft.windows.common-controls_6595b64144ccf1df_6.0.7600.16385_none_421189da2b7fabfc\COMCTL32.dll
0x772c0000 - 0x77317000 	C:\Windows\system32\SHLWAPI.dll
0x77570000 - 0x7758f000 	C:\Windows\system32\IMM32.DLL
0x77140000 - 0x7720c000 	C:\Windows\system32\MSCTF.dll
0x66cf0000 - 0x66daf000 	C:\Program Files\Java\jdk1.8.0_181\jre\bin\msvcr100.dll
0x662f0000 - 0x666c3000 	C:\Program Files\Java\jdk1.8.0_181\jre\bin\client\jvm.dll
0x71ed0000 - 0x71ed7000 	C:\Windows\system32\WSOCK32.dll
0x75860000 - 0x75895000 	C:\Windows\system32\WS2_32.dll
0x77560000 - 0x77566000 	C:\Windows\system32\NSI.dll
0x6f470000 - 0x6f4a2000 	C:\Windows\system32\WINMM.dll
0x74a60000 - 0x74a69000 	C:\Windows\system32\VERSION.dll
0x77590000 - 0x77595000 	C:\Windows\system32\PSAPI.DLL
0x74770000 - 0x7477c000 	C:\Program Files\Java\jdk1.8.0_181\jre\bin\verify.dll
0x6c2d0000 - 0x6c2f2000 	C:\Program Files\Java\jdk1.8.0_181\jre\bin\java.dll
0x73cb0000 - 0x73cc4000 	C:\Program Files\Java\jdk1.8.0_181\jre\bin\zip.dll
0x759f0000 - 0x76639000 	C:\Windows\system32\SHELL32.dll
0x76a70000 - 0x76bcc000 	C:\Windows\system32\ole32.dll
0x75560000 - 0x7556b000 	C:\Windows\system32\profapi.dll
0x661a0000 - 0x662e7000 	C:\Program Files\Java\jdk1.8.0_181\jre\bin\awt.dll
0x76c00000 - 0x76c8f000 	C:\Windows\system32\OLEAUT32.dll
0x74040000 - 0x74053000 	C:\Windows\system32\DWMAPI.DLL
0x6bd20000 - 0x6bde8000 	C:\Windows\system32\opengl32.dll
0x6c0d0000 - 0x6c0f2000 	C:\Windows\system32\GLU32.dll
0x6bc30000 - 0x6bd17000 	C:\Windows\system32\DDRAW.dll
0x6c0c0000 - 0x6c0c6000 	C:\Windows\system32\DCIMAN32.dll
0x76660000 - 0x767fd000 	C:\Windows\system32\SETUPAPI.dll
0x75610000 - 0x75637000 	C:\Windows\system32\CFGMGR32.dll
0x75690000 - 0x756a2000 	C:\Windows\system32\DEVOBJ.dll
0x74360000 - 0x743a0000 	C:\Windows\system32\uxtheme.dll
0x754b0000 - 0x754bc000 	C:\Windows\system32\CRYPTBASE.dll
0x6c290000 - 0x6c2c9000 	C:\Program Files\Java\jdk1.8.0_181\jre\bin\fontmanager.dll
0x768e0000 - 0x76963000 	C:\Windows\system32\CLBCatQ.DLL
0x73da0000 - 0x73e9b000 	C:\Windows\system32\WindowsCodecs.dll
0x75460000 - 0x754ab000 	C:\Windows\system32\apphelp.dll
0x70d30000 - 0x70d61000 	C:\Windows\system32\EhStorShell.dll
0x743a0000 - 0x74495000 	C:\Windows\system32\PROPSYS.dll
0x15f90000 - 0x161ad000 	C:\PROGRA~1\MICROS~1\Office12\GR469A~1.DLL
0x68ef0000 - 0x68fe1000 	C:\PROGRA~1\MICROS~1\Office12\GrooveUtil.DLL
0x76970000 - 0x76a64000 	C:\Windows\system32\WININET.dll
0x759e0000 - 0x759e3000 	C:\Windows\system32\Normaliz.dll
0x758a0000 - 0x759d5000 	C:\Windows\system32\urlmon.dll
0x75740000 - 0x7585c000 	C:\Windows\system32\CRYPT32.dll
0x755d0000 - 0x755dc000 	C:\Windows\system32\MSASN1.dll
0x76ef0000 - 0x770e9000 	C:\Windows\system32\iertutil.dll
0x70c90000 - 0x70d2b000 	C:\Windows\WinSxS\x86_microsoft.vc80.crt_1fc8b3b9a1e18e3b_8.0.50727.4927_none_d08a205e442db5b5\MSVCR80.dll
0x68ff0000 - 0x68ff7000 	C:\PROGRA~1\MICROS~1\Office12\GrooveNew.DLL
0x7c630000 - 0x7c64b000 	C:\Windows\WinSxS\x86_microsoft.vc80.atl_1fc8b3b9a1e18e3b_8.0.50727.42_none_dc990e4797f81af1\ATL80.DLL
0x74fe0000 - 0x74ff6000 	C:\Windows\system32\CRYPTSP.dll
0x74d80000 - 0x74dbb000 	C:\Windows\system32\rsaenh.dll
0x73b90000 - 0x73b95000 	C:\Windows\system32\MSImg32.dll
0x70ba0000 - 0x70c0a000 	C:\Windows\System32\cscui.dll
0x70b90000 - 0x70b99000 	C:\Windows\System32\CSCDLL.dll
0x70b80000 - 0x70b8b000 	C:\Windows\system32\CSCAPI.dll
0x70b10000 - 0x70b7f000 	C:\Windows\system32\ntshrui.dll
0x75390000 - 0x753a9000 	C:\Windows\system32\srvcli.dll
0x737e0000 - 0x737ea000 	C:\Windows\system32\slc.dll
0x720c0000 - 0x720d5000 	C:\Program Files\Java\jdk1.8.0_181\jre\bin\net.dll
0x74fa0000 - 0x74fdc000 	C:\Windows\system32\mswsock.dll
0x74f90000 - 0x74f96000 	C:\Windows\System32\wship6.dll
0x72050000 - 0x7205f000 	C:\Program Files\Java\jdk1.8.0_181\jre\bin\nio.dll
0x682d0000 - 0x68302000 	C:\Program Files\Java\jdk1.8.0_181\jre\bin\t2k.dll
0x74bc0000 - 0x74bd7000 	C:\Windows\system32\USERENV.dll
0x73670000 - 0x7368c000 	C:\Windows\system32\IPHLPAPI.DLL
0x73660000 - 0x73667000 	C:\Windows\system32\WINNSI.DLL
0x734b0000 - 0x734c2000 	C:\Windows\system32\dhcpcsvc.DLL
0x72f40000 - 0x72f4d000 	C:\Windows\system32\dhcpcsvc6.DLL
0x68250000 - 0x68288000 	C:\Users\Admin\AppData\Local\Temp\jna-63116079\jna5255608657556899611.dll
0x15940000 - 0x15989000 	C:\Windows\system32\fpengine.dll
0x15080000 - 0x150aa000 	C:\Windows\system32\fpcore32.dll
0x6f4b0000 - 0x6f501000 	C:\Windows\system32\WINSPOOL.DRV
0x73f40000 - 0x73f47000 	C:\Windows\system32\WINUSB.DLL
0x741d0000 - 0x74360000 	C:\Windows\WinSxS\x86_microsoft.windows.gdiplus_6595b64144ccf1df_1.1.7600.16385_none_72fc7cbf861225ca\gdiplus.dll
0x755e0000 - 0x7560d000 	C:\Windows\system32\WINTRUST.dll
0x72020000 - 0x72040000 	C:\Program Files\Java\jdk1.8.0_181\jre\bin\sunec.dll
0x69c30000 - 0x69d1b000 	C:\Windows\system32\dbghelp.dll

VM Arguments:
jvm_args: -Dfile.encoding=UTF-8 
java_command: FingerprintUI
java_class_path (initial): C:\Users\Admin\Downloads\unirest-java-1.4.9.jar;C:\Users\Admin\Downloads\jna-4.5.2.jar;C:\Users\Admin\Downloads\org.json.jar\org.json.jar;C:\Users\Admin\Downloads\org-apache-commons-codec.jar\org-apache-commons-codec.jar;C:\Users\Admin\Downloads\httpcore-4.4.9.jar;C:\Users\Admin\Downloads\httpclient-4.5.5.jar;C:\Users\Admin\Downloads\httpcore-nio-4.4.10.jar;C:\Users\Admin\Downloads\httpasyncclient-4.0-beta4.jar\httpasyncclient-4.0-beta4.jar;C:\Users\Admin\Downloads\commons-logging-1.1.2.jar;C:\Users\Admin\Downloads\httpmime-4.5.6.jar;C:\Program Files\NetBeans 8.2\java\modules\ext\AbsoluteLayout.jar;C:\Users\Admin\Documents\NetBeansProjects\FingerRegistrationV2\build\classes
Launcher Type: SUN_STANDARD

Environment Variables:
PATH=C:\Program Files\Common Files\Oracle\Java\javapath;C:\Windows\system32;C:\Windows;C:\Windows\System32\Wbem;C:\Windows\System32\WindowsPowerShell\v1.0\;C:\Program Files\Git\cmd;C:\Program Files\Neurotechnology\FreeFingerprintVerificationSDK 1.0\bin\Win32_x86;C:\Program Files\nodejs\;C:\Users\Admin\AppData\Roaming\npm
USERNAME=Admin
OS=Windows_NT
PROCESSOR_IDENTIFIER=x86 Family 6 Model 76 Stepping 4, GenuineIntel



---------------  S Y S T E M  ---------------

OS: Windows 7 Build 7600 (6.1.7600.16385)

CPU:total 2 (initial active 2) (2 cores per cpu, 1 threads per core) family 6 model 76 stepping 4, cmov, cx8, fxsr, mmx, sse, sse2, sse3, ssse3, sse4.1, sse4.2, popcnt, aes, clmul, erms, 3dnowpref, tsc, tscinvbit

Memory: 4k page, physical 2008308k(533196k free), swap 4016616k(1760332k free)

vm_info: Java HotSpot(TM) Client VM (25.181-b13) for windows-x86 JRE (1.8.0_181-b13), built on Jul  7 2018 03:18:20 by "java_re" with MS VC++ 10.0 (VS2010)

time: Sat Aug 18 19:15:19 2018
elapsed time: 122 seconds (0d 0h 2m 2s)

