#
# A fatal error has been detected by the Java Runtime Environment:
#
#  EXCEPTION_ACCESS_VIOLATION (0xc0000005) at pc=0x77461ffe, pid=6188, tid=0x00001210
#
# JRE version: Java(TM) SE Runtime Environment (8.0_181-b13) (build 1.8.0_181-b13)
# Java VM: Java HotSpot(TM) Client VM (25.181-b13 mixed mode, sharing windows-x86 )
# Problematic frame:
# C  [ntdll.dll+0x51ffe]
#
# Failed to write core dump. Minidumps are not enabled by default on client versions of Windows
#
# If you would like to submit a bug report, please visit:
#   http://bugreport.java.com/bugreport/crash.jsp
# The crash happened outside the Java Virtual Machine in native code.
# See problematic frame for where to report the bug.
#

---------------  T H R E A D  ---------------

Current thread (0x1538d800):  JavaThread "AWT-EventQueue-0" [_thread_in_native, id=4624, stack(0x15f20000,0x15f70000)]

siginfo: ExceptionCode=0xc0000005, reading address 0x53ed6c63

Registers:
EAX=0x166046c0, EBX=0x16635788, ECX=0x00280000, EDX=0x16635788
ESP=0x15f6e354, EBP=0x15f6e388, ESI=0x53ed6c5f, EDI=0x16635780
EIP=0x77461ffe, EFLAGS=0x00010206

Top of Stack: (sp=0x15f6e354)
0x15f6e354:   00000000 00280000 16635788 00001558
0x15f6e364:   00000000 00000000 00000000 00000000
0x15f6e374:   00000000 00000000 00000002 00000023
0x15f6e384:   16635780 15f6e3a0 77461faf 15f6e458
0x15f6e394:   1538d940 16635788 16635780 15f6e3b4
0x15f6e3a4:   7684f1ac 00280000 00000000 16635788
0x15f6e3b4:   15f6e3c8 66d0016a 00280000 00000000
0x15f6e3c4:   16635788 6629a788 6c296789 16635788 

Instructions: (pc=0x77461ffe)
0x77461fde:   7a f8 80 7f 07 05 0f 84 58 df 03 00 8b 07 8b f7
0x77461fee:   c1 ee 03 33 f0 33 35 dc 71 4e 77 89 7d fc 33 f1
0x77461ffe:   8b 46 04 89 45 f4 c6 47 07 80 c6 47 06 00 8b 5e
0x7746200e:   08 8b 4e 0c 89 5d e0 83 c3 01 89 4d e4 83 d1 01 


Register to memory mapping:

EAX=0x166046c0 is an unknown value
EBX=0x16635788 is an unknown value
ECX=0x00280000 is an unknown value
EDX=0x16635788 is an unknown value
ESP=0x15f6e354 is pointing into the stack for thread: 0x1538d800
EBP=0x15f6e388 is pointing into the stack for thread: 0x1538d800
ESI=0x53ed6c5f is an unknown value
EDI=0x16635780 is an unknown value


Stack: [0x15f20000,0x15f70000],  sp=0x15f6e354,  free space=312k
Native frames: (J=compiled Java code, j=interpreted, Vv=VM code, C=native code)
C  [ntdll.dll+0x51ffe]
C  [ntdll.dll+0x51faf]
C  [kernel32.dll+0x4f1ac]
C  [msvcr100.dll+0x1016a]
C  [fontmanager.dll+0x6789]

Java frames: (J=compiled Java code, j=interpreted, Vv=VM code)
j  sun.java2d.loops.DrawGlyphListLCD.DrawGlyphListLCD(Lsun/java2d/SunGraphics2D;Lsun/java2d/SurfaceData;Lsun/font/GlyphList;)V+0
j  sun.java2d.pipe.LCDTextRenderer.drawGlyphList(Lsun/java2d/SunGraphics2D;Lsun/font/GlyphList;)V+13
j  sun.java2d.pipe.GlyphListPipe.drawChars(Lsun/java2d/SunGraphics2D;[CIIII)V+165
j  sun.java2d.pipe.ValidatePipe.drawChars(Lsun/java2d/SunGraphics2D;[CIIII)V+21
j  sun.java2d.SunGraphics2D.drawChars([CIIII)V+106
j  sun.swing.SwingUtilities2.drawChars(Ljavax/swing/JComponent;Ljava/awt/Graphics;[CIIII)I+328
j  javax.swing.text.Utilities.drawTabbedText(Ljavax/swing/text/View;Ljavax/swing/text/Segment;IILjava/awt/Graphics;Ljavax/swing/text/TabExpander;I[I)I+401
j  javax.swing.text.Utilities.drawTabbedText(Ljavax/swing/text/View;Ljavax/swing/text/Segment;IILjava/awt/Graphics;Ljavax/swing/text/TabExpander;I)I+11
j  javax.swing.text.PlainView.drawUnselectedText(Ljava/awt/Graphics;IIII)I+44
j  javax.swing.text.PlainView.drawElement(ILjavax/swing/text/Element;Ljava/awt/Graphics;II)I+135
j  javax.swing.text.PlainView.drawLine(ILjava/awt/Graphics;II)V+30
j  javax.swing.text.PlainView.paint(Ljava/awt/Graphics;Ljava/awt/Shape;)V+424
j  javax.swing.text.FieldView.paint(Ljava/awt/Graphics;Ljava/awt/Shape;)V+28
j  javax.swing.plaf.basic.BasicTextUI$RootView.paint(Ljava/awt/Graphics;Ljava/awt/Shape;)V+48
j  javax.swing.plaf.basic.BasicTextUI.paintSafely(Ljava/awt/Graphics;)V+65
j  javax.swing.plaf.basic.BasicTextUI.paint(Ljava/awt/Graphics;Ljavax/swing/JComponent;)V+45
j  javax.swing.plaf.basic.BasicTextUI.update(Ljava/awt/Graphics;Ljavax/swing/JComponent;)V+3
j  javax.swing.JComponent.paintComponent(Ljava/awt/Graphics;)V+26
j  javax.swing.JComponent.paint(Ljava/awt/Graphics;)V+286
j  javax.swing.JComponent.paintToOffscreen(Ljava/awt/Graphics;IIIIII)V+41
j  javax.swing.RepaintManager$PaintManager.paintDoubleBuffered(Ljavax/swing/JComponent;Ljava/awt/Image;Ljava/awt/Graphics;IIII)V+163
j  javax.swing.RepaintManager$PaintManager.paint(Ljavax/swing/JComponent;Ljavax/swing/JComponent;Ljava/awt/Graphics;IIII)Z+116
j  javax.swing.RepaintManager.paint(Ljavax/swing/JComponent;Ljavax/swing/JComponent;Ljava/awt/Graphics;IIII)V+51
j  javax.swing.JComponent._paintImmediately(IIII)V+683
j  javax.swing.JComponent.paintImmediately(IIII)V+138
j  javax.swing.RepaintManager$4.run()Ljava/lang/Void;+81
j  javax.swing.RepaintManager$4.run()Ljava/lang/Object;+1
v  ~StubRoutines::call_stub
j  java.security.AccessController.doPrivileged(Ljava/security/PrivilegedAction;Ljava/security/AccessControlContext;)Ljava/lang/Object;+0
J 805 C1 java.security.ProtectionDomain$JavaSecurityAccessImpl.doIntersectionPrivilege(Ljava/security/PrivilegedAction;Ljava/security/AccessControlContext;Ljava/security/AccessControlContext;)Ljava/lang/Object; (22 bytes) @ 0x01e9dcc0 [0x01e9dbc0+0x100]
j  javax.swing.RepaintManager.paintDirtyRegions(Ljava/util/Map;)V+154
j  javax.swing.RepaintManager.paintDirtyRegions()V+46
j  javax.swing.RepaintManager.prePaintDirtyRegions()V+73
j  javax.swing.RepaintManager.access$1200(Ljavax/swing/RepaintManager;)V+1
j  javax.swing.RepaintManager$ProcessingRunnable.run()V+37
j  java.awt.event.InvocationEvent.dispatch()V+47
j  java.awt.EventQueue.dispatchEventImpl(Ljava/awt/AWTEvent;Ljava/lang/Object;)V+21
j  java.awt.EventQueue.access$500(Ljava/awt/EventQueue;Ljava/awt/AWTEvent;Ljava/lang/Object;)V+3
j  java.awt.EventQueue$3.run()Ljava/lang/Void;+32
j  java.awt.EventQueue$3.run()Ljava/lang/Object;+1
v  ~StubRoutines::call_stub
j  java.security.AccessController.doPrivileged(Ljava/security/PrivilegedAction;Ljava/security/AccessControlContext;)Ljava/lang/Object;+0
J 805 C1 java.security.ProtectionDomain$JavaSecurityAccessImpl.doIntersectionPrivilege(Ljava/security/PrivilegedAction;Ljava/security/AccessControlContext;Ljava/security/AccessControlContext;)Ljava/lang/Object; (22 bytes) @ 0x01e9dcc0 [0x01e9dbc0+0x100]
j  java.awt.EventQueue.dispatchEvent(Ljava/awt/AWTEvent;)V+46
j  java.awt.EventDispatchThread.pumpOneEventForFilters(I)V+140
j  java.awt.EventDispatchThread.pumpEventsForFilter(ILjava/awt/Conditional;Ljava/awt/EventFilter;)V+35
j  java.awt.EventDispatchThread.pumpEventsForHierarchy(ILjava/awt/Conditional;Ljava/awt/Component;)V+11
j  java.awt.EventDispatchThread.pumpEvents(ILjava/awt/Conditional;)V+4
j  java.awt.EventDispatchThread.pumpEvents(Ljava/awt/Conditional;)V+3
j  java.awt.EventDispatchThread.run()V+9
v  ~StubRoutines::call_stub

---------------  P R O C E S S  ---------------

Java Threads: ( => current thread )
  0x165e8800 JavaThread "Thread-4" daemon [_thread_blocked, id=1956, stack(0x15990000,0x159e0000)]
  0x164ea000 JavaThread "TimerQueue" daemon [_thread_blocked, id=4296, stack(0x16ca0000,0x16cf0000)]
  0x0028c800 JavaThread "DestroyJavaVM" [_thread_blocked, id=3752, stack(0x00d60000,0x00db0000)]
=>0x1538d800 JavaThread "AWT-EventQueue-0" [_thread_in_native, id=4624, stack(0x15f20000,0x15f70000)]
  0x15356400 JavaThread "Timer-0" [_thread_blocked, id=6724, stack(0x15db0000,0x15e00000)]
  0x1533b000 JavaThread "AWT-Windows" daemon [_thread_in_native, id=6064, stack(0x15830000,0x15880000)]
  0x1533a400 JavaThread "AWT-Shutdown" [_thread_blocked, id=4468, stack(0x15090000,0x150e0000)]
  0x15337800 JavaThread "Java2D Disposer" daemon [_thread_blocked, id=4108, stack(0x15780000,0x157d0000)]
  0x00694c00 JavaThread "Service Thread" daemon [_thread_blocked, id=7780, stack(0x03d00000,0x03d50000)]
  0x00674c00 JavaThread "C1 CompilerThread0" daemon [_thread_blocked, id=8060, stack(0x00760000,0x007b0000)]
  0x00673800 JavaThread "Attach Listener" daemon [_thread_blocked, id=7384, stack(0x149b0000,0x14a00000)]
  0x00670800 JavaThread "Signal Dispatcher" daemon [_thread_blocked, id=4976, stack(0x151b0000,0x15200000)]
  0x00664400 JavaThread "Finalizer" daemon [_thread_blocked, id=3204, stack(0x14930000,0x14980000)]
  0x00605c00 JavaThread "Reference Handler" daemon [_thread_blocked, id=6228, stack(0x148c0000,0x14910000)]

Other Threads:
  0x00603800 VMThread [stack: 0x03d80000,0x03dd0000] [id=7648]
  0x006a7800 WatcherThread [stack: 0x15100000,0x15150000] [id=4880]

VM state:not at safepoint (normal execution)

VM Mutex/Monitor currently owned by a thread: None

Heap:
 def new generation   total 8256K, used 2700K [0x03e00000, 0x046f0000, 0x09350000)
  eden space 7360K,  36% used [0x03e00000, 0x040a30d0, 0x04530000)
  from space 896K,   0% used [0x04530000, 0x04530000, 0x04610000)
  to   space 896K,   0% used [0x04610000, 0x04610000, 0x046f0000)
 tenured generation   total 18216K, used 10927K [0x09350000, 0x0a51a000, 0x13e00000)
   the space 18216K,  59% used [0x09350000, 0x09dfbfb0, 0x09dfc000, 0x0a51a000)
 Metaspace       used 3923K, capacity 4163K, committed 4288K, reserved 4480K

Card table byte_map: [0x006d0000,0x00760000] byte_map_base: 0x006b1000

Polling page: 0x00260000

CodeCache: size=32768Kb used=1785Kb max_used=1785Kb free=30982Kb
 bounds [0x01ce0000, 0x01ea0000, 0x03ce0000]
 total_blobs=1059 nmethods=797 adapters=192
 compilation: enabled

Compilation events (10 events):
Event: 49.535 Thread 0x00674c00  805             java.security.ProtectionDomain$JavaSecurityAccessImpl::doIntersectionPrivilege (22 bytes)
Event: 49.538 Thread 0x00674c00 nmethod 805 0x01e9da88 code [0x01e9dbc0, 0x01e9ddd0]
Event: 49.539 Thread 0x00674c00  806             java.security.ProtectionDomain$JavaSecurityAccessImpl::getCombinedACC (30 bytes)
Event: 49.541 Thread 0x00674c00 nmethod 806 0x01e9df88 code [0x01e9e0a0, 0x01e9e218]
Event: 49.643 Thread 0x00674c00  807             java.awt.geom.Point2D::<init> (5 bytes)
Event: 49.643 Thread 0x00674c00 nmethod 807 0x01e9e308 code [0x01e9e400, 0x01e9e480]
Event: 51.056 Thread 0x00674c00  808             java.awt.Component::isShowing (38 bytes)
Event: 51.058 Thread 0x00674c00 nmethod 808 0x01e9e4c8 code [0x01e9e5d0, 0x01e9e6bc]
Event: 51.058 Thread 0x00674c00  809             java.awt.Component::getInputContext (16 bytes)
Event: 51.059 Thread 0x00674c00 nmethod 809 0x01e9e708 code [0x01e9e810, 0x01e9e8bc]

GC Heap History (10 events):
Event: 5.279 GC heap before
{Heap before GC invocations=5 (full 0):
 def new generation   total 4928K, used 4585K [0x03e00000, 0x04350000, 0x09350000)
  eden space 4416K, 100% used [0x03e00000, 0x04250000, 0x04250000)
  from space 512K,  33% used [0x042d0000, 0x042fa760, 0x04350000)
  to   space 512K,   0% used [0x04250000, 0x04250000, 0x042d0000)
 tenured generation   total 10944K, used 6869K [0x09350000, 0x09e00000, 0x13e00000)
   the space 10944K,  62% used [0x09350000, 0x09a054e0, 0x09a05600, 0x09e00000)
 Metaspace       used 2281K, capacity 3066K, committed 3136K, reserved 4480K
Event: 5.288 GC heap after
Heap after GC invocations=6 (full 0):
 def new generation   total 4928K, used 512K [0x03e00000, 0x04350000, 0x09350000)
  eden space 4416K,   0% used [0x03e00000, 0x03e00000, 0x04250000)
  from space 512K, 100% used [0x04250000, 0x042d0000, 0x042d0000)
  to   space 512K,   0% used [0x042d0000, 0x042d0000, 0x04350000)
 tenured generation   total 10944K, used 7599K [0x09350000, 0x09e00000, 0x13e00000)
   the space 10944K,  69% used [0x09350000, 0x09abbd80, 0x09abbe00, 0x09e00000)
 Metaspace       used 2281K, capacity 3066K, committed 3136K, reserved 4480K
}
Event: 5.377 GC heap before
{Heap before GC invocations=6 (full 0):
 def new generation   total 4928K, used 4928K [0x03e00000, 0x04350000, 0x09350000)
  eden space 4416K, 100% used [0x03e00000, 0x04250000, 0x04250000)
  from space 512K, 100% used [0x04250000, 0x042d0000, 0x042d0000)
  to   space 512K,   0% used [0x042d0000, 0x042d0000, 0x04350000)
 tenured generation   total 10944K, used 7599K [0x09350000, 0x09e00000, 0x13e00000)
   the space 10944K,  69% used [0x09350000, 0x09abbd80, 0x09abbe00, 0x09e00000)
 Metaspace       used 2350K, capacity 3115K, committed 3136K, reserved 4480K
Event: 5.384 GC heap after
Heap after GC invocations=7 (full 0):
 def new generation   total 4928K, used 512K [0x03e00000, 0x04350000, 0x09350000)
  eden space 4416K,   0% used [0x03e00000, 0x03e00000, 0x04250000)
  from space 512K, 100% used [0x042d0000, 0x04350000, 0x04350000)
  to   space 512K,   0% used [0x04250000, 0x04250000, 0x042d0000)
 tenured generation   total 10944K, used 8224K [0x09350000, 0x09e00000, 0x13e00000)
   the space 10944K,  75% used [0x09350000, 0x09b58288, 0x09b58400, 0x09e00000)
 Metaspace       used 2350K, capacity 3115K, committed 3136K, reserved 4480K
}
Event: 5.523 GC heap before
{Heap before GC invocations=7 (full 0):
 def new generation   total 4928K, used 4928K [0x03e00000, 0x04350000, 0x09350000)
  eden space 4416K, 100% used [0x03e00000, 0x04250000, 0x04250000)
  from space 512K, 100% used [0x042d0000, 0x04350000, 0x04350000)
  to   space 512K,   0% used [0x04250000, 0x04250000, 0x042d0000)
 tenured generation   total 10944K, used 8224K [0x09350000, 0x09e00000, 0x13e00000)
   the space 10944K,  75% used [0x09350000, 0x09b58288, 0x09b58400, 0x09e00000)
 Metaspace       used 2698K, capacity 3342K, committed 3392K, reserved 4480K
Event: 5.532 GC heap after
Heap after GC invocations=8 (full 0):
 def new generation   total 4928K, used 512K [0x03e00000, 0x04350000, 0x09350000)
  eden space 4416K,   0% used [0x03e00000, 0x03e00000, 0x04250000)
  from space 512K, 100% used [0x04250000, 0x042d0000, 0x042d0000)
  to   space 512K,   0% used [0x042d0000, 0x042d0000, 0x04350000)
 tenured generation   total 10944K, used 9352K [0x09350000, 0x09e00000, 0x13e00000)
   the space 10944K,  85% used [0x09350000, 0x09c722c0, 0x09c72400, 0x09e00000)
 Metaspace       used 2698K, capacity 3342K, committed 3392K, reserved 4480K
}
Event: 5.712 GC heap before
{Heap before GC invocations=8 (full 0):
 def new generation   total 4928K, used 4928K [0x03e00000, 0x04350000, 0x09350000)
  eden space 4416K, 100% used [0x03e00000, 0x04250000, 0x04250000)
  from space 512K, 100% used [0x04250000, 0x042d0000, 0x042d0000)
  to   space 512K,   0% used [0x042d0000, 0x042d0000, 0x04350000)
 tenured generation   total 10944K, used 9352K [0x09350000, 0x09e00000, 0x13e00000)
   the space 10944K,  85% used [0x09350000, 0x09c722c0, 0x09c72400, 0x09e00000)
 Metaspace       used 3356K, capacity 3795K, committed 3904K, reserved 4480K
Event: 5.718 GC heap after
Heap after GC invocations=9 (full 0):
 def new generation   total 4928K, used 512K [0x03e00000, 0x04350000, 0x09350000)
  eden space 4416K,   0% used [0x03e00000, 0x03e00000, 0x04250000)
  from space 512K, 100% used [0x042d0000, 0x04350000, 0x04350000)
  to   space 512K,   0% used [0x04250000, 0x04250000, 0x042d0000)
 tenured generation   total 10944K, used 10148K [0x09350000, 0x09e00000, 0x13e00000)
   the space 10944K,  92% used [0x09350000, 0x09d393b0, 0x09d39400, 0x09e00000)
 Metaspace       used 3356K, capacity 3795K, committed 3904K, reserved 4480K
}
Event: 22.950 GC heap before
{Heap before GC invocations=9 (full 0):
 def new generation   total 4928K, used 4812K [0x03e00000, 0x04350000, 0x09350000)
  eden space 4416K,  97% used [0x03e00000, 0x04233278, 0x04250000)
  from space 512K, 100% used [0x042d0000, 0x04350000, 0x04350000)
  to   space 512K,   0% used [0x04250000, 0x04250000, 0x042d0000)
 tenured generation   total 10944K, used 10148K [0x09350000, 0x09e00000, 0x13e00000)
   the space 10944K,  92% used [0x09350000, 0x09d393b0, 0x09d39400, 0x09e00000)
 Metaspace       used 3885K, capacity 4135K, committed 4160K, reserved 4480K
Event: 23.005 GC heap after
Heap after GC invocations=10 (full 1):
 def new generation   total 8256K, used 438K [0x03e00000, 0x046f0000, 0x09350000)
  eden space 7360K,   5% used [0x03e00000, 0x03e6db08, 0x04530000)
  from space 896K,   0% used [0x04530000, 0x04530000, 0x04610000)
  to   space 896K,   0% used [0x04610000, 0x04610000, 0x046f0000)
 tenured generation   total 18216K, used 10927K [0x09350000, 0x0a51a000, 0x13e00000)
   the space 18216K,  59% used [0x09350000, 0x09dfbfb0, 0x09dfc000, 0x0a51a000)
 Metaspace       used 3862K, capacity 4097K, committed 4160K, reserved 4480K
}

Deoptimization events (0 events):
No events

Classes redefined (0 events):
No events

Internal exceptions (10 events):
Event: 0.154 Thread 0x0028c800 Exception <a 'java/security/PrivilegedActionException'> (0x03ef3088) thrown at [C:\workspace\8-2-build-windows-i586-cygwin\jdk8u181\11358\hotspot\src\share\vm\prims\jvm.cpp, line 1435]
Event: 0.154 Thread 0x0028c800 Exception <a 'java/security/PrivilegedActionException'> (0x03ef3288) thrown at [C:\workspace\8-2-build-windows-i586-cygwin\jdk8u181\11358\hotspot\src\share\vm\prims\jvm.cpp, line 1435]
Event: 0.158 Thread 0x0028c800 Exception <a 'java/io/FileNotFoundException'> (0x03ef5000) thrown at [C:\workspace\8-2-build-windows-i586-cygwin\jdk8u181\11358\hotspot\src\share\vm\prims\jni.cpp, line 709]
Event: 0.216 Thread 0x0028c800 Exception <a 'java/lang/NoSuchFieldError': method resolution failed> (0x03fb2978) thrown at [C:\workspace\8-2-build-windows-i586-cygwin\jdk8u181\11358\hotspot\src\share\vm\prims\methodHandles.cpp, line 1167]
Event: 0.219 Thread 0x0028c800 Exception <a 'java/lang/NoSuchFieldError': method resolution failed> (0x03fbeb18) thrown at [C:\workspace\8-2-build-windows-i586-cygwin\jdk8u181\11358\hotspot\src\share\vm\prims\methodHandles.cpp, line 1167]
Event: 0.266 Thread 0x0028c800 Exception <a 'java/io/FileNotFoundException'> (0x0404aee0) thrown at [C:\workspace\8-2-build-windows-i586-cygwin\jdk8u181\11358\hotspot\src\share\vm\prims\jni.cpp, line 709]
Event: 4.829 Thread 0x1538d800 Exception <a 'java/lang/NoClassDefFoundError': org/apache/log4j/Category> (0x03f64bc8) thrown at [C:\workspace\8-2-build-windows-i586-cygwin\jdk8u181\11358\hotspot\src\share\vm\classfile\systemDictionary.cpp, line 199]
Event: 11.140 Thread 0x1538d800 Exception <a 'java/net/SocketTimeoutException': Read timed out> (0x0402e890) thrown at [C:\workspace\8-2-build-windows-i586-cygwin\jdk8u181\11358\hotspot\src\share\vm\prims\jni.cpp, line 735]
Event: 21.836 Thread 0x15356400 Exception <a 'java/net/SocketTimeoutException': Read timed out> (0x041aca60) thrown at [C:\workspace\8-2-build-windows-i586-cygwin\jdk8u181\11358\hotspot\src\share\vm\prims\jni.cpp, line 735]
Event: 25.175 Thread 0x15356400 Exception <a 'java/net/SocketTimeoutException': Read timed out> (0x03ff6798) thrown at [C:\workspace\8-2-build-windows-i586-cygwin\jdk8u181\11358\hotspot\src\share\vm\prims\jni.cpp, line 735]

Events (10 events):
Event: 26.348 Executing VM operation: BulkRevokeBias
Event: 26.348 Executing VM operation: BulkRevokeBias done
Event: 26.349 Executing VM operation: RevokeBias
Event: 26.349 Executing VM operation: RevokeBias done
Event: 26.349 Executing VM operation: RevokeBias
Event: 26.349 Executing VM operation: RevokeBias done
Event: 26.349 Executing VM operation: RevokeBias
Event: 26.349 Executing VM operation: RevokeBias done
Event: 28.343 Executing VM operation: BulkRevokeBias
Event: 28.344 Executing VM operation: BulkRevokeBias done


Dynamic libraries:
0x00dd0000 - 0x00e03000 	C:\Program Files\Java\jdk1.8.0_181\bin\java.exe
0x77410000 - 0x7754c000 	C:\Windows\SYSTEM32\ntdll.dll
0x76800000 - 0x768d4000 	C:\Windows\system32\kernel32.dll
0x75640000 - 0x7568a000 	C:\Windows\system32\KERNELBASE.dll
0x775a0000 - 0x77640000 	C:\Windows\system32\ADVAPI32.dll
0x76c90000 - 0x76d3c000 	C:\Windows\system32\msvcrt.dll
0x76640000 - 0x76659000 	C:\Windows\SYSTEM32\sechost.dll
0x77210000 - 0x772b1000 	C:\Windows\system32\RPCRT4.dll
0x76dc0000 - 0x76e89000 	C:\Windows\system32\USER32.dll
0x77320000 - 0x7736e000 	C:\Windows\system32\GDI32.dll
0x77550000 - 0x7755a000 	C:\Windows\system32\LPK.dll
0x77370000 - 0x7740d000 	C:\Windows\system32\USP10.dll
0x744c0000 - 0x7465e000 	C:\Windows\WinSxS\x86_microsoft.windows.common-controls_6595b64144ccf1df_6.0.7600.16385_none_421189da2b7fabfc\COMCTL32.dll
0x772c0000 - 0x77317000 	C:\Windows\system32\SHLWAPI.dll
0x77570000 - 0x7758f000 	C:\Windows\system32\IMM32.DLL
0x77140000 - 0x7720c000 	C:\Windows\system32\MSCTF.dll
0x66cf0000 - 0x66daf000 	C:\Program Files\Java\jdk1.8.0_181\jre\bin\msvcr100.dll
0x662f0000 - 0x666c3000 	C:\Program Files\Java\jdk1.8.0_181\jre\bin\client\jvm.dll
0x71ed0000 - 0x71ed7000 	C:\Windows\system32\WSOCK32.dll
0x75860000 - 0x75895000 	C:\Windows\system32\WS2_32.dll
0x77560000 - 0x77566000 	C:\Windows\system32\NSI.dll
0x6f470000 - 0x6f4a2000 	C:\Windows\system32\WINMM.dll
0x74a60000 - 0x74a69000 	C:\Windows\system32\VERSION.dll
0x77590000 - 0x77595000 	C:\Windows\system32\PSAPI.DLL
0x74770000 - 0x7477c000 	C:\Program Files\Java\jdk1.8.0_181\jre\bin\verify.dll
0x6c2d0000 - 0x6c2f2000 	C:\Program Files\Java\jdk1.8.0_181\jre\bin\java.dll
0x73cb0000 - 0x73cc4000 	C:\Program Files\Java\jdk1.8.0_181\jre\bin\zip.dll
0x759f0000 - 0x76639000 	C:\Windows\system32\SHELL32.dll
0x76a70000 - 0x76bcc000 	C:\Windows\system32\ole32.dll
0x75560000 - 0x7556b000 	C:\Windows\system32\profapi.dll
0x661a0000 - 0x662e7000 	C:\Program Files\Java\jdk1.8.0_181\jre\bin\awt.dll
0x76c00000 - 0x76c8f000 	C:\Windows\system32\OLEAUT32.dll
0x74040000 - 0x74053000 	C:\Windows\system32\DWMAPI.DLL
0x6bd20000 - 0x6bde8000 	C:\Windows\system32\opengl32.dll
0x6c0d0000 - 0x6c0f2000 	C:\Windows\system32\GLU32.dll
0x6bc30000 - 0x6bd17000 	C:\Windows\system32\DDRAW.dll
0x6c0c0000 - 0x6c0c6000 	C:\Windows\system32\DCIMAN32.dll
0x76660000 - 0x767fd000 	C:\Windows\system32\SETUPAPI.dll
0x75610000 - 0x75637000 	C:\Windows\system32\CFGMGR32.dll
0x75690000 - 0x756a2000 	C:\Windows\system32\DEVOBJ.dll
0x74360000 - 0x743a0000 	C:\Windows\system32\uxtheme.dll
0x754b0000 - 0x754bc000 	C:\Windows\system32\CRYPTBASE.dll
0x6c290000 - 0x6c2c9000 	C:\Program Files\Java\jdk1.8.0_181\jre\bin\fontmanager.dll
0x768e0000 - 0x76963000 	C:\Windows\system32\CLBCatQ.DLL
0x73da0000 - 0x73e9b000 	C:\Windows\system32\WindowsCodecs.dll
0x75460000 - 0x754ab000 	C:\Windows\system32\apphelp.dll
0x70d30000 - 0x70d61000 	C:\Windows\system32\EhStorShell.dll
0x743a0000 - 0x74495000 	C:\Windows\system32\PROPSYS.dll
0x15f70000 - 0x1618d000 	C:\PROGRA~1\MICROS~1\Office12\GR469A~1.DLL
0x68ef0000 - 0x68fe1000 	C:\PROGRA~1\MICROS~1\Office12\GrooveUtil.DLL
0x76970000 - 0x76a64000 	C:\Windows\system32\WININET.dll
0x759e0000 - 0x759e3000 	C:\Windows\system32\Normaliz.dll
0x758a0000 - 0x759d5000 	C:\Windows\system32\urlmon.dll
0x75740000 - 0x7585c000 	C:\Windows\system32\CRYPT32.dll
0x755d0000 - 0x755dc000 	C:\Windows\system32\MSASN1.dll
0x76ef0000 - 0x770e9000 	C:\Windows\system32\iertutil.dll
0x70c90000 - 0x70d2b000 	C:\Windows\WinSxS\x86_microsoft.vc80.crt_1fc8b3b9a1e18e3b_8.0.50727.4927_none_d08a205e442db5b5\MSVCR80.dll
0x68ff0000 - 0x68ff7000 	C:\PROGRA~1\MICROS~1\Office12\GrooveNew.DLL
0x7c630000 - 0x7c64b000 	C:\Windows\WinSxS\x86_microsoft.vc80.atl_1fc8b3b9a1e18e3b_8.0.50727.42_none_dc990e4797f81af1\ATL80.DLL
0x74fe0000 - 0x74ff6000 	C:\Windows\system32\CRYPTSP.dll
0x74d80000 - 0x74dbb000 	C:\Windows\system32\rsaenh.dll
0x73b90000 - 0x73b95000 	C:\Windows\system32\MSImg32.dll
0x70ba0000 - 0x70c0a000 	C:\Windows\System32\cscui.dll
0x70b90000 - 0x70b99000 	C:\Windows\System32\CSCDLL.dll
0x70b80000 - 0x70b8b000 	C:\Windows\system32\CSCAPI.dll
0x70b10000 - 0x70b7f000 	C:\Windows\system32\ntshrui.dll
0x75390000 - 0x753a9000 	C:\Windows\system32\srvcli.dll
0x737e0000 - 0x737ea000 	C:\Windows\system32\slc.dll
0x720c0000 - 0x720d5000 	C:\Program Files\Java\jdk1.8.0_181\jre\bin\net.dll
0x74fa0000 - 0x74fdc000 	C:\Windows\system32\mswsock.dll
0x74f90000 - 0x74f96000 	C:\Windows\System32\wship6.dll
0x72050000 - 0x7205f000 	C:\Program Files\Java\jdk1.8.0_181\jre\bin\nio.dll
0x682d0000 - 0x68302000 	C:\Program Files\Java\jdk1.8.0_181\jre\bin\t2k.dll
0x74bc0000 - 0x74bd7000 	C:\Windows\system32\USERENV.dll
0x73670000 - 0x7368c000 	C:\Windows\system32\IPHLPAPI.DLL
0x73660000 - 0x73667000 	C:\Windows\system32\WINNSI.DLL
0x734b0000 - 0x734c2000 	C:\Windows\system32\dhcpcsvc.DLL
0x72f40000 - 0x72f4d000 	C:\Windows\system32\dhcpcsvc6.DLL
0x68290000 - 0x682c8000 	C:\Users\Admin\AppData\Local\Temp\jna-63116079\jna1809969951462304995.dll
0x163f0000 - 0x16439000 	C:\Windows\system32\fpengine.dll
0x14880000 - 0x148aa000 	C:\Windows\system32\fpcore32.dll
0x6f4b0000 - 0x6f501000 	C:\Windows\system32\WINSPOOL.DRV
0x73f40000 - 0x73f47000 	C:\Windows\system32\WINUSB.DLL
0x741d0000 - 0x74360000 	C:\Windows\WinSxS\x86_microsoft.windows.gdiplus_6595b64144ccf1df_1.1.7600.16385_none_72fc7cbf861225ca\gdiplus.dll
0x755e0000 - 0x7560d000 	C:\Windows\system32\WINTRUST.dll
0x72020000 - 0x72040000 	C:\Program Files\Java\jdk1.8.0_181\jre\bin\sunec.dll
0x69c30000 - 0x69d1b000 	C:\Windows\system32\dbghelp.dll

VM Arguments:
jvm_args: -Dfile.encoding=UTF-8 
java_command: FingerprintUI
java_class_path (initial): C:\Users\Admin\Downloads\unirest-java-1.4.9.jar;C:\Users\Admin\Downloads\jna-4.5.2.jar;C:\Users\Admin\Downloads\org.json.jar\org.json.jar;C:\Users\Admin\Downloads\org-apache-commons-codec.jar\org-apache-commons-codec.jar;C:\Users\Admin\Downloads\httpcore-4.4.9.jar;C:\Users\Admin\Downloads\httpclient-4.5.5.jar;C:\Users\Admin\Downloads\httpcore-nio-4.4.10.jar;C:\Users\Admin\Downloads\httpasyncclient-4.0-beta4.jar\httpasyncclient-4.0-beta4.jar;C:\Users\Admin\Downloads\commons-logging-1.1.2.jar;C:\Users\Admin\Downloads\httpmime-4.5.6.jar;C:\Program Files\NetBeans 8.2\java\modules\ext\AbsoluteLayout.jar;C:\Users\Admin\Documents\NetBeansProjects\FingerRegistrationV2\build\classes
Launcher Type: SUN_STANDARD

Environment Variables:
PATH=C:\Program Files\Common Files\Oracle\Java\javapath;C:\Windows\system32;C:\Windows;C:\Windows\System32\Wbem;C:\Windows\System32\WindowsPowerShell\v1.0\;C:\Program Files\Git\cmd;C:\Program Files\Neurotechnology\FreeFingerprintVerificationSDK 1.0\bin\Win32_x86;C:\Program Files\nodejs\;C:\Users\Admin\AppData\Roaming\npm
USERNAME=Admin
OS=Windows_NT
PROCESSOR_IDENTIFIER=x86 Family 6 Model 76 Stepping 4, GenuineIntel



---------------  S Y S T E M  ---------------

OS: Windows 7 Build 7600 (6.1.7600.16385)

CPU:total 2 (initial active 2) (2 cores per cpu, 1 threads per core) family 6 model 76 stepping 4, cmov, cx8, fxsr, mmx, sse, sse2, sse3, ssse3, sse4.1, sse4.2, popcnt, aes, clmul, erms, 3dnowpref, tsc, tscinvbit

Memory: 4k page, physical 2008308k(437248k free), swap 4016616k(1472976k free)

vm_info: Java HotSpot(TM) Client VM (25.181-b13) for windows-x86 JRE (1.8.0_181-b13), built on Jul  7 2018 03:18:20 by "java_re" with MS VC++ 10.0 (VS2010)

time: Sat Aug 18 15:56:34 2018
elapsed time: 51 seconds (0d 0h 0m 51s)

