#
# A fatal error has been detected by the Java Runtime Environment:
#
#  EXCEPTION_ACCESS_VIOLATION (0xc0000005) at pc=0x77591ffe, pid=2144, tid=0x00000828
#
# JRE version: Java(TM) SE Runtime Environment (8.0_181-b13) (build 1.8.0_181-b13)
# Java VM: Java HotSpot(TM) Client VM (25.181-b13 mixed mode, sharing windows-x86 )
# Problematic frame:
# C  [ntdll.dll+0x51ffe]
#
# Failed to write core dump. Minidumps are not enabled by default on client versions of Windows
#
# If you would like to submit a bug report, please visit:
#   http://bugreport.java.com/bugreport/crash.jsp
# The crash happened outside the Java Virtual Machine in native code.
# See problematic frame for where to report the bug.
#

---------------  T H R E A D  ---------------

Current thread (0x153fb800):  JavaThread "Timer-0" [_thread_in_native, id=2088, stack(0x158d0000,0x15920000)]

siginfo: ExceptionCode=0xc0000005, reading address 0x5431723d

Registers:
EAX=0x16faaa40, EBX=0x16e43f58, ECX=0x01790000, EDX=0x16e43f58
ESP=0x1591db34, EBP=0x1591db68, ESI=0x54317239, EDI=0x16e43f50
EIP=0x77591ffe, EFLAGS=0x00010206

Top of Stack: (sp=0x1591db34)
0x1591db34:   00000000 01790000 16e43f58 1591db68
0x1591db44:   16e43f58 00580056 16e43f58 1591db6c
0x1591db54:   7588c07f 16e43f58 00000012 1591db90
0x1591db64:   16e43f50 1591db80 77591faf 16e43f58
0x1591db74:   00000003 14a9e650 16e43f50 1591db94
0x1591db84:   75a9f1ac 01790000 00000000 16e43f58
0x1591db94:   1591dba8 6806016a 01790000 00000000
0x1591dba4:   16e43f58 1591dbf0 6a89846e 16e43f58 

Instructions: (pc=0x77591ffe)
0x77591fde:   7a f8 80 7f 07 05 0f 84 58 df 03 00 8b 07 8b f7
0x77591fee:   c1 ee 03 33 f0 33 35 dc 71 61 77 89 7d fc 33 f1
0x77591ffe:   8b 46 04 89 45 f4 c6 47 07 80 c6 47 06 00 8b 5e
0x7759200e:   08 8b 4e 0c 89 5d e0 83 c3 01 89 4d e4 83 d1 01 


Register to memory mapping:

EAX=0x16faaa40 is an unknown value
EBX=0x16e43f58 is an unknown value
ECX=0x01790000 is an unknown value
EDX=0x16e43f58 is an unknown value
ESP=0x1591db34 is pointing into the stack for thread: 0x153fb800
EBP=0x1591db68 is pointing into the stack for thread: 0x153fb800
ESI=0x54317239 is an unknown value
EDI=0x16e43f50 is an unknown value


Stack: [0x158d0000,0x15920000],  sp=0x1591db34,  free space=310k
Native frames: (J=compiled Java code, j=interpreted, Vv=VM code, C=native code)
C  [ntdll.dll+0x51ffe]
C  [ntdll.dll+0x51faf]
C  [kernel32.dll+0x4f1ac]
C  [msvcr100.dll+0x1016a]
C  [java.dll+0x846e]
j  java.io.File.exists()Z+29
j  java.io.WinNTFileSystem.canonicalize(Ljava/lang/String;)Ljava/lang/String;+345
j  java.io.File.getCanonicalPath()Ljava/lang/String;+27
j  java.io.FilePermission$1.run()Ljava/lang/String;+103
j  java.io.FilePermission$1.run()Ljava/lang/Object;+1
v  ~StubRoutines::call_stub
V  [jvm.dll+0x15c065]
V  [jvm.dll+0x223ade]
V  [jvm.dll+0x15c0fe]
V  [jvm.dll+0x10c1cf]
C  [java.dll+0x1015]
j  java.io.FilePermission.init(I)V+97
j  java.io.FilePermission.<init>(Ljava/lang/String;Ljava/lang/String;)V+10
j  sun.net.www.protocol.file.FileURLConnection.getPermission()Ljava/security/Permission;+59
j  java.net.URLClassLoader.getPermissions(Ljava/security/CodeSource;)Ljava/security/PermissionCollection;+19
j  sun.misc.Launcher$AppClassLoader.getPermissions(Ljava/security/CodeSource;)Ljava/security/PermissionCollection;+2
j  java.security.SecureClassLoader.getProtectionDomain(Ljava/security/CodeSource;)Ljava/security/ProtectionDomain;+33
j  java.security.SecureClassLoader.defineClass(Ljava/lang/String;[BIILjava/security/CodeSource;)Ljava/lang/Class;+9
j  java.net.URLClassLoader.defineClass(Ljava/lang/String;Lsun/misc/Resource;)Ljava/lang/Class;+138
j  java.net.URLClassLoader.access$100(Ljava/net/URLClassLoader;Ljava/lang/String;Lsun/misc/Resource;)Ljava/lang/Class;+3
j  java.net.URLClassLoader$1.run()Ljava/lang/Class;+43
j  java.net.URLClassLoader$1.run()Ljava/lang/Object;+1
v  ~StubRoutines::call_stub
V  [jvm.dll+0x15c065]
V  [jvm.dll+0x223ade]
V  [jvm.dll+0x15c0fe]
V  [jvm.dll+0x10c1cf]
C  [java.dll+0x1061]
j  java.net.URLClassLoader.findClass(Ljava/lang/String;)Ljava/lang/Class;+13
J 606 C1 java.lang.ClassLoader.loadClass(Ljava/lang/String;Z)Ljava/lang/Class; (122 bytes) @ 0x01e1918c [0x01e18f30+0x25c]
j  sun.misc.Launcher$AppClassLoader.loadClass(Ljava/lang/String;Z)Ljava/lang/Class;+81
j  java.lang.ClassLoader.loadClass(Ljava/lang/String;)Ljava/lang/Class;+3
v  ~StubRoutines::call_stub
V  [jvm.dll+0x15c065]
V  [jvm.dll+0x223ade]
V  [jvm.dll+0x15c0fe]
V  [jvm.dll+0x15c286]
V  [jvm.dll+0x15c36f]
V  [jvm.dll+0x513d5]
V  [jvm.dll+0x5187a]
V  [jvm.dll+0x52ac0]
V  [jvm.dll+0x52b0a]
V  [jvm.dll+0x1030f6]
C  [verify.dll+0x1638]
C  [verify.dll+0x1dbe]
C  [verify.dll+0x2cda]
C  0x1591efd4

Java frames: (J=compiled Java code, j=interpreted, Vv=VM code)
j  java.io.WinNTFileSystem.getBooleanAttributes(Ljava/io/File;)I+0
j  java.io.File.exists()Z+29
j  java.io.WinNTFileSystem.canonicalize(Ljava/lang/String;)Ljava/lang/String;+345
j  java.io.File.getCanonicalPath()Ljava/lang/String;+27
j  java.io.FilePermission$1.run()Ljava/lang/String;+103
j  java.io.FilePermission$1.run()Ljava/lang/Object;+1
v  ~StubRoutines::call_stub
J 409  java.security.AccessController.doPrivileged(Ljava/security/PrivilegedAction;)Ljava/lang/Object; (0 bytes) @ 0x01db6df0 [0x01db6da0+0x50]
j  java.io.FilePermission.init(I)V+97
j  java.io.FilePermission.<init>(Ljava/lang/String;Ljava/lang/String;)V+10
j  sun.net.www.protocol.file.FileURLConnection.getPermission()Ljava/security/Permission;+59
j  java.net.URLClassLoader.getPermissions(Ljava/security/CodeSource;)Ljava/security/PermissionCollection;+19
j  sun.misc.Launcher$AppClassLoader.getPermissions(Ljava/security/CodeSource;)Ljava/security/PermissionCollection;+2
j  java.security.SecureClassLoader.getProtectionDomain(Ljava/security/CodeSource;)Ljava/security/ProtectionDomain;+33
j  java.security.SecureClassLoader.defineClass(Ljava/lang/String;[BIILjava/security/CodeSource;)Ljava/lang/Class;+9
j  java.net.URLClassLoader.defineClass(Ljava/lang/String;Lsun/misc/Resource;)Ljava/lang/Class;+138
j  java.net.URLClassLoader.access$100(Ljava/net/URLClassLoader;Ljava/lang/String;Lsun/misc/Resource;)Ljava/lang/Class;+3
j  java.net.URLClassLoader$1.run()Ljava/lang/Class;+43
j  java.net.URLClassLoader$1.run()Ljava/lang/Object;+1
v  ~StubRoutines::call_stub
j  java.security.AccessController.doPrivileged(Ljava/security/PrivilegedExceptionAction;Ljava/security/AccessControlContext;)Ljava/lang/Object;+0
j  java.net.URLClassLoader.findClass(Ljava/lang/String;)Ljava/lang/Class;+13
J 606 C1 java.lang.ClassLoader.loadClass(Ljava/lang/String;Z)Ljava/lang/Class; (122 bytes) @ 0x01e1918c [0x01e18f30+0x25c]
j  sun.misc.Launcher$AppClassLoader.loadClass(Ljava/lang/String;Z)Ljava/lang/Class;+81
j  java.lang.ClassLoader.loadClass(Ljava/lang/String;)Ljava/lang/Class;+3
v  ~StubRoutines::call_stub
j  com.mashape.unirest.request.HttpRequestWithBody.field(Ljava/lang/String;Ljava/lang/Object;Ljava/lang/String;)Lcom/mashape/unirest/request/body/MultipartBody;+0
j  com.mashape.unirest.request.HttpRequestWithBody.field(Ljava/lang/String;Ljava/lang/Object;)Lcom/mashape/unirest/request/body/MultipartBody;+4
j  FingerprintUI.postUserDetailsToServer(Ljava/lang/String;Ljava/lang/String;Ljava/lang/String;Ljava/lang/String;Ljava/lang/String;Ljava/lang/String;Ljava/lang/String;)V+42
j  FingerprintUI.access$1400(LFingerprintUI;Ljava/lang/String;Ljava/lang/String;Ljava/lang/String;Ljava/lang/String;Ljava/lang/String;Ljava/lang/String;Ljava/lang/String;)V+12
j  FingerprintUI$2.fpsmessage()V+1316
j  FingerprintUI$2.run()V+1
j  java.util.TimerThread.mainLoop()V+221
j  java.util.TimerThread.run()V+1
v  ~StubRoutines::call_stub

---------------  P R O C E S S  ---------------

Java Threads: ( => current thread )
  0x16ed4000 JavaThread "Thread-4" daemon [_thread_blocked, id=5124, stack(0x169e0000,0x16a30000)]
  0x16dd4000 JavaThread "TimerQueue" daemon [_thread_blocked, id=7000, stack(0x171b0000,0x17200000)]
  0x0179c800 JavaThread "DestroyJavaVM" [_thread_blocked, id=7640, stack(0x018d0000,0x01920000)]
  0x15433c00 JavaThread "AWT-EventQueue-0" [_thread_blocked, id=8008, stack(0x16930000,0x16980000)]
=>0x153fb800 JavaThread "Timer-0" [_thread_in_native, id=2088, stack(0x158d0000,0x15920000)]
  0x153e2800 JavaThread "AWT-Windows" daemon [_thread_in_native, id=7060, stack(0x15870000,0x158c0000)]
  0x153e1c00 JavaThread "AWT-Shutdown" [_thread_blocked, id=2832, stack(0x15580000,0x155d0000)]
  0x153df000 JavaThread "Java2D Disposer" daemon [_thread_blocked, id=1904, stack(0x14990000,0x149e0000)]
  0x016fc800 JavaThread "Service Thread" daemon [_thread_blocked, id=7244, stack(0x150d0000,0x15120000)]
  0x016d4800 JavaThread "C1 CompilerThread0" daemon [_thread_blocked, id=7748, stack(0x15050000,0x150a0000)]
  0x016d3800 JavaThread "Attach Listener" daemon [_thread_blocked, id=7200, stack(0x151e0000,0x15230000)]
  0x016d0800 JavaThread "Signal Dispatcher" daemon [_thread_blocked, id=6388, stack(0x15140000,0x15190000)]
  0x016c4400 JavaThread "Finalizer" daemon [_thread_blocked, id=3040, stack(0x14fe0000,0x15030000)]
  0x01665c00 JavaThread "Reference Handler" daemon [_thread_blocked, id=4352, stack(0x14920000,0x14970000)]

Other Threads:
  0x01663400 VMThread [stack: 0x148c0000,0x14910000] [id=1688]
  0x01707800 WatcherThread [stack: 0x15260000,0x152b0000] [id=4380]

VM state:not at safepoint (normal execution)

VM Mutex/Monitor currently owned by a thread: None

Heap:
 def new generation   total 8000K, used 3646K [0x03e00000, 0x046a0000, 0x09350000)
  eden space 7168K,  47% used [0x03e00000, 0x04154c08, 0x04500000)
  from space 832K,  28% used [0x045d0000, 0x0460ad98, 0x046a0000)
  to   space 832K,   0% used [0x04500000, 0x04500000, 0x045d0000)
 tenured generation   total 17616K, used 10568K [0x09350000, 0x0a484000, 0x13e00000)
   the space 17616K,  59% used [0x09350000, 0x09da2028, 0x09da2200, 0x0a484000)
 Metaspace       used 4004K, capacity 4211K, committed 4288K, reserved 4480K

Card table byte_map: [0x03ca0000,0x03d30000] byte_map_base: 0x03c81000

Polling page: 0x00190000

CodeCache: size=32768Kb used=1960Kb max_used=1960Kb free=30807Kb
 bounds [0x01ca0000, 0x01e90000, 0x03ca0000]
 total_blobs=1196 nmethods=934 adapters=192
 compilation: enabled

Compilation events (10 events):
Event: 62.231 Thread 0x016d4800  943             sun.font.FontDesignMetrics$MetricsKey::hashCode (5 bytes)
Event: 62.232 Thread 0x016d4800 nmethod 943 0x01e89108 code [0x01e89200, 0x01e89280]
Event: 63.081 Thread 0x016d4800  944             sun.font.FontDesignMetrics::getDefaultFrc (53 bytes)
Event: 63.084 Thread 0x016d4800 nmethod 944 0x01e892c8 code [0x01e89430, 0x01e897e8]
Event: 63.086 Thread 0x016d4800  945             sun.font.FontDesignMetrics$MetricsKey::equals (49 bytes)
Event: 63.088 Thread 0x016d4800 nmethod 945 0x01e899c8 code [0x01e89ae0, 0x01e89c68]
Event: 63.088 Thread 0x016d4800  946             java.awt.geom.RectIterator::next (11 bytes)
Event: 63.089 Thread 0x016d4800 nmethod 946 0x01e89dc8 code [0x01e89ec0, 0x01e89f40]
Event: 63.190 Thread 0x016d4800  947  s          java.util.Vector::removeAllElements (39 bytes)
Event: 63.192 Thread 0x016d4800 nmethod 947 0x01e89f88 code [0x01e8a090, 0x01e8a2a0]

GC Heap History (10 events):
Event: 16.406 GC heap before
{Heap before GC invocations=7 (full 0):
 def new generation   total 4928K, used 4927K [0x03e00000, 0x04350000, 0x09350000)
  eden space 4416K, 100% used [0x03e00000, 0x04250000, 0x04250000)
  from space 512K,  99% used [0x042d0000, 0x0434fff8, 0x04350000)
  to   space 512K,   0% used [0x04250000, 0x04250000, 0x042d0000)
 tenured generation   total 10944K, used 8447K [0x09350000, 0x09e00000, 0x13e00000)
   the space 10944K,  77% used [0x09350000, 0x09b8fe70, 0x09b90000, 0x09e00000)
 Metaspace       used 2702K, capacity 3314K, committed 3392K, reserved 4480K
Event: 16.415 GC heap after
Heap after GC invocations=8 (full 0):
 def new generation   total 4928K, used 512K [0x03e00000, 0x04350000, 0x09350000)
  eden space 4416K,   0% used [0x03e00000, 0x03e00000, 0x04250000)
  from space 512K, 100% used [0x04250000, 0x042d0000, 0x042d0000)
  to   space 512K,   0% used [0x042d0000, 0x042d0000, 0x04350000)
 tenured generation   total 10944K, used 9564K [0x09350000, 0x09e00000, 0x13e00000)
   the space 10944K,  87% used [0x09350000, 0x09ca7208, 0x09ca7400, 0x09e00000)
 Metaspace       used 2702K, capacity 3314K, committed 3392K, reserved 4480K
}
Event: 16.616 GC heap before
{Heap before GC invocations=8 (full 0):
 def new generation   total 4928K, used 4928K [0x03e00000, 0x04350000, 0x09350000)
  eden space 4416K, 100% used [0x03e00000, 0x04250000, 0x04250000)
  from space 512K, 100% used [0x04250000, 0x042d0000, 0x042d0000)
  to   space 512K,   0% used [0x042d0000, 0x042d0000, 0x04350000)
 tenured generation   total 10944K, used 9564K [0x09350000, 0x09e00000, 0x13e00000)
   the space 10944K,  87% used [0x09350000, 0x09ca7208, 0x09ca7400, 0x09e00000)
 Metaspace       used 3354K, capacity 3802K, committed 3904K, reserved 4480K
Event: 16.622 GC heap after
Heap after GC invocations=9 (full 0):
 def new generation   total 4928K, used 512K [0x03e00000, 0x04350000, 0x09350000)
  eden space 4416K,   0% used [0x03e00000, 0x03e00000, 0x04250000)
  from space 512K, 100% used [0x042d0000, 0x04350000, 0x04350000)
  to   space 512K,   0% used [0x04250000, 0x04250000, 0x042d0000)
 tenured generation   total 10944K, used 10366K [0x09350000, 0x09e00000, 0x13e00000)
   the space 10944K,  94% used [0x09350000, 0x09d6fa80, 0x09d6fc00, 0x09e00000)
 Metaspace       used 3354K, capacity 3802K, committed 3904K, reserved 4480K
}
Event: 51.060 GC heap before
{Heap before GC invocations=9 (full 0):
 def new generation   total 4928K, used 4928K [0x03e00000, 0x04350000, 0x09350000)
  eden space 4416K, 100% used [0x03e00000, 0x04250000, 0x04250000)
  from space 512K, 100% used [0x042d0000, 0x04350000, 0x04350000)
  to   space 512K,   0% used [0x04250000, 0x04250000, 0x042d0000)
 tenured generation   total 10944K, used 10366K [0x09350000, 0x09e00000, 0x13e00000)
   the space 10944K,  94% used [0x09350000, 0x09d6fa80, 0x09d6fc00, 0x09e00000)
 Metaspace       used 3978K, capacity 4219K, committed 4288K, reserved 4480K
Event: 51.068 GC heap after
Heap after GC invocations=10 (full 0):
 def new generation   total 4928K, used 512K [0x03e00000, 0x04350000, 0x09350000)
  eden space 4416K,   0% used [0x03e00000, 0x03e00000, 0x04250000)
  from space 512K, 100% used [0x04250000, 0x042d0000, 0x042d0000)
  to   space 512K,   0% used [0x042d0000, 0x042d0000, 0x04350000)
 tenured generation   total 10944K, used 10730K [0x09350000, 0x09e00000, 0x13e00000)
   the space 10944K,  98% used [0x09350000, 0x09dca930, 0x09dcaa00, 0x09e00000)
 Metaspace       used 3978K, capacity 4219K, committed 4288K, reserved 4480K
}
Event: 51.146 GC heap before
{Heap before GC invocations=10 (full 0):
 def new generation   total 4928K, used 4928K [0x03e00000, 0x04350000, 0x09350000)
  eden space 4416K, 100% used [0x03e00000, 0x04250000, 0x04250000)
  from space 512K, 100% used [0x04250000, 0x042d0000, 0x042d0000)
  to   space 512K,   0% used [0x042d0000, 0x042d0000, 0x04350000)
 tenured generation   total 10944K, used 10730K [0x09350000, 0x09e00000, 0x13e00000)
   the space 10944K,  98% used [0x09350000, 0x09dca930, 0x09dcaa00, 0x09e00000)
 Metaspace       used 3978K, capacity 4219K, committed 4288K, reserved 4480K
Event: 51.190 GC heap after
Heap after GC invocations=11 (full 1):
 def new generation   total 8000K, used 0K [0x03e00000, 0x046a0000, 0x09350000)
  eden space 7168K,   0% used [0x03e00000, 0x03e00000, 0x04500000)
  from space 832K,   0% used [0x04500000, 0x04500000, 0x045d0000)
  to   space 832K,   0% used [0x045d0000, 0x045d0000, 0x046a0000)
 tenured generation   total 17616K, used 10568K [0x09350000, 0x0a484000, 0x13e00000)
   the space 17616K,  59% used [0x09350000, 0x09da2028, 0x09da2200, 0x0a484000)
 Metaspace       used 3953K, capacity 4179K, committed 4288K, reserved 4480K
}
Event: 54.270 GC heap before
{Heap before GC invocations=11 (full 1):
 def new generation   total 8000K, used 6905K [0x03e00000, 0x046a0000, 0x09350000)
  eden space 7168K,  96% used [0x03e00000, 0x044be5d8, 0x04500000)
  from space 832K,   0% used [0x04500000, 0x04500000, 0x045d0000)
  to   space 832K,   0% used [0x045d0000, 0x045d0000, 0x046a0000)
 tenured generation   total 17616K, used 10568K [0x09350000, 0x0a484000, 0x13e00000)
   the space 17616K,  59% used [0x09350000, 0x09da2028, 0x09da2200, 0x0a484000)
 Metaspace       used 3971K, capacity 4211K, committed 4288K, reserved 4480K
Event: 54.278 GC heap after
Heap after GC invocations=12 (full 1):
 def new generation   total 8000K, used 235K [0x03e00000, 0x046a0000, 0x09350000)
  eden space 7168K,   0% used [0x03e00000, 0x03e00000, 0x04500000)
  from space 832K,  28% used [0x045d0000, 0x0460ad98, 0x046a0000)
  to   space 832K,   0% used [0x04500000, 0x04500000, 0x045d0000)
 tenured generation   total 17616K, used 10568K [0x09350000, 0x0a484000, 0x13e00000)
   the space 17616K,  59% used [0x09350000, 0x09da2028, 0x09da2200, 0x0a484000)
 Metaspace       used 3971K, capacity 4211K, committed 4288K, reserved 4480K
}

Deoptimization events (0 events):
No events

Classes redefined (0 events):
No events

Internal exceptions (10 events):
Event: 0.260 Thread 0x0179c800 Exception <a 'java/io/FileNotFoundException'> (0x03eedbf0) thrown at [C:\workspace\8-2-build-windows-i586-cygwin\jdk8u181\11358\hotspot\src\share\vm\prims\jni.cpp, line 709]
Event: 0.317 Thread 0x0179c800 Exception <a 'java/lang/NoSuchFieldError': method resolution failed> (0x03fab580) thrown at [C:\workspace\8-2-build-windows-i586-cygwin\jdk8u181\11358\hotspot\src\share\vm\prims\methodHandles.cpp, line 1167]
Event: 0.320 Thread 0x0179c800 Exception <a 'java/lang/NoSuchFieldError': method resolution failed> (0x03fb7720) thrown at [C:\workspace\8-2-build-windows-i586-cygwin\jdk8u181\11358\hotspot\src\share\vm\prims\methodHandles.cpp, line 1167]
Event: 0.368 Thread 0x0179c800 Exception <a 'java/io/FileNotFoundException'> (0x04043c18) thrown at [C:\workspace\8-2-build-windows-i586-cygwin\jdk8u181\11358\hotspot\src\share\vm\prims\jni.cpp, line 709]
Event: 15.702 Thread 0x15433c00 Exception <a 'java/lang/NoClassDefFoundError': org/apache/log4j/Category> (0x03f65260) thrown at [C:\workspace\8-2-build-windows-i586-cygwin\jdk8u181\11358\hotspot\src\share\vm\classfile\systemDictionary.cpp, line 199]
Event: 38.494 Thread 0x15433c00 Exception <a 'java/lang/NullPointerException'> (0x04160428) thrown at [C:\workspace\8-2-build-windows-i586-cygwin\jdk8u181\11358\hotspot\src\share\vm\prims\jvm.cpp, line 1439]
Event: 38.494 Thread 0x15433c00 Exception <a 'java/lang/NullPointerException'> (0x04160428) thrown at [C:\workspace\8-2-build-windows-i586-cygwin\jdk8u181\11358\hotspot\src\share\vm\prims\jvm.cpp, line 1439]
Event: 54.880 Thread 0x153fb800 Exception <a 'java/net/SocketTimeoutException': Read timed out> (0x03e4bcb8) thrown at [C:\workspace\8-2-build-windows-i586-cygwin\jdk8u181\11358\hotspot\src\share\vm\prims\jni.cpp, line 735]
Event: 57.827 Thread 0x15433c00 Exception <a 'java/net/SocketTimeoutException': Read timed out> (0x03efe278) thrown at [C:\workspace\8-2-build-windows-i586-cygwin\jdk8u181\11358\hotspot\src\share\vm\prims\jni.cpp, line 735]
Event: 60.463 Thread 0x153fb800 Exception <a 'java/net/SocketTimeoutException': Read timed out> (0x03ee5fe0) thrown at [C:\workspace\8-2-build-windows-i586-cygwin\jdk8u181\11358\hotspot\src\share\vm\prims\jni.cpp, line 735]

Events (10 events):
Event: 63.740 loading class java/util/prefs/Base64
Event: 63.741 loading class java/util/prefs/Base64 done
Event: 63.763 loading class com/mashape/unirest/request/HttpRequestWithBody
Event: 63.764 loading class com/mashape/unirest/request/HttpRequestWithBody done
Event: 63.770 loading class com/mashape/unirest/request/body/Body
Event: 63.770 loading class com/mashape/unirest/request/body/Body done
Event: 63.773 loading class com/mashape/unirest/request/body/MultipartBody
Event: 63.773 loading class com/mashape/unirest/request/body/MultipartBody done
Event: 63.777 loading class org/apache/http/entity/mime/content/ContentBody
Event: 63.777 loading class org/apache/http/entity/mime/content/ContentBody done


Dynamic libraries:
0x00050000 - 0x00083000 	C:\Program Files\Java\jdk1.8.0_181\bin\java.exe
0x77540000 - 0x7767c000 	C:\Windows\SYSTEM32\ntdll.dll
0x75a50000 - 0x75b24000 	C:\Windows\system32\kernel32.dll
0x75880000 - 0x758ca000 	C:\Windows\system32\KERNELBASE.dll
0x770d0000 - 0x77170000 	C:\Windows\system32\ADVAPI32.dll
0x776c0000 - 0x7776c000 	C:\Windows\system32\msvcrt.dll
0x75990000 - 0x759a9000 	C:\Windows\SYSTEM32\sechost.dll
0x77020000 - 0x770c1000 	C:\Windows\system32\RPCRT4.dll
0x75d10000 - 0x75dd9000 	C:\Windows\system32\USER32.dll
0x761c0000 - 0x7620e000 	C:\Windows\system32\GDI32.dll
0x76210000 - 0x7621a000 	C:\Windows\system32\LPK.dll
0x759b0000 - 0x75a4d000 	C:\Windows\system32\USP10.dll
0x74620000 - 0x747be000 	C:\Windows\WinSxS\x86_microsoft.windows.common-controls_6595b64144ccf1df_6.0.7600.16385_none_421189da2b7fabfc\COMCTL32.dll
0x77170000 - 0x771c7000 	C:\Windows\system32\SHLWAPI.dll
0x75cf0000 - 0x75d0f000 	C:\Windows\system32\IMM32.DLL
0x75c20000 - 0x75cec000 	C:\Windows\system32\MSCTF.dll
0x68050000 - 0x6810f000 	C:\Program Files\Java\jdk1.8.0_181\jre\bin\msvcr100.dll
0x67950000 - 0x67d23000 	C:\Program Files\Java\jdk1.8.0_181\jre\bin\client\jvm.dll
0x6c5c0000 - 0x6c5c7000 	C:\Windows\system32\WSOCK32.dll
0x75f40000 - 0x75f75000 	C:\Windows\system32\WS2_32.dll
0x75c10000 - 0x75c16000 	C:\Windows\system32\NSI.dll
0x70530000 - 0x70562000 	C:\Windows\system32\WINMM.dll
0x74b90000 - 0x74b99000 	C:\Windows\system32\VERSION.dll
0x76220000 - 0x76225000 	C:\Windows\system32\PSAPI.DLL
0x6be90000 - 0x6be9c000 	C:\Program Files\Java\jdk1.8.0_181\jre\bin\verify.dll
0x6a890000 - 0x6a8b2000 	C:\Program Files\Java\jdk1.8.0_181\jre\bin\java.dll
0x6a870000 - 0x6a884000 	C:\Program Files\Java\jdk1.8.0_181\jre\bin\zip.dll
0x76230000 - 0x76e79000 	C:\Windows\system32\SHELL32.dll
0x75de0000 - 0x75f3c000 	C:\Windows\system32\ole32.dll
0x75690000 - 0x7569b000 	C:\Windows\system32\profapi.dll
0x67f00000 - 0x68047000 	C:\Program Files\Java\jdk1.8.0_181\jre\bin\awt.dll
0x774b0000 - 0x7753f000 	C:\Windows\system32\OLEAUT32.dll
0x74170000 - 0x74183000 	C:\Windows\system32\DWMAPI.DLL
0x6c6c0000 - 0x6c788000 	C:\Windows\system32\opengl32.dll
0x6c690000 - 0x6c6b2000 	C:\Windows\system32\GLU32.dll
0x6b860000 - 0x6b947000 	C:\Windows\system32\DDRAW.dll
0x6c680000 - 0x6c686000 	C:\Windows\system32\DCIMAN32.dll
0x76e80000 - 0x7701d000 	C:\Windows\system32\SETUPAPI.dll
0x758d0000 - 0x758f7000 	C:\Windows\system32\CFGMGR32.dll
0x75710000 - 0x75722000 	C:\Windows\system32\DEVOBJ.dll
0x74470000 - 0x744b0000 	C:\Windows\system32\uxtheme.dll
0x755e0000 - 0x755ec000 	C:\Windows\system32\CRYPTBASE.dll
0x6a800000 - 0x6a839000 	C:\Program Files\Java\jdk1.8.0_181\jre\bin\fontmanager.dll
0x77220000 - 0x772a3000 	C:\Windows\system32\CLBCatQ.DLL
0x73f30000 - 0x7402b000 	C:\Windows\system32\WindowsCodecs.dll
0x75590000 - 0x755db000 	C:\Windows\system32\apphelp.dll
0x715f0000 - 0x71621000 	C:\Windows\system32\EhStorShell.dll
0x744b0000 - 0x745a5000 	C:\Windows\system32\PROPSYS.dll
0x661c0000 - 0x663dd000 	C:\PROGRA~1\MICROS~1\Office12\GR469A~1.DLL
0x68ef0000 - 0x68fe1000 	C:\PROGRA~1\MICROS~1\Office12\GrooveUtil.DLL
0x760c0000 - 0x761b4000 	C:\Windows\system32\WININET.dll
0x776b0000 - 0x776b3000 	C:\Windows\system32\Normaliz.dll
0x75f80000 - 0x760b5000 	C:\Windows\system32\urlmon.dll
0x75760000 - 0x7587c000 	C:\Windows\system32\CRYPT32.dll
0x75700000 - 0x7570c000 	C:\Windows\system32\MSASN1.dll
0x772b0000 - 0x774a9000 	C:\Windows\system32\iertutil.dll
0x70e70000 - 0x70f0b000 	C:\Windows\WinSxS\x86_microsoft.vc80.crt_1fc8b3b9a1e18e3b_8.0.50727.4927_none_d08a205e442db5b5\MSVCR80.dll
0x68ff0000 - 0x68ff7000 	C:\PROGRA~1\MICROS~1\Office12\GrooveNew.DLL
0x7c630000 - 0x7c64b000 	C:\Windows\WinSxS\x86_microsoft.vc80.atl_1fc8b3b9a1e18e3b_8.0.50727.42_none_dc990e4797f81af1\ATL80.DLL
0x75110000 - 0x75126000 	C:\Windows\system32\CRYPTSP.dll
0x74eb0000 - 0x74eeb000 	C:\Windows\system32\rsaenh.dll
0x73cf0000 - 0x73cf5000 	C:\Windows\system32\MSImg32.dll
0x70ac0000 - 0x70b2a000 	C:\Windows\System32\cscui.dll
0x70ab0000 - 0x70ab9000 	C:\Windows\System32\CSCDLL.dll
0x70aa0000 - 0x70aab000 	C:\Windows\system32\CSCAPI.dll
0x70a30000 - 0x70a9f000 	C:\Windows\system32\ntshrui.dll
0x754c0000 - 0x754d9000 	C:\Windows\system32\srvcli.dll
0x73ba0000 - 0x73baa000 	C:\Windows\system32\slc.dll
0x6a850000 - 0x6a865000 	C:\Program Files\Java\jdk1.8.0_181\jre\bin\net.dll
0x750d0000 - 0x7510c000 	C:\Windows\system32\mswsock.dll
0x750c0000 - 0x750c6000 	C:\Windows\System32\wship6.dll
0x6a840000 - 0x6a84f000 	C:\Program Files\Java\jdk1.8.0_181\jre\bin\nio.dll
0x68c00000 - 0x68c32000 	C:\Program Files\Java\jdk1.8.0_181\jre\bin\t2k.dll
0x74cf0000 - 0x74d07000 	C:\Windows\system32\USERENV.dll
0x737a0000 - 0x737bc000 	C:\Windows\system32\IPHLPAPI.DLL
0x73790000 - 0x73797000 	C:\Windows\system32\WINNSI.DLL
0x73640000 - 0x73652000 	C:\Windows\system32\dhcpcsvc.DLL
0x73440000 - 0x7344d000 	C:\Windows\system32\dhcpcsvc6.DLL
0x67d30000 - 0x67d68000 	C:\Users\Admin\AppData\Local\Temp\jna-63116079\jna6742269753843381971.dll
0x16980000 - 0x169c9000 	C:\Windows\system32\fpengine.dll
0x01960000 - 0x0198a000 	C:\Windows\system32\fpcore32.dll
0x704d0000 - 0x70521000 	C:\Windows\system32\WINSPOOL.DRV
0x73d90000 - 0x73d97000 	C:\Windows\system32\WINUSB.DLL
0x742e0000 - 0x74470000 	C:\Windows\WinSxS\x86_microsoft.windows.gdiplus_6595b64144ccf1df_1.1.7600.16385_none_72fc7cbf861225ca\gdiplus.dll
0x75730000 - 0x7575d000 	C:\Windows\system32\WINTRUST.dll
0x6b500000 - 0x6b520000 	C:\Program Files\Java\jdk1.8.0_181\jre\bin\sunec.dll
0x673c0000 - 0x674ab000 	C:\Windows\system32\dbghelp.dll

VM Arguments:
jvm_args: -Dfile.encoding=UTF-8 
java_command: FingerprintUI
java_class_path (initial): C:\Users\Admin\Downloads\unirest-java-1.4.9.jar;C:\Users\Admin\Downloads\jna-4.5.2.jar;C:\Users\Admin\Downloads\org.json.jar\org.json.jar;C:\Users\Admin\Downloads\org-apache-commons-codec.jar\org-apache-commons-codec.jar;C:\Users\Admin\Downloads\httpcore-4.4.9.jar;C:\Users\Admin\Downloads\httpclient-4.5.5.jar;C:\Users\Admin\Downloads\httpcore-nio-4.4.10.jar;C:\Users\Admin\Downloads\httpasyncclient-4.0-beta4.jar\httpasyncclient-4.0-beta4.jar;C:\Users\Admin\Downloads\commons-logging-1.1.2.jar;C:\Users\Admin\Downloads\httpmime-4.5.6.jar;C:\Users\Admin\Documents\NetBeansProjects\FingerRegistrationV2\build\classes
Launcher Type: SUN_STANDARD

Environment Variables:
PATH=C:\Program Files\Common Files\Oracle\Java\javapath;C:\Windows\system32;C:\Windows;C:\Windows\System32\Wbem;C:\Windows\System32\WindowsPowerShell\v1.0\;C:\Program Files\Git\cmd;C:\Program Files\Neurotechnology\FreeFingerprintVerificationSDK 1.0\bin\Win32_x86;C:\Program Files\nodejs\;C:\Users\Admin\AppData\Roaming\npm
USERNAME=Admin
OS=Windows_NT
PROCESSOR_IDENTIFIER=x86 Family 6 Model 76 Stepping 4, GenuineIntel



---------------  S Y S T E M  ---------------

OS: Windows 7 Build 7600 (6.1.7600.16385)

CPU:total 2 (initial active 2) (2 cores per cpu, 1 threads per core) family 6 model 76 stepping 4, cmov, cx8, fxsr, mmx, sse, sse2, sse3, ssse3, sse4.1, sse4.2, popcnt, aes, clmul, erms, 3dnowpref, tsc, tscinvbit

Memory: 4k page, physical 2008308k(398904k free), swap 4016616k(1687684k free)

vm_info: Java HotSpot(TM) Client VM (25.181-b13) for windows-x86 JRE (1.8.0_181-b13), built on Jul  7 2018 03:18:20 by "java_re" with MS VC++ 10.0 (VS2010)

time: Fri Aug 03 21:10:32 2018
elapsed time: 63 seconds (0d 0h 1m 3s)

