#
# A fatal error has been detected by the Java Runtime Environment:
#
#  EXCEPTION_ACCESS_VIOLATION (0xc0000005) at pc=0x770c1ffe, pid=4968, tid=0x00001264
#
# JRE version: Java(TM) SE Runtime Environment (8.0_181-b13) (build 1.8.0_181-b13)
# Java VM: Java HotSpot(TM) Client VM (25.181-b13 mixed mode, sharing windows-x86 )
# Problematic frame:
# C  [ntdll.dll+0x51ffe]
#
# Failed to write core dump. Minidumps are not enabled by default on client versions of Windows
#
# If you would like to submit a bug report, please visit:
#   http://bugreport.java.com/bugreport/crash.jsp
#

---------------  T H R E A D  ---------------

Current thread (0x15398c00):  JavaThread "Timer-0" [_thread_in_vm, id=4708, stack(0x15a80000,0x15ad0000)]

siginfo: ExceptionCode=0xc0000005, reading address 0x9402378f

Registers:
EAX=0xa6805d11, EBX=0x161c9100, ECX=0x01730000, EDX=0x161c9100
ESP=0x15aced18, EBP=0x15aced4c, ESI=0x9402378b, EDI=0x161c90f8
EIP=0x770c1ffe, EFLAGS=0x00010286

Top of Stack: (sp=0x15aced18)
0x15aced18:   00000000 01730000 161c9100 00000200
0x15aced28:   00000000 15aced5c 15521b8c 161c9100
0x15aced38:   1553dc10 00000200 15acede8 00000000
0x15aced48:   161c90f8 15aced64 770c1faf 15398c00
0x15aced58:   00000000 161c9100 161c90f8 15aced78
0x15aced68:   7574f1ac 01730000 00000000 161c9100
0x15aced78:   15aced8c 6a75016a 01730000 00000000
0x15aced88:   161c9100 15aced9c 5ae83f33 161c9100 

Instructions: (pc=0x770c1ffe)
0x770c1fde:   7a f8 80 7f 07 05 0f 84 58 df 03 00 8b 07 8b f7
0x770c1fee:   c1 ee 03 33 f0 33 35 dc 71 14 77 89 7d fc 33 f1
0x770c1ffe:   8b 46 04 89 45 f4 c6 47 07 80 c6 47 06 00 8b 5e
0x770c200e:   08 8b 4e 0c 89 5d e0 83 c3 01 89 4d e4 83 d1 01 


Register to memory mapping:

EAX=0xa6805d11 is an unknown value
EBX=0x161c9100 is an unknown value
ECX=0x01730000 is an unknown value
EDX=0x161c9100 is an unknown value
ESP=0x15aced18 is pointing into the stack for thread: 0x15398c00
EBP=0x15aced4c is pointing into the stack for thread: 0x15398c00
ESI=0x9402378b is an unknown value
EDI=0x161c90f8 is an unknown value


Stack: [0x15a80000,0x15ad0000],  sp=0x15aced18,  free space=315k
Native frames: (J=compiled Java code, j=interpreted, Vv=VM code, C=native code)
C  [ntdll.dll+0x51ffe]
C  [ntdll.dll+0x51faf]
C  [kernel32.dll+0x4f1ac]
C  [msvcr100.dll+0x1016a]
V  [jvm.dll+0x163f33]
V  [jvm.dll+0xe6847]
C  [jna5523947278280940090.dll+0x8ef9]
C  [jna5523947278280940090.dll+0x36d2]
j  com.sun.jna.Native.invokeInt(Lcom/sun/jna/Function;JI[Ljava/lang/Object;)I+0
j  com.sun.jna.Function.invoke([Ljava/lang/Object;Ljava/lang/Class;ZI)Ljava/lang/Object;+211
j  com.sun.jna.Function.invoke(Ljava/lang/reflect/Method;[Ljava/lang/Class;Ljava/lang/Class;[Ljava/lang/Object;Ljava/util/Map;)Ljava/lang/Object;+271
j  com.sun.jna.Library$Handler.invoke(Ljava/lang/Object;Ljava/lang/reflect/Method;[Ljava/lang/Object;)Ljava/lang/Object;+344
j  com.sun.proxy.$Proxy0.GetFpCharByEnl([B[I)I+20
j  fingerregistrationv2.FingerprintUI$2.fpsmessage()V+729
j  fingerregistrationv2.FingerprintUI$2.run()V+1
j  java.util.TimerThread.mainLoop()V+221
j  java.util.TimerThread.run()V+1
v  ~StubRoutines::call_stub
V  [jvm.dll+0x15c065]
V  [jvm.dll+0x223ade]
V  [jvm.dll+0x15c0fe]
V  [jvm.dll+0x15c286]
V  [jvm.dll+0x15c2f7]
V  [jvm.dll+0x10016f]
V  [jvm.dll+0x17f280]
V  [jvm.dll+0x17fafa]
V  [jvm.dll+0x1c5416]
C  [msvcr100.dll+0x5c556]
C  [msvcr100.dll+0x5c600]
C  [kernel32.dll+0x51174]
C  [ntdll.dll+0x5b3f5]
C  [ntdll.dll+0x5b3c8]
C  0x00000000

Java frames: (J=compiled Java code, j=interpreted, Vv=VM code)
j  com.sun.jna.Native.invokeInt(Lcom/sun/jna/Function;JI[Ljava/lang/Object;)I+0
j  com.sun.jna.Function.invoke([Ljava/lang/Object;Ljava/lang/Class;ZI)Ljava/lang/Object;+211
j  com.sun.jna.Function.invoke(Ljava/lang/reflect/Method;[Ljava/lang/Class;Ljava/lang/Class;[Ljava/lang/Object;Ljava/util/Map;)Ljava/lang/Object;+271
j  com.sun.jna.Library$Handler.invoke(Ljava/lang/Object;Ljava/lang/reflect/Method;[Ljava/lang/Object;)Ljava/lang/Object;+344
j  com.sun.proxy.$Proxy0.GetFpCharByEnl([B[I)I+20
j  fingerregistrationv2.FingerprintUI$2.fpsmessage()V+729
j  fingerregistrationv2.FingerprintUI$2.run()V+1
j  java.util.TimerThread.mainLoop()V+221
j  java.util.TimerThread.run()V+1
v  ~StubRoutines::call_stub

---------------  P R O C E S S  ---------------

Java Threads: ( => current thread )
  0x16194000 JavaThread "Thread-4" daemon [_thread_blocked, id=4420, stack(0x15d50000,0x15da0000)]
  0x152b4000 JavaThread "TimerQueue" daemon [_thread_blocked, id=3988, stack(0x15fc0000,0x16010000)]
  0x0173cc00 JavaThread "DestroyJavaVM" [_thread_blocked, id=1856, stack(0x01160000,0x011b0000)]
  0x153d0800 JavaThread "AWT-EventQueue-0" [_thread_blocked, id=1884, stack(0x159c0000,0x15a10000)]
=>0x15398c00 JavaThread "Timer-0" [_thread_in_vm, id=4708, stack(0x15a80000,0x15ad0000)]
  0x15381000 JavaThread "AWT-Windows" daemon [_thread_in_native, id=3080, stack(0x15890000,0x158e0000)]
  0x15380400 JavaThread "AWT-Shutdown" [_thread_blocked, id=5340, stack(0x155b0000,0x15600000)]
  0x1537d800 JavaThread "Java2D Disposer" daemon [_thread_blocked, id=4328, stack(0x151b0000,0x15200000)]
  0x016c5000 JavaThread "Service Thread" daemon [_thread_blocked, id=4244, stack(0x15200000,0x15250000)]
  0x016c3800 JavaThread "C1 CompilerThread0" daemon [_thread_blocked, id=4536, stack(0x15130000,0x15180000)]
  0x016c2c00 JavaThread "Attach Listener" daemon [_thread_blocked, id=4468, stack(0x13da0000,0x13df0000)]
  0x016bfc00 JavaThread "Signal Dispatcher" daemon [_thread_blocked, id=5860, stack(0x148e0000,0x14930000)]
  0x016b4400 JavaThread "Finalizer" daemon [_thread_blocked, id=3680, stack(0x14930000,0x14980000)]
  0x01655c00 JavaThread "Reference Handler" daemon [_thread_blocked, id=4572, stack(0x13d20000,0x13d70000)]

Other Threads:
  0x01653800 VMThread [stack: 0x13cc0000,0x13d10000] [id=4980]
  0x016ebc00 WatcherThread [stack: 0x149b0000,0x14a00000] [id=4052]

VM state:not at safepoint (normal execution)

VM Mutex/Monitor currently owned by a thread: None

Heap:
 def new generation   total 8384K, used 1260K [0x03c00000, 0x04510000, 0x09150000)
  eden space 7488K,  16% used [0x03c00000, 0x03d3b1b0, 0x04350000)
  from space 896K,   0% used [0x04350000, 0x04350000, 0x04430000)
  to   space 896K,   0% used [0x04430000, 0x04430000, 0x04510000)
 tenured generation   total 18420K, used 11050K [0x09150000, 0x0a34d000, 0x13c00000)
   the space 18420K,  59% used [0x09150000, 0x09c1a8e0, 0x09c1aa00, 0x0a34d000)
 Metaspace       used 3851K, capacity 4080K, committed 4160K, reserved 4480K

Card table byte_map: [0x13c00000,0x13c90000] byte_map_base: 0x13be2000

Polling page: 0x00140000

CodeCache: size=32768Kb used=1628Kb max_used=1628Kb free=31140Kb
 bounds [0x01c00000, 0x01d98000, 0x03c00000]
 total_blobs=974 nmethods=712 adapters=192
 compilation: enabled

Compilation events (10 events):
Event: 24.376 Thread 0x016c3800  718   !         java.util.zip.ZipFile$ZipFileInputStream::close (110 bytes)
Event: 24.377 Thread 0x016c3800 nmethod 718 0x01d95b48 code [0x01d95c70, 0x01d960f8]
Event: 24.377 Thread 0x016c3800  720             sun.misc.VM::addFinalRefCount (24 bytes)
Event: 24.377 Thread 0x016c3800 nmethod 720 0x01d96348 code [0x01d96440, 0x01d964e0]
Event: 24.377 Thread 0x016c3800  721   !         java.lang.ref.Reference::tryHandlePending (115 bytes)
Event: 24.378 Thread 0x016c3800 nmethod 721 0x01d96548 code [0x01d966d0, 0x01d96ba4]
Event: 24.382 Thread 0x016c3800  722             java.awt.Rectangle::<init> (9 bytes)
Event: 24.382 Thread 0x016c3800 nmethod 722 0x01d96f88 code [0x01d97080, 0x01d97120]
Event: 24.382 Thread 0x016c3800  723             sun.awt.geom.Edge::getCurve (5 bytes)
Event: 24.382 Thread 0x016c3800 nmethod 723 0x01d97188 code [0x01d97280, 0x01d97300]

GC Heap History (10 events):
Event: 8.879 GC heap before
{Heap before GC invocations=5 (full 0):
 def new generation   total 4928K, used 4487K [0x03c00000, 0x04150000, 0x09150000)
  eden space 4416K, 100% used [0x03c00000, 0x04050000, 0x04050000)
  from space 512K,  13% used [0x040d0000, 0x040e1e50, 0x04150000)
  to   space 512K,   0% used [0x04050000, 0x04050000, 0x040d0000)
 tenured generation   total 10944K, used 7194K [0x09150000, 0x09c00000, 0x13c00000)
   the space 10944K,  65% used [0x09150000, 0x09856800, 0x09856800, 0x09c00000)
 Metaspace       used 2338K, capacity 3041K, committed 3136K, reserved 4480K
Event: 8.888 GC heap after
Heap after GC invocations=6 (full 0):
 def new generation   total 4928K, used 512K [0x03c00000, 0x04150000, 0x09150000)
  eden space 4416K,   0% used [0x03c00000, 0x03c00000, 0x04050000)
  from space 512K, 100% used [0x04050000, 0x040d0000, 0x040d0000)
  to   space 512K,   0% used [0x040d0000, 0x040d0000, 0x04150000)
 tenured generation   total 10944K, used 7829K [0x09150000, 0x09c00000, 0x13c00000)
   the space 10944K,  71% used [0x09150000, 0x098f5528, 0x098f5600, 0x09c00000)
 Metaspace       used 2338K, capacity 3041K, committed 3136K, reserved 4480K
}
Event: 8.979 GC heap before
{Heap before GC invocations=6 (full 0):
 def new generation   total 4928K, used 4928K [0x03c00000, 0x04150000, 0x09150000)
  eden space 4416K, 100% used [0x03c00000, 0x04050000, 0x04050000)
  from space 512K, 100% used [0x04050000, 0x040d0000, 0x040d0000)
  to   space 512K,   0% used [0x040d0000, 0x040d0000, 0x04150000)
 tenured generation   total 10944K, used 7829K [0x09150000, 0x09c00000, 0x13c00000)
   the space 10944K,  71% used [0x09150000, 0x098f5528, 0x098f5600, 0x09c00000)
 Metaspace       used 2406K, capacity 3090K, committed 3136K, reserved 4480K
Event: 8.985 GC heap after
Heap after GC invocations=7 (full 0):
 def new generation   total 4928K, used 511K [0x03c00000, 0x04150000, 0x09150000)
  eden space 4416K,   0% used [0x03c00000, 0x03c00000, 0x04050000)
  from space 512K,  99% used [0x040d0000, 0x0414fff8, 0x04150000)
  to   space 512K,   0% used [0x04050000, 0x04050000, 0x040d0000)
 tenured generation   total 10944K, used 8452K [0x09150000, 0x09c00000, 0x13c00000)
   the space 10944K,  77% used [0x09150000, 0x09991280, 0x09991400, 0x09c00000)
 Metaspace       used 2406K, capacity 3090K, committed 3136K, reserved 4480K
}
Event: 9.121 GC heap before
{Heap before GC invocations=7 (full 0):
 def new generation   total 4928K, used 4927K [0x03c00000, 0x04150000, 0x09150000)
  eden space 4416K, 100% used [0x03c00000, 0x04050000, 0x04050000)
  from space 512K,  99% used [0x040d0000, 0x0414fff8, 0x04150000)
  to   space 512K,   0% used [0x04050000, 0x04050000, 0x040d0000)
 tenured generation   total 10944K, used 8452K [0x09150000, 0x09c00000, 0x13c00000)
   the space 10944K,  77% used [0x09150000, 0x09991280, 0x09991400, 0x09c00000)
 Metaspace       used 2705K, capacity 3317K, committed 3392K, reserved 4480K
Event: 9.130 GC heap after
Heap after GC invocations=8 (full 0):
 def new generation   total 4928K, used 512K [0x03c00000, 0x04150000, 0x09150000)
  eden space 4416K,   0% used [0x03c00000, 0x03c00000, 0x04050000)
  from space 512K, 100% used [0x04050000, 0x040d0000, 0x040d0000)
  to   space 512K,   0% used [0x040d0000, 0x040d0000, 0x04150000)
 tenured generation   total 10944K, used 9584K [0x09150000, 0x09c00000, 0x13c00000)
   the space 10944K,  87% used [0x09150000, 0x09aac3e0, 0x09aac400, 0x09c00000)
 Metaspace       used 2705K, capacity 3317K, committed 3392K, reserved 4480K
}
Event: 9.306 GC heap before
{Heap before GC invocations=8 (full 0):
 def new generation   total 4928K, used 4928K [0x03c00000, 0x04150000, 0x09150000)
  eden space 4416K, 100% used [0x03c00000, 0x04050000, 0x04050000)
  from space 512K, 100% used [0x04050000, 0x040d0000, 0x040d0000)
  to   space 512K,   0% used [0x040d0000, 0x040d0000, 0x04150000)
 tenured generation   total 10944K, used 9584K [0x09150000, 0x09c00000, 0x13c00000)
   the space 10944K,  87% used [0x09150000, 0x09aac3e0, 0x09aac400, 0x09c00000)
 Metaspace       used 3360K, capacity 3802K, committed 3904K, reserved 4480K
Event: 9.312 GC heap after
Heap after GC invocations=9 (full 0):
 def new generation   total 4928K, used 512K [0x03c00000, 0x04150000, 0x09150000)
  eden space 4416K,   0% used [0x03c00000, 0x03c00000, 0x04050000)
  from space 512K, 100% used [0x040d0000, 0x04150000, 0x04150000)
  to   space 512K,   0% used [0x04050000, 0x04050000, 0x040d0000)
 tenured generation   total 10944K, used 10369K [0x09150000, 0x09c00000, 0x13c00000)
   the space 10944K,  94% used [0x09150000, 0x09b70750, 0x09b70800, 0x09c00000)
 Metaspace       used 3360K, capacity 3802K, committed 3904K, reserved 4480K
}
Event: 24.270 GC heap before
{Heap before GC invocations=9 (full 0):
 def new generation   total 4928K, used 4800K [0x03c00000, 0x04150000, 0x09150000)
  eden space 4416K,  97% used [0x03c00000, 0x04030098, 0x04050000)
  from space 512K, 100% used [0x040d0000, 0x04150000, 0x04150000)
  to   space 512K,   0% used [0x04050000, 0x04050000, 0x040d0000)
 tenured generation   total 10944K, used 10369K [0x09150000, 0x09c00000, 0x13c00000)
   the space 10944K,  94% used [0x09150000, 0x09b70750, 0x09b70800, 0x09c00000)
 Metaspace       used 3871K, capacity 4112K, committed 4160K, reserved 4480K
Event: 24.370 GC heap after
Heap after GC invocations=10 (full 1):
 def new generation   total 8384K, used 315K [0x03c00000, 0x04510000, 0x09150000)
  eden space 7488K,   4% used [0x03c00000, 0x03c4eef0, 0x04350000)
  from space 896K,   0% used [0x04350000, 0x04350000, 0x04430000)
  to   space 896K,   0% used [0x04430000, 0x04430000, 0x04510000)
 tenured generation   total 18420K, used 11050K [0x09150000, 0x0a34d000, 0x13c00000)
   the space 18420K,  59% used [0x09150000, 0x09c1a8e0, 0x09c1aa00, 0x0a34d000)
 Metaspace       used 3851K, capacity 4080K, committed 4160K, reserved 4480K
}

Deoptimization events (0 events):
No events

Classes redefined (0 events):
No events

Internal exceptions (10 events):
Event: 0.260 Thread 0x0173cc00 Exception <a 'java/security/PrivilegedActionException'> (0x03cea798) thrown at [C:\workspace\8-2-build-windows-i586-cygwin\jdk8u181\11358\hotspot\src\share\vm\prims\jvm.cpp, line 1435]
Event: 0.261 Thread 0x0173cc00 Exception <a 'java/security/PrivilegedActionException'> (0x03cee240) thrown at [C:\workspace\8-2-build-windows-i586-cygwin\jdk8u181\11358\hotspot\src\share\vm\prims\jvm.cpp, line 1435]
Event: 0.261 Thread 0x0173cc00 Exception <a 'java/security/PrivilegedActionException'> (0x03cee440) thrown at [C:\workspace\8-2-build-windows-i586-cygwin\jdk8u181\11358\hotspot\src\share\vm\prims\jvm.cpp, line 1435]
Event: 0.265 Thread 0x0173cc00 Exception <a 'java/io/FileNotFoundException'> (0x03cf01b8) thrown at [C:\workspace\8-2-build-windows-i586-cygwin\jdk8u181\11358\hotspot\src\share\vm\prims\jni.cpp, line 709]
Event: 0.320 Thread 0x0173cc00 Exception <a 'java/lang/NoSuchFieldError': method resolution failed> (0x03dada48) thrown at [C:\workspace\8-2-build-windows-i586-cygwin\jdk8u181\11358\hotspot\src\share\vm\prims\methodHandles.cpp, line 1167]
Event: 0.324 Thread 0x0173cc00 Exception <a 'java/lang/NoSuchFieldError': method resolution failed> (0x03db9c28) thrown at [C:\workspace\8-2-build-windows-i586-cygwin\jdk8u181\11358\hotspot\src\share\vm\prims\methodHandles.cpp, line 1167]
Event: 0.371 Thread 0x0173cc00 Exception <a 'java/io/FileNotFoundException'> (0x03e46a40) thrown at [C:\workspace\8-2-build-windows-i586-cygwin\jdk8u181\11358\hotspot\src\share\vm\prims\jni.cpp, line 709]
Event: 8.402 Thread 0x153d0800 Exception <a 'java/lang/NoClassDefFoundError': org/apache/log4j/Category> (0x03d617b0) thrown at [C:\workspace\8-2-build-windows-i586-cygwin\jdk8u181\11358\hotspot\src\share\vm\classfile\systemDictionary.cpp, line 199]
Event: 17.685 Thread 0x153d0800 Exception <a 'java/net/SocketTimeoutException': Read timed out> (0x03e761a0) thrown at [C:\workspace\8-2-build-windows-i586-cygwin\jdk8u181\11358\hotspot\src\share\vm\prims\jni.cpp, line 735]
Event: 21.360 Thread 0x15398c00 Exception <a 'java/net/SocketTimeoutException': Read timed out> (0x03f3df20) thrown at [C:\workspace\8-2-build-windows-i586-cygwin\jdk8u181\11358\hotspot\src\share\vm\prims\jni.cpp, line 735]

Events (10 events):
Event: 21.350 Executing VM operation: RevokeBias
Event: 21.350 Executing VM operation: RevokeBias done
Event: 21.350 Executing VM operation: RevokeBias
Event: 21.350 Executing VM operation: RevokeBias done
Event: 21.383 loading class org/json/JSONString
Event: 21.383 loading class org/json/JSONString done
Event: 21.384 Executing VM operation: RevokeBias
Event: 21.385 Executing VM operation: RevokeBias done
Event: 24.270 Executing VM operation: GenCollectForAllocation
Event: 24.370 Executing VM operation: GenCollectForAllocation done


Dynamic libraries:
0x003e0000 - 0x00413000 	C:\Program Files\Java\jdk1.8.0_181\bin\java.exe
0x77070000 - 0x771ac000 	C:\Windows\SYSTEM32\ntdll.dll
0x75700000 - 0x757d4000 	C:\Windows\system32\kernel32.dll
0x75450000 - 0x7549a000 	C:\Windows\system32\KERNELBASE.dll
0x75660000 - 0x75700000 	C:\Windows\system32\ADVAPI32.dll
0x757f0000 - 0x7589c000 	C:\Windows\system32\msvcrt.dll
0x77280000 - 0x77299000 	C:\Windows\SYSTEM32\sechost.dll
0x76020000 - 0x760c1000 	C:\Windows\system32\RPCRT4.dll
0x75c90000 - 0x75d59000 	C:\Windows\system32\USER32.dll
0x76130000 - 0x7617e000 	C:\Windows\system32\GDI32.dll
0x75e70000 - 0x75e7a000 	C:\Windows\system32\LPK.dll
0x75f80000 - 0x7601d000 	C:\Windows\system32\USP10.dll
0x74120000 - 0x742be000 	C:\Windows\WinSxS\x86_microsoft.windows.common-controls_6595b64144ccf1df_6.0.7600.16385_none_421189da2b7fabfc\COMCTL32.dll
0x75c00000 - 0x75c57000 	C:\Windows\system32\SHLWAPI.dll
0x75c70000 - 0x75c8f000 	C:\Windows\system32\IMM32.DLL
0x771b0000 - 0x7727c000 	C:\Windows\system32\MSCTF.dll
0x6a740000 - 0x6a7ff000 	C:\Program Files\Java\jdk1.8.0_181\jre\bin\msvcr100.dll
0x5ad20000 - 0x5b0f3000 	C:\Program Files\Java\jdk1.8.0_181\jre\bin\client\jvm.dll
0x73be0000 - 0x73be7000 	C:\Windows\system32\WSOCK32.dll
0x77030000 - 0x77065000 	C:\Windows\system32\WS2_32.dll
0x75c60000 - 0x75c66000 	C:\Windows\system32\NSI.dll
0x706e0000 - 0x70712000 	C:\Windows\system32\WINMM.dll
0x746c0000 - 0x746c9000 	C:\Windows\system32\VERSION.dll
0x757e0000 - 0x757e5000 	C:\Windows\system32\PSAPI.DLL
0x73f90000 - 0x73f9c000 	C:\Program Files\Java\jdk1.8.0_181\jre\bin\verify.dll
0x6f830000 - 0x6f852000 	C:\Program Files\Java\jdk1.8.0_181\jre\bin\java.dll
0x6f810000 - 0x6f824000 	C:\Program Files\Java\jdk1.8.0_181\jre\bin\zip.dll
0x761e0000 - 0x76e29000 	C:\Windows\system32\SHELL32.dll
0x75930000 - 0x75a8c000 	C:\Windows\system32\ole32.dll
0x751c0000 - 0x751cb000 	C:\Windows\system32\profapi.dll
0x675b0000 - 0x676f7000 	C:\Program Files\Java\jdk1.8.0_181\jre\bin\awt.dll
0x758a0000 - 0x7592f000 	C:\Windows\system32\OLEAUT32.dll
0x73c70000 - 0x73c83000 	C:\Windows\system32\DWMAPI.DLL
0x73860000 - 0x73928000 	C:\Windows\system32\opengl32.dll
0x73c00000 - 0x73c22000 	C:\Windows\system32\GLU32.dll
0x72a60000 - 0x72b47000 	C:\Windows\system32\DDRAW.dll
0x73bf0000 - 0x73bf6000 	C:\Windows\system32\DCIMAN32.dll
0x754c0000 - 0x7565d000 	C:\Windows\system32\SETUPAPI.dll
0x75390000 - 0x753b7000 	C:\Windows\system32\CFGMGR32.dll
0x754a0000 - 0x754b2000 	C:\Windows\system32\DEVOBJ.dll
0x73fc0000 - 0x74000000 	C:\Windows\system32\uxtheme.dll
0x75140000 - 0x7514c000 	C:\Windows\system32\CRYPTBASE.dll
0x6b1f0000 - 0x6b229000 	C:\Program Files\Java\jdk1.8.0_181\jre\bin\fontmanager.dll
0x75d60000 - 0x75de3000 	C:\Windows\system32\CLBCatQ.DLL
0x73a30000 - 0x73b2b000 	C:\Windows\system32\WindowsCodecs.dll
0x750f0000 - 0x7513b000 	C:\Windows\system32\apphelp.dll
0x70be0000 - 0x70c11000 	C:\Windows\system32\EhStorShell.dll
0x74000000 - 0x740f5000 	C:\Windows\system32\PROPSYS.dll
0x661c0000 - 0x663dd000 	C:\PROGRA~1\MICROS~1\Office12\GR469A~1.DLL
0x68ef0000 - 0x68fe1000 	C:\PROGRA~1\MICROS~1\Office12\GrooveUtil.DLL
0x75e80000 - 0x75f74000 	C:\Windows\system32\WININET.dll
0x760d0000 - 0x760d3000 	C:\Windows\system32\Normaliz.dll
0x75a90000 - 0x75bc5000 	C:\Windows\system32\urlmon.dll
0x75270000 - 0x7538c000 	C:\Windows\system32\CRYPT32.dll
0x75230000 - 0x7523c000 	C:\Windows\system32\MSASN1.dll
0x76e30000 - 0x77029000 	C:\Windows\system32\iertutil.dll
0x6fea0000 - 0x6ff3b000 	C:\Windows\WinSxS\x86_microsoft.vc80.crt_1fc8b3b9a1e18e3b_8.0.50727.4927_none_d08a205e442db5b5\MSVCR80.dll
0x68ff0000 - 0x68ff7000 	C:\PROGRA~1\MICROS~1\Office12\GrooveNew.DLL
0x7c630000 - 0x7c64b000 	C:\Windows\WinSxS\x86_microsoft.vc80.atl_1fc8b3b9a1e18e3b_8.0.50727.42_none_dc990e4797f81af1\ATL80.DLL
0x74c50000 - 0x74c66000 	C:\Windows\system32\CRYPTSP.dll
0x749f0000 - 0x74a2b000 	C:\Windows\system32\rsaenh.dll
0x73720000 - 0x73725000 	C:\Windows\system32\MSImg32.dll
0x6fcd0000 - 0x6fd3a000 	C:\Windows\System32\cscui.dll
0x6fcc0000 - 0x6fcc9000 	C:\Windows\System32\CSCDLL.dll
0x70c40000 - 0x70c4b000 	C:\Windows\system32\CSCAPI.dll
0x6fc50000 - 0x6fcbf000 	C:\Windows\system32\ntshrui.dll
0x74e10000 - 0x74e29000 	C:\Windows\system32\srvcli.dll
0x733b0000 - 0x733ba000 	C:\Windows\system32\slc.dll
0x6b550000 - 0x6b565000 	C:\Program Files\Java\jdk1.8.0_181\jre\bin\net.dll
0x74c10000 - 0x74c4c000 	C:\Windows\system32\mswsock.dll
0x74c00000 - 0x74c06000 	C:\Windows\System32\wship6.dll
0x6f8b0000 - 0x6f8bf000 	C:\Program Files\Java\jdk1.8.0_181\jre\bin\nio.dll
0x6b0c0000 - 0x6b0f2000 	C:\Program Files\Java\jdk1.8.0_181\jre\bin\t2k.dll
0x74820000 - 0x74837000 	C:\Windows\system32\USERENV.dll
0x732d0000 - 0x732ec000 	C:\Windows\system32\IPHLPAPI.DLL
0x732c0000 - 0x732c7000 	C:\Windows\system32\WINNSI.DLL
0x730d0000 - 0x730e2000 	C:\Windows\system32\dhcpcsvc.DLL
0x72fe0000 - 0x72fed000 	C:\Windows\system32\dhcpcsvc6.DLL
0x6aff0000 - 0x6b028000 	C:\Users\Admin\AppData\Local\Temp\jna-63116079\jna5523947278280940090.dll
0x15510000 - 0x15557000 	C:\Windows\system32\fpengine.dll
0x14980000 - 0x149aa000 	C:\Windows\system32\fpcore32.dll
0x70d50000 - 0x70da1000 	C:\Windows\system32\WINSPOOL.DRV
0x6f1c0000 - 0x6f1c7000 	C:\Windows\system32\WINUSB.DLL
0x73e00000 - 0x73f90000 	C:\Windows\WinSxS\x86_microsoft.windows.gdiplus_6595b64144ccf1df_1.1.7600.16385_none_72fc7cbf861225ca\gdiplus.dll
0x75240000 - 0x7526d000 	C:\Windows\system32\WINTRUST.dll
0x73990000 - 0x739b0000 	C:\Program Files\Java\jdk1.8.0_181\jre\bin\sunec.dll
0x66f30000 - 0x6701b000 	C:\Windows\system32\dbghelp.dll

VM Arguments:
jvm_args: -Dfile.encoding=UTF-8 
java_command: fingerregistrationv2.FingerprintUI
java_class_path (initial): C:\Users\Admin\Downloads\unirest-java-1.4.9.jar;C:\Users\Admin\Downloads\jna-4.5.2.jar;C:\Users\Admin\Downloads\org.json.jar\org.json.jar;C:\Users\Admin\Downloads\org-apache-commons-codec.jar\org-apache-commons-codec.jar;C:\Users\Admin\Downloads\httpcore-4.4.9.jar;C:\Users\Admin\Downloads\httpclient-4.5.5.jar;C:\Users\Admin\Downloads\httpcore-nio-4.4.10.jar;C:\Users\Admin\Downloads\httpasyncclient-4.0-beta4.jar\httpasyncclient-4.0-beta4.jar;C:\Users\Admin\Downloads\commons-logging-1.1.2.jar;C:\Users\Admin\Downloads\httpmime-4.5.6.jar;C:\Users\Admin\Documents\NetBeansProjects\FingerRegistrationV2\build\classes
Launcher Type: SUN_STANDARD

Environment Variables:
PATH=C:\Program Files\Common Files\Oracle\Java\javapath;C:\Windows\system32;C:\Windows;C:\Windows\System32\Wbem;C:\Windows\System32\WindowsPowerShell\v1.0\;C:\Program Files\Git\cmd;C:\Program Files\Neurotechnology\FreeFingerprintVerificationSDK 1.0\bin\Win32_x86;C:\Program Files\nodejs\;C:\Users\Admin\AppData\Roaming\npm
USERNAME=Admin
OS=Windows_NT
PROCESSOR_IDENTIFIER=x86 Family 6 Model 76 Stepping 4, GenuineIntel



---------------  S Y S T E M  ---------------

OS: Windows 7 Build 7600 (6.1.7600.16385)

CPU:total 2 (initial active 2) (2 cores per cpu, 1 threads per core) family 6 model 76 stepping 4, cmov, cx8, fxsr, mmx, sse, sse2, sse3, ssse3, sse4.1, sse4.2, popcnt, aes, clmul, erms, 3dnowpref, tsc, tscinvbit

Memory: 4k page, physical 2008308k(377684k free), swap 4016616k(1436628k free)

vm_info: Java HotSpot(TM) Client VM (25.181-b13) for windows-x86 JRE (1.8.0_181-b13), built on Jul  7 2018 03:18:20 by "java_re" with MS VC++ 10.0 (VS2010)

time: Tue Jul 31 23:05:13 2018
elapsed time: 24 seconds (0d 0h 0m 24s)

