#
# A fatal error has been detected by the Java Runtime Environment:
#
#  EXCEPTION_ACCESS_VIOLATION (0xc0000005) at pc=0x77591ffe, pid=3944, tid=0x000008ec
#
# JRE version: Java(TM) SE Runtime Environment (8.0_181-b13) (build 1.8.0_181-b13)
# Java VM: Java HotSpot(TM) Client VM (25.181-b13 mixed mode, sharing windows-x86 )
# Problematic frame:
# C  [ntdll.dll+0x51ffe]
#
# Failed to write core dump. Minidumps are not enabled by default on client versions of Windows
#
# If you would like to submit a bug report, please visit:
#   http://bugreport.java.com/bugreport/crash.jsp
# The crash happened outside the Java Virtual Machine in native code.
# See problematic frame for where to report the bug.
#

---------------  T H R E A D  ---------------

Current thread (0x15451800):  JavaThread "Timer-0" [_thread_in_native, id=2284, stack(0x15900000,0x15950000)]

siginfo: ExceptionCode=0xc0000005, reading address 0x07b6c5be

Registers:
EAX=0x005d3738, EBX=0x005d2eb0, ECX=0x00220000, EDX=0x005d2eb0
ESP=0x1594dab4, EBP=0x1594dae8, ESI=0x07b6c5ba, EDI=0x005d2ea8
EIP=0x77591ffe, EFLAGS=0x00010202

Top of Stack: (sp=0x1594dab4)
0x1594dab4:   00000000 00220000 005d2eb0 1594dae8
0x1594dac4:   005d2eb0 00580056 005d2eb0 1594daec
0x1594dad4:   7588c07f 005d2eb0 00000012 1594db10
0x1594dae4:   005d2ea8 1594db00 77591faf 005d2eb0
0x1594daf4:   00000003 14a9e650 005d2ea8 1594db14
0x1594db04:   75a9f1ac 00220000 00000000 005d2eb0
0x1594db14:   1594db28 6806016a 00220000 00000000
0x1594db24:   005d2eb0 1594db70 6a89846e 005d2eb0 

Instructions: (pc=0x77591ffe)
0x77591fde:   7a f8 80 7f 07 05 0f 84 58 df 03 00 8b 07 8b f7
0x77591fee:   c1 ee 03 33 f0 33 35 dc 71 61 77 89 7d fc 33 f1
0x77591ffe:   8b 46 04 89 45 f4 c6 47 07 80 c6 47 06 00 8b 5e
0x7759200e:   08 8b 4e 0c 89 5d e0 83 c3 01 89 4d e4 83 d1 01 


Register to memory mapping:

EAX=0x005d3738 is an unknown value
EBX=0x005d2eb0 is an unknown value
ECX=0x00220000 is an unknown value
EDX=0x005d2eb0 is an unknown value
ESP=0x1594dab4 is pointing into the stack for thread: 0x15451800
EBP=0x1594dae8 is pointing into the stack for thread: 0x15451800
ESI=0x07b6c5ba is an unallocated location in the heap
EDI=0x005d2ea8 is an unknown value


Stack: [0x15900000,0x15950000],  sp=0x1594dab4,  free space=310k
Native frames: (J=compiled Java code, j=interpreted, Vv=VM code, C=native code)
C  [ntdll.dll+0x51ffe]
C  [ntdll.dll+0x51faf]
C  [kernel32.dll+0x4f1ac]
C  [msvcr100.dll+0x1016a]
C  [java.dll+0x846e]
j  java.io.File.exists()Z+29
j  java.io.WinNTFileSystem.canonicalize(Ljava/lang/String;)Ljava/lang/String;+345
j  java.io.File.getCanonicalPath()Ljava/lang/String;+27
j  java.io.FilePermission$1.run()Ljava/lang/String;+103
j  java.io.FilePermission$1.run()Ljava/lang/Object;+1
v  ~StubRoutines::call_stub
V  [jvm.dll+0x15c065]
V  [jvm.dll+0x223ade]
V  [jvm.dll+0x15c0fe]
V  [jvm.dll+0x10c1cf]
C  [java.dll+0x1015]
j  java.io.FilePermission.init(I)V+97
j  java.io.FilePermission.<init>(Ljava/lang/String;Ljava/lang/String;)V+10
j  sun.net.www.protocol.file.FileURLConnection.getPermission()Ljava/security/Permission;+59
j  java.net.URLClassLoader.getPermissions(Ljava/security/CodeSource;)Ljava/security/PermissionCollection;+19
j  sun.misc.Launcher$AppClassLoader.getPermissions(Ljava/security/CodeSource;)Ljava/security/PermissionCollection;+2
j  java.security.SecureClassLoader.getProtectionDomain(Ljava/security/CodeSource;)Ljava/security/ProtectionDomain;+33
j  java.security.SecureClassLoader.defineClass(Ljava/lang/String;[BIILjava/security/CodeSource;)Ljava/lang/Class;+9
j  java.net.URLClassLoader.defineClass(Ljava/lang/String;Lsun/misc/Resource;)Ljava/lang/Class;+138
j  java.net.URLClassLoader.access$100(Ljava/net/URLClassLoader;Ljava/lang/String;Lsun/misc/Resource;)Ljava/lang/Class;+3
j  java.net.URLClassLoader$1.run()Ljava/lang/Class;+43
j  java.net.URLClassLoader$1.run()Ljava/lang/Object;+1
v  ~StubRoutines::call_stub
V  [jvm.dll+0x15c065]
V  [jvm.dll+0x223ade]
V  [jvm.dll+0x15c0fe]
V  [jvm.dll+0x10c1cf]
C  [java.dll+0x1061]
j  java.net.URLClassLoader.findClass(Ljava/lang/String;)Ljava/lang/Class;+13
J 609 C1 java.lang.ClassLoader.loadClass(Ljava/lang/String;Z)Ljava/lang/Class; (122 bytes) @ 0x01e5984c [0x01e595f0+0x25c]
j  sun.misc.Launcher$AppClassLoader.loadClass(Ljava/lang/String;Z)Ljava/lang/Class;+81
j  java.lang.ClassLoader.loadClass(Ljava/lang/String;)Ljava/lang/Class;+3
v  ~StubRoutines::call_stub
V  [jvm.dll+0x15c065]
V  [jvm.dll+0x223ade]
V  [jvm.dll+0x15c0fe]
V  [jvm.dll+0x15c286]
V  [jvm.dll+0x15c36f]
V  [jvm.dll+0x513d5]
V  [jvm.dll+0x5187a]
V  [jvm.dll+0x52ac0]
V  [jvm.dll+0x52b0a]
V  [jvm.dll+0x1030f6]
C  [verify.dll+0x1638]
C  [verify.dll+0x1dbe]
C  [verify.dll+0x2cda]
C  0x1594ef54

Java frames: (J=compiled Java code, j=interpreted, Vv=VM code)
j  java.io.WinNTFileSystem.getBooleanAttributes(Ljava/io/File;)I+0
j  java.io.File.exists()Z+29
j  java.io.WinNTFileSystem.canonicalize(Ljava/lang/String;)Ljava/lang/String;+345
j  java.io.File.getCanonicalPath()Ljava/lang/String;+27
j  java.io.FilePermission$1.run()Ljava/lang/String;+103
j  java.io.FilePermission$1.run()Ljava/lang/Object;+1
v  ~StubRoutines::call_stub
J 411  java.security.AccessController.doPrivileged(Ljava/security/PrivilegedAction;)Ljava/lang/Object; (0 bytes) @ 0x01df6df0 [0x01df6da0+0x50]
j  java.io.FilePermission.init(I)V+97
j  java.io.FilePermission.<init>(Ljava/lang/String;Ljava/lang/String;)V+10
j  sun.net.www.protocol.file.FileURLConnection.getPermission()Ljava/security/Permission;+59
j  java.net.URLClassLoader.getPermissions(Ljava/security/CodeSource;)Ljava/security/PermissionCollection;+19
j  sun.misc.Launcher$AppClassLoader.getPermissions(Ljava/security/CodeSource;)Ljava/security/PermissionCollection;+2
j  java.security.SecureClassLoader.getProtectionDomain(Ljava/security/CodeSource;)Ljava/security/ProtectionDomain;+33
j  java.security.SecureClassLoader.defineClass(Ljava/lang/String;[BIILjava/security/CodeSource;)Ljava/lang/Class;+9
j  java.net.URLClassLoader.defineClass(Ljava/lang/String;Lsun/misc/Resource;)Ljava/lang/Class;+138
j  java.net.URLClassLoader.access$100(Ljava/net/URLClassLoader;Ljava/lang/String;Lsun/misc/Resource;)Ljava/lang/Class;+3
j  java.net.URLClassLoader$1.run()Ljava/lang/Class;+43
j  java.net.URLClassLoader$1.run()Ljava/lang/Object;+1
v  ~StubRoutines::call_stub
j  java.security.AccessController.doPrivileged(Ljava/security/PrivilegedExceptionAction;Ljava/security/AccessControlContext;)Ljava/lang/Object;+0
j  java.net.URLClassLoader.findClass(Ljava/lang/String;)Ljava/lang/Class;+13
J 609 C1 java.lang.ClassLoader.loadClass(Ljava/lang/String;Z)Ljava/lang/Class; (122 bytes) @ 0x01e5984c [0x01e595f0+0x25c]
j  sun.misc.Launcher$AppClassLoader.loadClass(Ljava/lang/String;Z)Ljava/lang/Class;+81
j  java.lang.ClassLoader.loadClass(Ljava/lang/String;)Ljava/lang/Class;+3
v  ~StubRoutines::call_stub
j  com.mashape.unirest.request.HttpRequestWithBody.field(Ljava/lang/String;Ljava/lang/Object;Ljava/lang/String;)Lcom/mashape/unirest/request/body/MultipartBody;+0
j  com.mashape.unirest.request.HttpRequestWithBody.field(Ljava/lang/String;Ljava/lang/Object;)Lcom/mashape/unirest/request/body/MultipartBody;+4
j  FingerprintUI.postUserDetailsToServer(Ljava/lang/String;Ljava/lang/String;Ljava/lang/String;Ljava/lang/String;Ljava/lang/String;Ljava/lang/String;Ljava/lang/String;)V+42
j  FingerprintUI.access$1400(LFingerprintUI;Ljava/lang/String;Ljava/lang/String;Ljava/lang/String;Ljava/lang/String;Ljava/lang/String;Ljava/lang/String;Ljava/lang/String;)V+12
j  FingerprintUI$2.fpsmessage()V+1316
j  FingerprintUI$2.run()V+1
j  java.util.TimerThread.mainLoop()V+221
j  java.util.TimerThread.run()V+1
v  ~StubRoutines::call_stub

---------------  P R O C E S S  ---------------

Java Threads: ( => current thread )
  0x16f0d800 JavaThread "Thread-4" daemon [_thread_blocked, id=7508, stack(0x16bc0000,0x16c10000)]
  0x16e10000 JavaThread "TimerQueue" daemon [_thread_blocked, id=4028, stack(0x16c50000,0x16ca0000)]
  0x0022c800 JavaThread "DestroyJavaVM" [_thread_blocked, id=4844, stack(0x00c90000,0x00ce0000)]
  0x15489c00 JavaThread "AWT-EventQueue-0" [_thread_blocked, id=5736, stack(0x149b0000,0x14a00000)]
=>0x15451800 JavaThread "Timer-0" [_thread_in_native, id=2284, stack(0x15900000,0x15950000)]
  0x1543a400 JavaThread "AWT-Windows" daemon [_thread_in_native, id=936, stack(0x15960000,0x159b0000)]
  0x15439800 JavaThread "AWT-Shutdown" [_thread_blocked, id=7028, stack(0x15880000,0x158d0000)]
  0x15436c00 JavaThread "Java2D Disposer" daemon [_thread_blocked, id=1060, stack(0x01040000,0x01090000)]
  0x005ecc00 JavaThread "Service Thread" daemon [_thread_blocked, id=4836, stack(0x15180000,0x151d0000)]
  0x005c4800 JavaThread "C1 CompilerThread0" daemon [_thread_blocked, id=3332, stack(0x03ce0000,0x03d30000)]
  0x005c3800 JavaThread "Attach Listener" daemon [_thread_blocked, id=3728, stack(0x150e0000,0x15130000)]
  0x005c0800 JavaThread "Signal Dispatcher" daemon [_thread_blocked, id=2736, stack(0x15040000,0x15090000)]
  0x005b4400 JavaThread "Finalizer" daemon [_thread_blocked, id=1248, stack(0x14fe0000,0x15030000)]
  0x00555c00 JavaThread "Reference Handler" daemon [_thread_blocked, id=4172, stack(0x148a0000,0x148f0000)]

Other Threads:
  0x00553400 VMThread [stack: 0x03d80000,0x03dd0000] [id=8168]
  0x005ef800 WatcherThread [stack: 0x152c0000,0x15310000] [id=8004]

VM state:not at safepoint (normal execution)

VM Mutex/Monitor currently owned by a thread: None

Heap:
 def new generation   total 8512K, used 2392K [0x03e00000, 0x04730000, 0x09350000)
  eden space 7616K,  31% used [0x03e00000, 0x04056090, 0x04570000)
  from space 896K,   0% used [0x04570000, 0x04570000, 0x04650000)
  to   space 896K,   0% used [0x04650000, 0x04650000, 0x04730000)
 tenured generation   total 18728K, used 11235K [0x09350000, 0x0a59a000, 0x13e00000)
   the space 18728K,  59% used [0x09350000, 0x09e48ff8, 0x09e49000, 0x0a59a000)
 Metaspace       used 4014K, capacity 4248K, committed 4288K, reserved 4480K

Card table byte_map: [0x00fb0000,0x01040000] byte_map_base: 0x00f91000

Polling page: 0x00270000

CodeCache: size=32768Kb used=2062Kb max_used=2062Kb free=30705Kb
 bounds [0x01ce0000, 0x01ee8000, 0x03ce0000]
 total_blobs=1239 nmethods=976 adapters=192
 compilation: enabled

Compilation events (10 events):
Event: 217.859 Thread 0x005c4800  985             javax.swing.GroupLayout$ComponentSpring::isVisible (15 bytes)
Event: 217.860 Thread 0x005c4800 nmethod 985 0x01ee2fc8 code [0x01ee30d0, 0x01ee317c]
Event: 217.860 Thread 0x005c4800  986             javax.swing.GroupLayout$ComponentInfo::isVisible (5 bytes)
Event: 217.860 Thread 0x005c4800 nmethod 986 0x01ee3248 code [0x01ee3340, 0x01ee33c0]
Event: 218.918 Thread 0x005c4800  987             java.awt.Dimension::<init> (15 bytes)
Event: 218.919 Thread 0x005c4800 nmethod 987 0x01ee3408 code [0x01ee3500, 0x01ee3580]
Event: 218.924 Thread 0x005c4800  988             java.awt.geom.RectIterator::currentSegment (129 bytes)
Event: 218.927 Thread 0x005c4800 nmethod 988 0x01ee35c8 code [0x01ee36e0, 0x01ee3938]
Event: 219.783 Thread 0x005c4800  989             java.awt.geom.AffineTransform::<init> (69 bytes)
Event: 219.784 Thread 0x005c4800 nmethod 989 0x01ee3ac8 code [0x01ee3bc0, 0x01ee3c90]

GC Heap History (10 events):
Event: 6.514 GC heap before
{Heap before GC invocations=8 (full 0):
 def new generation   total 4928K, used 4928K [0x03e00000, 0x04350000, 0x09350000)
  eden space 4416K, 100% used [0x03e00000, 0x04250000, 0x04250000)
  from space 512K, 100% used [0x04250000, 0x042d0000, 0x042d0000)
  to   space 512K,   0% used [0x042d0000, 0x042d0000, 0x04350000)
 tenured generation   total 10944K, used 9564K [0x09350000, 0x09e00000, 0x13e00000)
   the space 10944K,  87% used [0x09350000, 0x09ca7260, 0x09ca7400, 0x09e00000)
 Metaspace       used 3350K, capacity 3770K, committed 3776K, reserved 4480K
Event: 6.520 GC heap after
Heap after GC invocations=9 (full 0):
 def new generation   total 4928K, used 512K [0x03e00000, 0x04350000, 0x09350000)
  eden space 4416K,   0% used [0x03e00000, 0x03e00000, 0x04250000)
  from space 512K, 100% used [0x042d0000, 0x04350000, 0x04350000)
  to   space 512K,   0% used [0x04250000, 0x04250000, 0x042d0000)
 tenured generation   total 10944K, used 10369K [0x09350000, 0x09e00000, 0x13e00000)
   the space 10944K,  94% used [0x09350000, 0x09d70750, 0x09d70800, 0x09e00000)
 Metaspace       used 3350K, capacity 3770K, committed 3776K, reserved 4480K
}
Event: 202.753 GC heap before
{Heap before GC invocations=9 (full 0):
 def new generation   total 4928K, used 4928K [0x03e00000, 0x04350000, 0x09350000)
  eden space 4416K, 100% used [0x03e00000, 0x04250000, 0x04250000)
  from space 512K, 100% used [0x042d0000, 0x04350000, 0x04350000)
  to   space 512K,   0% used [0x04250000, 0x04250000, 0x042d0000)
 tenured generation   total 10944K, used 10369K [0x09350000, 0x09e00000, 0x13e00000)
   the space 10944K,  94% used [0x09350000, 0x09d70750, 0x09d70800, 0x09e00000)
 Metaspace       used 3879K, capacity 4117K, committed 4160K, reserved 4480K
Event: 202.758 GC heap after
Heap after GC invocations=10 (full 0):
 def new generation   total 4928K, used 512K [0x03e00000, 0x04350000, 0x09350000)
  eden space 4416K,   0% used [0x03e00000, 0x03e00000, 0x04250000)
  from space 512K, 100% used [0x04250000, 0x042d0000, 0x042d0000)
  to   space 512K,   0% used [0x042d0000, 0x042d0000, 0x04350000)
 tenured generation   total 10944K, used 10552K [0x09350000, 0x09e00000, 0x13e00000)
   the space 10944K,  96% used [0x09350000, 0x09d9e0e8, 0x09d9e200, 0x09e00000)
 Metaspace       used 3879K, capacity 4117K, committed 4160K, reserved 4480K
}
Event: 204.876 GC heap before
{Heap before GC invocations=10 (full 0):
 def new generation   total 4928K, used 4928K [0x03e00000, 0x04350000, 0x09350000)
  eden space 4416K, 100% used [0x03e00000, 0x04250000, 0x04250000)
  from space 512K, 100% used [0x04250000, 0x042d0000, 0x042d0000)
  to   space 512K,   0% used [0x042d0000, 0x042d0000, 0x04350000)
 tenured generation   total 10944K, used 10552K [0x09350000, 0x09e00000, 0x13e00000)
   the space 10944K,  96% used [0x09350000, 0x09d9e0e8, 0x09d9e200, 0x09e00000)
 Metaspace       used 3985K, capacity 4251K, committed 4288K, reserved 4480K
Event: 204.883 GC heap after
Heap after GC invocations=11 (full 0):
 def new generation   total 4928K, used 209K [0x03e00000, 0x04350000, 0x09350000)
  eden space 4416K,   0% used [0x03e00000, 0x03e00000, 0x04250000)
  from space 512K,  40% used [0x042d0000, 0x04304428, 0x04350000)
  to   space 512K,   0% used [0x04250000, 0x04250000, 0x042d0000)
 tenured generation   total 10944K, used 10736K [0x09350000, 0x09e00000, 0x13e00000)
   the space 10944K,  98% used [0x09350000, 0x09dcc320, 0x09dcc400, 0x09e00000)
 Metaspace       used 3985K, capacity 4251K, committed 4288K, reserved 4480K
}
Event: 204.934 GC heap before
{Heap before GC invocations=11 (full 0):
 def new generation   total 4928K, used 4625K [0x03e00000, 0x04350000, 0x09350000)
  eden space 4416K, 100% used [0x03e00000, 0x04250000, 0x04250000)
  from space 512K,  40% used [0x042d0000, 0x04304428, 0x04350000)
  to   space 512K,   0% used [0x04250000, 0x04250000, 0x042d0000)
 tenured generation   total 10944K, used 10736K [0x09350000, 0x09e00000, 0x13e00000)
   the space 10944K,  98% used [0x09350000, 0x09dcc320, 0x09dcc400, 0x09e00000)
 Metaspace       used 3985K, capacity 4251K, committed 4288K, reserved 4480K
Event: 204.936 GC heap after
Heap after GC invocations=12 (full 0):
 def new generation   total 4928K, used 201K [0x03e00000, 0x04350000, 0x09350000)
  eden space 4416K,   0% used [0x03e00000, 0x03e00000, 0x04250000)
  from space 512K,  39% used [0x04250000, 0x04282660, 0x042d0000)
  to   space 512K,   0% used [0x042d0000, 0x042d0000, 0x04350000)
 tenured generation   total 10944K, used 10736K [0x09350000, 0x09e00000, 0x13e00000)
   the space 10944K,  98% used [0x09350000, 0x09dcc320, 0x09dcc400, 0x09e00000)
 Metaspace       used 3985K, capacity 4251K, committed 4288K, reserved 4480K
}
Event: 217.218 GC heap before
{Heap before GC invocations=12 (full 0):
 def new generation   total 4928K, used 4494K [0x03e00000, 0x04350000, 0x09350000)
  eden space 4416K,  97% used [0x03e00000, 0x042314a8, 0x04250000)
  from space 512K,  39% used [0x04250000, 0x04282660, 0x042d0000)
  to   space 512K,   0% used [0x042d0000, 0x042d0000, 0x04350000)
 tenured generation   total 10944K, used 10736K [0x09350000, 0x09e00000, 0x13e00000)
   the space 10944K,  98% used [0x09350000, 0x09dcc320, 0x09dcc400, 0x09e00000)
 Metaspace       used 4017K, capacity 4251K, committed 4288K, reserved 4480K
Event: 217.337 GC heap after
Heap after GC invocations=13 (full 1):
 def new generation   total 8512K, used 76K [0x03e00000, 0x04730000, 0x09350000)
  eden space 7616K,   1% used [0x03e00000, 0x03e13378, 0x04570000)
  from space 896K,   0% used [0x04570000, 0x04570000, 0x04650000)
  to   space 896K,   0% used [0x04650000, 0x04650000, 0x04730000)
 tenured generation   total 18728K, used 11235K [0x09350000, 0x0a59a000, 0x13e00000)
   the space 18728K,  59% used [0x09350000, 0x09e48ff8, 0x09e49000, 0x0a59a000)
 Metaspace       used 3996K, capacity 4216K, committed 4288K, reserved 4480K
}

Deoptimization events (0 events):
No events

Classes redefined (0 events):
No events

Internal exceptions (10 events):
Event: 0.361 Thread 0x0022c800 Exception <a 'java/security/PrivilegedActionException'> (0x03eec358) thrown at [C:\workspace\8-2-build-windows-i586-cygwin\jdk8u181\11358\hotspot\src\share\vm\prims\jvm.cpp, line 1435]
Event: 0.365 Thread 0x0022c800 Exception <a 'java/io/FileNotFoundException'> (0x03eee0d0) thrown at [C:\workspace\8-2-build-windows-i586-cygwin\jdk8u181\11358\hotspot\src\share\vm\prims\jni.cpp, line 709]
Event: 0.437 Thread 0x0022c800 Exception <a 'java/lang/NoSuchFieldError': method resolution failed> (0x03faba30) thrown at [C:\workspace\8-2-build-windows-i586-cygwin\jdk8u181\11358\hotspot\src\share\vm\prims\methodHandles.cpp, line 1167]
Event: 0.442 Thread 0x0022c800 Exception <a 'java/lang/NoSuchFieldError': method resolution failed> (0x03fb7bd0) thrown at [C:\workspace\8-2-build-windows-i586-cygwin\jdk8u181\11358\hotspot\src\share\vm\prims\methodHandles.cpp, line 1167]
Event: 0.498 Thread 0x0022c800 Exception <a 'java/io/FileNotFoundException'> (0x04043e38) thrown at [C:\workspace\8-2-build-windows-i586-cygwin\jdk8u181\11358\hotspot\src\share\vm\prims\jni.cpp, line 709]
Event: 5.621 Thread 0x15489c00 Exception <a 'java/lang/NoClassDefFoundError': org/apache/log4j/Category> (0x03f65430) thrown at [C:\workspace\8-2-build-windows-i586-cygwin\jdk8u181\11358\hotspot\src\share\vm\classfile\systemDictionary.cpp, line 199]
Event: 157.764 Thread 0x15489c00 Exception <a 'java/lang/NullPointerException'> (0x0422f0f8) thrown at [C:\workspace\8-2-build-windows-i586-cygwin\jdk8u181\11358\hotspot\src\share\vm\prims\jvm.cpp, line 1439]
Event: 157.764 Thread 0x15489c00 Exception <a 'java/lang/NullPointerException'> (0x0422f0f8) thrown at [C:\workspace\8-2-build-windows-i586-cygwin\jdk8u181\11358\hotspot\src\share\vm\prims\jvm.cpp, line 1439]
Event: 209.556 Thread 0x15451800 Exception <a 'java/net/SocketTimeoutException': Read timed out> (0x04198c68) thrown at [C:\workspace\8-2-build-windows-i586-cygwin\jdk8u181\11358\hotspot\src\share\vm\prims\jni.cpp, line 735]
Event: 217.762 Thread 0x15451800 Exception <a 'java/net/SocketTimeoutException': Read timed out> (0x03e5e668) thrown at [C:\workspace\8-2-build-windows-i586-cygwin\jdk8u181\11358\hotspot\src\share\vm\prims\jni.cpp, line 735]

Events (10 events):
Event: 221.593 loading class java/util/prefs/Base64
Event: 221.594 loading class java/util/prefs/Base64 done
Event: 221.665 loading class com/mashape/unirest/request/HttpRequestWithBody
Event: 221.666 loading class com/mashape/unirest/request/HttpRequestWithBody done
Event: 221.673 loading class com/mashape/unirest/request/body/Body
Event: 221.673 loading class com/mashape/unirest/request/body/Body done
Event: 221.677 loading class com/mashape/unirest/request/body/MultipartBody
Event: 221.677 loading class com/mashape/unirest/request/body/MultipartBody done
Event: 221.681 loading class org/apache/http/entity/mime/content/ContentBody
Event: 221.681 loading class org/apache/http/entity/mime/content/ContentBody done


Dynamic libraries:
0x010a0000 - 0x010d3000 	C:\Program Files\Java\jdk1.8.0_181\bin\java.exe
0x77540000 - 0x7767c000 	C:\Windows\SYSTEM32\ntdll.dll
0x75a50000 - 0x75b24000 	C:\Windows\system32\kernel32.dll
0x75880000 - 0x758ca000 	C:\Windows\system32\KERNELBASE.dll
0x770d0000 - 0x77170000 	C:\Windows\system32\ADVAPI32.dll
0x776c0000 - 0x7776c000 	C:\Windows\system32\msvcrt.dll
0x75990000 - 0x759a9000 	C:\Windows\SYSTEM32\sechost.dll
0x77020000 - 0x770c1000 	C:\Windows\system32\RPCRT4.dll
0x75d10000 - 0x75dd9000 	C:\Windows\system32\USER32.dll
0x761c0000 - 0x7620e000 	C:\Windows\system32\GDI32.dll
0x76210000 - 0x7621a000 	C:\Windows\system32\LPK.dll
0x759b0000 - 0x75a4d000 	C:\Windows\system32\USP10.dll
0x74620000 - 0x747be000 	C:\Windows\WinSxS\x86_microsoft.windows.common-controls_6595b64144ccf1df_6.0.7600.16385_none_421189da2b7fabfc\COMCTL32.dll
0x77170000 - 0x771c7000 	C:\Windows\system32\SHLWAPI.dll
0x75cf0000 - 0x75d0f000 	C:\Windows\system32\IMM32.DLL
0x75c20000 - 0x75cec000 	C:\Windows\system32\MSCTF.dll
0x68050000 - 0x6810f000 	C:\Program Files\Java\jdk1.8.0_181\jre\bin\msvcr100.dll
0x67950000 - 0x67d23000 	C:\Program Files\Java\jdk1.8.0_181\jre\bin\client\jvm.dll
0x6c5c0000 - 0x6c5c7000 	C:\Windows\system32\WSOCK32.dll
0x75f40000 - 0x75f75000 	C:\Windows\system32\WS2_32.dll
0x75c10000 - 0x75c16000 	C:\Windows\system32\NSI.dll
0x70530000 - 0x70562000 	C:\Windows\system32\WINMM.dll
0x74b90000 - 0x74b99000 	C:\Windows\system32\VERSION.dll
0x76220000 - 0x76225000 	C:\Windows\system32\PSAPI.DLL
0x6be90000 - 0x6be9c000 	C:\Program Files\Java\jdk1.8.0_181\jre\bin\verify.dll
0x6a890000 - 0x6a8b2000 	C:\Program Files\Java\jdk1.8.0_181\jre\bin\java.dll
0x6a870000 - 0x6a884000 	C:\Program Files\Java\jdk1.8.0_181\jre\bin\zip.dll
0x76230000 - 0x76e79000 	C:\Windows\system32\SHELL32.dll
0x75de0000 - 0x75f3c000 	C:\Windows\system32\ole32.dll
0x75690000 - 0x7569b000 	C:\Windows\system32\profapi.dll
0x67f00000 - 0x68047000 	C:\Program Files\Java\jdk1.8.0_181\jre\bin\awt.dll
0x774b0000 - 0x7753f000 	C:\Windows\system32\OLEAUT32.dll
0x74170000 - 0x74183000 	C:\Windows\system32\DWMAPI.DLL
0x6c6c0000 - 0x6c788000 	C:\Windows\system32\opengl32.dll
0x6c690000 - 0x6c6b2000 	C:\Windows\system32\GLU32.dll
0x6b860000 - 0x6b947000 	C:\Windows\system32\DDRAW.dll
0x6c680000 - 0x6c686000 	C:\Windows\system32\DCIMAN32.dll
0x76e80000 - 0x7701d000 	C:\Windows\system32\SETUPAPI.dll
0x758d0000 - 0x758f7000 	C:\Windows\system32\CFGMGR32.dll
0x75710000 - 0x75722000 	C:\Windows\system32\DEVOBJ.dll
0x74470000 - 0x744b0000 	C:\Windows\system32\uxtheme.dll
0x755e0000 - 0x755ec000 	C:\Windows\system32\CRYPTBASE.dll
0x6a800000 - 0x6a839000 	C:\Program Files\Java\jdk1.8.0_181\jre\bin\fontmanager.dll
0x77220000 - 0x772a3000 	C:\Windows\system32\CLBCatQ.DLL
0x73f30000 - 0x7402b000 	C:\Windows\system32\WindowsCodecs.dll
0x75590000 - 0x755db000 	C:\Windows\system32\apphelp.dll
0x715f0000 - 0x71621000 	C:\Windows\system32\EhStorShell.dll
0x744b0000 - 0x745a5000 	C:\Windows\system32\PROPSYS.dll
0x661c0000 - 0x663dd000 	C:\PROGRA~1\MICROS~1\Office12\GR469A~1.DLL
0x68ef0000 - 0x68fe1000 	C:\PROGRA~1\MICROS~1\Office12\GrooveUtil.DLL
0x760c0000 - 0x761b4000 	C:\Windows\system32\WININET.dll
0x776b0000 - 0x776b3000 	C:\Windows\system32\Normaliz.dll
0x75f80000 - 0x760b5000 	C:\Windows\system32\urlmon.dll
0x75760000 - 0x7587c000 	C:\Windows\system32\CRYPT32.dll
0x75700000 - 0x7570c000 	C:\Windows\system32\MSASN1.dll
0x772b0000 - 0x774a9000 	C:\Windows\system32\iertutil.dll
0x70e70000 - 0x70f0b000 	C:\Windows\WinSxS\x86_microsoft.vc80.crt_1fc8b3b9a1e18e3b_8.0.50727.4927_none_d08a205e442db5b5\MSVCR80.dll
0x68ff0000 - 0x68ff7000 	C:\PROGRA~1\MICROS~1\Office12\GrooveNew.DLL
0x7c630000 - 0x7c64b000 	C:\Windows\WinSxS\x86_microsoft.vc80.atl_1fc8b3b9a1e18e3b_8.0.50727.42_none_dc990e4797f81af1\ATL80.DLL
0x75110000 - 0x75126000 	C:\Windows\system32\CRYPTSP.dll
0x74eb0000 - 0x74eeb000 	C:\Windows\system32\rsaenh.dll
0x73cf0000 - 0x73cf5000 	C:\Windows\system32\MSImg32.dll
0x70ac0000 - 0x70b2a000 	C:\Windows\System32\cscui.dll
0x70ab0000 - 0x70ab9000 	C:\Windows\System32\CSCDLL.dll
0x70aa0000 - 0x70aab000 	C:\Windows\system32\CSCAPI.dll
0x70a30000 - 0x70a9f000 	C:\Windows\system32\ntshrui.dll
0x754c0000 - 0x754d9000 	C:\Windows\system32\srvcli.dll
0x73ba0000 - 0x73baa000 	C:\Windows\system32\slc.dll
0x6a850000 - 0x6a865000 	C:\Program Files\Java\jdk1.8.0_181\jre\bin\net.dll
0x750d0000 - 0x7510c000 	C:\Windows\system32\mswsock.dll
0x750c0000 - 0x750c6000 	C:\Windows\System32\wship6.dll
0x6a840000 - 0x6a84f000 	C:\Program Files\Java\jdk1.8.0_181\jre\bin\nio.dll
0x68c00000 - 0x68c32000 	C:\Program Files\Java\jdk1.8.0_181\jre\bin\t2k.dll
0x74cf0000 - 0x74d07000 	C:\Windows\system32\USERENV.dll
0x737a0000 - 0x737bc000 	C:\Windows\system32\IPHLPAPI.DLL
0x73790000 - 0x73797000 	C:\Windows\system32\WINNSI.DLL
0x73640000 - 0x73652000 	C:\Windows\system32\dhcpcsvc.DLL
0x73440000 - 0x7344d000 	C:\Windows\system32\dhcpcsvc6.DLL
0x5b850000 - 0x5b888000 	C:\Users\Admin\AppData\Local\Temp\jna-63116079\jna4106428018409976298.dll
0x15810000 - 0x15859000 	C:\Windows\system32\fpengine.dll
0x15290000 - 0x152ba000 	C:\Windows\system32\fpcore32.dll
0x704d0000 - 0x70521000 	C:\Windows\system32\WINSPOOL.DRV
0x73d90000 - 0x73d97000 	C:\Windows\system32\WINUSB.DLL
0x742e0000 - 0x74470000 	C:\Windows\WinSxS\x86_microsoft.windows.gdiplus_6595b64144ccf1df_1.1.7600.16385_none_72fc7cbf861225ca\gdiplus.dll
0x75730000 - 0x7575d000 	C:\Windows\system32\WINTRUST.dll
0x6b500000 - 0x6b520000 	C:\Program Files\Java\jdk1.8.0_181\jre\bin\sunec.dll
0x673c0000 - 0x674ab000 	C:\Windows\system32\dbghelp.dll

VM Arguments:
jvm_args: -Dfile.encoding=UTF-8 
java_command: FingerprintUI
java_class_path (initial): C:\Users\Admin\Downloads\unirest-java-1.4.9.jar;C:\Users\Admin\Downloads\jna-4.5.2.jar;C:\Users\Admin\Downloads\org.json.jar\org.json.jar;C:\Users\Admin\Downloads\org-apache-commons-codec.jar\org-apache-commons-codec.jar;C:\Users\Admin\Downloads\httpcore-4.4.9.jar;C:\Users\Admin\Downloads\httpclient-4.5.5.jar;C:\Users\Admin\Downloads\httpcore-nio-4.4.10.jar;C:\Users\Admin\Downloads\httpasyncclient-4.0-beta4.jar\httpasyncclient-4.0-beta4.jar;C:\Users\Admin\Downloads\commons-logging-1.1.2.jar;C:\Users\Admin\Downloads\httpmime-4.5.6.jar;C:\Users\Admin\Documents\NetBeansProjects\FingerRegistrationV2\build\classes
Launcher Type: SUN_STANDARD

Environment Variables:
PATH=C:\Program Files\Common Files\Oracle\Java\javapath;C:\Windows\system32;C:\Windows;C:\Windows\System32\Wbem;C:\Windows\System32\WindowsPowerShell\v1.0\;C:\Program Files\Git\cmd;C:\Program Files\Neurotechnology\FreeFingerprintVerificationSDK 1.0\bin\Win32_x86;C:\Program Files\nodejs\;C:\Users\Admin\AppData\Roaming\npm
USERNAME=Admin
OS=Windows_NT
PROCESSOR_IDENTIFIER=x86 Family 6 Model 76 Stepping 4, GenuineIntel



---------------  S Y S T E M  ---------------

OS: Windows 7 Build 7600 (6.1.7600.16385)

CPU:total 2 (initial active 2) (2 cores per cpu, 1 threads per core) family 6 model 76 stepping 4, cmov, cx8, fxsr, mmx, sse, sse2, sse3, ssse3, sse4.1, sse4.2, popcnt, aes, clmul, erms, 3dnowpref, tsc, tscinvbit

Memory: 4k page, physical 2008308k(559996k free), swap 4016616k(1758972k free)

vm_info: Java HotSpot(TM) Client VM (25.181-b13) for windows-x86 JRE (1.8.0_181-b13), built on Jul  7 2018 03:18:20 by "java_re" with MS VC++ 10.0 (VS2010)

time: Fri Aug 03 20:35:20 2018
elapsed time: 221 seconds (0d 0h 3m 41s)

