#
# A fatal error has been detected by the Java Runtime Environment:
#
#  EXCEPTION_ACCESS_VIOLATION (0xc0000005) at pc=0x77461ffe, pid=1696, tid=0x0000098c
#
# JRE version: Java(TM) SE Runtime Environment (8.0_181-b13) (build 1.8.0_181-b13)
# Java VM: Java HotSpot(TM) Client VM (25.181-b13 mixed mode, sharing windows-x86 )
# Problematic frame:
# C  [ntdll.dll+0x51ffe]
#
# Failed to write core dump. Minidumps are not enabled by default on client versions of Windows
#
# If you would like to submit a bug report, please visit:
#   http://bugreport.java.com/bugreport/crash.jsp
# The crash happened outside the Java Virtual Machine in native code.
# See problematic frame for where to report the bug.
#

---------------  T H R E A D  ---------------

Current thread (0x15393400):  JavaThread "AWT-EventQueue-0" [_thread_in_native, id=2444, stack(0x15e20000,0x15e70000)]

siginfo: ExceptionCode=0xc0000005, reading address 0x362cd0b3

Registers:
EAX=0x3f9e2920, EBX=0x16708788, ECX=0x001c0000, EDX=0x16708788
ESP=0x15e6dfb4, EBP=0x15e6dfe8, ESI=0x362cd0af, EDI=0x16708780
EIP=0x77461ffe, EFLAGS=0x00010206

Top of Stack: (sp=0x15e6dfb4)
0x15e6dfb4:   00000000 001c0000 16708788 00001558
0x15e6dfc4:   00000000 00000000 00000000 00000000
0x15e6dfd4:   00000000 00000000 00000000 00000023
0x15e6dfe4:   16708780 15e6e000 77461faf 15e6e0b8
0x15e6dff4:   15393540 16708788 16708780 15e6e014
0x15e6e004:   7684f1ac 001c0000 00000000 16708788
0x15e6e014:   15e6e028 66d0016a 001c0000 00000000
0x15e6e024:   16708788 6629a788 6c296789 16708788 

Instructions: (pc=0x77461ffe)
0x77461fde:   7a f8 80 7f 07 05 0f 84 58 df 03 00 8b 07 8b f7
0x77461fee:   c1 ee 03 33 f0 33 35 dc 71 4e 77 89 7d fc 33 f1
0x77461ffe:   8b 46 04 89 45 f4 c6 47 07 80 c6 47 06 00 8b 5e
0x7746200e:   08 8b 4e 0c 89 5d e0 83 c3 01 89 4d e4 83 d1 01 


Register to memory mapping:

EAX=0x3f9e2920 is an unknown value
EBX=0x16708788 is an unknown value
ECX=0x001c0000 is an unknown value
EDX=0x16708788 is an unknown value
ESP=0x15e6dfb4 is pointing into the stack for thread: 0x15393400
EBP=0x15e6dfe8 is pointing into the stack for thread: 0x15393400
ESI=0x362cd0af is an unknown value
EDI=0x16708780 is an unknown value


Stack: [0x15e20000,0x15e70000],  sp=0x15e6dfb4,  free space=311k
Native frames: (J=compiled Java code, j=interpreted, Vv=VM code, C=native code)
C  [ntdll.dll+0x51ffe]
C  [ntdll.dll+0x51faf]
C  [kernel32.dll+0x4f1ac]
C  [msvcr100.dll+0x1016a]
C  [fontmanager.dll+0x6789]

Java frames: (J=compiled Java code, j=interpreted, Vv=VM code)
j  sun.java2d.loops.DrawGlyphListLCD.DrawGlyphListLCD(Lsun/java2d/SunGraphics2D;Lsun/java2d/SurfaceData;Lsun/font/GlyphList;)V+0
j  sun.java2d.pipe.LCDTextRenderer.drawGlyphList(Lsun/java2d/SunGraphics2D;Lsun/font/GlyphList;)V+13
j  sun.java2d.pipe.GlyphListPipe.drawChars(Lsun/java2d/SunGraphics2D;[CIIII)V+165
j  sun.java2d.pipe.ValidatePipe.drawChars(Lsun/java2d/SunGraphics2D;[CIIII)V+21
j  sun.java2d.SunGraphics2D.drawChars([CIIII)V+106
j  sun.swing.SwingUtilities2.drawChars(Ljavax/swing/JComponent;Ljava/awt/Graphics;[CIIII)I+328
j  javax.swing.text.Utilities.drawTabbedText(Ljavax/swing/text/View;Ljavax/swing/text/Segment;IILjava/awt/Graphics;Ljavax/swing/text/TabExpander;I[I)I+401
j  javax.swing.text.Utilities.drawTabbedText(Ljavax/swing/text/View;Ljavax/swing/text/Segment;IILjava/awt/Graphics;Ljavax/swing/text/TabExpander;I)I+11
j  javax.swing.text.PlainView.drawUnselectedText(Ljava/awt/Graphics;IIII)I+44
j  javax.swing.text.PlainView.drawElement(ILjavax/swing/text/Element;Ljava/awt/Graphics;II)I+135
j  javax.swing.text.PlainView.drawLine(ILjava/awt/Graphics;II)V+30
j  javax.swing.text.PlainView.paint(Ljava/awt/Graphics;Ljava/awt/Shape;)V+424
j  javax.swing.text.FieldView.paint(Ljava/awt/Graphics;Ljava/awt/Shape;)V+28
j  javax.swing.plaf.basic.BasicTextUI$RootView.paint(Ljava/awt/Graphics;Ljava/awt/Shape;)V+48
j  javax.swing.plaf.basic.BasicTextUI.paintSafely(Ljava/awt/Graphics;)V+65
j  javax.swing.plaf.basic.BasicTextUI.paint(Ljava/awt/Graphics;Ljavax/swing/JComponent;)V+45
j  javax.swing.plaf.basic.BasicTextUI.update(Ljava/awt/Graphics;Ljavax/swing/JComponent;)V+3
j  javax.swing.JComponent.paintComponent(Ljava/awt/Graphics;)V+26
j  javax.swing.JComponent.paint(Ljava/awt/Graphics;)V+286
j  javax.swing.JComponent.paintToOffscreen(Ljava/awt/Graphics;IIIIII)V+41
j  javax.swing.RepaintManager$PaintManager.paintDoubleBuffered(Ljavax/swing/JComponent;Ljava/awt/Image;Ljava/awt/Graphics;IIII)V+163
j  javax.swing.RepaintManager$PaintManager.paint(Ljavax/swing/JComponent;Ljavax/swing/JComponent;Ljava/awt/Graphics;IIII)Z+116
j  javax.swing.RepaintManager.paint(Ljavax/swing/JComponent;Ljavax/swing/JComponent;Ljava/awt/Graphics;IIII)V+51
j  javax.swing.JComponent._paintImmediately(IIII)V+683
j  javax.swing.JComponent.paintImmediately(IIII)V+138
j  javax.swing.RepaintManager$4.run()Ljava/lang/Void;+81
j  javax.swing.RepaintManager$4.run()Ljava/lang/Object;+1
v  ~StubRoutines::call_stub
J 803  java.security.AccessController.doPrivileged(Ljava/security/PrivilegedAction;Ljava/security/AccessControlContext;)Ljava/lang/Object; (0 bytes) @ 0x01e90807 [0x01e907a0+0x67]
J 797 C1 java.security.ProtectionDomain$JavaSecurityAccessImpl.doIntersectionPrivilege(Ljava/security/PrivilegedAction;Ljava/security/AccessControlContext;Ljava/security/AccessControlContext;)Ljava/lang/Object; (22 bytes) @ 0x01e8f7c0 [0x01e8f6c0+0x100]
j  javax.swing.RepaintManager.paintDirtyRegions(Ljava/util/Map;)V+154
j  javax.swing.RepaintManager.paintDirtyRegions()V+46
j  javax.swing.RepaintManager.prePaintDirtyRegions()V+73
j  javax.swing.RepaintManager.access$1200(Ljavax/swing/RepaintManager;)V+1
j  javax.swing.RepaintManager$ProcessingRunnable.run()V+37
j  java.awt.event.InvocationEvent.dispatch()V+47
J 935 C1 java.awt.EventQueue.dispatchEventImpl(Ljava/awt/AWTEvent;Ljava/lang/Object;)V (149 bytes) @ 0x01ecfb4c [0x01ecf690+0x4bc]
J 892 C1 java.awt.EventQueue$3.run()Ljava/lang/Void; (60 bytes) @ 0x01ebde5c [0x01ebde00+0x5c]
J 891 C1 java.awt.EventQueue$3.run()Ljava/lang/Object; (5 bytes) @ 0x01ebdbe0 [0x01ebdbc0+0x20]
v  ~StubRoutines::call_stub
J 803  java.security.AccessController.doPrivileged(Ljava/security/PrivilegedAction;Ljava/security/AccessControlContext;)Ljava/lang/Object; (0 bytes) @ 0x01e90807 [0x01e907a0+0x67]
J 933 C1 java.awt.EventQueue.dispatchEvent(Ljava/awt/AWTEvent;)V (80 bytes) @ 0x01ece588 [0x01ece380+0x208]
J 887 C1 java.awt.EventDispatchThread.pumpOneEventForFilters(I)V (190 bytes) @ 0x01ebc158 [0x01ebbd60+0x3f8]
j  java.awt.EventDispatchThread.pumpEventsForFilter(ILjava/awt/Conditional;Ljava/awt/EventFilter;)V+35
j  java.awt.EventDispatchThread.pumpEventsForHierarchy(ILjava/awt/Conditional;Ljava/awt/Component;)V+11
j  java.awt.EventDispatchThread.pumpEvents(ILjava/awt/Conditional;)V+4
j  java.awt.EventDispatchThread.pumpEvents(Ljava/awt/Conditional;)V+3
j  java.awt.EventDispatchThread.run()V+9
v  ~StubRoutines::call_stub

---------------  P R O C E S S  ---------------

Java Threads: ( => current thread )
  0x166b6400 JavaThread "Thread-4" daemon [_thread_blocked, id=3956, stack(0x16e00000,0x16e50000)]
  0x00b0e800 JavaThread "TimerQueue" daemon [_thread_blocked, id=1028, stack(0x164e0000,0x16530000)]
  0x001cc800 JavaThread "DestroyJavaVM" [_thread_blocked, id=4100, stack(0x005a0000,0x005f0000)]
=>0x15393400 JavaThread "AWT-EventQueue-0" [_thread_in_native, id=2444, stack(0x15e20000,0x15e70000)]
  0x1535c000 JavaThread "Timer-0" [_thread_blocked, id=3928, stack(0x15ea0000,0x15ef0000)]
  0x15342c00 JavaThread "AWT-Windows" daemon [_thread_in_native, id=4020, stack(0x15760000,0x157b0000)]
  0x15342000 JavaThread "AWT-Shutdown" [_thread_blocked, id=7040, stack(0x15840000,0x15890000)]
  0x1533f400 JavaThread "Java2D Disposer" daemon [_thread_blocked, id=2820, stack(0x14990000,0x149e0000)]
  0x00ae7000 JavaThread "Service Thread" daemon [_thread_blocked, id=1772, stack(0x00d80000,0x00dd0000)]
  0x00ae4800 JavaThread "C1 CompilerThread0" daemon [_thread_blocked, id=7628, stack(0x151c0000,0x15210000)]
  0x00ae3800 JavaThread "Attach Listener" daemon [_thread_blocked, id=7560, stack(0x15090000,0x150e0000)]
  0x00ae0800 JavaThread "Signal Dispatcher" daemon [_thread_blocked, id=3952, stack(0x150f0000,0x15140000)]
  0x00ad4400 JavaThread "Finalizer" daemon [_thread_blocked, id=5024, stack(0x03d90000,0x03de0000)]
  0x00a75c00 JavaThread "Reference Handler" daemon [_thread_blocked, id=6184, stack(0x14940000,0x14990000)]

Other Threads:
  0x00a73800 VMThread [stack: 0x03d00000,0x03d50000] [id=188]
  0x00b18000 WatcherThread [stack: 0x15150000,0x151a0000] [id=7556]

VM state:not at safepoint (normal execution)

VM Mutex/Monitor currently owned by a thread: None

Heap:
 def new generation   total 8256K, used 2730K [0x03e00000, 0x046f0000, 0x09350000)
  eden space 7360K,  24% used [0x03e00000, 0x03fcabc8, 0x04530000)
  from space 896K, 100% used [0x04610000, 0x046f0000, 0x046f0000)
  to   space 896K,   0% used [0x04530000, 0x04530000, 0x04610000)
 tenured generation   total 18204K, used 11824K [0x09350000, 0x0a517000, 0x13e00000)
   the space 18204K,  64% used [0x09350000, 0x09edc070, 0x09edc200, 0x0a517000)
 Metaspace       used 3923K, capacity 4163K, committed 4288K, reserved 4480K

Card table byte_map: [0x00ce0000,0x00d70000] byte_map_base: 0x00cc1000

Polling page: 0x00190000

CodeCache: size=32768Kb used=2069Kb max_used=2069Kb free=30698Kb
 bounds [0x01ce0000, 0x01ee8000, 0x03ce0000]
 total_blobs=1239 nmethods=976 adapters=192
 compilation: enabled

Compilation events (10 events):
Event: 323.944 Thread 0x00ae4800 nmethod 983 0x01ee4b48 code [0x01ee4c40, 0x01ee4cc0]
Event: 324.310 Thread 0x00ae4800  984             java.awt.image.ColorModel::getTransparency (5 bytes)
Event: 324.311 Thread 0x00ae4800 nmethod 984 0x01ee4d08 code [0x01ee4e00, 0x01ee4e80]
Event: 324.415 Thread 0x00ae4800  985             java.awt.SequencedEvent$1::isSequencedEvent (5 bytes)
Event: 324.416 Thread 0x00ae4800 nmethod 985 0x01ee4ec8 code [0x01ee4fc0, 0x01ee5060]
Event: 324.707 Thread 0x00ae4800  986             java.lang.Thread::interrupted (8 bytes)
Event: 324.708 Thread 0x00ae4800 nmethod 986 0x01ee50c8 code [0x01ee51c0, 0x01ee525c]
Event: 324.937 Thread 0x00ae4800  987             sun.awt.AWTAccessor::getAWTEventAccessor (18 bytes)
Event: 324.938 Thread 0x00ae4800 nmethod 987 0x01ee52c8 code [0x01ee53d0, 0x01ee546c]
Event: 325.926 Thread 0x00ae4800  988             java.awt.Font::hashCode (76 bytes)

GC Heap History (10 events):
Event: 6.384 GC heap before
{Heap before GC invocations=6 (full 0):
 def new generation   total 4928K, used 4928K [0x03e00000, 0x04350000, 0x09350000)
  eden space 4416K, 100% used [0x03e00000, 0x04250000, 0x04250000)
  from space 512K, 100% used [0x04250000, 0x042d0000, 0x042d0000)
  to   space 512K,   0% used [0x042d0000, 0x042d0000, 0x04350000)
 tenured generation   total 10944K, used 7601K [0x09350000, 0x09e00000, 0x13e00000)
   the space 10944K,  69% used [0x09350000, 0x09abc750, 0x09abc800, 0x09e00000)
 Metaspace       used 2350K, capacity 3115K, committed 3136K, reserved 4480K
Event: 6.391 GC heap after
Heap after GC invocations=7 (full 0):
 def new generation   total 4928K, used 512K [0x03e00000, 0x04350000, 0x09350000)
  eden space 4416K,   0% used [0x03e00000, 0x03e00000, 0x04250000)
  from space 512K, 100% used [0x042d0000, 0x04350000, 0x04350000)
  to   space 512K,   0% used [0x04250000, 0x04250000, 0x042d0000)
 tenured generation   total 10944K, used 8223K [0x09350000, 0x09e00000, 0x13e00000)
   the space 10944K,  75% used [0x09350000, 0x09b57db8, 0x09b57e00, 0x09e00000)
 Metaspace       used 2350K, capacity 3115K, committed 3136K, reserved 4480K
}
Event: 6.534 GC heap before
{Heap before GC invocations=7 (full 0):
 def new generation   total 4928K, used 4928K [0x03e00000, 0x04350000, 0x09350000)
  eden space 4416K, 100% used [0x03e00000, 0x04250000, 0x04250000)
  from space 512K, 100% used [0x042d0000, 0x04350000, 0x04350000)
  to   space 512K,   0% used [0x04250000, 0x04250000, 0x042d0000)
 tenured generation   total 10944K, used 8223K [0x09350000, 0x09e00000, 0x13e00000)
   the space 10944K,  75% used [0x09350000, 0x09b57db8, 0x09b57e00, 0x09e00000)
 Metaspace       used 2698K, capacity 3342K, committed 3392K, reserved 4480K
Event: 6.544 GC heap after
Heap after GC invocations=8 (full 0):
 def new generation   total 4928K, used 512K [0x03e00000, 0x04350000, 0x09350000)
  eden space 4416K,   0% used [0x03e00000, 0x03e00000, 0x04250000)
  from space 512K, 100% used [0x04250000, 0x042d0000, 0x042d0000)
  to   space 512K,   0% used [0x042d0000, 0x042d0000, 0x04350000)
 tenured generation   total 10944K, used 9359K [0x09350000, 0x09e00000, 0x13e00000)
   the space 10944K,  85% used [0x09350000, 0x09c73d20, 0x09c73e00, 0x09e00000)
 Metaspace       used 2698K, capacity 3342K, committed 3392K, reserved 4480K
}
Event: 6.722 GC heap before
{Heap before GC invocations=8 (full 0):
 def new generation   total 4928K, used 4928K [0x03e00000, 0x04350000, 0x09350000)
  eden space 4416K, 100% used [0x03e00000, 0x04250000, 0x04250000)
  from space 512K, 100% used [0x04250000, 0x042d0000, 0x042d0000)
  to   space 512K,   0% used [0x042d0000, 0x042d0000, 0x04350000)
 tenured generation   total 10944K, used 9359K [0x09350000, 0x09e00000, 0x13e00000)
   the space 10944K,  85% used [0x09350000, 0x09c73d20, 0x09c73e00, 0x09e00000)
 Metaspace       used 3356K, capacity 3795K, committed 3904K, reserved 4480K
Event: 6.728 GC heap after
Heap after GC invocations=9 (full 0):
 def new generation   total 4928K, used 512K [0x03e00000, 0x04350000, 0x09350000)
  eden space 4416K,   0% used [0x03e00000, 0x03e00000, 0x04250000)
  from space 512K, 100% used [0x042d0000, 0x04350000, 0x04350000)
  to   space 512K,   0% used [0x04250000, 0x04250000, 0x042d0000)
 tenured generation   total 10944K, used 10150K [0x09350000, 0x09e00000, 0x13e00000)
   the space 10944K,  92% used [0x09350000, 0x09d39b98, 0x09d39c00, 0x09e00000)
 Metaspace       used 3356K, capacity 3795K, committed 3904K, reserved 4480K
}
Event: 23.370 GC heap before
{Heap before GC invocations=9 (full 0):
 def new generation   total 4928K, used 4813K [0x03e00000, 0x04350000, 0x09350000)
  eden space 4416K,  97% used [0x03e00000, 0x042336e8, 0x04250000)
  from space 512K, 100% used [0x042d0000, 0x04350000, 0x04350000)
  to   space 512K,   0% used [0x04250000, 0x04250000, 0x042d0000)
 tenured generation   total 10944K, used 10150K [0x09350000, 0x09e00000, 0x13e00000)
   the space 10944K,  92% used [0x09350000, 0x09d39b98, 0x09d39c00, 0x09e00000)
 Metaspace       used 3878K, capacity 4103K, committed 4160K, reserved 4480K
Event: 23.436 GC heap after
Heap after GC invocations=10 (full 1):
 def new generation   total 8256K, used 439K [0x03e00000, 0x046f0000, 0x09350000)
  eden space 7360K,   5% used [0x03e00000, 0x03e6dd60, 0x04530000)
  from space 896K,   0% used [0x04530000, 0x04530000, 0x04610000)
  to   space 896K,   0% used [0x04610000, 0x04610000, 0x046f0000)
 tenured generation   total 18204K, used 10920K [0x09350000, 0x0a517000, 0x13e00000)
   the space 18204K,  59% used [0x09350000, 0x09dfa3b0, 0x09dfa400, 0x0a517000)
 Metaspace       used 3855K, capacity 4065K, committed 4160K, reserved 4480K
}
Event: 167.776 GC heap before
{Heap before GC invocations=10 (full 1):
 def new generation   total 8256K, used 7285K [0x03e00000, 0x046f0000, 0x09350000)
  eden space 7360K,  98% used [0x03e00000, 0x0451d750, 0x04530000)
  from space 896K,   0% used [0x04530000, 0x04530000, 0x04610000)
  to   space 896K,   0% used [0x04610000, 0x04610000, 0x046f0000)
 tenured generation   total 18204K, used 10920K [0x09350000, 0x0a517000, 0x13e00000)
   the space 18204K,  59% used [0x09350000, 0x09dfa3b0, 0x09dfa400, 0x0a517000)
 Metaspace       used 3923K, capacity 4163K, committed 4288K, reserved 4480K
Event: 167.811 GC heap after
Heap after GC invocations=11 (full 1):
 def new generation   total 8256K, used 896K [0x03e00000, 0x046f0000, 0x09350000)
  eden space 7360K,   0% used [0x03e00000, 0x03e00000, 0x04530000)
  from space 896K, 100% used [0x04610000, 0x046f0000, 0x046f0000)
  to   space 896K,   0% used [0x04530000, 0x04530000, 0x04610000)
 tenured generation   total 18204K, used 11824K [0x09350000, 0x0a517000, 0x13e00000)
   the space 18204K,  64% used [0x09350000, 0x09edc070, 0x09edc200, 0x0a517000)
 Metaspace       used 3923K, capacity 4163K, committed 4288K, reserved 4480K
}

Deoptimization events (0 events):
No events

Classes redefined (0 events):
No events

Internal exceptions (10 events):
Event: 0.333 Thread 0x001cc800 Exception <a 'java/lang/NoSuchFieldError': method resolution failed> (0x03fbf3a8) thrown at [C:\workspace\8-2-build-windows-i586-cygwin\jdk8u181\11358\hotspot\src\share\vm\prims\methodHandles.cpp, line 1167]
Event: 0.390 Thread 0x001cc800 Exception <a 'java/io/FileNotFoundException'> (0x0404b880) thrown at [C:\workspace\8-2-build-windows-i586-cygwin\jdk8u181\11358\hotspot\src\share\vm\prims\jni.cpp, line 709]
Event: 5.811 Thread 0x15393400 Exception <a 'java/lang/NoClassDefFoundError': org/apache/log4j/Category> (0x03f63080) thrown at [C:\workspace\8-2-build-windows-i586-cygwin\jdk8u181\11358\hotspot\src\share\vm\classfile\systemDictionary.cpp, line 199]
Event: 22.361 Thread 0x1535c000 Exception <a 'java/net/SocketTimeoutException': Read timed out> (0x041c18b8) thrown at [C:\workspace\8-2-build-windows-i586-cygwin\jdk8u181\11358\hotspot\src\share\vm\prims\jni.cpp, line 735]
Event: 25.774 Thread 0x1535c000 Exception <a 'java/net/SocketTimeoutException': Read timed out> (0x040089d8) thrown at [C:\workspace\8-2-build-windows-i586-cygwin\jdk8u181\11358\hotspot\src\share\vm\prims\jni.cpp, line 735]
Event: 51.543 Thread 0x15393400 Exception <a 'java/net/SocketTimeoutException': Read timed out> (0x04167038) thrown at [C:\workspace\8-2-build-windows-i586-cygwin\jdk8u181\11358\hotspot\src\share\vm\prims\jni.cpp, line 735]
Event: 54.220 Thread 0x1535c000 Exception <a 'java/net/SocketTimeoutException': Read timed out> (0x04023db8) thrown at [C:\workspace\8-2-build-windows-i586-cygwin\jdk8u181\11358\hotspot\src\share\vm\prims\jni.cpp, line 735]
Event: 77.943 Thread 0x1535c000 Exception <a 'java/net/SocketTimeoutException': Read timed out> (0x0424c078) thrown at [C:\workspace\8-2-build-windows-i586-cygwin\jdk8u181\11358\hotspot\src\share\vm\prims\jni.cpp, line 735]
Event: 166.830 Thread 0x1535c000 Exception <a 'java/net/SocketTimeoutException': Read timed out> (0x043a1010) thrown at [C:\workspace\8-2-build-windows-i586-cygwin\jdk8u181\11358\hotspot\src\share\vm\prims\jni.cpp, line 735]
Event: 170.068 Thread 0x1535c000 Exception <a 'java/net/SocketTimeoutException': Read timed out> (0x03f0e690) thrown at [C:\workspace\8-2-build-windows-i586-cygwin\jdk8u181\11358\hotspot\src\share\vm\prims\jni.cpp, line 735]

Events (10 events):
Event: 171.557 Executing VM operation: RevokeBias
Event: 171.557 Executing VM operation: RevokeBias done
Event: 171.557 Executing VM operation: RevokeBias
Event: 171.557 Executing VM operation: RevokeBias done
Event: 171.558 Executing VM operation: BulkRevokeBias
Event: 171.558 Executing VM operation: BulkRevokeBias done
Event: 173.617 Executing VM operation: BulkRevokeBias
Event: 173.618 Executing VM operation: BulkRevokeBias done
Event: 173.627 Executing VM operation: BulkRevokeBias
Event: 173.627 Executing VM operation: BulkRevokeBias done


Dynamic libraries:
0x00dd0000 - 0x00e03000 	C:\Program Files\Java\jdk1.8.0_181\bin\java.exe
0x77410000 - 0x7754c000 	C:\Windows\SYSTEM32\ntdll.dll
0x76800000 - 0x768d4000 	C:\Windows\system32\kernel32.dll
0x75640000 - 0x7568a000 	C:\Windows\system32\KERNELBASE.dll
0x775a0000 - 0x77640000 	C:\Windows\system32\ADVAPI32.dll
0x76c90000 - 0x76d3c000 	C:\Windows\system32\msvcrt.dll
0x76640000 - 0x76659000 	C:\Windows\SYSTEM32\sechost.dll
0x77210000 - 0x772b1000 	C:\Windows\system32\RPCRT4.dll
0x76dc0000 - 0x76e89000 	C:\Windows\system32\USER32.dll
0x77320000 - 0x7736e000 	C:\Windows\system32\GDI32.dll
0x77550000 - 0x7755a000 	C:\Windows\system32\LPK.dll
0x77370000 - 0x7740d000 	C:\Windows\system32\USP10.dll
0x744c0000 - 0x7465e000 	C:\Windows\WinSxS\x86_microsoft.windows.common-controls_6595b64144ccf1df_6.0.7600.16385_none_421189da2b7fabfc\COMCTL32.dll
0x772c0000 - 0x77317000 	C:\Windows\system32\SHLWAPI.dll
0x77570000 - 0x7758f000 	C:\Windows\system32\IMM32.DLL
0x77140000 - 0x7720c000 	C:\Windows\system32\MSCTF.dll
0x66cf0000 - 0x66daf000 	C:\Program Files\Java\jdk1.8.0_181\jre\bin\msvcr100.dll
0x662f0000 - 0x666c3000 	C:\Program Files\Java\jdk1.8.0_181\jre\bin\client\jvm.dll
0x71ed0000 - 0x71ed7000 	C:\Windows\system32\WSOCK32.dll
0x75860000 - 0x75895000 	C:\Windows\system32\WS2_32.dll
0x77560000 - 0x77566000 	C:\Windows\system32\NSI.dll
0x6f470000 - 0x6f4a2000 	C:\Windows\system32\WINMM.dll
0x74a60000 - 0x74a69000 	C:\Windows\system32\VERSION.dll
0x77590000 - 0x77595000 	C:\Windows\system32\PSAPI.DLL
0x74770000 - 0x7477c000 	C:\Program Files\Java\jdk1.8.0_181\jre\bin\verify.dll
0x6c2d0000 - 0x6c2f2000 	C:\Program Files\Java\jdk1.8.0_181\jre\bin\java.dll
0x73cb0000 - 0x73cc4000 	C:\Program Files\Java\jdk1.8.0_181\jre\bin\zip.dll
0x759f0000 - 0x76639000 	C:\Windows\system32\SHELL32.dll
0x76a70000 - 0x76bcc000 	C:\Windows\system32\ole32.dll
0x75560000 - 0x7556b000 	C:\Windows\system32\profapi.dll
0x661a0000 - 0x662e7000 	C:\Program Files\Java\jdk1.8.0_181\jre\bin\awt.dll
0x76c00000 - 0x76c8f000 	C:\Windows\system32\OLEAUT32.dll
0x74040000 - 0x74053000 	C:\Windows\system32\DWMAPI.DLL
0x6bd20000 - 0x6bde8000 	C:\Windows\system32\opengl32.dll
0x6c0d0000 - 0x6c0f2000 	C:\Windows\system32\GLU32.dll
0x6bc30000 - 0x6bd17000 	C:\Windows\system32\DDRAW.dll
0x6c0c0000 - 0x6c0c6000 	C:\Windows\system32\DCIMAN32.dll
0x76660000 - 0x767fd000 	C:\Windows\system32\SETUPAPI.dll
0x75610000 - 0x75637000 	C:\Windows\system32\CFGMGR32.dll
0x75690000 - 0x756a2000 	C:\Windows\system32\DEVOBJ.dll
0x74360000 - 0x743a0000 	C:\Windows\system32\uxtheme.dll
0x754b0000 - 0x754bc000 	C:\Windows\system32\CRYPTBASE.dll
0x6c290000 - 0x6c2c9000 	C:\Program Files\Java\jdk1.8.0_181\jre\bin\fontmanager.dll
0x768e0000 - 0x76963000 	C:\Windows\system32\CLBCatQ.DLL
0x73da0000 - 0x73e9b000 	C:\Windows\system32\WindowsCodecs.dll
0x75460000 - 0x754ab000 	C:\Windows\system32\apphelp.dll
0x70d30000 - 0x70d61000 	C:\Windows\system32\EhStorShell.dll
0x743a0000 - 0x74495000 	C:\Windows\system32\PROPSYS.dll
0x15ff0000 - 0x1620d000 	C:\PROGRA~1\MICROS~1\Office12\GR469A~1.DLL
0x68ef0000 - 0x68fe1000 	C:\PROGRA~1\MICROS~1\Office12\GrooveUtil.DLL
0x76970000 - 0x76a64000 	C:\Windows\system32\WININET.dll
0x759e0000 - 0x759e3000 	C:\Windows\system32\Normaliz.dll
0x758a0000 - 0x759d5000 	C:\Windows\system32\urlmon.dll
0x75740000 - 0x7585c000 	C:\Windows\system32\CRYPT32.dll
0x755d0000 - 0x755dc000 	C:\Windows\system32\MSASN1.dll
0x76ef0000 - 0x770e9000 	C:\Windows\system32\iertutil.dll
0x70c90000 - 0x70d2b000 	C:\Windows\WinSxS\x86_microsoft.vc80.crt_1fc8b3b9a1e18e3b_8.0.50727.4927_none_d08a205e442db5b5\MSVCR80.dll
0x68ff0000 - 0x68ff7000 	C:\PROGRA~1\MICROS~1\Office12\GrooveNew.DLL
0x7c630000 - 0x7c64b000 	C:\Windows\WinSxS\x86_microsoft.vc80.atl_1fc8b3b9a1e18e3b_8.0.50727.42_none_dc990e4797f81af1\ATL80.DLL
0x74fe0000 - 0x74ff6000 	C:\Windows\system32\CRYPTSP.dll
0x74d80000 - 0x74dbb000 	C:\Windows\system32\rsaenh.dll
0x73b90000 - 0x73b95000 	C:\Windows\system32\MSImg32.dll
0x70ba0000 - 0x70c0a000 	C:\Windows\System32\cscui.dll
0x70b90000 - 0x70b99000 	C:\Windows\System32\CSCDLL.dll
0x70b80000 - 0x70b8b000 	C:\Windows\system32\CSCAPI.dll
0x70b10000 - 0x70b7f000 	C:\Windows\system32\ntshrui.dll
0x75390000 - 0x753a9000 	C:\Windows\system32\srvcli.dll
0x737e0000 - 0x737ea000 	C:\Windows\system32\slc.dll
0x720c0000 - 0x720d5000 	C:\Program Files\Java\jdk1.8.0_181\jre\bin\net.dll
0x74fa0000 - 0x74fdc000 	C:\Windows\system32\mswsock.dll
0x74f90000 - 0x74f96000 	C:\Windows\System32\wship6.dll
0x72050000 - 0x7205f000 	C:\Program Files\Java\jdk1.8.0_181\jre\bin\nio.dll
0x682d0000 - 0x68302000 	C:\Program Files\Java\jdk1.8.0_181\jre\bin\t2k.dll
0x74bc0000 - 0x74bd7000 	C:\Windows\system32\USERENV.dll
0x73670000 - 0x7368c000 	C:\Windows\system32\IPHLPAPI.DLL
0x73660000 - 0x73667000 	C:\Windows\system32\WINNSI.DLL
0x734b0000 - 0x734c2000 	C:\Windows\system32\dhcpcsvc.DLL
0x72f40000 - 0x72f4d000 	C:\Windows\system32\dhcpcsvc6.DLL
0x673b0000 - 0x673e8000 	C:\Users\Admin\AppData\Local\Temp\jna-63116079\jna7243707818092747853.dll
0x15dd0000 - 0x15e19000 	C:\Windows\system32\fpengine.dll
0x15510000 - 0x1553a000 	C:\Windows\system32\fpcore32.dll
0x6f4b0000 - 0x6f501000 	C:\Windows\system32\WINSPOOL.DRV
0x73f40000 - 0x73f47000 	C:\Windows\system32\WINUSB.DLL
0x741d0000 - 0x74360000 	C:\Windows\WinSxS\x86_microsoft.windows.gdiplus_6595b64144ccf1df_1.1.7600.16385_none_72fc7cbf861225ca\gdiplus.dll
0x755e0000 - 0x7560d000 	C:\Windows\system32\WINTRUST.dll
0x72020000 - 0x72040000 	C:\Program Files\Java\jdk1.8.0_181\jre\bin\sunec.dll
0x69c30000 - 0x69d1b000 	C:\Windows\system32\dbghelp.dll

VM Arguments:
jvm_args: -Dfile.encoding=UTF-8 
java_command: FingerprintUI
java_class_path (initial): C:\Users\Admin\Downloads\unirest-java-1.4.9.jar;C:\Users\Admin\Downloads\jna-4.5.2.jar;C:\Users\Admin\Downloads\org.json.jar\org.json.jar;C:\Users\Admin\Downloads\org-apache-commons-codec.jar\org-apache-commons-codec.jar;C:\Users\Admin\Downloads\httpcore-4.4.9.jar;C:\Users\Admin\Downloads\httpclient-4.5.5.jar;C:\Users\Admin\Downloads\httpcore-nio-4.4.10.jar;C:\Users\Admin\Downloads\httpasyncclient-4.0-beta4.jar\httpasyncclient-4.0-beta4.jar;C:\Users\Admin\Downloads\commons-logging-1.1.2.jar;C:\Users\Admin\Downloads\httpmime-4.5.6.jar;C:\Program Files\NetBeans 8.2\java\modules\ext\AbsoluteLayout.jar;C:\Users\Admin\Documents\NetBeansProjects\FingerRegistrationV2\build\classes
Launcher Type: SUN_STANDARD

Environment Variables:
PATH=C:\Program Files\Common Files\Oracle\Java\javapath;C:\Windows\system32;C:\Windows;C:\Windows\System32\Wbem;C:\Windows\System32\WindowsPowerShell\v1.0\;C:\Program Files\Git\cmd;C:\Program Files\Neurotechnology\FreeFingerprintVerificationSDK 1.0\bin\Win32_x86;C:\Program Files\nodejs\;C:\Users\Admin\AppData\Roaming\npm
USERNAME=Admin
OS=Windows_NT
PROCESSOR_IDENTIFIER=x86 Family 6 Model 76 Stepping 4, GenuineIntel



---------------  S Y S T E M  ---------------

OS: Windows 7 Build 7600 (6.1.7600.16385)

CPU:total 2 (initial active 2) (2 cores per cpu, 1 threads per core) family 6 model 76 stepping 4, cmov, cx8, fxsr, mmx, sse, sse2, sse3, ssse3, sse4.1, sse4.2, popcnt, aes, clmul, erms, 3dnowpref, tsc, tscinvbit

Memory: 4k page, physical 2008308k(409880k free), swap 4016616k(1454556k free)

vm_info: Java HotSpot(TM) Client VM (25.181-b13) for windows-x86 JRE (1.8.0_181-b13), built on Jul  7 2018 03:18:20 by "java_re" with MS VC++ 10.0 (VS2010)

time: Sat Aug 18 15:55:38 2018
elapsed time: 325 seconds (0d 0h 5m 25s)

