#
# A fatal error has been detected by the Java Runtime Environment:
#
#  EXCEPTION_ACCESS_VIOLATION (0xc0000005) at pc=0x77041ffe, pid=4360, tid=0x000003dc
#
# JRE version: Java(TM) SE Runtime Environment (8.0_181-b13) (build 1.8.0_181-b13)
# Java VM: Java HotSpot(TM) Client VM (25.181-b13 mixed mode windows-x86 )
# Problematic frame:
# C  [ntdll.dll+0x51ffe]
#
# Failed to write core dump. Minidumps are not enabled by default on client versions of Windows
#
# If you would like to submit a bug report, please visit:
#   http://bugreport.java.com/bugreport/crash.jsp
# The crash happened outside the Java Virtual Machine in native code.
# See problematic frame for where to report the bug.
#

---------------  T H R E A D  ---------------

Current thread (0x149d2c00):  JavaThread "Timer-0" [_thread_in_native, id=988, stack(0x00d80000,0x00dd0000)]

siginfo: ExceptionCode=0xc0000005, reading address 0x72f398fc

Registers:
EAX=0x00000000, EBX=0x14c10278, ECX=0x00b80000, EDX=0x14c10278
ESP=0x00dcd7f4, EBP=0x00dcd828, ESI=0x72f398f8, EDI=0x14c10270
EIP=0x77041ffe, EFLAGS=0x00010202

Top of Stack: (sp=0x00dcd7f4)
0x00dcd7f4:   00000000 00b80000 14c10278 00dcd828
0x00dcd804:   14c10278 00580056 14c10278 00dcd82c
0x00dcd814:   7539c07f 14c10278 00000012 00dcd850
0x00dcd824:   14c10270 00dcd840 77041faf 14c10278
0x00dcd834:   00000003 14107ed0 14c10270 00dcd854
0x00dcd844:   75aef1ac 00b80000 00000000 14c10278
0x00dcd854:   00dcd868 6317016a 00b80000 00000000
0x00dcd864:   14c10278 00dcd8b0 646a846e 14c10278 

Instructions: (pc=0x77041ffe)
0x77041fde:   7a f8 80 7f 07 05 0f 84 58 df 03 00 8b 07 8b f7
0x77041fee:   c1 ee 03 33 f0 33 35 dc 71 0c 77 89 7d fc 33 f1
0x77041ffe:   8b 46 04 89 45 f4 c6 47 07 80 c6 47 06 00 8b 5e
0x7704200e:   08 8b 4e 0c 89 5d e0 83 c3 01 89 4d e4 83 d1 01 


Register to memory mapping:

EAX=0x00000000 is an unknown value
EBX=0x14c10278 is an unknown value
ECX=0x00b80000 is an unknown value
EDX=0x14c10278 is an unknown value
ESP=0x00dcd7f4 is pointing into the stack for thread: 0x149d2c00
EBP=0x00dcd828 is pointing into the stack for thread: 0x149d2c00
ESI=0x72f398f8 is an unknown value
EDI=0x14c10270 is an unknown value


Stack: [0x00d80000,0x00dd0000],  sp=0x00dcd7f4,  free space=309k
Native frames: (J=compiled Java code, j=interpreted, Vv=VM code, C=native code)
C  [ntdll.dll+0x51ffe]
C  [ntdll.dll+0x51faf]
C  [kernel32.dll+0x4f1ac]
C  [msvcr100.dll+0x1016a]
C  [java.dll+0x846e]
j  java.io.File.exists()Z+29
j  java.io.WinNTFileSystem.canonicalize(Ljava/lang/String;)Ljava/lang/String;+345
j  java.io.File.getCanonicalPath()Ljava/lang/String;+27
j  java.io.FilePermission$1.run()Ljava/lang/String;+103
j  java.io.FilePermission$1.run()Ljava/lang/Object;+1
v  ~StubRoutines::call_stub
V  [jvm.dll+0x15c065]
V  [jvm.dll+0x223ade]
V  [jvm.dll+0x15c0fe]
V  [jvm.dll+0x10c1cf]
C  [java.dll+0x1015]
j  java.io.FilePermission.init(I)V+97
j  java.io.FilePermission.<init>(Ljava/lang/String;Ljava/lang/String;)V+10
j  sun.net.www.protocol.file.FileURLConnection.getPermission()Ljava/security/Permission;+59
j  java.net.URLClassLoader.getPermissions(Ljava/security/CodeSource;)Ljava/security/PermissionCollection;+19
j  sun.misc.Launcher$AppClassLoader.getPermissions(Ljava/security/CodeSource;)Ljava/security/PermissionCollection;+2
j  java.security.SecureClassLoader.getProtectionDomain(Ljava/security/CodeSource;)Ljava/security/ProtectionDomain;+33
j  java.security.SecureClassLoader.defineClass(Ljava/lang/String;[BIILjava/security/CodeSource;)Ljava/lang/Class;+9
j  java.net.URLClassLoader.defineClass(Ljava/lang/String;Lsun/misc/Resource;)Ljava/lang/Class;+138
j  java.net.URLClassLoader.access$100(Ljava/net/URLClassLoader;Ljava/lang/String;Lsun/misc/Resource;)Ljava/lang/Class;+3
j  java.net.URLClassLoader$1.run()Ljava/lang/Class;+43
j  java.net.URLClassLoader$1.run()Ljava/lang/Object;+1
v  ~StubRoutines::call_stub
V  [jvm.dll+0x15c065]
V  [jvm.dll+0x223ade]
V  [jvm.dll+0x15c0fe]
V  [jvm.dll+0x10c1cf]
C  [java.dll+0x1061]
j  java.net.URLClassLoader.findClass(Ljava/lang/String;)Ljava/lang/Class;+13
J 604 C1 java.lang.ClassLoader.loadClass(Ljava/lang/String;Z)Ljava/lang/Class; (122 bytes) @ 0x01fa920c [0x01fa8fb0+0x25c]
j  sun.misc.Launcher$AppClassLoader.loadClass(Ljava/lang/String;Z)Ljava/lang/Class;+81
j  java.lang.ClassLoader.loadClass(Ljava/lang/String;)Ljava/lang/Class;+3
v  ~StubRoutines::call_stub
V  [jvm.dll+0x15c065]
V  [jvm.dll+0x223ade]
V  [jvm.dll+0x15c0fe]
V  [jvm.dll+0x15c286]
V  [jvm.dll+0x15c36f]
V  [jvm.dll+0x513d5]
V  [jvm.dll+0x5187a]
V  [jvm.dll+0x52ac0]
V  [jvm.dll+0x52b0a]
V  [jvm.dll+0x1030f6]
C  [verify.dll+0x1638]
C  [verify.dll+0x1dbe]
C  [verify.dll+0x2cda]
C  0x00dcec94

Java frames: (J=compiled Java code, j=interpreted, Vv=VM code)
j  java.io.WinNTFileSystem.getBooleanAttributes(Ljava/io/File;)I+0
j  java.io.File.exists()Z+29
j  java.io.WinNTFileSystem.canonicalize(Ljava/lang/String;)Ljava/lang/String;+345
j  java.io.File.getCanonicalPath()Ljava/lang/String;+27
j  java.io.FilePermission$1.run()Ljava/lang/String;+103
j  java.io.FilePermission$1.run()Ljava/lang/Object;+1
v  ~StubRoutines::call_stub
J 416  java.security.AccessController.doPrivileged(Ljava/security/PrivilegedAction;)Ljava/lang/Object; (0 bytes) @ 0x01f42e70 [0x01f42e20+0x50]
j  java.io.FilePermission.init(I)V+97
j  java.io.FilePermission.<init>(Ljava/lang/String;Ljava/lang/String;)V+10
j  sun.net.www.protocol.file.FileURLConnection.getPermission()Ljava/security/Permission;+59
j  java.net.URLClassLoader.getPermissions(Ljava/security/CodeSource;)Ljava/security/PermissionCollection;+19
j  sun.misc.Launcher$AppClassLoader.getPermissions(Ljava/security/CodeSource;)Ljava/security/PermissionCollection;+2
j  java.security.SecureClassLoader.getProtectionDomain(Ljava/security/CodeSource;)Ljava/security/ProtectionDomain;+33
j  java.security.SecureClassLoader.defineClass(Ljava/lang/String;[BIILjava/security/CodeSource;)Ljava/lang/Class;+9
j  java.net.URLClassLoader.defineClass(Ljava/lang/String;Lsun/misc/Resource;)Ljava/lang/Class;+138
j  java.net.URLClassLoader.access$100(Ljava/net/URLClassLoader;Ljava/lang/String;Lsun/misc/Resource;)Ljava/lang/Class;+3
j  java.net.URLClassLoader$1.run()Ljava/lang/Class;+43
j  java.net.URLClassLoader$1.run()Ljava/lang/Object;+1
v  ~StubRoutines::call_stub
j  java.security.AccessController.doPrivileged(Ljava/security/PrivilegedExceptionAction;Ljava/security/AccessControlContext;)Ljava/lang/Object;+0
j  java.net.URLClassLoader.findClass(Ljava/lang/String;)Ljava/lang/Class;+13
J 604 C1 java.lang.ClassLoader.loadClass(Ljava/lang/String;Z)Ljava/lang/Class; (122 bytes) @ 0x01fa920c [0x01fa8fb0+0x25c]
j  sun.misc.Launcher$AppClassLoader.loadClass(Ljava/lang/String;Z)Ljava/lang/Class;+81
j  java.lang.ClassLoader.loadClass(Ljava/lang/String;)Ljava/lang/Class;+3
v  ~StubRoutines::call_stub
j  com.mashape.unirest.request.HttpRequestWithBody.field(Ljava/lang/String;Ljava/lang/Object;Ljava/lang/String;)Lcom/mashape/unirest/request/body/MultipartBody;+0
j  com.mashape.unirest.request.HttpRequestWithBody.field(Ljava/lang/String;Ljava/lang/Object;)Lcom/mashape/unirest/request/body/MultipartBody;+4
j  FingerprintUI.postUserDetailsToServer(Ljava/lang/String;Ljava/lang/String;Ljava/lang/String;Ljava/lang/String;Ljava/lang/String;Ljava/lang/String;Ljava/lang/String;)V+42
j  FingerprintUI.access$1400(LFingerprintUI;Ljava/lang/String;Ljava/lang/String;Ljava/lang/String;Ljava/lang/String;Ljava/lang/String;Ljava/lang/String;Ljava/lang/String;)V+12
j  FingerprintUI$2.fpsmessage()V+1316
j  FingerprintUI$2.run()V+1
j  java.util.TimerThread.mainLoop()V+221
j  java.util.TimerThread.run()V+1
v  ~StubRoutines::call_stub

---------------  P R O C E S S  ---------------

Java Threads: ( => current thread )
  0x14c69800 JavaThread "Thread-4" daemon [_thread_blocked, id=6108, stack(0x16570000,0x165c0000)]
  0x14b06c00 JavaThread "TimerQueue" daemon [_thread_blocked, id=5100, stack(0x16120000,0x16170000)]
  0x00b8c800 JavaThread "DestroyJavaVM" [_thread_blocked, id=4092, stack(0x00cc0000,0x00d10000)]
  0x149e3800 JavaThread "AWT-EventQueue-0" [_thread_blocked, id=5840, stack(0x151c0000,0x15210000)]
=>0x149d2c00 JavaThread "Timer-0" [_thread_in_native, id=988, stack(0x00d80000,0x00dd0000)]
  0x1497ac00 JavaThread "AWT-Windows" daemon [_thread_in_native, id=1440, stack(0x15030000,0x15080000)]
  0x1497a000 JavaThread "AWT-Shutdown" [_thread_blocked, id=6072, stack(0x03e40000,0x03e90000)]
  0x14977400 JavaThread "Java2D Disposer" daemon [_thread_blocked, id=5628, stack(0x14f90000,0x14fe0000)]
  0x144ae400 JavaThread "Service Thread" daemon [_thread_blocked, id=5000, stack(0x14910000,0x14960000)]
  0x144acc00 JavaThread "C1 CompilerThread0" daemon [_thread_blocked, id=2812, stack(0x146a0000,0x146f0000)]
  0x144bd800 JavaThread "Attach Listener" daemon [_thread_blocked, id=5944, stack(0x147b0000,0x14800000)]
  0x144ba400 JavaThread "Signal Dispatcher" daemon [_thread_blocked, id=5904, stack(0x14720000,0x14770000)]
  0x14499000 JavaThread "Finalizer" daemon [_thread_blocked, id=2720, stack(0x03ed0000,0x03f20000)]
  0x14474400 JavaThread "Reference Handler" daemon [_thread_blocked, id=1344, stack(0x00dd0000,0x00e20000)]

Other Threads:
  0x1446d800 VMThread [stack: 0x00eb0000,0x00f00000] [id=5292]
  0x144d3400 WatcherThread [stack: 0x148a0000,0x148f0000] [id=6004]

VM state:not at safepoint (normal execution)

VM Mutex/Monitor currently owned by a thread: None

Heap:
 def new generation   total 4928K, used 1421K [0x04000000, 0x04550000, 0x09550000)
  eden space 4416K,  20% used [0x04000000, 0x040e3720, 0x04450000)
  from space 512K, 100% used [0x044d0000, 0x04550000, 0x04550000)
  to   space 512K,   0% used [0x04450000, 0x04450000, 0x044d0000)
 tenured generation   total 10944K, used 10894K [0x09550000, 0x0a000000, 0x14000000)
   the space 10944K,  99% used [0x09550000, 0x09ff3820, 0x09ff3a00, 0x0a000000)
 Metaspace       used 11599K, capacity 11835K, committed 11904K, reserved 12672K

Card table byte_map: [0x009a0000,0x00a30000] byte_map_base: 0x00980000

Polling page: 0x00190000

CodeCache: size=32768Kb used=1980Kb max_used=1984Kb free=30787Kb
 bounds [0x01e30000, 0x02028000, 0x03e30000]
 total_blobs=1204 nmethods=943 adapters=191
 compilation: enabled

Compilation events (10 events):
Event: 52.887 Thread 0x144acc00  952             javax.swing.GroupLayout$ComponentSpring::isVisible (15 bytes)
Event: 52.889 Thread 0x144acc00 nmethod 952 0x0201fb08 code [0x0201fc10, 0x0201fcbc]
Event: 53.695 Thread 0x144acc00  953             java.awt.Rectangle::isEmpty (20 bytes)
Event: 53.696 Thread 0x144acc00 nmethod 953 0x0201fd88 code [0x0201fe80, 0x0201ff30]
Event: 53.697 Thread 0x144acc00  954             java.awt.geom.Path2D$Iterator::next (35 bytes)
Event: 53.698 Thread 0x144acc00 nmethod 954 0x0201ff88 code [0x02020090, 0x02020170]
Event: 53.817 Thread 0x144acc00  955             sun.java2d.SunGraphics2D::setFont (105 bytes)
Event: 53.821 Thread 0x144acc00 nmethod 955 0x01f9f308 code [0x01f9f420, 0x01f9f6e8]
Event: 54.394 Thread 0x144acc00  956  s          java.io.ByteArrayOutputStream::toByteArray (12 bytes)
Event: 54.395 Thread 0x144acc00 nmethod 956 0x01f9ee48 code [0x01f9ef50, 0x01f9f21c]

GC Heap History (10 events):
Event: 6.227 GC heap before
{Heap before GC invocations=8 (full 0):
 def new generation   total 4928K, used 4928K [0x04000000, 0x04550000, 0x09550000)
  eden space 4416K, 100% used [0x04000000, 0x04450000, 0x04450000)
  from space 512K, 100% used [0x04450000, 0x044d0000, 0x044d0000)
  to   space 512K,   0% used [0x044d0000, 0x044d0000, 0x04550000)
 tenured generation   total 10944K, used 9331K [0x09550000, 0x0a000000, 0x14000000)
   the space 10944K,  85% used [0x09550000, 0x09e6cc38, 0x09e6ce00, 0x0a000000)
 Metaspace       used 10771K, capacity 11010K, committed 11136K, reserved 11648K
Event: 6.233 GC heap after
Heap after GC invocations=9 (full 0):
 def new generation   total 4928K, used 512K [0x04000000, 0x04550000, 0x09550000)
  eden space 4416K,   0% used [0x04000000, 0x04000000, 0x04450000)
  from space 512K, 100% used [0x044d0000, 0x04550000, 0x04550000)
  to   space 512K,   0% used [0x04450000, 0x04450000, 0x044d0000)
 tenured generation   total 10944K, used 10116K [0x09550000, 0x0a000000, 0x14000000)
   the space 10944K,  92% used [0x09550000, 0x09f311b0, 0x09f31200, 0x0a000000)
 Metaspace       used 10771K, capacity 11010K, committed 11136K, reserved 11648K
}
Event: 45.310 GC heap before
{Heap before GC invocations=9 (full 0):
 def new generation   total 4928K, used 4928K [0x04000000, 0x04550000, 0x09550000)
  eden space 4416K, 100% used [0x04000000, 0x04450000, 0x04450000)
  from space 512K, 100% used [0x044d0000, 0x04550000, 0x04550000)
  to   space 512K,   0% used [0x04450000, 0x04450000, 0x044d0000)
 tenured generation   total 10944K, used 10116K [0x09550000, 0x0a000000, 0x14000000)
   the space 10944K,  92% used [0x09550000, 0x09f311b0, 0x09f31200, 0x0a000000)
 Metaspace       used 11435K, capacity 11675K, committed 11776K, reserved 12672K
Event: 45.325 GC heap after
Heap after GC invocations=10 (full 0):
 def new generation   total 4928K, used 512K [0x04000000, 0x04550000, 0x09550000)
  eden space 4416K,   0% used [0x04000000, 0x04000000, 0x04450000)
  from space 512K, 100% used [0x04450000, 0x044d0000, 0x044d0000)
  to   space 512K,   0% used [0x044d0000, 0x044d0000, 0x04550000)
 tenured generation   total 10944K, used 10328K [0x09550000, 0x0a000000, 0x14000000)
   the space 10944K,  94% used [0x09550000, 0x09f66188, 0x09f66200, 0x0a000000)
 Metaspace       used 11435K, capacity 11675K, committed 11776K, reserved 12672K
}
Event: 47.470 GC heap before
{Heap before GC invocations=10 (full 0):
 def new generation   total 4928K, used 4928K [0x04000000, 0x04550000, 0x09550000)
  eden space 4416K, 100% used [0x04000000, 0x04450000, 0x04450000)
  from space 512K, 100% used [0x04450000, 0x044d0000, 0x044d0000)
  to   space 512K,   0% used [0x044d0000, 0x044d0000, 0x04550000)
 tenured generation   total 10944K, used 10328K [0x09550000, 0x0a000000, 0x14000000)
   the space 10944K,  94% used [0x09550000, 0x09f66188, 0x09f66200, 0x0a000000)
 Metaspace       used 11546K, capacity 11803K, committed 11904K, reserved 12672K
Event: 47.476 GC heap after
Heap after GC invocations=11 (full 0):
 def new generation   total 4928K, used 179K [0x04000000, 0x04550000, 0x09550000)
  eden space 4416K,   0% used [0x04000000, 0x04000000, 0x04450000)
  from space 512K,  35% used [0x044d0000, 0x044fcd98, 0x04550000)
  to   space 512K,   0% used [0x04450000, 0x04450000, 0x044d0000)
 tenured generation   total 10944K, used 10546K [0x09550000, 0x0a000000, 0x14000000)
   the space 10944K,  96% used [0x09550000, 0x09f9ca28, 0x09f9cc00, 0x0a000000)
 Metaspace       used 11546K, capacity 11803K, committed 11904K, reserved 12672K
}
Event: 47.523 GC heap before
{Heap before GC invocations=11 (full 0):
 def new generation   total 4928K, used 4595K [0x04000000, 0x04550000, 0x09550000)
  eden space 4416K, 100% used [0x04000000, 0x04450000, 0x04450000)
  from space 512K,  35% used [0x044d0000, 0x044fcd98, 0x04550000)
  to   space 512K,   0% used [0x04450000, 0x04450000, 0x044d0000)
 tenured generation   total 10944K, used 10546K [0x09550000, 0x0a000000, 0x14000000)
   the space 10944K,  96% used [0x09550000, 0x09f9ca28, 0x09f9cc00, 0x0a000000)
 Metaspace       used 11546K, capacity 11803K, committed 11904K, reserved 12672K
Event: 47.526 GC heap after
Heap after GC invocations=12 (full 0):
 def new generation   total 4928K, used 212K [0x04000000, 0x04550000, 0x09550000)
  eden space 4416K,   0% used [0x04000000, 0x04000000, 0x04450000)
  from space 512K,  41% used [0x04450000, 0x044851b8, 0x044d0000)
  to   space 512K,   0% used [0x044d0000, 0x044d0000, 0x04550000)
 tenured generation   total 10944K, used 10546K [0x09550000, 0x0a000000, 0x14000000)
   the space 10944K,  96% used [0x09550000, 0x09f9ca28, 0x09f9cc00, 0x0a000000)
 Metaspace       used 11546K, capacity 11803K, committed 11904K, reserved 12672K
}
Event: 53.789 GC heap before
{Heap before GC invocations=12 (full 0):
 def new generation   total 4928K, used 4628K [0x04000000, 0x04550000, 0x09550000)
  eden space 4416K, 100% used [0x04000000, 0x04450000, 0x04450000)
  from space 512K,  41% used [0x04450000, 0x044851b8, 0x044d0000)
  to   space 512K,   0% used [0x044d0000, 0x044d0000, 0x04550000)
 tenured generation   total 10944K, used 10546K [0x09550000, 0x0a000000, 0x14000000)
   the space 10944K,  96% used [0x09550000, 0x09f9ca28, 0x09f9cc00, 0x0a000000)
 Metaspace       used 11580K, capacity 11835K, committed 11904K, reserved 12672K
Event: 53.805 GC heap after
Heap after GC invocations=13 (full 0):
 def new generation   total 4928K, used 512K [0x04000000, 0x04550000, 0x09550000)
  eden space 4416K,   0% used [0x04000000, 0x04000000, 0x04450000)
  from space 512K, 100% used [0x044d0000, 0x04550000, 0x04550000)
  to   space 512K,   0% used [0x04450000, 0x04450000, 0x044d0000)
 tenured generation   total 10944K, used 10894K [0x09550000, 0x0a000000, 0x14000000)
   the space 10944K,  99% used [0x09550000, 0x09ff3820, 0x09ff3a00, 0x0a000000)
 Metaspace       used 11580K, capacity 11835K, committed 11904K, reserved 12672K
}

Deoptimization events (0 events):
No events

Classes redefined (0 events):
No events

Internal exceptions (10 events):
Event: 0.378 Thread 0x00b8c800 Exception <a 'java/security/PrivilegedActionException'> (0x040e80f8) thrown at [C:\workspace\8-2-build-windows-i586-cygwin\jdk8u181\11358\hotspot\src\share\vm\prims\jvm.cpp, line 1435]
Event: 0.378 Thread 0x00b8c800 Exception <a 'java/security/PrivilegedActionException'> (0x040e82f8) thrown at [C:\workspace\8-2-build-windows-i586-cygwin\jdk8u181\11358\hotspot\src\share\vm\prims\jvm.cpp, line 1435]
Event: 0.379 Thread 0x00b8c800 Exception <a 'java/security/PrivilegedActionException'> (0x040ebda0) thrown at [C:\workspace\8-2-build-windows-i586-cygwin\jdk8u181\11358\hotspot\src\share\vm\prims\jvm.cpp, line 1435]
Event: 0.379 Thread 0x00b8c800 Exception <a 'java/security/PrivilegedActionException'> (0x040ebfa0) thrown at [C:\workspace\8-2-build-windows-i586-cygwin\jdk8u181\11358\hotspot\src\share\vm\prims\jvm.cpp, line 1435]
Event: 0.385 Thread 0x00b8c800 Exception <a 'java/io/FileNotFoundException'> (0x040edd18) thrown at [C:\workspace\8-2-build-windows-i586-cygwin\jdk8u181\11358\hotspot\src\share\vm\prims\jni.cpp, line 709]
Event: 0.454 Thread 0x00b8c800 Exception <a 'java/lang/NoSuchFieldError': method resolution failed> (0x041ab3b8) thrown at [C:\workspace\8-2-build-windows-i586-cygwin\jdk8u181\11358\hotspot\src\share\vm\prims\methodHandles.cpp, line 1167]
Event: 0.457 Thread 0x00b8c800 Exception <a 'java/lang/NoSuchFieldError': method resolution failed> (0x041b7568) thrown at [C:\workspace\8-2-build-windows-i586-cygwin\jdk8u181\11358\hotspot\src\share\vm\prims\methodHandles.cpp, line 1167]
Event: 0.535 Thread 0x00b8c800 Exception <a 'java/io/FileNotFoundException'> (0x04243740) thrown at [C:\workspace\8-2-build-windows-i586-cygwin\jdk8u181\11358\hotspot\src\share\vm\prims\jni.cpp, line 709]
Event: 5.209 Thread 0x149e3800 Exception <a 'java/lang/NoClassDefFoundError': org/apache/log4j/Category> (0x04162ae8) thrown at [C:\workspace\8-2-build-windows-i586-cygwin\jdk8u181\11358\hotspot\src\share\vm\classfile\systemDictionary.cpp, line 199]
Event: 51.081 Thread 0x149d2c00 Exception <a 'java/net/SocketTimeoutException': Read timed out> (0x0436bed8) thrown at [C:\workspace\8-2-build-windows-i586-cygwin\jdk8u181\11358\hotspot\src\share\vm\prims\jni.cpp, line 735]

Events (10 events):
Event: 54.415 Executing VM operation: RevokeBias
Event: 54.415 Executing VM operation: RevokeBias done
Event: 54.419 loading class com/mashape/unirest/request/body/Body
Event: 54.419 loading class com/mashape/unirest/request/body/Body done
Event: 54.423 loading class com/mashape/unirest/request/body/MultipartBody
Event: 54.423 loading class com/mashape/unirest/request/body/MultipartBody done
Event: 54.427 Executing VM operation: RevokeBias
Event: 54.427 Executing VM operation: RevokeBias done
Event: 54.427 loading class org/apache/http/entity/mime/content/ContentBody
Event: 54.427 loading class org/apache/http/entity/mime/content/ContentBody done


Dynamic libraries:
0x00f20000 - 0x00f53000 	C:\Program Files\Java\jdk1.8.0_181\bin\java.exe
0x76ff0000 - 0x7712c000 	C:\Windows\SYSTEM32\ntdll.dll
0x75aa0000 - 0x75b74000 	C:\Windows\system32\kernel32.dll
0x75390000 - 0x753da000 	C:\Windows\system32\KERNELBASE.dll
0x760d0000 - 0x76170000 	C:\Windows\system32\ADVAPI32.dll
0x759f0000 - 0x75a9c000 	C:\Windows\system32\msvcrt.dll
0x77180000 - 0x77199000 	C:\Windows\SYSTEM32\sechost.dll
0x75fc0000 - 0x76061000 	C:\Windows\system32\RPCRT4.dll
0x76240000 - 0x76309000 	C:\Windows\system32\USER32.dll
0x77130000 - 0x7717e000 	C:\Windows\system32\GDI32.dll
0x755d0000 - 0x755da000 	C:\Windows\system32\LPK.dll
0x75880000 - 0x7591d000 	C:\Windows\system32\USP10.dll
0x740a0000 - 0x7423e000 	C:\Windows\WinSxS\x86_microsoft.windows.common-controls_6595b64144ccf1df_6.0.7600.16385_none_421189da2b7fabfc\COMCTL32.dll
0x76070000 - 0x760c7000 	C:\Windows\system32\SHLWAPI.dll
0x759d0000 - 0x759ef000 	C:\Windows\system32\IMM32.DLL
0x75d90000 - 0x75e5c000 	C:\Windows\system32\MSCTF.dll
0x63160000 - 0x6321f000 	C:\Program Files\Java\jdk1.8.0_181\jre\bin\msvcr100.dll
0x58310000 - 0x586e3000 	C:\Program Files\Java\jdk1.8.0_181\jre\bin\client\jvm.dll
0x69d40000 - 0x69d47000 	C:\Windows\system32\WSOCK32.dll
0x75590000 - 0x755c5000 	C:\Windows\system32\WS2_32.dll
0x76170000 - 0x76176000 	C:\Windows\system32\NSI.dll
0x6f580000 - 0x6f5b2000 	C:\Windows\system32\WINMM.dll
0x74640000 - 0x74649000 	C:\Windows\system32\VERSION.dll
0x75580000 - 0x75585000 	C:\Windows\system32\PSAPI.DLL
0x723d0000 - 0x723dc000 	C:\Program Files\Java\jdk1.8.0_181\jre\bin\verify.dll
0x646a0000 - 0x646c2000 	C:\Program Files\Java\jdk1.8.0_181\jre\bin\java.dll
0x64910000 - 0x64924000 	C:\Program Files\Java\jdk1.8.0_181\jre\bin\zip.dll
0x76310000 - 0x76f59000 	C:\Windows\system32\SHELL32.dll
0x75e60000 - 0x75fbc000 	C:\Windows\system32\ole32.dll
0x75140000 - 0x7514b000 	C:\Windows\system32\profapi.dll
0x58e20000 - 0x58f67000 	C:\Program Files\Java\jdk1.8.0_181\jre\bin\awt.dll
0x76180000 - 0x7620f000 	C:\Windows\system32\OLEAUT32.dll
0x73ba0000 - 0x73bb3000 	C:\Windows\system32\DWMAPI.DLL
0x71c40000 - 0x71d08000 	C:\Windows\system32\opengl32.dll
0x72330000 - 0x72352000 	C:\Windows\system32\GLU32.dll
0x71b50000 - 0x71c37000 	C:\Windows\system32\DDRAW.dll
0x72320000 - 0x72326000 	C:\Windows\system32\DCIMAN32.dll
0x755e0000 - 0x7577d000 	C:\Windows\system32\SETUPAPI.dll
0x75410000 - 0x75437000 	C:\Windows\system32\CFGMGR32.dll
0x75370000 - 0x75382000 	C:\Windows\system32\DEVOBJ.dll
0x73f10000 - 0x73f50000 	C:\Windows\system32\uxtheme.dll
0x75090000 - 0x7509c000 	C:\Windows\system32\CRYPTBASE.dll
0x640d0000 - 0x64109000 	C:\Program Files\Java\jdk1.8.0_181\jre\bin\fontmanager.dll
0x76f60000 - 0x76fe3000 	C:\Windows\system32\CLBCatQ.DLL
0x73a30000 - 0x73b2b000 	C:\Windows\system32\WindowsCodecs.dll
0x75040000 - 0x7508b000 	C:\Windows\system32\apphelp.dll
0x6fa40000 - 0x6fa71000 	C:\Windows\system32\EhStorShell.dll
0x73f80000 - 0x74075000 	C:\Windows\system32\PROPSYS.dll
0x661c0000 - 0x663dd000 	C:\PROGRA~1\MICROS~1\Office12\GR469A~1.DLL
0x68ef0000 - 0x68fe1000 	C:\PROGRA~1\MICROS~1\Office12\GrooveUtil.DLL
0x75780000 - 0x75874000 	C:\Windows\system32\WININET.dll
0x75b80000 - 0x75b83000 	C:\Windows\system32\Normaliz.dll
0x75440000 - 0x75575000 	C:\Windows\system32\urlmon.dll
0x75250000 - 0x7536c000 	C:\Windows\system32\CRYPT32.dll
0x751b0000 - 0x751bc000 	C:\Windows\system32\MSASN1.dll
0x75b90000 - 0x75d89000 	C:\Windows\system32\iertutil.dll
0x6f350000 - 0x6f3eb000 	C:\Windows\WinSxS\x86_microsoft.vc80.crt_1fc8b3b9a1e18e3b_8.0.50727.4927_none_d08a205e442db5b5\MSVCR80.dll
0x68ff0000 - 0x68ff7000 	C:\PROGRA~1\MICROS~1\Office12\GrooveNew.DLL
0x7c630000 - 0x7c64b000 	C:\Windows\WinSxS\x86_microsoft.vc80.atl_1fc8b3b9a1e18e3b_8.0.50727.42_none_dc990e4797f81af1\ATL80.DLL
0x74bc0000 - 0x74bd6000 	C:\Windows\system32\CRYPTSP.dll
0x74960000 - 0x7499b000 	C:\Windows\system32\rsaenh.dll
0x735d0000 - 0x735d5000 	C:\Windows\system32\MSImg32.dll
0x6f2e0000 - 0x6f34a000 	C:\Windows\System32\cscui.dll
0x6f790000 - 0x6f799000 	C:\Windows\System32\CSCDLL.dll
0x6f7a0000 - 0x6f7ab000 	C:\Windows\system32\CSCAPI.dll
0x6f4b0000 - 0x6f51f000 	C:\Windows\system32\ntshrui.dll
0x74e80000 - 0x74e99000 	C:\Windows\system32\srvcli.dll
0x733c0000 - 0x733ca000 	C:\Windows\system32\slc.dll
0x64110000 - 0x64125000 	C:\Program Files\Java\jdk1.8.0_181\jre\bin\net.dll
0x74b80000 - 0x74bbc000 	C:\Windows\system32\mswsock.dll
0x74b70000 - 0x74b76000 	C:\Windows\System32\wship6.dll
0x69e30000 - 0x69e3f000 	C:\Program Files\Java\jdk1.8.0_181\jre\bin\nio.dll
0x64090000 - 0x640c2000 	C:\Program Files\Java\jdk1.8.0_181\jre\bin\t2k.dll
0x747a0000 - 0x747b7000 	C:\Windows\system32\USERENV.dll
0x73260000 - 0x7327c000 	C:\Windows\system32\IPHLPAPI.DLL
0x73230000 - 0x73237000 	C:\Windows\system32\WINNSI.DLL
0x72f70000 - 0x72f82000 	C:\Windows\system32\dhcpcsvc.DLL
0x72b20000 - 0x72b2d000 	C:\Windows\system32\dhcpcsvc6.DLL
0x722d0000 - 0x72308000 	C:\Users\Admin\AppData\Local\Temp\jna-63116079\jna5930390632581979062.dll
0x14fe0000 - 0x15029000 	C:\Windows\system32\fpengine.dll
0x00e80000 - 0x00eaa000 	C:\Windows\system32\fpcore32.dll
0x6f520000 - 0x6f571000 	C:\Windows\system32\WINSPOOL.DRV
0x67be0000 - 0x67be7000 	C:\Windows\system32\WINUSB.DLL
0x73d80000 - 0x73f10000 	C:\Windows\WinSxS\x86_microsoft.windows.gdiplus_6595b64144ccf1df_1.1.7600.16385_none_72fc7cbf861225ca\gdiplus.dll
0x753e0000 - 0x7540d000 	C:\Windows\system32\WINTRUST.dll
0x6ec60000 - 0x6ec80000 	C:\Program Files\Java\jdk1.8.0_181\jre\bin\sunec.dll
0x64e80000 - 0x64f6b000 	C:\Windows\system32\dbghelp.dll

VM Arguments:
jvm_args: -Dfile.encoding=UTF-8 
java_command: FingerprintUI
java_class_path (initial): C:\Users\Admin\Downloads\unirest-java-1.4.9.jar;C:\Users\Admin\Downloads\jna-4.5.2.jar;C:\Users\Admin\Downloads\org.json.jar\org.json.jar;C:\Users\Admin\Downloads\org-apache-commons-codec.jar\org-apache-commons-codec.jar;C:\Users\Admin\Downloads\httpcore-4.4.9.jar;C:\Users\Admin\Downloads\httpclient-4.5.5.jar;C:\Users\Admin\Downloads\httpcore-nio-4.4.10.jar;C:\Users\Admin\Downloads\httpasyncclient-4.0-beta4.jar\httpasyncclient-4.0-beta4.jar;C:\Users\Admin\Downloads\commons-logging-1.1.2.jar;C:\Users\Admin\Downloads\httpmime-4.5.6.jar;C:\Users\Admin\Documents\NetBeansProjects\FingerRegistrationV2\build\classes
Launcher Type: SUN_STANDARD

Environment Variables:
PATH=C:\Program Files\Common Files\Oracle\Java\javapath;C:\Windows\system32;C:\Windows;C:\Windows\System32\Wbem;C:\Windows\System32\WindowsPowerShell\v1.0\;C:\Program Files\Git\cmd;C:\Program Files\Neurotechnology\FreeFingerprintVerificationSDK 1.0\bin\Win32_x86;C:\Program Files\nodejs\;C:\Users\Admin\AppData\Roaming\npm
USERNAME=Admin
OS=Windows_NT
PROCESSOR_IDENTIFIER=x86 Family 6 Model 76 Stepping 4, GenuineIntel



---------------  S Y S T E M  ---------------

OS: Windows 7 Build 7600 (6.1.7600.16385)

CPU:total 2 (initial active 2) (2 cores per cpu, 1 threads per core) family 6 model 76 stepping 4, cmov, cx8, fxsr, mmx, sse, sse2, sse3, ssse3, sse4.1, sse4.2, popcnt, aes, clmul, erms, 3dnowpref, tsc, tscinvbit

Memory: 4k page, physical 2008308k(617200k free), swap 4016616k(2335908k free)

vm_info: Java HotSpot(TM) Client VM (25.181-b13) for windows-x86 JRE (1.8.0_181-b13), built on Jul  7 2018 03:18:20 by "java_re" with MS VC++ 10.0 (VS2010)

time: Tue Aug 07 21:50:02 2018
elapsed time: 54 seconds (0d 0h 0m 54s)

