#
# A fatal error has been detected by the Java Runtime Environment:
#
#  EXCEPTION_ACCESS_VIOLATION (0xc0000005) at pc=0x77461ffe, pid=6024, tid=0x000016d8
#
# JRE version: Java(TM) SE Runtime Environment (8.0_181-b13) (build 1.8.0_181-b13)
# Java VM: Java HotSpot(TM) Client VM (25.181-b13 mixed mode, sharing windows-x86 )
# Problematic frame:
# C  [ntdll.dll+0x51ffe]
#
# Failed to write core dump. Minidumps are not enabled by default on client versions of Windows
#
# If you would like to submit a bug report, please visit:
#   http://bugreport.java.com/bugreport/crash.jsp
# The crash happened outside the Java Virtual Machine in native code.
# See problematic frame for where to report the bug.
#

---------------  T H R E A D  ---------------

Current thread (0x15465400):  JavaThread "Timer-0" [_thread_in_native, id=5848, stack(0x15e70000,0x15ec0000)]

siginfo: ExceptionCode=0xc0000005, reading address 0x01e96d20

Registers:
EAX=0x69746e65, EBX=0x1646fa08, ECX=0x00600000, EDX=0x1646fa08
ESP=0x15ebd884, EBP=0x15ebd8b8, ESI=0x01e96d1c, EDI=0x1646fa00
EIP=0x77461ffe, EFLAGS=0x00010202

Top of Stack: (sp=0x15ebd884)
0x15ebd884:   00000000 00600000 1646fa08 15ebd8b8
0x15ebd894:   1646fa08 00580056 1646fa08 15ebd8bc
0x15ebd8a4:   7564c07f 1646fa08 00000012 15ebd8e0
0x15ebd8b4:   1646fa00 15ebd8d0 77461faf 1646fa08
0x15ebd8c4:   00000003 14a9e650 1646fa00 15ebd8e4
0x15ebd8d4:   7684f1ac 00600000 00000000 1646fa08
0x15ebd8e4:   15ebd8f8 66d0016a 00600000 00000000
0x15ebd8f4:   1646fa08 15ebd940 6c30846e 1646fa08 

Instructions: (pc=0x77461ffe)
0x77461fde:   7a f8 80 7f 07 05 0f 84 58 df 03 00 8b 07 8b f7
0x77461fee:   c1 ee 03 33 f0 33 35 dc 71 4e 77 89 7d fc 33 f1
0x77461ffe:   8b 46 04 89 45 f4 c6 47 07 80 c6 47 06 00 8b 5e
0x7746200e:   08 8b 4e 0c 89 5d e0 83 c3 01 89 4d e4 83 d1 01 


Register to memory mapping:

EAX=0x69746e65 is an unknown value
EBX=0x1646fa08 is an unknown value
ECX=0x00600000 is an unknown value
EDX=0x1646fa08 is an unknown value
ESP=0x15ebd884 is pointing into the stack for thread: 0x15465400
EBP=0x15ebd8b8 is pointing into the stack for thread: 0x15465400
ESI=0x01e96d1c is an unknown value
EDI=0x1646fa00 is an unknown value


Stack: [0x15e70000,0x15ec0000],  sp=0x15ebd884,  free space=310k
Native frames: (J=compiled Java code, j=interpreted, Vv=VM code, C=native code)
C  [ntdll.dll+0x51ffe]
C  [ntdll.dll+0x51faf]
C  [kernel32.dll+0x4f1ac]
C  [msvcr100.dll+0x1016a]
C  [java.dll+0x846e]
j  java.io.File.exists()Z+29
j  java.io.WinNTFileSystem.canonicalize(Ljava/lang/String;)Ljava/lang/String;+345
j  java.io.File.getCanonicalPath()Ljava/lang/String;+27
j  java.io.FilePermission$1.run()Ljava/lang/String;+103
j  java.io.FilePermission$1.run()Ljava/lang/Object;+1
v  ~StubRoutines::call_stub
V  [jvm.dll+0x15c065]
V  [jvm.dll+0x223ade]
V  [jvm.dll+0x15c0fe]
V  [jvm.dll+0x10c1cf]
C  [java.dll+0x1015]
j  java.io.FilePermission.init(I)V+97
j  java.io.FilePermission.<init>(Ljava/lang/String;Ljava/lang/String;)V+10
j  sun.net.www.protocol.file.FileURLConnection.getPermission()Ljava/security/Permission;+59
j  java.net.URLClassLoader.getPermissions(Ljava/security/CodeSource;)Ljava/security/PermissionCollection;+19
j  sun.misc.Launcher$AppClassLoader.getPermissions(Ljava/security/CodeSource;)Ljava/security/PermissionCollection;+2
j  java.security.SecureClassLoader.getProtectionDomain(Ljava/security/CodeSource;)Ljava/security/ProtectionDomain;+33
j  java.security.SecureClassLoader.defineClass(Ljava/lang/String;[BIILjava/security/CodeSource;)Ljava/lang/Class;+9
j  java.net.URLClassLoader.defineClass(Ljava/lang/String;Lsun/misc/Resource;)Ljava/lang/Class;+138
j  java.net.URLClassLoader.access$100(Ljava/net/URLClassLoader;Ljava/lang/String;Lsun/misc/Resource;)Ljava/lang/Class;+3
j  java.net.URLClassLoader$1.run()Ljava/lang/Class;+43
j  java.net.URLClassLoader$1.run()Ljava/lang/Object;+1
v  ~StubRoutines::call_stub
V  [jvm.dll+0x15c065]
V  [jvm.dll+0x223ade]
V  [jvm.dll+0x15c0fe]
V  [jvm.dll+0x10c1cf]
C  [java.dll+0x1061]
j  java.net.URLClassLoader.findClass(Ljava/lang/String;)Ljava/lang/Class;+13
J 611 C1 java.lang.ClassLoader.loadClass(Ljava/lang/String;Z)Ljava/lang/Class; (122 bytes) @ 0x01d79b4c [0x01d798f0+0x25c]
j  sun.misc.Launcher$AppClassLoader.loadClass(Ljava/lang/String;Z)Ljava/lang/Class;+81
j  java.lang.ClassLoader.loadClass(Ljava/lang/String;)Ljava/lang/Class;+3
v  ~StubRoutines::call_stub
V  [jvm.dll+0x15c065]
V  [jvm.dll+0x223ade]
V  [jvm.dll+0x15c0fe]
V  [jvm.dll+0x15c286]
V  [jvm.dll+0x15c36f]
V  [jvm.dll+0x513d5]
V  [jvm.dll+0x5187a]
V  [jvm.dll+0x52ac0]
V  [jvm.dll+0x52b0a]
V  [jvm.dll+0x1030f6]
C  [verify.dll+0x1638]
C  [verify.dll+0x1dbe]
C  [verify.dll+0x2cda]
C  0x15ebed24

Java frames: (J=compiled Java code, j=interpreted, Vv=VM code)
j  java.io.WinNTFileSystem.getBooleanAttributes(Ljava/io/File;)I+0
j  java.io.File.exists()Z+29
j  java.io.WinNTFileSystem.canonicalize(Ljava/lang/String;)Ljava/lang/String;+345
j  java.io.File.getCanonicalPath()Ljava/lang/String;+27
j  java.io.FilePermission$1.run()Ljava/lang/String;+103
j  java.io.FilePermission$1.run()Ljava/lang/Object;+1
v  ~StubRoutines::call_stub
J 419  java.security.AccessController.doPrivileged(Ljava/security/PrivilegedAction;)Ljava/lang/Object; (0 bytes) @ 0x01d2eff0 [0x01d2efa0+0x50]
j  java.io.FilePermission.init(I)V+97
j  java.io.FilePermission.<init>(Ljava/lang/String;Ljava/lang/String;)V+10
j  sun.net.www.protocol.file.FileURLConnection.getPermission()Ljava/security/Permission;+59
j  java.net.URLClassLoader.getPermissions(Ljava/security/CodeSource;)Ljava/security/PermissionCollection;+19
j  sun.misc.Launcher$AppClassLoader.getPermissions(Ljava/security/CodeSource;)Ljava/security/PermissionCollection;+2
j  java.security.SecureClassLoader.getProtectionDomain(Ljava/security/CodeSource;)Ljava/security/ProtectionDomain;+33
j  java.security.SecureClassLoader.defineClass(Ljava/lang/String;[BIILjava/security/CodeSource;)Ljava/lang/Class;+9
j  java.net.URLClassLoader.defineClass(Ljava/lang/String;Lsun/misc/Resource;)Ljava/lang/Class;+138
j  java.net.URLClassLoader.access$100(Ljava/net/URLClassLoader;Ljava/lang/String;Lsun/misc/Resource;)Ljava/lang/Class;+3
j  java.net.URLClassLoader$1.run()Ljava/lang/Class;+43
j  java.net.URLClassLoader$1.run()Ljava/lang/Object;+1
v  ~StubRoutines::call_stub
j  java.security.AccessController.doPrivileged(Ljava/security/PrivilegedExceptionAction;Ljava/security/AccessControlContext;)Ljava/lang/Object;+0
j  java.net.URLClassLoader.findClass(Ljava/lang/String;)Ljava/lang/Class;+13
J 611 C1 java.lang.ClassLoader.loadClass(Ljava/lang/String;Z)Ljava/lang/Class; (122 bytes) @ 0x01d79b4c [0x01d798f0+0x25c]
j  sun.misc.Launcher$AppClassLoader.loadClass(Ljava/lang/String;Z)Ljava/lang/Class;+81
j  java.lang.ClassLoader.loadClass(Ljava/lang/String;)Ljava/lang/Class;+3
v  ~StubRoutines::call_stub
j  com.mashape.unirest.request.HttpRequestWithBody.field(Ljava/lang/String;Ljava/lang/Object;Ljava/lang/String;)Lcom/mashape/unirest/request/body/MultipartBody;+0
j  com.mashape.unirest.request.HttpRequestWithBody.field(Ljava/lang/String;Ljava/lang/Object;)Lcom/mashape/unirest/request/body/MultipartBody;+4
j  FingerprintUI.postUserDetailsToServer(Ljava/lang/String;Ljava/lang/String;Ljava/lang/String;Ljava/lang/String;Ljava/lang/String;Ljava/lang/String;Ljava/lang/String;)V+42
j  FingerprintUI.access$1100(LFingerprintUI;Ljava/lang/String;Ljava/lang/String;Ljava/lang/String;Ljava/lang/String;Ljava/lang/String;Ljava/lang/String;Ljava/lang/String;)V+12
j  FingerprintUI$1.fpsmessage()V+1316
j  FingerprintUI$1.run()V+1
j  java.util.TimerThread.mainLoop()V+221
j  java.util.TimerThread.run()V+1
v  ~StubRoutines::call_stub

---------------  P R O C E S S  ---------------

Java Threads: ( => current thread )
  0x16485c00 JavaThread "Thread-4" daemon [_thread_blocked, id=4808, stack(0x16b90000,0x16be0000)]
  0x1637e400 JavaThread "TimerQueue" daemon [_thread_blocked, id=6064, stack(0x15dc0000,0x15e10000)]
  0x0060c800 JavaThread "DestroyJavaVM" [_thread_blocked, id=4456, stack(0x018a0000,0x018f0000)]
  0x1547d800 JavaThread "AWT-EventQueue-0" [_thread_blocked, id=4484, stack(0x15f10000,0x15f60000)]
=>0x15465400 JavaThread "Timer-0" [_thread_in_native, id=5848, stack(0x15e70000,0x15ec0000)]
  0x15432c00 JavaThread "AWT-Windows" daemon [_thread_in_native, id=4524, stack(0x15740000,0x15790000)]
  0x15432400 JavaThread "AWT-Shutdown" [_thread_blocked, id=4356, stack(0x157b0000,0x15800000)]
  0x1542f800 JavaThread "Java2D Disposer" daemon [_thread_blocked, id=5652, stack(0x15860000,0x158b0000)]
  0x005a9800 JavaThread "Service Thread" daemon [_thread_blocked, id=4792, stack(0x15190000,0x151e0000)]
  0x00584400 JavaThread "C1 CompilerThread0" daemon [_thread_blocked, id=4212, stack(0x15040000,0x15090000)]
  0x00583800 JavaThread "Attach Listener" daemon [_thread_blocked, id=5228, stack(0x15100000,0x15150000)]
  0x00580800 JavaThread "Signal Dispatcher" daemon [_thread_blocked, id=1968, stack(0x14880000,0x148d0000)]
  0x00570800 JavaThread "Finalizer" daemon [_thread_blocked, id=1972, stack(0x148f0000,0x14940000)]
  0x00515c00 JavaThread "Reference Handler" daemon [_thread_blocked, id=3624, stack(0x14fc0000,0x15010000)]

Other Threads:
  0x00513400 VMThread [stack: 0x13cd0000,0x13d20000] [id=684]
  0x005ac400 WatcherThread [stack: 0x152a0000,0x152f0000] [id=2696]

VM state:not at safepoint (normal execution)

VM Mutex/Monitor currently owned by a thread: None

Heap:
 def new generation   total 8064K, used 3626K [0x03c00000, 0x044b0000, 0x09150000)
  eden space 7232K,  49% used [0x03c00000, 0x03f77bb8, 0x04310000)
  from space 832K,   9% used [0x043e0000, 0x043f2dd8, 0x044b0000)
  to   space 832K,   0% used [0x04310000, 0x04310000, 0x043e0000)
 tenured generation   total 17660K, used 10595K [0x09150000, 0x0a28f000, 0x13c00000)
   the space 17660K,  59% used [0x09150000, 0x09ba8d08, 0x09ba8e00, 0x0a28f000)
 Metaspace       used 4048K, capacity 4280K, committed 4416K, reserved 4480K

Card table byte_map: [0x13c00000,0x13c90000] byte_map_base: 0x13be2000

Polling page: 0x00370000

CodeCache: size=32768Kb used=1978Kb max_used=1978Kb free=30789Kb
 bounds [0x01c00000, 0x01df0000, 0x03c00000]
 total_blobs=1205 nmethods=943 adapters=192
 compilation: enabled

Compilation events (10 events):
Event: 86.385 Thread 0x00584400  952             javax.swing.GroupLayout$AutoPreferredGapSpring::unset (18 bytes)
Event: 86.386 Thread 0x00584400 nmethod 952 0x01dedfc8 code [0x01dee0c0, 0x01dee160]
Event: 86.388 Thread 0x00584400  953             java.awt.geom.AffineTransform::translate (547 bytes)
Event: 86.395 Thread 0x00584400 nmethod 953 0x01dee1c8 code [0x01dee2e0, 0x01dee7ac]
Event: 87.387 Thread 0x00584400  954             sun.swing.SwingUtilities2::getFontMetrics (19 bytes)
Event: 87.389 Thread 0x00584400 nmethod 954 0x01dee888 code [0x01dee9a0, 0x01deeaa8]
Event: 87.389 Thread 0x00584400  955             sun.swing.SwingUtilities2::getFRCProperty (26 bytes)
Event: 87.390 Thread 0x00584400 nmethod 955 0x01deebc8 code [0x01deecd0, 0x01deedac]
Event: 87.390 Thread 0x00584400  956             javax.swing.GroupLayout$ComponentSpring::isVisible (15 bytes)
Event: 87.392 Thread 0x00584400 nmethod 956 0x01deee88 code [0x01deef90, 0x01def03c]

GC Heap History (10 events):
Event: 6.442 GC heap before
{Heap before GC invocations=7 (full 0):
 def new generation   total 4928K, used 4928K [0x03c00000, 0x04150000, 0x09150000)
  eden space 4416K, 100% used [0x03c00000, 0x04050000, 0x04050000)
  from space 512K, 100% used [0x040d0000, 0x04150000, 0x04150000)
  to   space 512K,   0% used [0x04050000, 0x04050000, 0x040d0000)
 tenured generation   total 10944K, used 8212K [0x09150000, 0x09c00000, 0x13c00000)
   the space 10944K,  75% used [0x09150000, 0x09955200, 0x09955200, 0x09c00000)
 Metaspace       used 2715K, capacity 3322K, committed 3392K, reserved 4480K
Event: 6.451 GC heap after
Heap after GC invocations=8 (full 0):
 def new generation   total 4928K, used 512K [0x03c00000, 0x04150000, 0x09150000)
  eden space 4416K,   0% used [0x03c00000, 0x03c00000, 0x04050000)
  from space 512K, 100% used [0x04050000, 0x040d0000, 0x040d0000)
  to   space 512K,   0% used [0x040d0000, 0x040d0000, 0x04150000)
 tenured generation   total 10944K, used 9338K [0x09150000, 0x09c00000, 0x13c00000)
   the space 10944K,  85% used [0x09150000, 0x09a6ea48, 0x09a6ec00, 0x09c00000)
 Metaspace       used 2715K, capacity 3322K, committed 3392K, reserved 4480K
}
Event: 6.622 GC heap before
{Heap before GC invocations=8 (full 0):
 def new generation   total 4928K, used 4928K [0x03c00000, 0x04150000, 0x09150000)
  eden space 4416K, 100% used [0x03c00000, 0x04050000, 0x04050000)
  from space 512K, 100% used [0x04050000, 0x040d0000, 0x040d0000)
  to   space 512K,   0% used [0x040d0000, 0x040d0000, 0x04150000)
 tenured generation   total 10944K, used 9338K [0x09150000, 0x09c00000, 0x13c00000)
   the space 10944K,  85% used [0x09150000, 0x09a6ea48, 0x09a6ec00, 0x09c00000)
 Metaspace       used 3366K, capacity 3777K, committed 3904K, reserved 4480K
Event: 6.628 GC heap after
Heap after GC invocations=9 (full 0):
 def new generation   total 4928K, used 512K [0x03c00000, 0x04150000, 0x09150000)
  eden space 4416K,   0% used [0x03c00000, 0x03c00000, 0x04050000)
  from space 512K, 100% used [0x040d0000, 0x04150000, 0x04150000)
  to   space 512K,   0% used [0x04050000, 0x04050000, 0x040d0000)
 tenured generation   total 10944K, used 10143K [0x09150000, 0x09c00000, 0x13c00000)
   the space 10944K,  92% used [0x09150000, 0x09b37ec8, 0x09b38000, 0x09c00000)
 Metaspace       used 3366K, capacity 3777K, committed 3904K, reserved 4480K
}
Event: 61.631 GC heap before
{Heap before GC invocations=9 (full 0):
 def new generation   total 4928K, used 4928K [0x03c00000, 0x04150000, 0x09150000)
  eden space 4416K, 100% used [0x03c00000, 0x04050000, 0x04050000)
  from space 512K, 100% used [0x040d0000, 0x04150000, 0x04150000)
  to   space 512K,   0% used [0x04050000, 0x04050000, 0x040d0000)
 tenured generation   total 10944K, used 10143K [0x09150000, 0x09c00000, 0x13c00000)
   the space 10944K,  92% used [0x09150000, 0x09b37ec8, 0x09b38000, 0x09c00000)
 Metaspace       used 3912K, capacity 4160K, committed 4160K, reserved 4480K
Event: 61.658 GC heap after
Heap after GC invocations=10 (full 0):
 def new generation   total 4928K, used 512K [0x03c00000, 0x04150000, 0x09150000)
  eden space 4416K,   0% used [0x03c00000, 0x03c00000, 0x04050000)
  from space 512K, 100% used [0x04050000, 0x040d0000, 0x040d0000)
  to   space 512K,   0% used [0x040d0000, 0x040d0000, 0x04150000)
 tenured generation   total 10944K, used 10589K [0x09150000, 0x09c00000, 0x13c00000)
   the space 10944K,  96% used [0x09150000, 0x09ba7740, 0x09ba7800, 0x09c00000)
 Metaspace       used 3912K, capacity 4160K, committed 4160K, reserved 4480K
}
Event: 80.449 GC heap before
{Heap before GC invocations=10 (full 0):
 def new generation   total 4928K, used 4928K [0x03c00000, 0x04150000, 0x09150000)
  eden space 4416K, 100% used [0x03c00000, 0x04050000, 0x04050000)
  from space 512K, 100% used [0x04050000, 0x040d0000, 0x040d0000)
  to   space 512K,   0% used [0x040d0000, 0x040d0000, 0x04150000)
 tenured generation   total 10944K, used 10589K [0x09150000, 0x09c00000, 0x13c00000)
   the space 10944K,  96% used [0x09150000, 0x09ba7740, 0x09ba7800, 0x09c00000)
 Metaspace       used 4021K, capacity 4288K, committed 4288K, reserved 4480K
Event: 80.494 GC heap after
Heap after GC invocations=11 (full 1):
 def new generation   total 8064K, used 0K [0x03c00000, 0x044b0000, 0x09150000)
  eden space 7232K,   0% used [0x03c00000, 0x03c00000, 0x04310000)
  from space 832K,   0% used [0x04310000, 0x04310000, 0x043e0000)
  to   space 832K,   0% used [0x043e0000, 0x043e0000, 0x044b0000)
 tenured generation   total 17660K, used 10595K [0x09150000, 0x0a28f000, 0x13c00000)
   the space 17660K,  59% used [0x09150000, 0x09ba8d08, 0x09ba8e00, 0x0a28f000)
 Metaspace       used 3996K, capacity 4248K, committed 4288K, reserved 4480K
}
Event: 80.592 GC heap before
{Heap before GC invocations=11 (full 1):
 def new generation   total 8064K, used 7232K [0x03c00000, 0x044b0000, 0x09150000)
  eden space 7232K, 100% used [0x03c00000, 0x04310000, 0x04310000)
  from space 832K,   0% used [0x04310000, 0x04310000, 0x043e0000)
  to   space 832K,   0% used [0x043e0000, 0x043e0000, 0x044b0000)
 tenured generation   total 17660K, used 10595K [0x09150000, 0x0a28f000, 0x13c00000)
   the space 17660K,  59% used [0x09150000, 0x09ba8d08, 0x09ba8e00, 0x0a28f000)
 Metaspace       used 3997K, capacity 4248K, committed 4288K, reserved 4480K
Event: 80.595 GC heap after
Heap after GC invocations=12 (full 1):
 def new generation   total 8064K, used 75K [0x03c00000, 0x044b0000, 0x09150000)
  eden space 7232K,   0% used [0x03c00000, 0x03c00000, 0x04310000)
  from space 832K,   9% used [0x043e0000, 0x043f2dd8, 0x044b0000)
  to   space 832K,   0% used [0x04310000, 0x04310000, 0x043e0000)
 tenured generation   total 17660K, used 10595K [0x09150000, 0x0a28f000, 0x13c00000)
   the space 17660K,  59% used [0x09150000, 0x09ba8d08, 0x09ba8e00, 0x0a28f000)
 Metaspace       used 3997K, capacity 4248K, committed 4288K, reserved 4480K
}

Deoptimization events (0 events):
No events

Classes redefined (0 events):
No events

Internal exceptions (10 events):
Event: 0.228 Thread 0x0060c800 Exception <a 'java/security/PrivilegedActionException'> (0x03cec698) thrown at [C:\workspace\8-2-build-windows-i586-cygwin\jdk8u181\11358\hotspot\src\share\vm\prims\jvm.cpp, line 1435]
Event: 0.231 Thread 0x0060c800 Exception <a 'java/io/FileNotFoundException'> (0x03cee410) thrown at [C:\workspace\8-2-build-windows-i586-cygwin\jdk8u181\11358\hotspot\src\share\vm\prims\jni.cpp, line 709]
Event: 0.302 Thread 0x0060c800 Exception <a 'java/lang/NoSuchFieldError': method resolution failed> (0x03dabd18) thrown at [C:\workspace\8-2-build-windows-i586-cygwin\jdk8u181\11358\hotspot\src\share\vm\prims\methodHandles.cpp, line 1167]
Event: 0.305 Thread 0x0060c800 Exception <a 'java/lang/NoSuchFieldError': method resolution failed> (0x03db7eb8) thrown at [C:\workspace\8-2-build-windows-i586-cygwin\jdk8u181\11358\hotspot\src\share\vm\prims\methodHandles.cpp, line 1167]
Event: 0.359 Thread 0x0060c800 Exception <a 'java/io/FileNotFoundException'> (0x03e44520) thrown at [C:\workspace\8-2-build-windows-i586-cygwin\jdk8u181\11358\hotspot\src\share\vm\prims\jni.cpp, line 709]
Event: 5.731 Thread 0x1547d800 Exception <a 'java/lang/NoClassDefFoundError': org/apache/log4j/Category> (0x03d64ab0) thrown at [C:\workspace\8-2-build-windows-i586-cygwin\jdk8u181\11358\hotspot\src\share\vm\classfile\systemDictionary.cpp, line 199]
Event: 7.681 Thread 0x1547d800 Exception <a 'java/net/ConnectException': Connection refused: connect> (0x03ce3cd0) thrown at [C:\workspace\8-2-build-windows-i586-cygwin\jdk8u181\11358\hotspot\src\share\vm\prims\jni.cpp, line 735]
Event: 65.456 Thread 0x1547d800 Exception <a 'java/lang/NullPointerException'> (0x03c63e70) thrown at [C:\workspace\8-2-build-windows-i586-cygwin\jdk8u181\11358\hotspot\src\share\vm\prims\jvm.cpp, line 1439]
Event: 65.456 Thread 0x1547d800 Exception <a 'java/lang/NullPointerException'> (0x03c63e70) thrown at [C:\workspace\8-2-build-windows-i586-cygwin\jdk8u181\11358\hotspot\src\share\vm\prims\jvm.cpp, line 1439]
Event: 84.253 Thread 0x15465400 Exception <a 'java/net/SocketTimeoutException': Read timed out> (0x03ca77b0) thrown at [C:\workspace\8-2-build-windows-i586-cygwin\jdk8u181\11358\hotspot\src\share\vm\prims\jni.cpp, line 735]

Events (10 events):
Event: 88.094 loading class java/util/prefs/Base64
Event: 88.095 loading class java/util/prefs/Base64 done
Event: 88.101 loading class com/mashape/unirest/request/HttpRequestWithBody
Event: 88.101 loading class com/mashape/unirest/request/HttpRequestWithBody done
Event: 88.107 loading class com/mashape/unirest/request/body/Body
Event: 88.107 loading class com/mashape/unirest/request/body/Body done
Event: 88.111 loading class com/mashape/unirest/request/body/MultipartBody
Event: 88.111 loading class com/mashape/unirest/request/body/MultipartBody done
Event: 88.117 loading class org/apache/http/entity/mime/content/ContentBody
Event: 88.117 loading class org/apache/http/entity/mime/content/ContentBody done


Dynamic libraries:
0x00ad0000 - 0x00b03000 	C:\Program Files\Java\jdk1.8.0_181\bin\java.exe
0x77410000 - 0x7754c000 	C:\Windows\SYSTEM32\ntdll.dll
0x76800000 - 0x768d4000 	C:\Windows\system32\kernel32.dll
0x75640000 - 0x7568a000 	C:\Windows\system32\KERNELBASE.dll
0x775a0000 - 0x77640000 	C:\Windows\system32\ADVAPI32.dll
0x76c90000 - 0x76d3c000 	C:\Windows\system32\msvcrt.dll
0x76640000 - 0x76659000 	C:\Windows\SYSTEM32\sechost.dll
0x77210000 - 0x772b1000 	C:\Windows\system32\RPCRT4.dll
0x76dc0000 - 0x76e89000 	C:\Windows\system32\USER32.dll
0x77320000 - 0x7736e000 	C:\Windows\system32\GDI32.dll
0x77550000 - 0x7755a000 	C:\Windows\system32\LPK.dll
0x77370000 - 0x7740d000 	C:\Windows\system32\USP10.dll
0x744c0000 - 0x7465e000 	C:\Windows\WinSxS\x86_microsoft.windows.common-controls_6595b64144ccf1df_6.0.7600.16385_none_421189da2b7fabfc\COMCTL32.dll
0x772c0000 - 0x77317000 	C:\Windows\system32\SHLWAPI.dll
0x77570000 - 0x7758f000 	C:\Windows\system32\IMM32.DLL
0x77140000 - 0x7720c000 	C:\Windows\system32\MSCTF.dll
0x66cf0000 - 0x66daf000 	C:\Program Files\Java\jdk1.8.0_181\jre\bin\msvcr100.dll
0x59c00000 - 0x59fd3000 	C:\Program Files\Java\jdk1.8.0_181\jre\bin\client\jvm.dll
0x71ed0000 - 0x71ed7000 	C:\Windows\system32\WSOCK32.dll
0x75860000 - 0x75895000 	C:\Windows\system32\WS2_32.dll
0x77560000 - 0x77566000 	C:\Windows\system32\NSI.dll
0x6f470000 - 0x6f4a2000 	C:\Windows\system32\WINMM.dll
0x74a60000 - 0x74a69000 	C:\Windows\system32\VERSION.dll
0x77590000 - 0x77595000 	C:\Windows\system32\PSAPI.DLL
0x74770000 - 0x7477c000 	C:\Program Files\Java\jdk1.8.0_181\jre\bin\verify.dll
0x6c300000 - 0x6c322000 	C:\Program Files\Java\jdk1.8.0_181\jre\bin\java.dll
0x72040000 - 0x72054000 	C:\Program Files\Java\jdk1.8.0_181\jre\bin\zip.dll
0x759f0000 - 0x76639000 	C:\Windows\system32\SHELL32.dll
0x76a70000 - 0x76bcc000 	C:\Windows\system32\ole32.dll
0x75560000 - 0x7556b000 	C:\Windows\system32\profapi.dll
0x5e390000 - 0x5e4d7000 	C:\Program Files\Java\jdk1.8.0_181\jre\bin\awt.dll
0x76c00000 - 0x76c8f000 	C:\Windows\system32\OLEAUT32.dll
0x74040000 - 0x74053000 	C:\Windows\system32\DWMAPI.DLL
0x6bd20000 - 0x6bde8000 	C:\Windows\system32\opengl32.dll
0x6c0d0000 - 0x6c0f2000 	C:\Windows\system32\GLU32.dll
0x6bc30000 - 0x6bd17000 	C:\Windows\system32\DDRAW.dll
0x6c0c0000 - 0x6c0c6000 	C:\Windows\system32\DCIMAN32.dll
0x76660000 - 0x767fd000 	C:\Windows\system32\SETUPAPI.dll
0x75610000 - 0x75637000 	C:\Windows\system32\CFGMGR32.dll
0x75690000 - 0x756a2000 	C:\Windows\system32\DEVOBJ.dll
0x74360000 - 0x743a0000 	C:\Windows\system32\uxtheme.dll
0x754b0000 - 0x754bc000 	C:\Windows\system32\CRYPTBASE.dll
0x673b0000 - 0x673e9000 	C:\Program Files\Java\jdk1.8.0_181\jre\bin\fontmanager.dll
0x768e0000 - 0x76963000 	C:\Windows\system32\CLBCatQ.DLL
0x73da0000 - 0x73e9b000 	C:\Windows\system32\WindowsCodecs.dll
0x75460000 - 0x754ab000 	C:\Windows\system32\apphelp.dll
0x70d30000 - 0x70d61000 	C:\Windows\system32\EhStorShell.dll
0x743a0000 - 0x74495000 	C:\Windows\system32\PROPSYS.dll
0x661c0000 - 0x663dd000 	C:\PROGRA~1\MICROS~1\Office12\GR469A~1.DLL
0x68ef0000 - 0x68fe1000 	C:\PROGRA~1\MICROS~1\Office12\GrooveUtil.DLL
0x76970000 - 0x76a64000 	C:\Windows\system32\WININET.dll
0x759e0000 - 0x759e3000 	C:\Windows\system32\Normaliz.dll
0x758a0000 - 0x759d5000 	C:\Windows\system32\urlmon.dll
0x75740000 - 0x7585c000 	C:\Windows\system32\CRYPT32.dll
0x755d0000 - 0x755dc000 	C:\Windows\system32\MSASN1.dll
0x76ef0000 - 0x770e9000 	C:\Windows\system32\iertutil.dll
0x70c90000 - 0x70d2b000 	C:\Windows\WinSxS\x86_microsoft.vc80.crt_1fc8b3b9a1e18e3b_8.0.50727.4927_none_d08a205e442db5b5\MSVCR80.dll
0x68ff0000 - 0x68ff7000 	C:\PROGRA~1\MICROS~1\Office12\GrooveNew.DLL
0x7c630000 - 0x7c64b000 	C:\Windows\WinSxS\x86_microsoft.vc80.atl_1fc8b3b9a1e18e3b_8.0.50727.42_none_dc990e4797f81af1\ATL80.DLL
0x74fe0000 - 0x74ff6000 	C:\Windows\system32\CRYPTSP.dll
0x74d80000 - 0x74dbb000 	C:\Windows\system32\rsaenh.dll
0x73b90000 - 0x73b95000 	C:\Windows\system32\MSImg32.dll
0x70ba0000 - 0x70c0a000 	C:\Windows\System32\cscui.dll
0x70b90000 - 0x70b99000 	C:\Windows\System32\CSCDLL.dll
0x70b80000 - 0x70b8b000 	C:\Windows\system32\CSCAPI.dll
0x70b10000 - 0x70b7f000 	C:\Windows\system32\ntshrui.dll
0x75390000 - 0x753a9000 	C:\Windows\system32\srvcli.dll
0x737e0000 - 0x737ea000 	C:\Windows\system32\slc.dll
0x720c0000 - 0x720d5000 	C:\Program Files\Java\jdk1.8.0_181\jre\bin\net.dll
0x74fa0000 - 0x74fdc000 	C:\Windows\system32\mswsock.dll
0x74f90000 - 0x74f96000 	C:\Windows\System32\wship6.dll
0x6ec60000 - 0x6ec6f000 	C:\Program Files\Java\jdk1.8.0_181\jre\bin\nio.dll
0x67180000 - 0x671b2000 	C:\Program Files\Java\jdk1.8.0_181\jre\bin\t2k.dll
0x74bc0000 - 0x74bd7000 	C:\Windows\system32\USERENV.dll
0x73670000 - 0x7368c000 	C:\Windows\system32\IPHLPAPI.DLL
0x73660000 - 0x73667000 	C:\Windows\system32\WINNSI.DLL
0x734b0000 - 0x734c2000 	C:\Windows\system32\dhcpcsvc.DLL
0x72f40000 - 0x72f4d000 	C:\Windows\system32\dhcpcsvc6.DLL
0x68640000 - 0x68678000 	C:\Users\Admin\AppData\Local\Temp\jna-63116079\jna3122731408455919612.dll
0x156d0000 - 0x15719000 	C:\Windows\system32\fpengine.dll
0x15010000 - 0x1503a000 	C:\Windows\system32\fpcore32.dll
0x6f4b0000 - 0x6f501000 	C:\Windows\system32\WINSPOOL.DRV
0x6b790000 - 0x6b797000 	C:\Windows\system32\WINUSB.DLL
0x741d0000 - 0x74360000 	C:\Windows\WinSxS\x86_microsoft.windows.gdiplus_6595b64144ccf1df_1.1.7600.16385_none_72fc7cbf861225ca\gdiplus.dll
0x755e0000 - 0x7560d000 	C:\Windows\system32\WINTRUST.dll
0x71fd0000 - 0x71ff0000 	C:\Program Files\Java\jdk1.8.0_181\jre\bin\sunec.dll
0x69c30000 - 0x69d1b000 	C:\Windows\system32\dbghelp.dll

VM Arguments:
jvm_args: -Dfile.encoding=UTF-8 
java_command: FingerprintUI
java_class_path (initial): C:\Users\Admin\Downloads\unirest-java-1.4.9.jar;C:\Users\Admin\Downloads\jna-4.5.2.jar;C:\Users\Admin\Downloads\org.json.jar\org.json.jar;C:\Users\Admin\Downloads\org-apache-commons-codec.jar\org-apache-commons-codec.jar;C:\Users\Admin\Downloads\httpcore-4.4.9.jar;C:\Users\Admin\Downloads\httpclient-4.5.5.jar;C:\Users\Admin\Downloads\httpcore-nio-4.4.10.jar;C:\Users\Admin\Downloads\httpasyncclient-4.0-beta4.jar\httpasyncclient-4.0-beta4.jar;C:\Users\Admin\Downloads\commons-logging-1.1.2.jar;C:\Users\Admin\Downloads\httpmime-4.5.6.jar;C:\Users\Admin\Documents\NetBeansProjects\FingerRegistrationV2\build\classes
Launcher Type: SUN_STANDARD

Environment Variables:
PATH=C:\Program Files\Common Files\Oracle\Java\javapath;C:\Windows\system32;C:\Windows;C:\Windows\System32\Wbem;C:\Windows\System32\WindowsPowerShell\v1.0\;C:\Program Files\Git\cmd;C:\Program Files\Neurotechnology\FreeFingerprintVerificationSDK 1.0\bin\Win32_x86;C:\Program Files\nodejs\;C:\Users\Admin\AppData\Roaming\npm
USERNAME=Admin
OS=Windows_NT
PROCESSOR_IDENTIFIER=x86 Family 6 Model 76 Stepping 4, GenuineIntel



---------------  S Y S T E M  ---------------

OS: Windows 7 Build 7600 (6.1.7600.16385)

CPU:total 2 (initial active 2) (2 cores per cpu, 1 threads per core) family 6 model 76 stepping 4, cmov, cx8, fxsr, mmx, sse, sse2, sse3, ssse3, sse4.1, sse4.2, popcnt, aes, clmul, erms, 3dnowpref, tsc, tscinvbit

Memory: 4k page, physical 2008308k(557464k free), swap 4016616k(1984508k free)

vm_info: Java HotSpot(TM) Client VM (25.181-b13) for windows-x86 JRE (1.8.0_181-b13), built on Jul  7 2018 03:18:20 by "java_re" with MS VC++ 10.0 (VS2010)

time: Sun Aug 12 19:10:32 2018
elapsed time: 88 seconds (0d 0h 1m 28s)

