#
# A fatal error has been detected by the Java Runtime Environment:
#
#  EXCEPTION_ACCESS_VIOLATION (0xc0000005) at pc=0x770c1ffe, pid=2168, tid=0x000010f8
#
# JRE version: Java(TM) SE Runtime Environment (8.0_181-b13) (build 1.8.0_181-b13)
# Java VM: Java HotSpot(TM) Client VM (25.181-b13 mixed mode, sharing windows-x86 )
# Problematic frame:
# C  [ntdll.dll+0x51ffe]
#
# Failed to write core dump. Minidumps are not enabled by default on client versions of Windows
#
# If you would like to submit a bug report, please visit:
#   http://bugreport.java.com/bugreport/crash.jsp
# The crash happened outside the Java Virtual Machine in native code.
# See problematic frame for where to report the bug.
#

---------------  T H R E A D  ---------------

Current thread (0x009a4400):  JavaThread "Timer-0" [_thread_in_native, id=4344, stack(0x15a10000,0x15a60000)]

siginfo: ExceptionCode=0xc0000005, reading address 0xbe7f5696

Registers:
EAX=0x8e805dec, EBX=0x164cafb8, ECX=0x00aa0000, EDX=0x164cafb8
ESP=0x15a5ec88, EBP=0x15a5ecbc, ESI=0xbe7f5692, EDI=0x164cafb0
EIP=0x770c1ffe, EFLAGS=0x00010282

Top of Stack: (sp=0x15a5ec88)
0x15a5ec88:   00000000 00aa0000 164cafb8 15a5ecac
0x15a5ec98:   770c1faf 01590010 002c0036 15a5ed48
0x15a5eca8:   164b0d08 15a5ecc0 164c5e70 00000001
0x15a5ecb8:   164cafb0 15a5ecd4 770c1faf 15a5ed8c
0x15a5ecc8:   15a5ed48 6a75014e 164cafb0 15a5ece8
0x15a5ecd8:   7574f1ac 00aa0000 00000000 164cafb8
0x15a5ece8:   15a5ecfc 6a75016a 00aa0000 00000000
0x15a5ecf8:   164cafb8 15a5eda4 73f914a5 164cafb8 

Instructions: (pc=0x770c1ffe)
0x770c1fde:   7a f8 80 7f 07 05 0f 84 58 df 03 00 8b 07 8b f7
0x770c1fee:   c1 ee 03 33 f0 33 35 dc 71 14 77 89 7d fc 33 f1
0x770c1ffe:   8b 46 04 89 45 f4 c6 47 07 80 c6 47 06 00 8b 5e
0x770c200e:   08 8b 4e 0c 89 5d e0 83 c3 01 89 4d e4 83 d1 01 


Register to memory mapping:

EAX=0x8e805dec is an unknown value
EBX=0x164cafb8 is an unknown value
ECX=0x00aa0000 is an unknown value
EDX=0x164cafb8 is an unknown value
ESP=0x15a5ec88 is pointing into the stack for thread: 0x009a4400
EBP=0x15a5ecbc is pointing into the stack for thread: 0x009a4400
ESI=0xbe7f5692 is an unknown value
EDI=0x164cafb0 is an unknown value


Stack: [0x15a10000,0x15a60000],  sp=0x15a5ec88,  free space=315k
Native frames: (J=compiled Java code, j=interpreted, Vv=VM code, C=native code)
C  [ntdll.dll+0x51ffe]
C  [ntdll.dll+0x51faf]
C  [kernel32.dll+0x4f1ac]
C  [msvcr100.dll+0x1016a]
C  [verify.dll+0x14a5]
C  0x00000001

Java frames: (J=compiled Java code, j=interpreted, Vv=VM code)
j  fingerregistrationv2.FingerprintUI$2.fpsmessage()V+309
j  fingerregistrationv2.FingerprintUI$2.run()V+1
j  java.util.TimerThread.mainLoop()V+221
j  java.util.TimerThread.run()V+1
v  ~StubRoutines::call_stub

---------------  P R O C E S S  ---------------

Java Threads: ( => current thread )
  0x16478000 JavaThread "Thread-4" daemon [_thread_blocked, id=668, stack(0x15e70000,0x15ec0000)]
  0x152fbc00 JavaThread "TimerQueue" daemon [_thread_blocked, id=2700, stack(0x16230000,0x16280000)]
  0x00aacc00 JavaThread "DestroyJavaVM" [_thread_blocked, id=4264, stack(0x00bd0000,0x00c20000)]
  0x1535e400 JavaThread "AWT-EventQueue-0" [_thread_blocked, id=5124, stack(0x15ac0000,0x15b10000)]
=>0x009a4400 JavaThread "Timer-0" [_thread_in_native, id=4344, stack(0x15a10000,0x15a60000)]
  0x153b8400 JavaThread "AWT-Windows" daemon [_thread_in_native, id=956, stack(0x15840000,0x15890000)]
  0x153b7800 JavaThread "AWT-Shutdown" [_thread_blocked, id=4168, stack(0x157b0000,0x15800000)]
  0x153b4c00 JavaThread "Java2D Disposer" daemon [_thread_blocked, id=5816, stack(0x00e00000,0x00e50000)]
  0x009bbc00 JavaThread "Service Thread" daemon [_thread_blocked, id=5044, stack(0x149a0000,0x149f0000)]
  0x00993c00 JavaThread "C1 CompilerThread0" daemon [_thread_blocked, id=2136, stack(0x151c0000,0x15210000)]
  0x00992c00 JavaThread "Attach Listener" daemon [_thread_blocked, id=5956, stack(0x15170000,0x151c0000)]
  0x0098fc00 JavaThread "Signal Dispatcher" daemon [_thread_blocked, id=4452, stack(0x148b0000,0x14900000)]
  0x00984400 JavaThread "Finalizer" daemon [_thread_blocked, id=3180, stack(0x03da0000,0x03df0000)]
  0x00925c00 JavaThread "Reference Handler" daemon [_thread_blocked, id=4860, stack(0x14920000,0x14970000)]

Other Threads:
  0x00923800 VMThread [stack: 0x00db0000,0x00e00000] [id=4420]
  0x009bec00 WatcherThread [stack: 0x15240000,0x15290000] [id=5908]

VM state:not at safepoint (normal execution)

VM Mutex/Monitor currently owned by a thread: None

Heap:
 def new generation   total 4928K, used 4301K [0x03e00000, 0x04350000, 0x09350000)
  eden space 4416K,  85% used [0x03e00000, 0x041b34b0, 0x04250000)
  from space 512K, 100% used [0x042d0000, 0x04350000, 0x04350000)
  to   space 512K,   0% used [0x04250000, 0x04250000, 0x042d0000)
 tenured generation   total 10944K, used 10376K [0x09350000, 0x09e00000, 0x13e00000)
   the space 10944K,  94% used [0x09350000, 0x09d72048, 0x09d72200, 0x09e00000)
 Metaspace       used 3885K, capacity 4112K, committed 4160K, reserved 4480K

Card table byte_map: [0x00c90000,0x00d20000] byte_map_base: 0x00c71000

Polling page: 0x002a0000

CodeCache: size=32768Kb used=1577Kb max_used=1577Kb free=31190Kb
 bounds [0x01da0000, 0x01f30000, 0x03da0000]
 total_blobs=943 nmethods=681 adapters=192
 compilation: enabled

Compilation events (10 events):
Event: 49.120 Thread 0x00993c00  687             java.awt.image.Raster::getHeight (5 bytes)
Event: 49.120 Thread 0x00993c00 nmethod 687 0x01f29b08 code [0x01f29c00, 0x01f29c80]
Event: 49.124 Thread 0x00993c00  688             sun.java2d.loops.Blit$GeneralMaskBlit::Blit (28 bytes)
Event: 49.125 Thread 0x00993c00 nmethod 688 0x01f29fc8 code [0x01f2a0d0, 0x01f2a1cc]
Event: 49.125 Thread 0x00993c00  690             sun.java2d.pipe.SpanShapeRenderer$Composite::renderBox (21 bytes)
Event: 49.126 Thread 0x00993c00 nmethod 690 0x01f2a288 code [0x01f2a390, 0x01f2a45c]
Event: 49.126 Thread 0x00993c00  691             sun.java2d.pipe.RegionIterator::copyStateFrom (38 bytes)
Event: 49.126 Thread 0x00993c00 nmethod 691 0x01f2a4c8 code [0x01f2a5d0, 0x01f2a6bc]
Event: 49.708 Thread 0x00993c00  692  s          java.lang.StringBuffer::toString (36 bytes)
Event: 49.709 Thread 0x00993c00 nmethod 692 0x01f2a788 code [0x01f2a890, 0x01f2aaec]

GC Heap History (10 events):
Event: 20.482 GC heap before
{Heap before GC invocations=4 (full 0):
 def new generation   total 4928K, used 4674K [0x03e00000, 0x04350000, 0x09350000)
  eden space 4416K, 100% used [0x03e00000, 0x04250000, 0x04250000)
  from space 512K,  50% used [0x04250000, 0x042909b8, 0x042d0000)
  to   space 512K,   0% used [0x042d0000, 0x042d0000, 0x04350000)
 tenured generation   total 10944K, used 3030K [0x09350000, 0x09e00000, 0x13e00000)
   the space 10944K,  27% used [0x09350000, 0x096459f8, 0x09645a00, 0x09e00000)
 Metaspace       used 1310K, capacity 2804K, committed 2880K, reserved 4480K
Event: 20.504 GC heap after
Heap after GC invocations=5 (full 0):
 def new generation   total 4928K, used 72K [0x03e00000, 0x04350000, 0x09350000)
  eden space 4416K,   0% used [0x03e00000, 0x03e00000, 0x04250000)
  from space 512K,  14% used [0x042d0000, 0x042e22e8, 0x04350000)
  to   space 512K,   0% used [0x04250000, 0x04250000, 0x042d0000)
 tenured generation   total 10944K, used 7194K [0x09350000, 0x09e00000, 0x13e00000)
   the space 10944K,  65% used [0x09350000, 0x09a568b0, 0x09a56a00, 0x09e00000)
 Metaspace       used 1310K, capacity 2804K, committed 2880K, reserved 4480K
}
Event: 22.678 GC heap before
{Heap before GC invocations=5 (full 0):
 def new generation   total 4928K, used 4488K [0x03e00000, 0x04350000, 0x09350000)
  eden space 4416K, 100% used [0x03e00000, 0x04250000, 0x04250000)
  from space 512K,  14% used [0x042d0000, 0x042e22e8, 0x04350000)
  to   space 512K,   0% used [0x04250000, 0x04250000, 0x042d0000)
 tenured generation   total 10944K, used 7194K [0x09350000, 0x09e00000, 0x13e00000)
   the space 10944K,  65% used [0x09350000, 0x09a568b0, 0x09a56a00, 0x09e00000)
 Metaspace       used 2339K, capacity 3041K, committed 3136K, reserved 4480K
Event: 22.687 GC heap after
Heap after GC invocations=6 (full 0):
 def new generation   total 4928K, used 512K [0x03e00000, 0x04350000, 0x09350000)
  eden space 4416K,   0% used [0x03e00000, 0x03e00000, 0x04250000)
  from space 512K, 100% used [0x04250000, 0x042d0000, 0x042d0000)
  to   space 512K,   0% used [0x042d0000, 0x042d0000, 0x04350000)
 tenured generation   total 10944K, used 7829K [0x09350000, 0x09e00000, 0x13e00000)
   the space 10944K,  71% used [0x09350000, 0x09af54a8, 0x09af5600, 0x09e00000)
 Metaspace       used 2339K, capacity 3041K, committed 3136K, reserved 4480K
}
Event: 22.783 GC heap before
{Heap before GC invocations=6 (full 0):
 def new generation   total 4928K, used 4928K [0x03e00000, 0x04350000, 0x09350000)
  eden space 4416K, 100% used [0x03e00000, 0x04250000, 0x04250000)
  from space 512K, 100% used [0x04250000, 0x042d0000, 0x042d0000)
  to   space 512K,   0% used [0x042d0000, 0x042d0000, 0x04350000)
 tenured generation   total 10944K, used 7829K [0x09350000, 0x09e00000, 0x13e00000)
   the space 10944K,  71% used [0x09350000, 0x09af54a8, 0x09af5600, 0x09e00000)
 Metaspace       used 2407K, capacity 3090K, committed 3136K, reserved 4480K
Event: 22.790 GC heap after
Heap after GC invocations=7 (full 0):
 def new generation   total 4928K, used 512K [0x03e00000, 0x04350000, 0x09350000)
  eden space 4416K,   0% used [0x03e00000, 0x03e00000, 0x04250000)
  from space 512K, 100% used [0x042d0000, 0x04350000, 0x04350000)
  to   space 512K,   0% used [0x04250000, 0x04250000, 0x042d0000)
 tenured generation   total 10944K, used 8458K [0x09350000, 0x09e00000, 0x13e00000)
   the space 10944K,  77% used [0x09350000, 0x09b92ba0, 0x09b92c00, 0x09e00000)
 Metaspace       used 2407K, capacity 3090K, committed 3136K, reserved 4480K
}
Event: 23.160 GC heap before
{Heap before GC invocations=7 (full 0):
 def new generation   total 4928K, used 4928K [0x03e00000, 0x04350000, 0x09350000)
  eden space 4416K, 100% used [0x03e00000, 0x04250000, 0x04250000)
  from space 512K, 100% used [0x042d0000, 0x04350000, 0x04350000)
  to   space 512K,   0% used [0x04250000, 0x04250000, 0x042d0000)
 tenured generation   total 10944K, used 8458K [0x09350000, 0x09e00000, 0x13e00000)
   the space 10944K,  77% used [0x09350000, 0x09b92ba0, 0x09b92c00, 0x09e00000)
 Metaspace       used 2705K, capacity 3317K, committed 3392K, reserved 4480K
Event: 23.170 GC heap after
Heap after GC invocations=8 (full 0):
 def new generation   total 4928K, used 512K [0x03e00000, 0x04350000, 0x09350000)
  eden space 4416K,   0% used [0x03e00000, 0x03e00000, 0x04250000)
  from space 512K, 100% used [0x04250000, 0x042d0000, 0x042d0000)
  to   space 512K,   0% used [0x042d0000, 0x042d0000, 0x04350000)
 tenured generation   total 10944K, used 9576K [0x09350000, 0x09e00000, 0x13e00000)
   the space 10944K,  87% used [0x09350000, 0x09caa298, 0x09caa400, 0x09e00000)
 Metaspace       used 2705K, capacity 3317K, committed 3392K, reserved 4480K
}
Event: 23.884 GC heap before
{Heap before GC invocations=8 (full 0):
 def new generation   total 4928K, used 4928K [0x03e00000, 0x04350000, 0x09350000)
  eden space 4416K, 100% used [0x03e00000, 0x04250000, 0x04250000)
  from space 512K, 100% used [0x04250000, 0x042d0000, 0x042d0000)
  to   space 512K,   0% used [0x042d0000, 0x042d0000, 0x04350000)
 tenured generation   total 10944K, used 9576K [0x09350000, 0x09e00000, 0x13e00000)
   the space 10944K,  87% used [0x09350000, 0x09caa298, 0x09caa400, 0x09e00000)
 Metaspace       used 3356K, capacity 3802K, committed 3904K, reserved 4480K
Event: 23.890 GC heap after
Heap after GC invocations=9 (full 0):
 def new generation   total 4928K, used 512K [0x03e00000, 0x04350000, 0x09350000)
  eden space 4416K,   0% used [0x03e00000, 0x03e00000, 0x04250000)
  from space 512K, 100% used [0x042d0000, 0x04350000, 0x04350000)
  to   space 512K,   0% used [0x04250000, 0x04250000, 0x042d0000)
 tenured generation   total 10944K, used 10376K [0x09350000, 0x09e00000, 0x13e00000)
   the space 10944K,  94% used [0x09350000, 0x09d72048, 0x09d72200, 0x09e00000)
 Metaspace       used 3356K, capacity 3802K, committed 3904K, reserved 4480K
}

Deoptimization events (0 events):
No events

Classes redefined (0 events):
No events

Internal exceptions (10 events):
Event: 6.013 Thread 0x00aacc00 Exception <a 'java/security/PrivilegedActionException'> (0x03ee8980) thrown at [C:\workspace\8-2-build-windows-i586-cygwin\jdk8u181\11358\hotspot\src\share\vm\prims\jvm.cpp, line 1435]
Event: 6.013 Thread 0x00aacc00 Exception <a 'java/security/PrivilegedActionException'> (0x03ee8b80) thrown at [C:\workspace\8-2-build-windows-i586-cygwin\jdk8u181\11358\hotspot\src\share\vm\prims\jvm.cpp, line 1435]
Event: 6.015 Thread 0x00aacc00 Exception <a 'java/security/PrivilegedActionException'> (0x03eec628) thrown at [C:\workspace\8-2-build-windows-i586-cygwin\jdk8u181\11358\hotspot\src\share\vm\prims\jvm.cpp, line 1435]
Event: 6.015 Thread 0x00aacc00 Exception <a 'java/security/PrivilegedActionException'> (0x03eec828) thrown at [C:\workspace\8-2-build-windows-i586-cygwin\jdk8u181\11358\hotspot\src\share\vm\prims\jvm.cpp, line 1435]
Event: 6.082 Thread 0x00aacc00 Exception <a 'java/io/FileNotFoundException'> (0x03eee5a0) thrown at [C:\workspace\8-2-build-windows-i586-cygwin\jdk8u181\11358\hotspot\src\share\vm\prims\jni.cpp, line 709]
Event: 6.175 Thread 0x00aacc00 Exception <a 'java/lang/NoSuchFieldError': method resolution failed> (0x03fabbd0) thrown at [C:\workspace\8-2-build-windows-i586-cygwin\jdk8u181\11358\hotspot\src\share\vm\prims\methodHandles.cpp, line 1167]
Event: 6.179 Thread 0x00aacc00 Exception <a 'java/lang/NoSuchFieldError': method resolution failed> (0x03fb7df8) thrown at [C:\workspace\8-2-build-windows-i586-cygwin\jdk8u181\11358\hotspot\src\share\vm\prims\methodHandles.cpp, line 1167]
Event: 6.293 Thread 0x00aacc00 Exception <a 'java/io/FileNotFoundException'> (0x040446b8) thrown at [C:\workspace\8-2-build-windows-i586-cygwin\jdk8u181\11358\hotspot\src\share\vm\prims\jni.cpp, line 709]
Event: 21.511 Thread 0x1535e400 Exception <a 'java/lang/NoClassDefFoundError': org/apache/log4j/Category> (0x03f69808) thrown at [C:\workspace\8-2-build-windows-i586-cygwin\jdk8u181\11358\hotspot\src\share\vm\classfile\systemDictionary.cpp, line 199]
Event: 49.587 Thread 0x009a4400 Exception <a 'java/net/SocketTimeoutException': Read timed out> (0x04187928) thrown at [C:\workspace\8-2-build-windows-i586-cygwin\jdk8u181\11358\hotspot\src\share\vm\prims\jni.cpp, line 735]

Events (10 events):
Event: 49.723 loading class org/apache/commons/codec/BinaryDecoder
Event: 49.723 loading class org/apache/commons/codec/BinaryDecoder done
Event: 49.723 loading class org/apache/commons/codec/Decoder
Event: 49.723 loading class org/apache/commons/codec/Decoder done
Event: 49.723 Executing VM operation: RevokeBias
Event: 49.723 Executing VM operation: RevokeBias done
Event: 49.724 loading class org/apache/commons/codec/DecoderException
Event: 49.724 loading class org/apache/commons/codec/DecoderException done
Event: 49.724 loading class org/apache/commons/codec/EncoderException
Event: 49.724 loading class org/apache/commons/codec/EncoderException done


Dynamic libraries:
0x00e90000 - 0x00ec3000 	C:\Program Files\Java\jdk1.8.0_181\bin\java.exe
0x77070000 - 0x771ac000 	C:\Windows\SYSTEM32\ntdll.dll
0x75700000 - 0x757d4000 	C:\Windows\system32\kernel32.dll
0x75450000 - 0x7549a000 	C:\Windows\system32\KERNELBASE.dll
0x75660000 - 0x75700000 	C:\Windows\system32\ADVAPI32.dll
0x757f0000 - 0x7589c000 	C:\Windows\system32\msvcrt.dll
0x77280000 - 0x77299000 	C:\Windows\SYSTEM32\sechost.dll
0x76020000 - 0x760c1000 	C:\Windows\system32\RPCRT4.dll
0x75c90000 - 0x75d59000 	C:\Windows\system32\USER32.dll
0x76130000 - 0x7617e000 	C:\Windows\system32\GDI32.dll
0x75e70000 - 0x75e7a000 	C:\Windows\system32\LPK.dll
0x75f80000 - 0x7601d000 	C:\Windows\system32\USP10.dll
0x74120000 - 0x742be000 	C:\Windows\WinSxS\x86_microsoft.windows.common-controls_6595b64144ccf1df_6.0.7600.16385_none_421189da2b7fabfc\COMCTL32.dll
0x75c00000 - 0x75c57000 	C:\Windows\system32\SHLWAPI.dll
0x75c70000 - 0x75c8f000 	C:\Windows\system32\IMM32.DLL
0x771b0000 - 0x7727c000 	C:\Windows\system32\MSCTF.dll
0x6a740000 - 0x6a7ff000 	C:\Program Files\Java\jdk1.8.0_181\jre\bin\msvcr100.dll
0x5ad20000 - 0x5b0f3000 	C:\Program Files\Java\jdk1.8.0_181\jre\bin\client\jvm.dll
0x73be0000 - 0x73be7000 	C:\Windows\system32\WSOCK32.dll
0x77030000 - 0x77065000 	C:\Windows\system32\WS2_32.dll
0x75c60000 - 0x75c66000 	C:\Windows\system32\NSI.dll
0x706e0000 - 0x70712000 	C:\Windows\system32\WINMM.dll
0x746c0000 - 0x746c9000 	C:\Windows\system32\VERSION.dll
0x757e0000 - 0x757e5000 	C:\Windows\system32\PSAPI.DLL
0x73f90000 - 0x73f9c000 	C:\Program Files\Java\jdk1.8.0_181\jre\bin\verify.dll
0x6f830000 - 0x6f852000 	C:\Program Files\Java\jdk1.8.0_181\jre\bin\java.dll
0x6f810000 - 0x6f824000 	C:\Program Files\Java\jdk1.8.0_181\jre\bin\zip.dll
0x761e0000 - 0x76e29000 	C:\Windows\system32\SHELL32.dll
0x75930000 - 0x75a8c000 	C:\Windows\system32\ole32.dll
0x751c0000 - 0x751cb000 	C:\Windows\system32\profapi.dll
0x675b0000 - 0x676f7000 	C:\Program Files\Java\jdk1.8.0_181\jre\bin\awt.dll
0x758a0000 - 0x7592f000 	C:\Windows\system32\OLEAUT32.dll
0x73c70000 - 0x73c83000 	C:\Windows\system32\DWMAPI.DLL
0x73860000 - 0x73928000 	C:\Windows\system32\opengl32.dll
0x73c00000 - 0x73c22000 	C:\Windows\system32\GLU32.dll
0x72a60000 - 0x72b47000 	C:\Windows\system32\DDRAW.dll
0x73bf0000 - 0x73bf6000 	C:\Windows\system32\DCIMAN32.dll
0x754c0000 - 0x7565d000 	C:\Windows\system32\SETUPAPI.dll
0x75390000 - 0x753b7000 	C:\Windows\system32\CFGMGR32.dll
0x754a0000 - 0x754b2000 	C:\Windows\system32\DEVOBJ.dll
0x73fc0000 - 0x74000000 	C:\Windows\system32\uxtheme.dll
0x75140000 - 0x7514c000 	C:\Windows\system32\CRYPTBASE.dll
0x6b1f0000 - 0x6b229000 	C:\Program Files\Java\jdk1.8.0_181\jre\bin\fontmanager.dll
0x75d60000 - 0x75de3000 	C:\Windows\system32\CLBCatQ.DLL
0x73a30000 - 0x73b2b000 	C:\Windows\system32\WindowsCodecs.dll
0x750f0000 - 0x7513b000 	C:\Windows\system32\apphelp.dll
0x70be0000 - 0x70c11000 	C:\Windows\system32\EhStorShell.dll
0x74000000 - 0x740f5000 	C:\Windows\system32\PROPSYS.dll
0x661c0000 - 0x663dd000 	C:\PROGRA~1\MICROS~1\Office12\GR469A~1.DLL
0x68ef0000 - 0x68fe1000 	C:\PROGRA~1\MICROS~1\Office12\GrooveUtil.DLL
0x75e80000 - 0x75f74000 	C:\Windows\system32\WININET.dll
0x760d0000 - 0x760d3000 	C:\Windows\system32\Normaliz.dll
0x75a90000 - 0x75bc5000 	C:\Windows\system32\urlmon.dll
0x75270000 - 0x7538c000 	C:\Windows\system32\CRYPT32.dll
0x75230000 - 0x7523c000 	C:\Windows\system32\MSASN1.dll
0x76e30000 - 0x77029000 	C:\Windows\system32\iertutil.dll
0x6fea0000 - 0x6ff3b000 	C:\Windows\WinSxS\x86_microsoft.vc80.crt_1fc8b3b9a1e18e3b_8.0.50727.4927_none_d08a205e442db5b5\MSVCR80.dll
0x68ff0000 - 0x68ff7000 	C:\PROGRA~1\MICROS~1\Office12\GrooveNew.DLL
0x7c630000 - 0x7c64b000 	C:\Windows\WinSxS\x86_microsoft.vc80.atl_1fc8b3b9a1e18e3b_8.0.50727.42_none_dc990e4797f81af1\ATL80.DLL
0x74c50000 - 0x74c66000 	C:\Windows\system32\CRYPTSP.dll
0x749f0000 - 0x74a2b000 	C:\Windows\system32\rsaenh.dll
0x73720000 - 0x73725000 	C:\Windows\system32\MSImg32.dll
0x6fcd0000 - 0x6fd3a000 	C:\Windows\System32\cscui.dll
0x6fcc0000 - 0x6fcc9000 	C:\Windows\System32\CSCDLL.dll
0x70c40000 - 0x70c4b000 	C:\Windows\system32\CSCAPI.dll
0x6fc50000 - 0x6fcbf000 	C:\Windows\system32\ntshrui.dll
0x74e10000 - 0x74e29000 	C:\Windows\system32\srvcli.dll
0x733b0000 - 0x733ba000 	C:\Windows\system32\slc.dll
0x6b550000 - 0x6b565000 	C:\Program Files\Java\jdk1.8.0_181\jre\bin\net.dll
0x74c10000 - 0x74c4c000 	C:\Windows\system32\mswsock.dll
0x74c00000 - 0x74c06000 	C:\Windows\System32\wship6.dll
0x6f8b0000 - 0x6f8bf000 	C:\Program Files\Java\jdk1.8.0_181\jre\bin\nio.dll
0x6b0c0000 - 0x6b0f2000 	C:\Program Files\Java\jdk1.8.0_181\jre\bin\t2k.dll
0x74820000 - 0x74837000 	C:\Windows\system32\USERENV.dll
0x732d0000 - 0x732ec000 	C:\Windows\system32\IPHLPAPI.DLL
0x732c0000 - 0x732c7000 	C:\Windows\system32\WINNSI.DLL
0x730d0000 - 0x730e2000 	C:\Windows\system32\dhcpcsvc.DLL
0x72fe0000 - 0x72fed000 	C:\Windows\system32\dhcpcsvc6.DLL
0x68e90000 - 0x68ec8000 	C:\Users\Admin\AppData\Local\Temp\jna-63116079\jna146599935325901906.dll
0x15c20000 - 0x15c67000 	C:\Windows\system32\fpengine.dll
0x14880000 - 0x148aa000 	C:\Windows\system32\fpcore32.dll
0x70d50000 - 0x70da1000 	C:\Windows\system32\WINSPOOL.DRV
0x6f1c0000 - 0x6f1c7000 	C:\Windows\system32\WINUSB.DLL
0x73e00000 - 0x73f90000 	C:\Windows\WinSxS\x86_microsoft.windows.gdiplus_6595b64144ccf1df_1.1.7600.16385_none_72fc7cbf861225ca\gdiplus.dll
0x75240000 - 0x7526d000 	C:\Windows\system32\WINTRUST.dll
0x6b1d0000 - 0x6b1f0000 	C:\Program Files\Java\jdk1.8.0_181\jre\bin\sunec.dll
0x66f30000 - 0x6701b000 	C:\Windows\system32\dbghelp.dll

VM Arguments:
jvm_args: -Dfile.encoding=UTF-8 
java_command: fingerregistrationv2.FingerprintUI
java_class_path (initial): C:\Users\Admin\Downloads\unirest-java-1.4.9.jar;C:\Users\Admin\Downloads\jna-4.5.2.jar;C:\Users\Admin\Downloads\org.json.jar\org.json.jar;C:\Users\Admin\Downloads\org-apache-commons-codec.jar\org-apache-commons-codec.jar;C:\Users\Admin\Downloads\httpcore-4.4.9.jar;C:\Users\Admin\Downloads\httpclient-4.5.5.jar;C:\Users\Admin\Downloads\httpcore-nio-4.4.10.jar;C:\Users\Admin\Downloads\httpasyncclient-4.0-beta4.jar\httpasyncclient-4.0-beta4.jar;C:\Users\Admin\Downloads\commons-logging-1.1.2.jar;C:\Users\Admin\Downloads\httpmime-4.5.6.jar;C:\Users\Admin\Documents\NetBeansProjects\FingerRegistrationV2\build\classes
Launcher Type: SUN_STANDARD

Environment Variables:
PATH=C:\Program Files\Common Files\Oracle\Java\javapath;C:\Windows\system32;C:\Windows;C:\Windows\System32\Wbem;C:\Windows\System32\WindowsPowerShell\v1.0\;C:\Program Files\Git\cmd;C:\Program Files\Neurotechnology\FreeFingerprintVerificationSDK 1.0\bin\Win32_x86;C:\Program Files\nodejs\;C:\Users\Admin\AppData\Roaming\npm
USERNAME=Admin
OS=Windows_NT
PROCESSOR_IDENTIFIER=x86 Family 6 Model 76 Stepping 4, GenuineIntel



---------------  S Y S T E M  ---------------

OS: Windows 7 Build 7600 (6.1.7600.16385)

CPU:total 2 (initial active 2) (2 cores per cpu, 1 threads per core) family 6 model 76 stepping 4, cmov, cx8, fxsr, mmx, sse, sse2, sse3, ssse3, sse4.1, sse4.2, popcnt, aes, clmul, erms, 3dnowpref, tsc, tscinvbit

Memory: 4k page, physical 2008308k(167916k free), swap 4016616k(1068576k free)

vm_info: Java HotSpot(TM) Client VM (25.181-b13) for windows-x86 JRE (1.8.0_181-b13), built on Jul  7 2018 03:18:20 by "java_re" with MS VC++ 10.0 (VS2010)

time: Tue Jul 31 23:21:47 2018
elapsed time: 49 seconds (0d 0h 0m 49s)

