#
# A fatal error has been detected by the Java Runtime Environment:
#
#  EXCEPTION_ACCESS_VIOLATION (0xc0000005) at pc=0x77461ffe, pid=7360, tid=0x000015c8
#
# JRE version: Java(TM) SE Runtime Environment (8.0_181-b13) (build 1.8.0_181-b13)
# Java VM: Java HotSpot(TM) Client VM (25.181-b13 mixed mode, sharing windows-x86 )
# Problematic frame:
# C  [ntdll.dll+0x51ffe]
#
# Failed to write core dump. Minidumps are not enabled by default on client versions of Windows
#
# If you would like to submit a bug report, please visit:
#   http://bugreport.java.com/bugreport/crash.jsp
# The crash happened outside the Java Virtual Machine in native code.
# See problematic frame for where to report the bug.
#

---------------  T H R E A D  ---------------

Current thread (0x1543f800):  JavaThread "AWT-EventQueue-0" [_thread_in_native, id=5576, stack(0x15ee0000,0x15f30000)]

siginfo: ExceptionCode=0xc0000005, reading address 0x466f2bcf

Registers:
EAX=0x00000000, EBX=0x153f66d0, ECX=0x00720000, EDX=0x153f66d0
ESP=0x15f2b774, EBP=0x15f2b7a8, ESI=0x466f2bcb, EDI=0x153f66c8
EIP=0x77461ffe, EFLAGS=0x00010202

Top of Stack: (sp=0x15f2b774)
0x15f2b774:   00000000 00720000 153f66d0 16691818
0x15f2b784:   42eaff80 42c20000 005f000d 16698db3
0x15f2b794:   00000000 bf000000 42c20000 16691610
0x15f2b7a4:   153f66c8 15f2b7c0 77461faf 66d0014e
0x15f2b7b4:   00000000 15f2b844 153f66c8 15f2b7d4
0x15f2b7c4:   7684f1ac 00720000 00000000 153f66d0
0x15f2b7d4:   15f2b7e8 66d0016a 00720000 00000000
0x15f2b7e4:   153f66d0 00000002 661f4b24 153f66d0 

Instructions: (pc=0x77461ffe)
0x77461fde:   7a f8 80 7f 07 05 0f 84 58 df 03 00 8b 07 8b f7
0x77461fee:   c1 ee 03 33 f0 33 35 dc 71 4e 77 89 7d fc 33 f1
0x77461ffe:   8b 46 04 89 45 f4 c6 47 07 80 c6 47 06 00 8b 5e
0x7746200e:   08 8b 4e 0c 89 5d e0 83 c3 01 89 4d e4 83 d1 01 


Register to memory mapping:

EAX=0x00000000 is an unknown value
EBX=0x153f66d0 is an unknown value
ECX=0x00720000 is an unknown value
EDX=0x153f66d0 is an unknown value
ESP=0x15f2b774 is pointing into the stack for thread: 0x1543f800
EBP=0x15f2b7a8 is pointing into the stack for thread: 0x1543f800
ESI=0x466f2bcb is an unknown value
EDI=0x153f66c8 is an unknown value


Stack: [0x15ee0000,0x15f30000],  sp=0x15f2b774,  free space=301k
Native frames: (J=compiled Java code, j=interpreted, Vv=VM code, C=native code)
C  [ntdll.dll+0x51ffe]
C  [ntdll.dll+0x51faf]
C  [kernel32.dll+0x4f1ac]
C  [msvcr100.dll+0x1016a]
C  [awt.dll+0x54b24]

Java frames: (J=compiled Java code, j=interpreted, Vv=VM code)
j  sun.java2d.loops.FillPath.FillPath(Lsun/java2d/SunGraphics2D;Lsun/java2d/SurfaceData;IILjava/awt/geom/Path2D$Float;)V+0
j  sun.java2d.pipe.LoopPipe.fill(Lsun/java2d/SunGraphics2D;Ljava/awt/Shape;)V+90
j  sun.java2d.pipe.PixelToParallelogramConverter.fill(Lsun/java2d/SunGraphics2D;Ljava/awt/Shape;)V+70
j  sun.java2d.pipe.ValidatePipe.fill(Lsun/java2d/SunGraphics2D;Ljava/awt/Shape;)V+14
j  sun.java2d.SunGraphics2D.fill(Ljava/awt/Shape;)V+6
j  javax.swing.border.LineBorder.paintBorder(Ljava/awt/Component;Ljava/awt/Graphics;IIII)V+211
j  javax.swing.border.TitledBorder.paintBorder(Ljava/awt/Component;Ljava/awt/Graphics;IIII)V+747
j  javax.swing.JComponent.paintBorder(Ljava/awt/Graphics;)V+22
j  javax.swing.JComponent.paint(Ljava/awt/Graphics;)V+292
j  javax.swing.JComponent.paintChildren(Ljava/awt/Graphics;)V+501
j  javax.swing.JComponent.paint(Ljava/awt/Graphics;)V+318
j  javax.swing.JComponent.paintChildren(Ljava/awt/Graphics;)V+501
j  javax.swing.JComponent.paint(Ljava/awt/Graphics;)V+318
j  javax.swing.JLayeredPane.paint(Ljava/awt/Graphics;)V+73
j  javax.swing.JComponent.paintChildren(Ljava/awt/Graphics;)V+501
j  javax.swing.JComponent.paintToOffscreen(Ljava/awt/Graphics;IIIIII)V+72
j  javax.swing.RepaintManager$PaintManager.paintDoubleBuffered(Ljavax/swing/JComponent;Ljava/awt/Image;Ljava/awt/Graphics;IIII)V+163
j  javax.swing.RepaintManager$PaintManager.paint(Ljavax/swing/JComponent;Ljavax/swing/JComponent;Ljava/awt/Graphics;IIII)Z+116
j  javax.swing.RepaintManager.paint(Ljavax/swing/JComponent;Ljavax/swing/JComponent;Ljava/awt/Graphics;IIII)V+51
j  javax.swing.JComponent.paint(Ljava/awt/Graphics;)V+221
j  java.awt.GraphicsCallback$PaintCallback.run(Ljava/awt/Component;Ljava/awt/Graphics;)V+2
j  sun.awt.SunGraphicsCallback.runOneComponent(Ljava/awt/Component;Ljava/awt/Rectangle;Ljava/awt/Graphics;Ljava/awt/Shape;I)V+155
j  sun.awt.SunGraphicsCallback.runComponents([Ljava/awt/Component;Ljava/awt/Graphics;I)V+194
j  java.awt.Container.paint(Ljava/awt/Graphics;)V+58
j  java.awt.Window.paint(Ljava/awt/Graphics;)V+68
j  javax.swing.RepaintManager$4.run()Ljava/lang/Void;+142
j  javax.swing.RepaintManager$4.run()Ljava/lang/Object;+1
v  ~StubRoutines::call_stub
J 744  java.security.AccessController.doPrivileged(Ljava/security/PrivilegedAction;Ljava/security/AccessControlContext;)Ljava/lang/Object; (0 bytes) @ 0x01de7387 [0x01de7320+0x67]
J 847 C1 java.security.ProtectionDomain$JavaSecurityAccessImpl.doIntersectionPrivilege(Ljava/security/PrivilegedAction;Ljava/security/AccessControlContext;Ljava/security/AccessControlContext;)Ljava/lang/Object; (22 bytes) @ 0x01e106c0 [0x01e105c0+0x100]
j  javax.swing.RepaintManager.paintDirtyRegions(Ljava/util/Map;)V+154
j  javax.swing.RepaintManager.paintDirtyRegions()V+46
j  javax.swing.RepaintManager.prePaintDirtyRegions()V+73
j  javax.swing.RepaintManager.access$1200(Ljavax/swing/RepaintManager;)V+1
j  javax.swing.RepaintManager$ProcessingRunnable.run()V+37
j  java.awt.event.InvocationEvent.dispatch()V+47
j  java.awt.EventQueue.dispatchEventImpl(Ljava/awt/AWTEvent;Ljava/lang/Object;)V+21
j  java.awt.EventQueue.access$500(Ljava/awt/EventQueue;Ljava/awt/AWTEvent;Ljava/lang/Object;)V+3
j  java.awt.EventQueue$3.run()Ljava/lang/Void;+32
j  java.awt.EventQueue$3.run()Ljava/lang/Object;+1
v  ~StubRoutines::call_stub
J 744  java.security.AccessController.doPrivileged(Ljava/security/PrivilegedAction;Ljava/security/AccessControlContext;)Ljava/lang/Object; (0 bytes) @ 0x01de7387 [0x01de7320+0x67]
J 847 C1 java.security.ProtectionDomain$JavaSecurityAccessImpl.doIntersectionPrivilege(Ljava/security/PrivilegedAction;Ljava/security/AccessControlContext;Ljava/security/AccessControlContext;)Ljava/lang/Object; (22 bytes) @ 0x01e106c0 [0x01e105c0+0x100]
j  java.awt.EventQueue.dispatchEvent(Ljava/awt/AWTEvent;)V+46
j  java.awt.EventDispatchThread.pumpOneEventForFilters(I)V+140
j  java.awt.EventDispatchThread.pumpEventsForFilter(ILjava/awt/Conditional;Ljava/awt/EventFilter;)V+35
j  java.awt.EventDispatchThread.pumpEventsForFilter(Ljava/awt/Conditional;Ljava/awt/EventFilter;)V+4
j  java.awt.WaitDispatchSupport$2.run()V+59
j  java.awt.event.InvocationEvent.dispatch()V+47
j  java.awt.EventQueue.dispatchEventImpl(Ljava/awt/AWTEvent;Ljava/lang/Object;)V+21
j  java.awt.EventQueue.access$500(Ljava/awt/EventQueue;Ljava/awt/AWTEvent;Ljava/lang/Object;)V+3
j  java.awt.EventQueue$3.run()Ljava/lang/Void;+32
j  java.awt.EventQueue$3.run()Ljava/lang/Object;+1
v  ~StubRoutines::call_stub
J 744  java.security.AccessController.doPrivileged(Ljava/security/PrivilegedAction;Ljava/security/AccessControlContext;)Ljava/lang/Object; (0 bytes) @ 0x01de7387 [0x01de7320+0x67]
J 847 C1 java.security.ProtectionDomain$JavaSecurityAccessImpl.doIntersectionPrivilege(Ljava/security/PrivilegedAction;Ljava/security/AccessControlContext;Ljava/security/AccessControlContext;)Ljava/lang/Object; (22 bytes) @ 0x01e106c0 [0x01e105c0+0x100]
j  java.awt.EventQueue.dispatchEvent(Ljava/awt/AWTEvent;)V+46
j  java.awt.EventDispatchThread.pumpOneEventForFilters(I)V+140
j  java.awt.EventDispatchThread.pumpEventsForFilter(ILjava/awt/Conditional;Ljava/awt/EventFilter;)V+35
j  java.awt.EventDispatchThread.pumpEventsForHierarchy(ILjava/awt/Conditional;Ljava/awt/Component;)V+11
j  java.awt.EventDispatchThread.pumpEvents(ILjava/awt/Conditional;)V+4
j  java.awt.EventDispatchThread.pumpEvents(Ljava/awt/Conditional;)V+3
j  java.awt.EventDispatchThread.run()V+9
v  ~StubRoutines::call_stub

---------------  P R O C E S S  ---------------

Java Threads: ( => current thread )
  0x1664cc00 JavaThread "Thread-4" daemon [_thread_blocked, id=1268, stack(0x16f20000,0x16f70000)]
  0x16556000 JavaThread "TimerQueue" daemon [_thread_blocked, id=3460, stack(0x16b20000,0x16b70000)]
  0x0072c800 JavaThread "DestroyJavaVM" [_thread_blocked, id=2340, stack(0x006b0000,0x00700000)]
=>0x1543f800 JavaThread "AWT-EventQueue-0" [_thread_in_native, id=5576, stack(0x15ee0000,0x15f30000)]
  0x15407c00 JavaThread "Timer-0" [_thread_blocked, id=7344, stack(0x15f40000,0x15f90000)]
  0x153ec800 JavaThread "AWT-Windows" daemon [_thread_in_native, id=6624, stack(0x15940000,0x15990000)]
  0x153ec000 JavaThread "AWT-Shutdown" [_thread_blocked, id=6812, stack(0x158d0000,0x15920000)]
  0x153e9400 JavaThread "Java2D Disposer" daemon [_thread_blocked, id=6156, stack(0x15840000,0x15890000)]
  0x00669800 JavaThread "Service Thread" daemon [_thread_blocked, id=6796, stack(0x15260000,0x152b0000)]
  0x00644800 JavaThread "C1 CompilerThread0" daemon [_thread_blocked, id=4312, stack(0x151a0000,0x151f0000)]
  0x00643800 JavaThread "Attach Listener" daemon [_thread_blocked, id=3824, stack(0x15150000,0x151a0000)]
  0x00640800 JavaThread "Signal Dispatcher" daemon [_thread_blocked, id=8148, stack(0x150a0000,0x150f0000)]
  0x00634400 JavaThread "Finalizer" daemon [_thread_blocked, id=7056, stack(0x00cf0000,0x00d40000)]
  0x005d5c00 JavaThread "Reference Handler" daemon [_thread_blocked, id=7080, stack(0x03d70000,0x03dc0000)]

Other Threads:
  0x005d3800 VMThread [stack: 0x14910000,0x14960000] [id=624]
  0x0066f800 WatcherThread [stack: 0x15200000,0x15250000] [id=7640]

VM state:not at safepoint (normal execution)

VM Mutex/Monitor currently owned by a thread: None

Heap:
 def new generation   total 7872K, used 2748K [0x03e00000, 0x04680000, 0x09350000)
  eden space 7040K,  27% used [0x03e00000, 0x03fe1dc0, 0x044e0000)
  from space 832K,  98% used [0x045b0000, 0x0467d490, 0x04680000)
  to   space 832K,   0% used [0x044e0000, 0x044e0000, 0x045b0000)
 tenured generation   total 17276K, used 10363K [0x09350000, 0x0a42f000, 0x13e00000)
   the space 17276K,  59% used [0x09350000, 0x09d6efb8, 0x09d6f000, 0x0a42f000)
 Metaspace       used 4046K, capacity 4265K, committed 4416K, reserved 4480K

Card table byte_map: [0x03c50000,0x03ce0000] byte_map_base: 0x03c31000

Polling page: 0x00140000

CodeCache: size=32768Kb used=1876Kb max_used=1876Kb free=30891Kb
 bounds [0x01c50000, 0x01e28000, 0x03c50000]
 total_blobs=1145 nmethods=883 adapters=192
 compilation: enabled

Compilation events (10 events):
Event: 30.149 Thread 0x00644800  893             java.awt.Component::getForeground (29 bytes)
Event: 30.150 Thread 0x00644800 nmethod 893 0x01dbbdc8 code [0x01dbbed0, 0x01dbbfbc]
Event: 30.161 Thread 0x00644800  894  s          java.lang.StringBuffer::toString (36 bytes)
Event: 30.162 Thread 0x00644800 nmethod 894 0x01dbb9c8 code [0x01dbbad0, 0x01dbbd2c]
Event: 30.164 Thread 0x00644800  895             javax.swing.GroupLayout$AutoPreferredGapSpring::calculatePreferredSize (34 bytes)
Event: 30.165 Thread 0x00644800 nmethod 895 0x01dbb7c8 code [0x01dbb8c0, 0x01dbb970]
Event: 30.178 Thread 0x00644800  896             java.awt.AWTEvent::<init> (81 bytes)
Event: 30.179 Thread 0x00644800 nmethod 896 0x01dbb348 code [0x01dbb470, 0x01dbb654]
Event: 30.184 Thread 0x00644800  897             sun.java2d.SunGraphics2D::setColor (108 bytes)
Event: 30.184 Thread 0x00644800 nmethod 897 0x01e25208 code [0x01e25320, 0x01e254a8]

GC Heap History (10 events):
Event: 4.699 GC heap before
{Heap before GC invocations=7 (full 0):
 def new generation   total 4928K, used 4928K [0x03e00000, 0x04350000, 0x09350000)
  eden space 4416K, 100% used [0x03e00000, 0x04250000, 0x04250000)
  from space 512K, 100% used [0x042d0000, 0x04350000, 0x04350000)
  to   space 512K,   0% used [0x04250000, 0x04250000, 0x042d0000)
 tenured generation   total 10944K, used 8218K [0x09350000, 0x09e00000, 0x13e00000)
   the space 10944K,  75% used [0x09350000, 0x09b569f8, 0x09b56a00, 0x09e00000)
 Metaspace       used 2696K, capacity 3339K, committed 3392K, reserved 4480K
Event: 4.708 GC heap after
Heap after GC invocations=8 (full 0):
 def new generation   total 4928K, used 512K [0x03e00000, 0x04350000, 0x09350000)
  eden space 4416K,   0% used [0x03e00000, 0x03e00000, 0x04250000)
  from space 512K, 100% used [0x04250000, 0x042d0000, 0x042d0000)
  to   space 512K,   0% used [0x042d0000, 0x042d0000, 0x04350000)
 tenured generation   total 10944K, used 9343K [0x09350000, 0x09e00000, 0x13e00000)
   the space 10944K,  85% used [0x09350000, 0x09c6fff8, 0x09c70000, 0x09e00000)
 Metaspace       used 2696K, capacity 3339K, committed 3392K, reserved 4480K
}
Event: 4.878 GC heap before
{Heap before GC invocations=8 (full 0):
 def new generation   total 4928K, used 4928K [0x03e00000, 0x04350000, 0x09350000)
  eden space 4416K, 100% used [0x03e00000, 0x04250000, 0x04250000)
  from space 512K, 100% used [0x04250000, 0x042d0000, 0x042d0000)
  to   space 512K,   0% used [0x042d0000, 0x042d0000, 0x04350000)
 tenured generation   total 10944K, used 9343K [0x09350000, 0x09e00000, 0x13e00000)
   the space 10944K,  85% used [0x09350000, 0x09c6fff8, 0x09c70000, 0x09e00000)
 Metaspace       used 3347K, capacity 3795K, committed 3904K, reserved 4480K
Event: 4.884 GC heap after
Heap after GC invocations=9 (full 0):
 def new generation   total 4928K, used 512K [0x03e00000, 0x04350000, 0x09350000)
  eden space 4416K,   0% used [0x03e00000, 0x03e00000, 0x04250000)
  from space 512K, 100% used [0x042d0000, 0x04350000, 0x04350000)
  to   space 512K,   0% used [0x04250000, 0x04250000, 0x042d0000)
 tenured generation   total 10944K, used 10150K [0x09350000, 0x09e00000, 0x13e00000)
   the space 10944K,  92% used [0x09350000, 0x09d39830, 0x09d39a00, 0x09e00000)
 Metaspace       used 3347K, capacity 3795K, committed 3904K, reserved 4480K
}
Event: 22.071 GC heap before
{Heap before GC invocations=9 (full 0):
 def new generation   total 4928K, used 4928K [0x03e00000, 0x04350000, 0x09350000)
  eden space 4416K, 100% used [0x03e00000, 0x04250000, 0x04250000)
  from space 512K, 100% used [0x042d0000, 0x04350000, 0x04350000)
  to   space 512K,   0% used [0x04250000, 0x04250000, 0x042d0000)
 tenured generation   total 10944K, used 10150K [0x09350000, 0x09e00000, 0x13e00000)
   the space 10944K,  92% used [0x09350000, 0x09d39830, 0x09d39a00, 0x09e00000)
 Metaspace       used 3975K, capacity 4207K, committed 4288K, reserved 4480K
Event: 22.079 GC heap after
Heap after GC invocations=10 (full 0):
 def new generation   total 4928K, used 512K [0x03e00000, 0x04350000, 0x09350000)
  eden space 4416K,   0% used [0x03e00000, 0x03e00000, 0x04250000)
  from space 512K, 100% used [0x04250000, 0x042d0000, 0x042d0000)
  to   space 512K,   0% used [0x042d0000, 0x042d0000, 0x04350000)
 tenured generation   total 10944K, used 10552K [0x09350000, 0x09e00000, 0x13e00000)
   the space 10944K,  96% used [0x09350000, 0x09d9e280, 0x09d9e400, 0x09e00000)
 Metaspace       used 3975K, capacity 4207K, committed 4288K, reserved 4480K
}
Event: 22.148 GC heap before
{Heap before GC invocations=10 (full 0):
 def new generation   total 4928K, used 4928K [0x03e00000, 0x04350000, 0x09350000)
  eden space 4416K, 100% used [0x03e00000, 0x04250000, 0x04250000)
  from space 512K, 100% used [0x04250000, 0x042d0000, 0x042d0000)
  to   space 512K,   0% used [0x042d0000, 0x042d0000, 0x04350000)
 tenured generation   total 10944K, used 10552K [0x09350000, 0x09e00000, 0x13e00000)
   the space 10944K,  96% used [0x09350000, 0x09d9e280, 0x09d9e400, 0x09e00000)
 Metaspace       used 3975K, capacity 4207K, committed 4288K, reserved 4480K
Event: 22.189 GC heap after
Heap after GC invocations=11 (full 1):
 def new generation   total 7872K, used 0K [0x03e00000, 0x04680000, 0x09350000)
  eden space 7040K,   0% used [0x03e00000, 0x03e00000, 0x044e0000)
  from space 832K,   0% used [0x044e0000, 0x044e0000, 0x045b0000)
  to   space 832K,   0% used [0x045b0000, 0x045b0000, 0x04680000)
 tenured generation   total 17276K, used 10363K [0x09350000, 0x0a42f000, 0x13e00000)
   the space 17276K,  59% used [0x09350000, 0x09d6efb8, 0x09d6f000, 0x0a42f000)
 Metaspace       used 3951K, capacity 4169K, committed 4288K, reserved 4480K
}
Event: 27.408 GC heap before
{Heap before GC invocations=11 (full 1):
 def new generation   total 7872K, used 7022K [0x03e00000, 0x04680000, 0x09350000)
  eden space 7040K,  99% used [0x03e00000, 0x044db9a8, 0x044e0000)
  from space 832K,   0% used [0x044e0000, 0x044e0000, 0x045b0000)
  to   space 832K,   0% used [0x045b0000, 0x045b0000, 0x04680000)
 tenured generation   total 17276K, used 10363K [0x09350000, 0x0a42f000, 0x13e00000)
   the space 17276K,  59% used [0x09350000, 0x09d6efb8, 0x09d6f000, 0x0a42f000)
 Metaspace       used 3978K, capacity 4201K, committed 4288K, reserved 4480K
Event: 27.423 GC heap after
Heap after GC invocations=12 (full 1):
 def new generation   total 7872K, used 821K [0x03e00000, 0x04680000, 0x09350000)
  eden space 7040K,   0% used [0x03e00000, 0x03e00000, 0x044e0000)
  from space 832K,  98% used [0x045b0000, 0x0467d490, 0x04680000)
  to   space 832K,   0% used [0x044e0000, 0x044e0000, 0x045b0000)
 tenured generation   total 17276K, used 10363K [0x09350000, 0x0a42f000, 0x13e00000)
   the space 17276K,  59% used [0x09350000, 0x09d6efb8, 0x09d6f000, 0x0a42f000)
 Metaspace       used 3978K, capacity 4201K, committed 4288K, reserved 4480K
}

Deoptimization events (0 events):
No events

Classes redefined (0 events):
No events

Internal exceptions (10 events):
Event: 0.228 Thread 0x0072c800 Exception <a 'java/security/PrivilegedActionException'> (0x03ee8b80) thrown at [C:\workspace\8-2-build-windows-i586-cygwin\jdk8u181\11358\hotspot\src\share\vm\prims\jvm.cpp, line 1435]
Event: 0.229 Thread 0x0072c800 Exception <a 'java/security/PrivilegedActionException'> (0x03eec628) thrown at [C:\workspace\8-2-build-windows-i586-cygwin\jdk8u181\11358\hotspot\src\share\vm\prims\jvm.cpp, line 1435]
Event: 0.229 Thread 0x0072c800 Exception <a 'java/security/PrivilegedActionException'> (0x03eec828) thrown at [C:\workspace\8-2-build-windows-i586-cygwin\jdk8u181\11358\hotspot\src\share\vm\prims\jvm.cpp, line 1435]
Event: 0.233 Thread 0x0072c800 Exception <a 'java/io/FileNotFoundException'> (0x03eee5a0) thrown at [C:\workspace\8-2-build-windows-i586-cygwin\jdk8u181\11358\hotspot\src\share\vm\prims\jni.cpp, line 709]
Event: 0.296 Thread 0x0072c800 Exception <a 'java/lang/NoSuchFieldError': method resolution failed> (0x03fac038) thrown at [C:\workspace\8-2-build-windows-i586-cygwin\jdk8u181\11358\hotspot\src\share\vm\prims\methodHandles.cpp, line 1167]
Event: 0.299 Thread 0x0072c800 Exception <a 'java/lang/NoSuchFieldError': method resolution failed> (0x03fb8260) thrown at [C:\workspace\8-2-build-windows-i586-cygwin\jdk8u181\11358\hotspot\src\share\vm\prims\methodHandles.cpp, line 1167]
Event: 0.350 Thread 0x0072c800 Exception <a 'java/io/FileNotFoundException'> (0x040440e8) thrown at [C:\workspace\8-2-build-windows-i586-cygwin\jdk8u181\11358\hotspot\src\share\vm\prims\jni.cpp, line 709]
Event: 3.981 Thread 0x1543f800 Exception <a 'java/lang/NoClassDefFoundError': org/apache/log4j/Category> (0x03f64148) thrown at [C:\workspace\8-2-build-windows-i586-cygwin\jdk8u181\11358\hotspot\src\share\vm\classfile\systemDictionary.cpp, line 199]
Event: 26.411 Thread 0x15407c00 Exception <a 'java/net/SocketTimeoutException': Read timed out> (0x0440b520) thrown at [C:\workspace\8-2-build-windows-i586-cygwin\jdk8u181\11358\hotspot\src\share\vm\prims\jni.cpp, line 735]
Event: 29.788 Thread 0x15407c00 Exception <a 'java/net/SocketTimeoutException': Read timed out> (0x03fc3280) thrown at [C:\workspace\8-2-build-windows-i586-cygwin\jdk8u181\11358\hotspot\src\share\vm\prims\jni.cpp, line 735]

Events (10 events):
Event: 29.785 loading class org/apache/http/impl/execchain/RequestEntityProxy
Event: 29.785 loading class org/apache/http/impl/execchain/RequestEntityProxy done
Event: 30.168 Executing VM operation: RevokeBias
Event: 30.168 Executing VM operation: RevokeBias done
Event: 30.169 Executing VM operation: RevokeBias
Event: 30.169 Executing VM operation: RevokeBias done
Event: 30.170 Executing VM operation: RevokeBias
Event: 30.170 Executing VM operation: RevokeBias done
Event: 30.171 Executing VM operation: RevokeBias
Event: 30.171 Executing VM operation: RevokeBias done


Dynamic libraries:
0x00d40000 - 0x00d73000 	C:\Program Files\Java\jdk1.8.0_181\bin\java.exe
0x77410000 - 0x7754c000 	C:\Windows\SYSTEM32\ntdll.dll
0x76800000 - 0x768d4000 	C:\Windows\system32\kernel32.dll
0x75640000 - 0x7568a000 	C:\Windows\system32\KERNELBASE.dll
0x775a0000 - 0x77640000 	C:\Windows\system32\ADVAPI32.dll
0x76c90000 - 0x76d3c000 	C:\Windows\system32\msvcrt.dll
0x76640000 - 0x76659000 	C:\Windows\SYSTEM32\sechost.dll
0x77210000 - 0x772b1000 	C:\Windows\system32\RPCRT4.dll
0x76dc0000 - 0x76e89000 	C:\Windows\system32\USER32.dll
0x77320000 - 0x7736e000 	C:\Windows\system32\GDI32.dll
0x77550000 - 0x7755a000 	C:\Windows\system32\LPK.dll
0x77370000 - 0x7740d000 	C:\Windows\system32\USP10.dll
0x744c0000 - 0x7465e000 	C:\Windows\WinSxS\x86_microsoft.windows.common-controls_6595b64144ccf1df_6.0.7600.16385_none_421189da2b7fabfc\COMCTL32.dll
0x772c0000 - 0x77317000 	C:\Windows\system32\SHLWAPI.dll
0x77570000 - 0x7758f000 	C:\Windows\system32\IMM32.DLL
0x77140000 - 0x7720c000 	C:\Windows\system32\MSCTF.dll
0x66cf0000 - 0x66daf000 	C:\Program Files\Java\jdk1.8.0_181\jre\bin\msvcr100.dll
0x662f0000 - 0x666c3000 	C:\Program Files\Java\jdk1.8.0_181\jre\bin\client\jvm.dll
0x71ed0000 - 0x71ed7000 	C:\Windows\system32\WSOCK32.dll
0x75860000 - 0x75895000 	C:\Windows\system32\WS2_32.dll
0x77560000 - 0x77566000 	C:\Windows\system32\NSI.dll
0x6f470000 - 0x6f4a2000 	C:\Windows\system32\WINMM.dll
0x74a60000 - 0x74a69000 	C:\Windows\system32\VERSION.dll
0x77590000 - 0x77595000 	C:\Windows\system32\PSAPI.DLL
0x74770000 - 0x7477c000 	C:\Program Files\Java\jdk1.8.0_181\jre\bin\verify.dll
0x6c2d0000 - 0x6c2f2000 	C:\Program Files\Java\jdk1.8.0_181\jre\bin\java.dll
0x73cb0000 - 0x73cc4000 	C:\Program Files\Java\jdk1.8.0_181\jre\bin\zip.dll
0x759f0000 - 0x76639000 	C:\Windows\system32\SHELL32.dll
0x76a70000 - 0x76bcc000 	C:\Windows\system32\ole32.dll
0x75560000 - 0x7556b000 	C:\Windows\system32\profapi.dll
0x661a0000 - 0x662e7000 	C:\Program Files\Java\jdk1.8.0_181\jre\bin\awt.dll
0x76c00000 - 0x76c8f000 	C:\Windows\system32\OLEAUT32.dll
0x74040000 - 0x74053000 	C:\Windows\system32\DWMAPI.DLL
0x6bd20000 - 0x6bde8000 	C:\Windows\system32\opengl32.dll
0x6c0d0000 - 0x6c0f2000 	C:\Windows\system32\GLU32.dll
0x6bc30000 - 0x6bd17000 	C:\Windows\system32\DDRAW.dll
0x6c0c0000 - 0x6c0c6000 	C:\Windows\system32\DCIMAN32.dll
0x76660000 - 0x767fd000 	C:\Windows\system32\SETUPAPI.dll
0x75610000 - 0x75637000 	C:\Windows\system32\CFGMGR32.dll
0x75690000 - 0x756a2000 	C:\Windows\system32\DEVOBJ.dll
0x74360000 - 0x743a0000 	C:\Windows\system32\uxtheme.dll
0x754b0000 - 0x754bc000 	C:\Windows\system32\CRYPTBASE.dll
0x6c290000 - 0x6c2c9000 	C:\Program Files\Java\jdk1.8.0_181\jre\bin\fontmanager.dll
0x768e0000 - 0x76963000 	C:\Windows\system32\CLBCatQ.DLL
0x73da0000 - 0x73e9b000 	C:\Windows\system32\WindowsCodecs.dll
0x75460000 - 0x754ab000 	C:\Windows\system32\apphelp.dll
0x70d30000 - 0x70d61000 	C:\Windows\system32\EhStorShell.dll
0x743a0000 - 0x74495000 	C:\Windows\system32\PROPSYS.dll
0x16090000 - 0x162ad000 	C:\PROGRA~1\MICROS~1\Office12\GR469A~1.DLL
0x68ef0000 - 0x68fe1000 	C:\PROGRA~1\MICROS~1\Office12\GrooveUtil.DLL
0x76970000 - 0x76a64000 	C:\Windows\system32\WININET.dll
0x759e0000 - 0x759e3000 	C:\Windows\system32\Normaliz.dll
0x758a0000 - 0x759d5000 	C:\Windows\system32\urlmon.dll
0x75740000 - 0x7585c000 	C:\Windows\system32\CRYPT32.dll
0x755d0000 - 0x755dc000 	C:\Windows\system32\MSASN1.dll
0x76ef0000 - 0x770e9000 	C:\Windows\system32\iertutil.dll
0x70c90000 - 0x70d2b000 	C:\Windows\WinSxS\x86_microsoft.vc80.crt_1fc8b3b9a1e18e3b_8.0.50727.4927_none_d08a205e442db5b5\MSVCR80.dll
0x68ff0000 - 0x68ff7000 	C:\PROGRA~1\MICROS~1\Office12\GrooveNew.DLL
0x7c630000 - 0x7c64b000 	C:\Windows\WinSxS\x86_microsoft.vc80.atl_1fc8b3b9a1e18e3b_8.0.50727.42_none_dc990e4797f81af1\ATL80.DLL
0x74fe0000 - 0x74ff6000 	C:\Windows\system32\CRYPTSP.dll
0x74d80000 - 0x74dbb000 	C:\Windows\system32\rsaenh.dll
0x73b90000 - 0x73b95000 	C:\Windows\system32\MSImg32.dll
0x70ba0000 - 0x70c0a000 	C:\Windows\System32\cscui.dll
0x70b90000 - 0x70b99000 	C:\Windows\System32\CSCDLL.dll
0x70b80000 - 0x70b8b000 	C:\Windows\system32\CSCAPI.dll
0x70b10000 - 0x70b7f000 	C:\Windows\system32\ntshrui.dll
0x75390000 - 0x753a9000 	C:\Windows\system32\srvcli.dll
0x737e0000 - 0x737ea000 	C:\Windows\system32\slc.dll
0x720c0000 - 0x720d5000 	C:\Program Files\Java\jdk1.8.0_181\jre\bin\net.dll
0x74fa0000 - 0x74fdc000 	C:\Windows\system32\mswsock.dll
0x74f90000 - 0x74f96000 	C:\Windows\System32\wship6.dll
0x72050000 - 0x7205f000 	C:\Program Files\Java\jdk1.8.0_181\jre\bin\nio.dll
0x682d0000 - 0x68302000 	C:\Program Files\Java\jdk1.8.0_181\jre\bin\t2k.dll
0x74bc0000 - 0x74bd7000 	C:\Windows\system32\USERENV.dll
0x73670000 - 0x7368c000 	C:\Windows\system32\IPHLPAPI.DLL
0x73660000 - 0x73667000 	C:\Windows\system32\WINNSI.DLL
0x734b0000 - 0x734c2000 	C:\Windows\system32\dhcpcsvc.DLL
0x72f40000 - 0x72f4d000 	C:\Windows\system32\dhcpcsvc6.DLL
0x68290000 - 0x682c8000 	C:\Users\Admin\AppData\Local\Temp\jna-63116079\jna6321923920387317475.dll
0x03d20000 - 0x03d69000 	C:\Windows\system32\fpengine.dll
0x03dc0000 - 0x03dea000 	C:\Windows\system32\fpcore32.dll
0x6f4b0000 - 0x6f501000 	C:\Windows\system32\WINSPOOL.DRV
0x73f40000 - 0x73f47000 	C:\Windows\system32\WINUSB.DLL
0x741d0000 - 0x74360000 	C:\Windows\WinSxS\x86_microsoft.windows.gdiplus_6595b64144ccf1df_1.1.7600.16385_none_72fc7cbf861225ca\gdiplus.dll
0x755e0000 - 0x7560d000 	C:\Windows\system32\WINTRUST.dll
0x72020000 - 0x72040000 	C:\Program Files\Java\jdk1.8.0_181\jre\bin\sunec.dll
0x69c30000 - 0x69d1b000 	C:\Windows\system32\dbghelp.dll

VM Arguments:
jvm_args: -Dfile.encoding=UTF-8 
java_command: FingerprintUI
java_class_path (initial): C:\Users\Admin\Downloads\unirest-java-1.4.9.jar;C:\Users\Admin\Downloads\jna-4.5.2.jar;C:\Users\Admin\Downloads\org.json.jar\org.json.jar;C:\Users\Admin\Downloads\org-apache-commons-codec.jar\org-apache-commons-codec.jar;C:\Users\Admin\Downloads\httpcore-4.4.9.jar;C:\Users\Admin\Downloads\httpclient-4.5.5.jar;C:\Users\Admin\Downloads\httpcore-nio-4.4.10.jar;C:\Users\Admin\Downloads\httpasyncclient-4.0-beta4.jar\httpasyncclient-4.0-beta4.jar;C:\Users\Admin\Downloads\commons-logging-1.1.2.jar;C:\Users\Admin\Downloads\httpmime-4.5.6.jar;C:\Program Files\NetBeans 8.2\java\modules\ext\AbsoluteLayout.jar;C:\Users\Admin\Documents\NetBeansProjects\FingerRegistrationV2\build\classes
Launcher Type: SUN_STANDARD

Environment Variables:
PATH=C:\Program Files\Common Files\Oracle\Java\javapath;C:\Windows\system32;C:\Windows;C:\Windows\System32\Wbem;C:\Windows\System32\WindowsPowerShell\v1.0\;C:\Program Files\Git\cmd;C:\Program Files\Neurotechnology\FreeFingerprintVerificationSDK 1.0\bin\Win32_x86;C:\Program Files\nodejs\;C:\Users\Admin\AppData\Roaming\npm
USERNAME=Admin
OS=Windows_NT
PROCESSOR_IDENTIFIER=x86 Family 6 Model 76 Stepping 4, GenuineIntel



---------------  S Y S T E M  ---------------

OS: Windows 7 Build 7600 (6.1.7600.16385)

CPU:total 2 (initial active 2) (2 cores per cpu, 1 threads per core) family 6 model 76 stepping 4, cmov, cx8, fxsr, mmx, sse, sse2, sse3, ssse3, sse4.1, sse4.2, popcnt, aes, clmul, erms, 3dnowpref, tsc, tscinvbit

Memory: 4k page, physical 2008308k(544108k free), swap 4016616k(1817728k free)

vm_info: Java HotSpot(TM) Client VM (25.181-b13) for windows-x86 JRE (1.8.0_181-b13), built on Jul  7 2018 03:18:20 by "java_re" with MS VC++ 10.0 (VS2010)

time: Sat Aug 18 13:02:08 2018
elapsed time: 30 seconds (0d 0h 0m 30s)

